#
# There is insufficient memory for the Java Runtime Environment to continue.
# Native memory allocation (malloc) failed to allocate 332896 bytes for Chunk::new
# Possible reasons:
#   The system is out of physical RAM or swap space
#   In 32 bit mode, the process size limit was hit
# Possible solutions:
#   Reduce memory load on the system
#   Increase physical memory or swap space
#   Check if swap backing store is full
#   Use 64 bit Java on a 64 bit OS
#   Decrease Java heap size (-Xmx/-Xms)
#   Decrease number of Java threads
#   Decrease Java thread stack sizes (-Xss)
#   Set larger code cache with -XX:ReservedCodeCacheSize=
# This output file may be truncated or incomplete.
#
#  Out of Memory Error (allocation.cpp:390), pid=1476, tid=6664
#
# JRE version: Java(TM) SE Runtime Environment (8.0_25-b18) (build 1.8.0_25-b18)
# Java VM: Java HotSpot(TM) 64-Bit Server VM (25.25-b02 mixed mode windows-amd64 compressed oops)
# Failed to write core dump. Minidumps are not enabled by default on client versions of Windows
#

---------------  T H R E A D  ---------------

Current thread (0x000000000604e000):  JavaThread "C2 CompilerThread0" daemon [_thread_in_native, id=6664, stack(0x00000000075c0000,0x00000000076c0000)]

Stack: [0x00000000075c0000,0x00000000076c0000]
Native frames: (J=compiled Java code, j=interpreted, Vv=VM code, C=native code)
V  [jvm.dll+0x31667a]
V  [jvm.dll+0x267073]
V  [jvm.dll+0x267cb3]
V  [jvm.dll+0x25f5b5]
V  [jvm.dll+0xbf165]
V  [jvm.dll+0xbf60c]
V  [jvm.dll+0x45d672]
V  [jvm.dll+0x49e8ef]
V  [jvm.dll+0x452b41]
V  [jvm.dll+0x453864]
V  [jvm.dll+0x437372]
V  [jvm.dll+0x98a02]
V  [jvm.dll+0x991f3]
V  [jvm.dll+0x22bde4]
V  [jvm.dll+0x2852fa]
C  [msvcr100.dll+0x21d9f]
C  [msvcr100.dll+0x21e3b]
C  [KERNEL32.DLL+0x13d2]
C  [ntdll.dll+0x15454]


Current CompileTask:
C2:   5621 1200       4       com.android.dx.ssa.Dominators::compress (229 bytes)


---------------  P R O C E S S  ---------------

Java Threads: ( => current thread )
  0x0000000007b57800 JavaThread "pool-1-thread-4" [_thread_blocked, id=8580, stack(0x00000000082c0000,0x00000000083c0000)]
  0x0000000007b51800 JavaThread "pool-1-thread-3" [_thread_blocked, id=2468, stack(0x00000000081c0000,0x00000000082c0000)]
  0x0000000007b51000 JavaThread "pool-1-thread-2" [_thread_blocked, id=6908, stack(0x00000000080c0000,0x00000000081c0000)]
  0x0000000007b4e000 JavaThread "pool-2-thread-1" [_thread_blocked, id=9764, stack(0x0000000007fc0000,0x00000000080c0000)]
  0x0000000007b4a000 JavaThread "pool-1-thread-1" [_thread_blocked, id=5156, stack(0x0000000007ec0000,0x0000000007fc0000)]
  0x00000000060ad000 JavaThread "Service Thread" daemon [_thread_blocked, id=6116, stack(0x00000000078c0000,0x00000000079c0000)]
  0x00000000060a5000 JavaThread "C1 CompilerThread2" daemon [_thread_in_vm, id=9948, stack(0x00000000077c0000,0x00000000078c0000)]
  0x000000000609f000 JavaThread "C2 CompilerThread1" daemon [_thread_blocked, id=452, stack(0x00000000076c0000,0x00000000077c0000)]
=>0x000000000604e000 JavaThread "C2 CompilerThread0" daemon [_thread_in_native, id=6664, stack(0x00000000075c0000,0x00000000076c0000)]
  0x000000000604a800 JavaThread "Attach Listener" daemon [_thread_blocked, id=7768, stack(0x00000000074c0000,0x00000000075c0000)]
  0x0000000006049000 JavaThread "Signal Dispatcher" daemon [_thread_blocked, id=3496, stack(0x00000000073c0000,0x00000000074c0000)]
  0x0000000002975000 JavaThread "Finalizer" daemon [_thread_blocked, id=7916, stack(0x00000000072c0000,0x00000000073c0000)]
  0x0000000006018000 JavaThread "Reference Handler" daemon [_thread_blocked, id=1028, stack(0x00000000071c0000,0x00000000072c0000)]
  0x000000000287d800 JavaThread "main" [_thread_blocked, id=8716, stack(0x0000000002700000,0x0000000002800000)]

Other Threads:
  0x0000000006016000 VMThread [stack: 0x00000000070c0000,0x00000000071c0000] [id=2068]
  0x00000000079c1800 WatcherThread [stack: 0x0000000007dc0000,0x0000000007ec0000] [id=7016]

VM state:synchronizing (normal execution)

VM Mutex/Monitor currently owned by a thread:  ([mutex/lock_event])
[0x000000000287c840] Threads_lock - owner thread: 0x0000000006016000
[0x000000000287d240] Heap_lock - owner thread: 0x0000000007b51000

Heap:
 PSYoungGen      total 18944K, used 18935K [0x00000000eab00000, 0x00000000ed000000, 0x0000000100000000)
  eden space 16384K, 100% used [0x00000000eab00000,0x00000000ebb00000,0x00000000ebb00000)
  from space 2560K, 99% used [0x00000000ebb00000,0x00000000ebd7dc78,0x00000000ebd80000)
  to   space 2560K, 0% used [0x00000000ecd80000,0x00000000ecd80000,0x00000000ed000000)
 ParOldGen       total 44032K, used 1867K [0x00000000c0000000, 0x00000000c2b00000, 0x00000000eab00000)
  object space 44032K, 4% used [0x00000000c0000000,0x00000000c01d2f58,0x00000000c2b00000)
 Metaspace       used 5906K, capacity 6832K, committed 7040K, reserved 1056768K
  class space    used 589K, capacity 616K, committed 640K, reserved 1048576K

Card table byte_map: [0x0000000002d40000,0x0000000002f50000] byte_map_base: 0x0000000002740000

Marking Bits: (ParMarkBitMap*) 0x000000005b9cd490
 Begin Bits: [0x00000000034b0000, 0x00000000044b0000)
 End Bits:   [0x00000000044b0000, 0x00000000054b0000)

Polling page: 0x00000000026a0000

CodeCache: size=245760Kb used=4548Kb max_used=4560Kb free=241211Kb
 bounds [0x000000000f010000, 0x000000000f490000, 0x000000001e010000]
 total_blobs=1462 nmethods=1198 adapters=178
 compilation: enabled

Compilation events (10 events):
Event: 4.531 Thread 0x00000000060a5000 1196       3       com.android.dx.ssa.SsaMethod::convertRopToSsaBlocks (103 bytes)
Event: 4.532 Thread 0x00000000060a5000 nmethod 1196 0x000000000f476690 code [0x000000000f476900, 0x000000000f477aa8]
Event: 4.533 Thread 0x00000000060a5000 1197       3       com.android.dx.ssa.SsaConverter::edgeSplitSuccessors (98 bytes)
Event: 4.534 Thread 0x00000000060a5000 nmethod 1197 0x000000000f4726d0 code [0x000000000f472940, 0x000000000f473748]
Event: 4.535 Thread 0x000000000604e000 1198       4       com.android.dx.rop.code.LocalItem::compareTo (32 bytes)
Event: 4.537 Thread 0x000000000604e000 nmethod 1198 0x000000000f486d10 code [0x000000000f486e60, 0x000000000f4871d8]
Event: 4.538 Thread 0x000000000604e000 1199       4       com.android.dx.rop.code.RegisterSpecSet::equals (106 bytes)
Event: 4.547 Thread 0x000000000604e000 nmethod 1199 0x000000000f486610 code [0x000000000f486760, 0x000000000f486b18]
Event: 4.548 Thread 0x000000000604e000 1200       4       com.android.dx.ssa.Dominators::compress (229 bytes)
Event: 4.575 Thread 0x00000000060a5000 1201       3       com.android.dx.ssa.DomFront::calcDomFronts (154 bytes)

GC Heap History (2 events):
Event: 3.882 GC heap before
{Heap before GC invocations=1 (full 0):
 PSYoungGen      total 18944K, used 16384K [0x00000000eab00000, 0x00000000ec000000, 0x0000000100000000)
  eden space 16384K, 100% used [0x00000000eab00000,0x00000000ebb00000,0x00000000ebb00000)
  from space 2560K, 0% used [0x00000000ebd80000,0x00000000ebd80000,0x00000000ec000000)
  to   space 2560K, 0% used [0x00000000ebb00000,0x00000000ebb00000,0x00000000ebd80000)
 ParOldGen       total 44032K, used 0K [0x00000000c0000000, 0x00000000c2b00000, 0x00000000eab00000)
  object space 44032K, 0% used [0x00000000c0000000,0x00000000c0000000,0x00000000c2b00000)
 Metaspace       used 5752K, capacity 6768K, committed 7040K, reserved 1056768K
  class space    used 585K, capacity 616K, committed 640K, reserved 1048576K
Event: 3.986 GC heap after
Heap after GC invocations=1 (full 0):
 PSYoungGen      total 18944K, used 2551K [0x00000000eab00000, 0x00000000ed000000, 0x0000000100000000)
  eden space 16384K, 0% used [0x00000000eab00000,0x00000000eab00000,0x00000000ebb00000)
  from space 2560K, 99% used [0x00000000ebb00000,0x00000000ebd7dc78,0x00000000ebd80000)
  to   space 2560K, 0% used [0x00000000ecd80000,0x00000000ecd80000,0x00000000ed000000)
 ParOldGen       total 44032K, used 1867K [0x00000000c0000000, 0x00000000c2b00000, 0x00000000eab00000)
  object space 44032K, 4% used [0x00000000c0000000,0x00000000c01d2f58,0x00000000c2b00000)
 Metaspace       used 5752K, capacity 6768K, committed 7040K, reserved 1056768K
  class space    used 585K, capacity 616K, committed 640K, reserved 1048576K
}

Deoptimization events (2 events):
Event: 4.047 Thread 0x0000000007b51800 Uncommon trap: reason=null_check action=make_not_entrant pc=0x000000000f33fc5c method=com.android.dx.ssa.SsaRenamer.getLocalForNewReg(I)Lcom/android/dx/rop/code/LocalItem; @ 19
Event: 4.053 Thread 0x0000000007b4a000 Uncommon trap: reason=bimorphic action=maybe_recompile pc=0x000000000f268268 method=java.util.HashMap.getNode(ILjava/lang/Object;)Ljava/util/HashMap$Node; @ 126

Internal exceptions (10 events):
Event: 3.448 Thread 0x000000000287d800 Exception <a 'java/security/PrivilegedActionException'> (0x00000000eb335940) thrown at [D:\re\workspace\8-2-build-windows-amd64-cygwin\jdk8u25\1677\hotspot\src\share\vm\prims\jvm.cpp, line 1312]
Event: 3.450 Thread 0x000000000287d800 Exception <a 'java/security/PrivilegedActionException'> (0x00000000eb33bb20) thrown at [D:\re\workspace\8-2-build-windows-amd64-cygwin\jdk8u25\1677\hotspot\src\share\vm\prims\jvm.cpp, line 1312]
Event: 3.460 Thread 0x000000000287d800 Exception <a 'java/security/PrivilegedActionException'> (0x00000000eb345028) thrown at [D:\re\workspace\8-2-build-windows-amd64-cygwin\jdk8u25\1677\hotspot\src\share\vm\prims\jvm.cpp, line 1312]
Event: 3.462 Thread 0x000000000287d800 Exception <a 'java/security/PrivilegedActionException'> (0x00000000eb34b9e0) thrown at [D:\re\workspace\8-2-build-windows-amd64-cygwin\jdk8u25\1677\hotspot\src\share\vm\prims\jvm.cpp, line 1312]
Event: 3.469 Thread 0x0000000007b4a000 Exception <a 'java/security/PrivilegedActionException'> (0x00000000eb572118) thrown at [D:\re\workspace\8-2-build-windows-amd64-cygwin\jdk8u25\1677\hotspot\src\share\vm\prims\jvm.cpp, line 1312]
Event: 3.478 Thread 0x0000000007b51800 Exception <a 'java/security/PrivilegedActionException'> (0x00000000eb27ab30) thrown at [D:\re\workspace\8-2-build-windows-amd64-cygwin\jdk8u25\1677\hotspot\src\share\vm\prims\jvm.cpp, line 1312]
Event: 4.047 Thread 0x0000000007b51800 Implicit null exception at 0x000000000f33db0b to 0x000000000f33fc35
Event: 4.089 Thread 0x000000000287d800 Exception <a 'java/security/PrivilegedActionException'> (0x00000000eb1ed8f0) thrown at [D:\re\workspace\8-2-build-windows-amd64-cygwin\jdk8u25\1677\hotspot\src\share\vm\prims\jvm.cpp, line 1312]
Event: 4.091 Thread 0x000000000287d800 Exception <a 'java/security/PrivilegedActionException'> (0x00000000eb1f7ec0) thrown at [D:\re\workspace\8-2-build-windows-amd64-cygwin\jdk8u25\1677\hotspot\src\share\vm\prims\jvm.cpp, line 1312]
Event: 4.091 Thread 0x000000000287d800 Exception <a 'java/security/PrivilegedActionException'> (0x00000000eb1fa438) thrown at [D:\re\workspace\8-2-build-windows-amd64-cygwin\jdk8u25\1677\hotspot\src\share\vm\prims\jvm.cpp, line 1312]

Events (10 events):
Event: 4.091 loading class com/android/dx/cf/attrib/AttRuntimeVisibleAnnotations done
Event: 4.091 loading class com/android/dx/cf/attrib/BaseAnnotations
Event: 4.091 loading class com/android/dx/cf/attrib/BaseAnnotations done
Event: 4.092 loading class java/util/HashMap$KeySet
Event: 4.092 loading class java/util/HashMap$KeySet done
Event: 4.092 loading class java/util/HashMap$KeyIterator
Event: 4.092 loading class java/util/HashMap$KeyIterator done
Event: 4.412 Thread 0x0000000007b4a000 DEOPT PACKING pc=0x000000000f2ea6a2 sp=0x0000000007fbe980
Event: 4.412 Thread 0x0000000007b4a000 DEOPT UNPACKING pc=0x000000000f0575bf sp=0x0000000007fbe6f8 mode 0
Event: 4.579 Executing VM operation: ParallelGCFailedAllocation


Dynamic libraries:
0x00007ff7effe0000 - 0x00007ff7f0014000 	C:\Program Files\Java\jdk1.8.0_25\bin\java.exe
0x00007ffee9cd0000 - 0x00007ffee9e7c000 	C:\Windows\SYSTEM32\ntdll.dll
0x00007ffee9b90000 - 0x00007ffee9cce000 	C:\Windows\system32\KERNEL32.DLL
0x00007ffee7240000 - 0x00007ffee7355000 	C:\Windows\system32\KERNELBASE.dll
0x00007ffee57f0000 - 0x00007ffee587e000 	C:\Windows\system32\apphelp.dll
0x00007ffee2f60000 - 0x00007ffee2fb3000 	C:\Windows\AppPatch\AppPatch64\AcGenral.DLL
0x00007ffee7370000 - 0x00007ffee741a000 	C:\Windows\system32\msvcrt.dll
0x00007ffee6ca0000 - 0x00007ffee6cce000 	C:\Windows\SYSTEM32\SspiCli.dll
0x00007ffee9b30000 - 0x00007ffee9b84000 	C:\Windows\system32\SHLWAPI.dll
0x00007ffee75e0000 - 0x00007ffee7757000 	C:\Windows\system32\USER32.dll
0x00007ffee7bb0000 - 0x00007ffee7d44000 	C:\Windows\system32\ole32.dll
0x00007ffee8240000 - 0x00007ffee9759000 	C:\Windows\system32\SHELL32.dll
0x00007ffee63a0000 - 0x00007ffee63c1000 	C:\Windows\SYSTEM32\USERENV.dll
0x00007ffee7ea0000 - 0x00007ffee7f4a000 	C:\Windows\system32\ADVAPI32.dll
0x00007ffedec20000 - 0x00007ffedec3e000 	C:\Windows\SYSTEM32\MPR.dll
0x00007ffee7d50000 - 0x00007ffee7e91000 	C:\Windows\system32\RPCRT4.dll
0x00007ffee9ad0000 - 0x00007ffee9b29000 	C:\Windows\SYSTEM32\sechost.dll
0x00007ffee77b0000 - 0x00007ffee79c1000 	C:\Windows\SYSTEM32\combase.dll
0x00007ffee9960000 - 0x00007ffee9aaf000 	C:\Windows\system32\GDI32.dll
0x00007ffee6e30000 - 0x00007ffee6e45000 	C:\Windows\SYSTEM32\profapi.dll
0x00007ffee5880000 - 0x00007ffee5932000 	C:\Windows\SYSTEM32\SHCORE.dll
0x00007ffee7760000 - 0x00007ffee7796000 	C:\Windows\system32\IMM32.DLL
0x00007ffee8070000 - 0x00007ffee81c2000 	C:\Windows\system32\MSCTF.dll
0x00007ffee6df0000 - 0x00007ffee6e1f000 	C:\Windows\system32\nvinitx.dll
0x000000000f000000 - 0x000000000f006000 	C:\Program Files\NVIDIA Corporation\CoProcManager\_etoured.dll
0x00007ffee5480000 - 0x00007ffee54b3000 	C:\Program Files\NVIDIA Corporation\CoProcManager\nvd3d9wrapx.dll
0x00007ffee79d0000 - 0x00007ffee7baa000 	C:\Windows\system32\SETUPAPI.dll
0x00007ffee6f00000 - 0x00007ffee6f4f000 	C:\Windows\system32\CFGMGR32.dll
0x00007ffee56b0000 - 0x00007ffee56d3000 	C:\Program Files\NVIDIA Corporation\CoProcManager\nvdxgiwrapx.dll
0x00007ffee50b0000 - 0x00007ffee532a000 	C:\Windows\WinSxS\amd64_microsoft.windows.common-controls_6595b64144ccf1df_6.0.9600.17810_none_6240b9c7ecbd0bda\COMCTL32.dll
0x000000005ade0000 - 0x000000005aeb2000 	C:\Program Files\Java\jdk1.8.0_25\jre\bin\msvcr100.dll
0x000000005b1f0000 - 0x000000005ba4a000 	C:\Program Files\Java\jdk1.8.0_25\jre\bin\server\jvm.dll
0x00007ffee0c80000 - 0x00007ffee0c89000 	C:\Windows\SYSTEM32\WSOCK32.dll
0x00007ffee5330000 - 0x00007ffee5352000 	C:\Windows\SYSTEM32\WINMM.dll
0x00007ffee75d0000 - 0x00007ffee75d7000 	C:\Windows\system32\PSAPI.DLL
0x00007ffee9770000 - 0x00007ffee97ca000 	C:\Windows\system32\WS2_32.dll
0x00007ffee5040000 - 0x00007ffee506a000 	C:\Windows\SYSTEM32\WINMMBASE.dll
0x00007ffee7360000 - 0x00007ffee7369000 	C:\Windows\system32\NSI.dll
0x00007ffee5b30000 - 0x00007ffee5b58000 	C:\Windows\SYSTEM32\DEVOBJ.dll
0x000000005c710000 - 0x000000005c71f000 	C:\Program Files\Java\jdk1.8.0_25\jre\bin\verify.dll
0x000000005bcc0000 - 0x000000005bce8000 	C:\Program Files\Java\jdk1.8.0_25\jre\bin\java.dll
0x000000005bf60000 - 0x000000005bf76000 	C:\Program Files\Java\jdk1.8.0_25\jre\bin\zip.dll
0x00007ffed8e80000 - 0x00007ffed9009000 	C:\Windows\SYSTEM32\dbghelp.dll

VM Arguments:
jvm_args: -Djava.awt.headless=true -Xmx1024M -Dfile.encoding=windows-1252 -Duser.country=US -Duser.language=en -Duser.variant 
java_command: com.android.dx.command.Main --dex --force-jumbo --num-threads=4 --output E:\Anavel\Anavel\app\build\intermediates\pre-dexed\debug\instant-run_6dbf150ecf4a055a2d36724b1734a64ca18f7777.jar E:\Anavel\Anavel\app\build\intermediates\incremental-runtime-classes\debug\instant-run.jar
java_class_path (initial): C:\Users\Vostro\AppData\Local\Android\sdk\build-tools\23.0.3\lib\dx.jar
Launcher Type: SUN_STANDARD

Environment Variables:
PATH=C:\MinGW\bin;C:\MinGW\libexec\gcc\x86_64-pc-mingw32\4.9.1;C:\MinGW\gcc\bin;C:\MinGW\gcc\libexec\gcc\x86_64-pc-mingw32\4.9.1;C:\ProgramData\Oracle\Java\javapath;C:\Program Files (x86)\NVIDIA Corporation\PhysX\Common;C:\Program Files (x86)\Intel\iCLS Client\;C:\Program Files\Intel\iCLS Client\;C:\Windows\system32;C:\Windows;C:\Windows\System32\Wbem;C:\Windows\System32\WindowsPowerShell\v1.0\;C:\Program Files\Intel\Intel(R) Management Engine Components\DAL;C:\Program Files\Intel\Intel(R) Management Engine Components\IPT;C:\Program Files (x86)\Intel\Intel(R) Management Engine Components\DAL;C:\Program Files (x86)\Intel\Intel(R) Management Engine Components\IPT;C:\Program Files (x86)\Intel\OpenCL SDK\3.0\bin\x86;C:\Program Files (x86)\Intel\OpenCL SDK\3.0\bin\x64;C:\Program Files (x86)\Windows Kits\8.1\Windows Performance Toolkit\;C:\Program Files\Microsoft SQL Server\110\Tools\Binn\;C:\Program Files (x86)\Microsoft SQL Server\110\Tools\Binn\ManagementStudio\;C:\Program Files (x86)\Microsoft SQL Server\110\Tools\Binn\;C:\Program Files (x86)\Microsoft SQL Server\110\DTS\Binn\;C:\Program Files\Microsoft SQL Server\110\DTS\Binn\;C:\OpenCV2410\opencv\build\x64\vc12\bin;C:\Program Files (x86)\Microsoft SDKs\TypeScript\1.0\;C:\Program Files\Microsoft SQL Server\120\Tools\Binn\;C:\Emgu\emgucv-windows-universal 3.0.0.2157\bin\x86;C:\Program Files (x86)\GtkSharp\2.12\bin;C:\Anaconda2;C:\Anaconda2\Scripts;C:\Anaconda2\Library\bin
USERNAME=Vostro
OS=Windows_NT
PROCESSOR_IDENTIFIER=Intel64 Family 6 Model 69 Stepping 1, GenuineIntel



---------------  S Y S T E M  ---------------

OS: Windows 8.1 , 64 bit Build 9600 

CPU:total 4 (2 cores per cpu, 2 threads per core) family 6 model 69 stepping 1, cmov, cx8, fxsr, mmx, sse, sse2, sse3, ssse3, sse4.1, sse4.2, popcnt, avx, avx2, aes, clmul, erms, lzcnt, ht, tsc, tscinvbit, bmi1, bmi2

Memory: 4k page, physical 4099864k(885780k free), swap 10757600k(734880k free)

vm_info: Java HotSpot(TM) 64-Bit Server VM (25.25-b02) for windows-amd64 JRE (1.8.0_25-b18), built on Oct  7 2014 14:25:37 by "java_re" with MS VC++ 10.0 (VS2010)

time: Thu Aug 18 10:55:50 2016
elapsed time: 5 seconds (0d 0h 0m 5s)

