#
# There is insufficient memory for the Java Runtime Environment to continue.
# Native memory allocation (malloc) failed to allocate 32784 bytes for Chunk::new
# Possible reasons:
#   The system is out of physical RAM or swap space
#   In 32 bit mode, the process size limit was hit
# Possible solutions:
#   Reduce memory load on the system
#   Increase physical memory or swap space
#   Check if swap backing store is full
#   Use 64 bit Java on a 64 bit OS
#   Decrease Java heap size (-Xmx/-Xms)
#   Decrease number of Java threads
#   Decrease Java thread stack sizes (-Xss)
#   Set larger code cache with -XX:ReservedCodeCacheSize=
# This output file may be truncated or incomplete.
#
#  Out of Memory Error (allocation.cpp:390), pid=6272, tid=7980
#
# JRE version: Java(TM) SE Runtime Environment (8.0_25-b18) (build 1.8.0_25-b18)
# Java VM: Java HotSpot(TM) 64-Bit Server VM (25.25-b02 mixed mode windows-amd64 compressed oops)
# Failed to write core dump. Minidumps are not enabled by default on client versions of Windows
#

---------------  T H R E A D  ---------------

Current thread (0x0000000005e9e000):  JavaThread "C2 CompilerThread1" daemon [_thread_in_native, id=7980, stack(0x00000000074a0000,0x00000000075a0000)]

Stack: [0x00000000074a0000,0x00000000075a0000]
Native frames: (J=compiled Java code, j=interpreted, Vv=VM code, C=native code)
V  [jvm.dll+0x31667a]


Current CompileTask:
C2:  13230 2298       4       com.android.dx.dex.code.DalvCode::finishProcessingIfNecessary (69 bytes)


---------------  P R O C E S S  ---------------

Java Threads: ( => current thread )
  0x00000000076a5800 JavaThread "Service Thread" daemon [_thread_blocked, id=6608, stack(0x0000000007aa0000,0x0000000007ba0000)]
  0x0000000005eab800 JavaThread "C1 CompilerThread2" daemon [_thread_blocked, id=3168, stack(0x00000000075a0000,0x00000000076a0000)]
=>0x0000000005e9e000 JavaThread "C2 CompilerThread1" daemon [_thread_in_native, id=7980, stack(0x00000000074a0000,0x00000000075a0000)]
  0x0000000005e4b000 JavaThread "C2 CompilerThread0" daemon [_thread_in_native, id=3300, stack(0x00000000073a0000,0x00000000074a0000)]
  0x0000000005e49800 JavaThread "Attach Listener" daemon [_thread_blocked, id=772, stack(0x00000000072a0000,0x00000000073a0000)]
  0x0000000005e48800 JavaThread "Signal Dispatcher" daemon [_thread_blocked, id=2408, stack(0x00000000071a0000,0x00000000072a0000)]
  0x0000000002775000 JavaThread "Finalizer" daemon [_thread_blocked, id=1628, stack(0x00000000070a0000,0x00000000071a0000)]
  0x0000000005e18000 JavaThread "Reference Handler" daemon [_thread_blocked, id=4568, stack(0x0000000006fa0000,0x00000000070a0000)]
  0x000000000063d800 JavaThread "main" [_thread_in_vm, id=1008, stack(0x0000000002580000,0x0000000002680000)]

Other Threads:
  0x0000000005e16000 VMThread [stack: 0x0000000006ea0000,0x0000000006fa0000] [id=6916]
  0x00000000076a8000 WatcherThread [stack: 0x0000000007ba0000,0x0000000007ca0000] [id=2176]

VM state:not at safepoint (normal execution)

VM Mutex/Monitor currently owned by a thread: None

Heap:
 PSYoungGen      total 68096K, used 31470K [0x00000000eab00000, 0x00000000ef000000, 0x0000000100000000)
  eden space 65536K, 44% used [0x00000000eab00000,0x00000000ec73b8f0,0x00000000eeb00000)
  from space 2560K, 100% used [0x00000000eed80000,0x00000000ef000000,0x00000000ef000000)
  to   space 2560K, 0% used [0x00000000eeb00000,0x00000000eeb00000,0x00000000eed80000)
 ParOldGen       total 44032K, used 12684K [0x00000000c0000000, 0x00000000c2b00000, 0x00000000eab00000)
  object space 44032K, 28% used [0x00000000c0000000,0x00000000c0c630b0,0x00000000c2b00000)
 Metaspace       used 6647K, capacity 7504K, committed 7680K, reserved 1056768K
  class space    used 612K, capacity 648K, committed 768K, reserved 1048576K

Card table byte_map: [0x0000000002b40000,0x0000000002d50000] byte_map_base: 0x0000000002540000

Marking Bits: (ParMarkBitMap*) 0x000000005b9cd490
 Begin Bits: [0x00000000032b0000, 0x00000000042b0000)
 End Bits:   [0x00000000042b0000, 0x00000000052b0000)

Polling page: 0x0000000000620000

CodeCache: size=245760Kb used=9837Kb max_used=9848Kb free=235922Kb
 bounds [0x000000000f010000, 0x000000000f9c0000, 0x000000001e010000]
 total_blobs=2543 nmethods=2277 adapters=179
 compilation: enabled

Compilation events (10 events):
Event: 13.209 Thread 0x0000000005eab800 nmethod 2296 0x000000000f9adbd0 code [0x000000000f9ade20, 0x000000000f9aed38]
Event: 13.209 Thread 0x0000000005eab800 2297       3       com.android.dx.dex.file.DebugInfoEncoder::emitLocalStart (108 bytes)
Event: 13.211 Thread 0x0000000005eab800 nmethod 2297 0x000000000f9af490 code [0x000000000f9af720, 0x000000000f9b0818]
Event: 13.212 Thread 0x0000000005e9e000 2298       4       com.android.dx.dex.code.DalvCode::finishProcessingIfNecessary (69 bytes)
Event: 13.218 Thread 0x0000000005e4b000 nmethod 2294 0x000000000f9b4390 code [0x000000000f9b4520, 0x000000000f9b4c38]
Event: 13.219 Thread 0x0000000005eab800 2299       3       com.android.dx.dex.file.DebugInfoEncoder::emitAdvancePc (82 bytes)
Event: 13.220 Thread 0x0000000005eab800 nmethod 2299 0x000000000f9b2e90 code [0x000000000f9b30c0, 0x000000000f9b3d68]
Event: 13.221 Thread 0x0000000005e4b000 2300       4       java.util.Arrays::rangeCheck (74 bytes)
Event: 13.221 Thread 0x0000000005e4b000 nmethod 2300 0x000000000f991590 code [0x000000000f9916c0, 0x000000000f991738]
Event: 13.222 Thread 0x0000000005e4b000 2301       4       java.util.Arrays::sort (47 bytes)

GC Heap History (8 events):
Event: 3.659 GC heap before
{Heap before GC invocations=1 (full 0):
 PSYoungGen      total 18944K, used 16384K [0x00000000eab00000, 0x00000000ec000000, 0x0000000100000000)
  eden space 16384K, 100% used [0x00000000eab00000,0x00000000ebb00000,0x00000000ebb00000)
  from space 2560K, 0% used [0x00000000ebd80000,0x00000000ebd80000,0x00000000ec000000)
  to   space 2560K, 0% used [0x00000000ebb00000,0x00000000ebb00000,0x00000000ebd80000)
 ParOldGen       total 44032K, used 0K [0x00000000c0000000, 0x00000000c2b00000, 0x00000000eab00000)
  object space 44032K, 0% used [0x00000000c0000000,0x00000000c0000000,0x00000000c2b00000)
 Metaspace       used 5403K, capacity 6448K, committed 6528K, reserved 1056768K
  class space    used 579K, capacity 616K, committed 640K, reserved 1048576K
Event: 3.701 GC heap after
Heap after GC invocations=1 (full 0):
 PSYoungGen      total 18944K, used 2548K [0x00000000eab00000, 0x00000000ed000000, 0x0000000100000000)
  eden space 16384K, 0% used [0x00000000eab00000,0x00000000eab00000,0x00000000ebb00000)
  from space 2560K, 99% used [0x00000000ebb00000,0x00000000ebd7d298,0x00000000ebd80000)
  to   space 2560K, 0% used [0x00000000ecd80000,0x00000000ecd80000,0x00000000ed000000)
 ParOldGen       total 44032K, used 703K [0x00000000c0000000, 0x00000000c2b00000, 0x00000000eab00000)
  object space 44032K, 1% used [0x00000000c0000000,0x00000000c00afef8,0x00000000c2b00000)
 Metaspace       used 5403K, capacity 6448K, committed 6528K, reserved 1056768K
  class space    used 579K, capacity 616K, committed 640K, reserved 1048576K
}
Event: 4.541 GC heap before
{Heap before GC invocations=2 (full 0):
 PSYoungGen      total 18944K, used 18932K [0x00000000eab00000, 0x00000000ed000000, 0x0000000100000000)
  eden space 16384K, 100% used [0x00000000eab00000,0x00000000ebb00000,0x00000000ebb00000)
  from space 2560K, 99% used [0x00000000ebb00000,0x00000000ebd7d298,0x00000000ebd80000)
  to   space 2560K, 0% used [0x00000000ecd80000,0x00000000ecd80000,0x00000000ed000000)
 ParOldGen       total 44032K, used 703K [0x00000000c0000000, 0x00000000c2b00000, 0x00000000eab00000)
  object space 44032K, 1% used [0x00000000c0000000,0x00000000c00afef8,0x00000000c2b00000)
 Metaspace       used 5921K, capacity 6896K, committed 7040K, reserved 1056768K
  class space    used 586K, capacity 616K, committed 640K, reserved 1048576K
Event: 4.676 GC heap after
Heap after GC invocations=2 (full 0):
 PSYoungGen      total 35328K, used 2535K [0x00000000eab00000, 0x00000000ed000000, 0x0000000100000000)
  eden space 32768K, 0% used [0x00000000eab00000,0x00000000eab00000,0x00000000ecb00000)
  from space 2560K, 99% used [0x00000000ecd80000,0x00000000ecff9c80,0x00000000ed000000)
  to   space 2560K, 0% used [0x00000000ecb00000,0x00000000ecb00000,0x00000000ecd80000)
 ParOldGen       total 44032K, used 2461K [0x00000000c0000000, 0x00000000c2b00000, 0x00000000eab00000)
  object space 44032K, 5% used [0x00000000c0000000,0x00000000c0267720,0x00000000c2b00000)
 Metaspace       used 5921K, capacity 6896K, committed 7040K, reserved 1056768K
  class space    used 586K, capacity 616K, committed 640K, reserved 1048576K
}
Event: 7.979 GC heap before
{Heap before GC invocations=3 (full 0):
 PSYoungGen      total 35328K, used 35303K [0x00000000eab00000, 0x00000000ed000000, 0x0000000100000000)
  eden space 32768K, 100% used [0x00000000eab00000,0x00000000ecb00000,0x00000000ecb00000)
  from space 2560K, 99% used [0x00000000ecd80000,0x00000000ecff9c80,0x00000000ed000000)
  to   space 2560K, 0% used [0x00000000ecb00000,0x00000000ecb00000,0x00000000ecd80000)
 ParOldGen       total 44032K, used 2461K [0x00000000c0000000, 0x00000000c2b00000, 0x00000000eab00000)
  object space 44032K, 5% used [0x00000000c0000000,0x00000000c0267720,0x00000000c2b00000)
 Metaspace       used 6199K, capacity 7088K, committed 7296K, reserved 1056768K
  class space    used 591K, capacity 616K, committed 640K, reserved 1048576K
Event: 8.180 GC heap after
Heap after GC invocations=3 (full 0):
 PSYoungGen      total 35328K, used 2528K [0x00000000eab00000, 0x00000000ef000000, 0x0000000100000000)
  eden space 32768K, 0% used [0x00000000eab00000,0x00000000eab00000,0x00000000ecb00000)
  from space 2560K, 98% used [0x00000000ecb00000,0x00000000ecd78020,0x00000000ecd80000)
  to   space 2560K, 0% used [0x00000000eed80000,0x00000000eed80000,0x00000000ef000000)
 ParOldGen       total 44032K, used 7343K [0x00000000c0000000, 0x00000000c2b00000, 0x00000000eab00000)
  object space 44032K, 16% used [0x00000000c0000000,0x00000000c072bc38,0x00000000c2b00000)
 Metaspace       used 6199K, capacity 7088K, committed 7296K, reserved 1056768K
  class space    used 591K, capacity 616K, committed 640K, reserved 1048576K
}
Event: 10.303 GC heap before
{Heap before GC invocations=4 (full 0):
 PSYoungGen      total 35328K, used 35296K [0x00000000eab00000, 0x00000000ef000000, 0x0000000100000000)
  eden space 32768K, 100% used [0x00000000eab00000,0x00000000ecb00000,0x00000000ecb00000)
  from space 2560K, 98% used [0x00000000ecb00000,0x00000000ecd78020,0x00000000ecd80000)
  to   space 2560K, 0% used [0x00000000eed80000,0x00000000eed80000,0x00000000ef000000)
 ParOldGen       total 44032K, used 7343K [0x00000000c0000000, 0x00000000c2b00000, 0x00000000eab00000)
  object space 44032K, 16% used [0x00000000c0000000,0x00000000c072bc38,0x00000000c2b00000)
 Metaspace       used 6275K, capacity 7152K, committed 7296K, reserved 1056768K
  class space    used 592K, capacity 616K, committed 640K, reserved 1048576K
Event: 10.490 GC heap after
Heap after GC invocations=4 (full 0):
 PSYoungGen      total 68096K, used 2560K [0x00000000eab00000, 0x00000000ef000000, 0x0000000100000000)
  eden space 65536K, 0% used [0x00000000eab00000,0x00000000eab00000,0x00000000eeb00000)
  from space 2560K, 100% used [0x00000000eed80000,0x00000000ef000000,0x00000000ef000000)
  to   space 2560K, 0% used [0x00000000eeb00000,0x00000000eeb00000,0x00000000eed80000)
 ParOldGen       total 44032K, used 12684K [0x00000000c0000000, 0x00000000c2b00000, 0x00000000eab00000)
  object space 44032K, 28% used [0x00000000c0000000,0x00000000c0c630b0,0x00000000c2b00000)
 Metaspace       used 6275K, capacity 7152K, committed 7296K, reserved 1056768K
  class space    used 592K, capacity 616K, committed 640K, reserved 1048576K
}

Deoptimization events (10 events):
Event: 11.707 Thread 0x000000000063d800 Uncommon trap: reason=bimorphic action=maybe_recompile pc=0x000000000f889844 method=java.util.HashMap.putVal(ILjava/lang/Object;Ljava/lang/Object;ZZ)Ljava/lang/Object; @ 203
Event: 12.279 Thread 0x000000000063d800 Uncommon trap: reason=speculate_class_check action=maybe_recompile pc=0x000000000f42be20 method=com.android.dx.util.FixedSizeList.equals(Ljava/lang/Object;)Z @ 25
Event: 12.279 Thread 0x000000000063d800 Uncommon trap: reason=class_check action=maybe_recompile pc=0x000000000f42d0f8 method=java.util.Arrays.equals([Ljava/lang/Object;[Ljava/lang/Object;)Z @ 62
Event: 12.279 Thread 0x000000000063d800 Uncommon trap: reason=speculate_class_check action=maybe_recompile pc=0x000000000f42be20 method=com.android.dx.util.FixedSizeList.equals(Ljava/lang/Object;)Z @ 25
Event: 12.279 Thread 0x000000000063d800 Uncommon trap: reason=class_check action=maybe_recompile pc=0x000000000f42d0f8 method=java.util.Arrays.equals([Ljava/lang/Object;[Ljava/lang/Object;)Z @ 62
Event: 12.279 Thread 0x000000000063d800 Uncommon trap: reason=speculate_class_check action=maybe_recompile pc=0x000000000f42be20 method=com.android.dx.util.FixedSizeList.equals(Ljava/lang/Object;)Z @ 25
Event: 12.279 Thread 0x000000000063d800 Uncommon trap: reason=class_check action=maybe_recompile pc=0x000000000f42d0f8 method=java.util.Arrays.equals([Ljava/lang/Object;[Ljava/lang/Object;)Z @ 62
Event: 12.279 Thread 0x000000000063d800 Uncommon trap: reason=speculate_class_check action=maybe_recompile pc=0x000000000f42be20 method=com.android.dx.util.FixedSizeList.equals(Ljava/lang/Object;)Z @ 25
Event: 12.279 Thread 0x000000000063d800 Uncommon trap: reason=class_check action=maybe_recompile pc=0x000000000f42d0f8 method=java.util.Arrays.equals([Ljava/lang/Object;[Ljava/lang/Object;)Z @ 62
Event: 12.299 Thread 0x000000000063d800 Uncommon trap: reason=unreached action=reinterpret pc=0x000000000f907478 method=com.android.dx.dex.code.OutputFinisher.findOpcodeForInsn(Lcom/android/dx/dex/code/DalvInsn;Lcom/android/dx/dex/code/Dop;)Lcom/android/dx/dex/code/Dop; @ 1

Internal exceptions (10 events):
Event: 12.165 Thread 0x000000000063d800 Exception <a 'java/security/PrivilegedActionException'> (0x00000000ec1c6ab0) thrown at [D:\re\workspace\8-2-build-windows-amd64-cygwin\jdk8u25\1677\hotspot\src\share\vm\prims\jvm.cpp, line 1312]
Event: 12.165 Thread 0x000000000063d800 Exception <a 'java/security/PrivilegedActionException'> (0x00000000ec1cb9a8) thrown at [D:\re\workspace\8-2-build-windows-amd64-cygwin\jdk8u25\1677\hotspot\src\share\vm\prims\jvm.cpp, line 1312]
Event: 12.166 Thread 0x000000000063d800 Exception <a 'java/security/PrivilegedActionException'> (0x00000000ec1d0130) thrown at [D:\re\workspace\8-2-build-windows-amd64-cygwin\jdk8u25\1677\hotspot\src\share\vm\prims\jvm.cpp, line 1312]
Event: 12.278 Thread 0x000000000063d800 Exception <a 'java/security/PrivilegedActionException'> (0x00000000ec1e3630) thrown at [D:\re\workspace\8-2-build-windows-amd64-cygwin\jdk8u25\1677\hotspot\src\share\vm\prims\jvm.cpp, line 1312]
Event: 12.279 Thread 0x000000000063d800 Exception <a 'java/security/PrivilegedActionException'> (0x00000000ec1e6b98) thrown at [D:\re\workspace\8-2-build-windows-amd64-cygwin\jdk8u25\1677\hotspot\src\share\vm\prims\jvm.cpp, line 1312]
Event: 12.280 Thread 0x000000000063d800 Exception <a 'java/security/PrivilegedActionException'> (0x00000000ec1e9e00) thrown at [D:\re\workspace\8-2-build-windows-amd64-cygwin\jdk8u25\1677\hotspot\src\share\vm\prims\jvm.cpp, line 1312]
Event: 12.299 Thread 0x000000000063d800 Exception <a 'java/security/PrivilegedActionException'> (0x00000000ec213b60) thrown at [D:\re\workspace\8-2-build-windows-amd64-cygwin\jdk8u25\1677\hotspot\src\share\vm\prims\jvm.cpp, line 1312]
Event: 13.169 Thread 0x000000000063d800 Exception <a 'java/security/PrivilegedActionException'> (0x00000000ec4b1f88) thrown at [D:\re\workspace\8-2-build-windows-amd64-cygwin\jdk8u25\1677\hotspot\src\share\vm\prims\jvm.cpp, line 1312]
Event: 13.170 Thread 0x000000000063d800 Exception <a 'java/security/PrivilegedActionException'> (0x00000000ec4bdd98) thrown at [D:\re\workspace\8-2-build-windows-amd64-cygwin\jdk8u25\1677\hotspot\src\share\vm\prims\jvm.cpp, line 1312]
Event: 13.171 Thread 0x000000000063d800 Exception <a 'java/security/PrivilegedActionException'> (0x00000000ec4c0ab0) thrown at [D:\re\workspace\8-2-build-windows-amd64-cygwin\jdk8u25\1677\hotspot\src\share\vm\prims\jvm.cpp, line 1312]

Events (10 events):
Event: 12.781 Thread 0x000000000063d800 DEOPT PACKING pc=0x000000000f8fdb9e sp=0x000000000267ee60
Event: 12.781 Thread 0x000000000063d800 DEOPT UNPACKING pc=0x000000000f0575bf sp=0x000000000267ebb8 mode 0
Event: 12.798 Thread 0x000000000063d800 DEOPT PACKING pc=0x000000000f9064dc sp=0x000000000267ef20
Event: 12.799 Thread 0x000000000063d800 DEOPT UNPACKING pc=0x000000000f0575bf sp=0x000000000267ec70 mode 0
Event: 13.168 loading class com/android/dx/dex/file/DebugInfoEncoder
Event: 13.168 loading class com/android/dx/dex/file/DebugInfoEncoder done
Event: 13.170 loading class com/android/dx/dex/file/DebugInfoEncoder$1
Event: 13.170 loading class com/android/dx/dex/file/DebugInfoEncoder$1 done
Event: 13.171 loading class com/android/dx/dex/file/DebugInfoEncoder$2
Event: 13.171 loading class com/android/dx/dex/file/DebugInfoEncoder$2 done


Dynamic libraries:
0x00007ff7effe0000 - 0x00007ff7f0014000 	C:\Program Files\Java\jdk1.8.0_25\bin\java.exe
0x00007ffee9cd0000 - 0x00007ffee9e7c000 	C:\Windows\SYSTEM32\ntdll.dll
0x00007ffee9b90000 - 0x00007ffee9cce000 	C:\Windows\system32\KERNEL32.DLL
0x00007ffee7240000 - 0x00007ffee7355000 	C:\Windows\system32\KERNELBASE.dll
0x00007ffee57f0000 - 0x00007ffee587e000 	C:\Windows\system32\apphelp.dll
0x00007ffed9bc0000 - 0x00007ffed9c13000 	C:\Windows\AppPatch\AppPatch64\AcGenral.DLL
0x00007ffee7370000 - 0x00007ffee741a000 	C:\Windows\system32\msvcrt.dll
0x00007ffee6ca0000 - 0x00007ffee6cce000 	C:\Windows\SYSTEM32\SspiCli.dll
0x00007ffee9b30000 - 0x00007ffee9b84000 	C:\Windows\system32\SHLWAPI.dll
0x00007ffee75e0000 - 0x00007ffee7757000 	C:\Windows\system32\USER32.dll
0x00007ffee7bb0000 - 0x00007ffee7d44000 	C:\Windows\system32\ole32.dll
0x00007ffee8240000 - 0x00007ffee9759000 	C:\Windows\system32\SHELL32.dll
0x00007ffee63a0000 - 0x00007ffee63c1000 	C:\Windows\SYSTEM32\USERENV.dll
0x00007ffee7ea0000 - 0x00007ffee7f4a000 	C:\Windows\system32\ADVAPI32.dll
0x00007ffedec20000 - 0x00007ffedec3e000 	C:\Windows\SYSTEM32\MPR.dll
0x00007ffee7d50000 - 0x00007ffee7e91000 	C:\Windows\system32\RPCRT4.dll
0x00007ffee9ad0000 - 0x00007ffee9b29000 	C:\Windows\SYSTEM32\sechost.dll
0x00007ffee77b0000 - 0x00007ffee79c1000 	C:\Windows\SYSTEM32\combase.dll
0x00007ffee9960000 - 0x00007ffee9aaf000 	C:\Windows\system32\GDI32.dll
0x00007ffee6e30000 - 0x00007ffee6e45000 	C:\Windows\SYSTEM32\profapi.dll
0x00007ffee5880000 - 0x00007ffee5932000 	C:\Windows\SYSTEM32\SHCORE.dll
0x00007ffee7760000 - 0x00007ffee7796000 	C:\Windows\system32\IMM32.DLL
0x00007ffee8070000 - 0x00007ffee81c2000 	C:\Windows\system32\MSCTF.dll
0x00007ffee6df0000 - 0x00007ffee6e1f000 	C:\Windows\system32\nvinitx.dll
0x000000000f000000 - 0x000000000f006000 	C:\Program Files\NVIDIA Corporation\CoProcManager\_etoured.dll
0x00007ffee5480000 - 0x00007ffee54b3000 	C:\Program Files\NVIDIA Corporation\CoProcManager\nvd3d9wrapx.dll
0x00007ffee79d0000 - 0x00007ffee7baa000 	C:\Windows\system32\SETUPAPI.dll
0x00007ffee6f00000 - 0x00007ffee6f4f000 	C:\Windows\system32\CFGMGR32.dll
0x00007ffee56b0000 - 0x00007ffee56d3000 	C:\Program Files\NVIDIA Corporation\CoProcManager\nvdxgiwrapx.dll
0x00007ffee50b0000 - 0x00007ffee532a000 	C:\Windows\WinSxS\amd64_microsoft.windows.common-controls_6595b64144ccf1df_6.0.9600.17810_none_6240b9c7ecbd0bda\COMCTL32.dll
0x000000005ade0000 - 0x000000005aeb2000 	C:\Program Files\Java\jdk1.8.0_25\jre\bin\msvcr100.dll
0x000000005b1f0000 - 0x000000005ba4a000 	C:\Program Files\Java\jdk1.8.0_25\jre\bin\server\jvm.dll
0x00007ffee0c80000 - 0x00007ffee0c89000 	C:\Windows\SYSTEM32\WSOCK32.dll
0x00007ffee5330000 - 0x00007ffee5352000 	C:\Windows\SYSTEM32\WINMM.dll
0x00007ffee75d0000 - 0x00007ffee75d7000 	C:\Windows\system32\PSAPI.DLL
0x00007ffee9770000 - 0x00007ffee97ca000 	C:\Windows\system32\WS2_32.dll
0x00007ffee5040000 - 0x00007ffee506a000 	C:\Windows\SYSTEM32\WINMMBASE.dll
0x00007ffee7360000 - 0x00007ffee7369000 	C:\Windows\system32\NSI.dll
0x00007ffee5b30000 - 0x00007ffee5b58000 	C:\Windows\SYSTEM32\DEVOBJ.dll
0x000000005c710000 - 0x000000005c71f000 	C:\Program Files\Java\jdk1.8.0_25\jre\bin\verify.dll
0x000000005bcc0000 - 0x000000005bce8000 	C:\Program Files\Java\jdk1.8.0_25\jre\bin\java.dll
0x000000005bf60000 - 0x000000005bf76000 	C:\Program Files\Java\jdk1.8.0_25\jre\bin\zip.dll

VM Arguments:
jvm_args: -Djava.awt.headless=true -Xmx1024M -Dfile.encoding=windows-1252 -Duser.country=US -Duser.language=en -Duser.variant 
java_command: com.android.dx.command.Main --dex --force-jumbo --num-threads=4 --output E:\Anavel\Anavel\app\build\intermediates\pre-dexed\debug\internal_impl-23.3.0_ad296f20df95d6ff9d4ddfded8617cd645bf363a.jar E:\Anavel\Anavel\app\build\intermediates\exploded-aar\com.android.support\support-v4\23.3.0\jars\libs\internal_impl-23.3.0.jar
java_class_path (initial): C:\Users\Vostro\AppData\Local\Android\sdk\build-tools\23.0.3\lib\dx.jar
Launcher Type: SUN_STANDARD

Environment Variables:
PATH=C:\MinGW\bin;C:\MinGW\libexec\gcc\x86_64-pc-mingw32\4.9.1;C:\MinGW\gcc\bin;C:\MinGW\gcc\libexec\gcc\x86_64-pc-mingw32\4.9.1;C:\ProgramData\Oracle\Java\javapath;C:\Program Files (x86)\NVIDIA Corporation\PhysX\Common;C:\Program Files (x86)\Intel\iCLS Client\;C:\Program Files\Intel\iCLS Client\;C:\Windows\system32;C:\Windows;C:\Windows\System32\Wbem;C:\Windows\System32\WindowsPowerShell\v1.0\;C:\Program Files\Intel\Intel(R) Management Engine Components\DAL;C:\Program Files\Intel\Intel(R) Management Engine Components\IPT;C:\Program Files (x86)\Intel\Intel(R) Management Engine Components\DAL;C:\Program Files (x86)\Intel\Intel(R) Management Engine Components\IPT;C:\Program Files (x86)\Intel\OpenCL SDK\3.0\bin\x86;C:\Program Files (x86)\Intel\OpenCL SDK\3.0\bin\x64;C:\Program Files (x86)\Windows Kits\8.1\Windows Performance Toolkit\;C:\Program Files\Microsoft SQL Server\110\Tools\Binn\;C:\Program Files (x86)\Microsoft SQL Server\110\Tools\Binn\ManagementStudio\;C:\Program Files (x86)\Microsoft SQL Server\110\Tools\Binn\;C:\Program Files (x86)\Microsoft SQL Server\110\DTS\Binn\;C:\Program Files\Microsoft SQL Server\110\DTS\Binn\;C:\OpenCV2410\opencv\build\x64\vc12\bin;C:\Program Files (x86)\Microsoft SDKs\TypeScript\1.0\;C:\Program Files\Microsoft SQL Server\120\Tools\Binn\;C:\Emgu\emgucv-windows-universal 3.0.0.2157\bin\x86;C:\Program Files (x86)\GtkSharp\2.12\bin;C:\Anaconda2;C:\Anaconda2\Scripts;C:\Anaconda2\Library\bin
USERNAME=Vostro
OS=Windows_NT
PROCESSOR_IDENTIFIER=Intel64 Family 6 Model 69 Stepping 1, GenuineIntel



---------------  S Y S T E M  ---------------

OS: Windows 8.1 , 64 bit Build 9600 

CPU:total 4 (2 cores per cpu, 2 threads per core) family 6 model 69 stepping 1, cmov, cx8, fxsr, mmx, sse, sse2, sse3, ssse3, sse4.1, sse4.2, popcnt, avx, avx2, aes, clmul, erms, lzcnt, ht, tsc, tscinvbit, bmi1, bmi2

Memory: 4k page, physical 4099864k(499964k free), swap 10757600k(8112k free)

vm_info: Java HotSpot(TM) 64-Bit Server VM (25.25-b02) for windows-amd64 JRE (1.8.0_25-b18), built on Oct  7 2014 14:25:37 by "java_re" with MS VC++ 10.0 (VS2010)

time: Thu Aug 18 09:18:08 2016
elapsed time: 13 seconds (0d 0h 0m 13s)

