#
# There is insufficient memory for the Java Runtime Environment to continue.
# Native memory allocation (malloc) failed to allocate 948016 bytes for Chunk::new
# Possible reasons:
#   The system is out of physical RAM or swap space
#   In 32 bit mode, the process size limit was hit
# Possible solutions:
#   Reduce memory load on the system
#   Increase physical memory or swap space
#   Check if swap backing store is full
#   Use 64 bit Java on a 64 bit OS
#   Decrease Java heap size (-Xmx/-Xms)
#   Decrease number of Java threads
#   Decrease Java thread stack sizes (-Xss)
#   Set larger code cache with -XX:ReservedCodeCacheSize=
# This output file may be truncated or incomplete.
#
#  Out of Memory Error (allocation.cpp:390), pid=4172, tid=8324
#
# JRE version: Java(TM) SE Runtime Environment (8.0_25-b18) (build 1.8.0_25-b18)
# Java VM: Java HotSpot(TM) 64-Bit Server VM (25.25-b02 mixed mode windows-amd64 compressed oops)
# Failed to write core dump. Minidumps are not enabled by default on client versions of Windows
#

---------------  T H R E A D  ---------------

Current thread (0x000000000667b000):  JavaThread "C2 CompilerThread0" daemon [_thread_in_native, id=8324, stack(0x0000000007bd0000,0x0000000007cd0000)]

Stack: [0x0000000007bd0000,0x0000000007cd0000]
Native frames: (J=compiled Java code, j=interpreted, Vv=VM code, C=native code)
V  [jvm.dll+0x31667a]
V  [jvm.dll+0x267073]
V  [jvm.dll+0x267cb3]
V  [jvm.dll+0x25f5b5]
V  [jvm.dll+0xbf165]
V  [jvm.dll+0xbf60c]
V  [jvm.dll+0x478fbc]
V  [jvm.dll+0x4465b0]
V  [jvm.dll+0x45130e]
V  [jvm.dll+0x4538f8]
V  [jvm.dll+0x437372]
V  [jvm.dll+0x98a02]
V  [jvm.dll+0x991f3]
V  [jvm.dll+0x22bde4]
V  [jvm.dll+0x2852fa]
C  [msvcr100.dll+0x21d9f]
C  [msvcr100.dll+0x21e3b]
C  [KERNEL32.DLL+0x13d2]
C  [ntdll.dll+0x15454]


Current CompileTask:
C2:  18510 2380       4       com.android.dx.dex.code.OutputFinisher::addConstants (93 bytes)


---------------  P R O C E S S  ---------------

Java Threads: ( => current thread )
  0x00000000066db800 JavaThread "Service Thread" daemon [_thread_blocked, id=532, stack(0x0000000007ed0000,0x0000000007fd0000)]
  0x00000000066d4800 JavaThread "C1 CompilerThread2" daemon [_thread_blocked, id=3432, stack(0x0000000007dd0000,0x0000000007ed0000)]
  0x00000000066ce000 JavaThread "C2 CompilerThread1" daemon [_thread_in_native, id=6864, stack(0x0000000007cd0000,0x0000000007dd0000)]
=>0x000000000667b000 JavaThread "C2 CompilerThread0" daemon [_thread_in_native, id=8324, stack(0x0000000007bd0000,0x0000000007cd0000)]
  0x0000000006679800 JavaThread "Attach Listener" daemon [_thread_blocked, id=1116, stack(0x0000000007ad0000,0x0000000007bd0000)]
  0x0000000006678800 JavaThread "Signal Dispatcher" daemon [_thread_blocked, id=848, stack(0x00000000079d0000,0x0000000007ad0000)]
  0x0000000002ef5000 JavaThread "Finalizer" daemon [_thread_blocked, id=10200, stack(0x00000000078d0000,0x00000000079d0000)]
  0x0000000006648000 JavaThread "Reference Handler" daemon [_thread_blocked, id=10204, stack(0x00000000077d0000,0x00000000078d0000)]
  0x0000000002fad800 JavaThread "main" [_thread_in_native, id=6720, stack(0x0000000002ca0000,0x0000000002da0000)]

Other Threads:
  0x0000000006646000 VMThread [stack: 0x00000000076d0000,0x00000000077d0000] [id=5244]
  0x00000000066de000 WatcherThread [stack: 0x0000000007fd0000,0x00000000080d0000] [id=4048]

VM state:not at safepoint (normal execution)

VM Mutex/Monitor currently owned by a thread: None

Heap:
 PSYoungGen      total 221184K, used 85731K [0x00000000eab00000, 0x00000000fdf00000, 0x0000000100000000)
  eden space 192000K, 29% used [0x00000000eab00000,0x00000000ee295908,0x00000000f6680000)
  from space 29184K, 98% used [0x00000000fc280000,0x00000000fdea3638,0x00000000fdf00000)
  to   space 34816K, 0% used [0x00000000f9b00000,0x00000000f9b00000,0x00000000fbd00000)
 ParOldGen       total 84992K, used 43769K [0x00000000c0000000, 0x00000000c5300000, 0x00000000eab00000)
  object space 84992K, 51% used [0x00000000c0000000,0x00000000c2abe7f0,0x00000000c5300000)
 Metaspace       used 7471K, capacity 7896K, committed 8192K, reserved 1056768K
  class space    used 691K, capacity 720K, committed 768K, reserved 1048576K

Card table byte_map: [0x0000000003370000,0x0000000003580000] byte_map_base: 0x0000000002d70000

Marking Bits: (ParMarkBitMap*) 0x000000005b9cd490
 Begin Bits: [0x0000000003ae0000, 0x0000000004ae0000)
 End Bits:   [0x0000000004ae0000, 0x0000000005ae0000)

Polling page: 0x0000000001000000

CodeCache: size=245760Kb used=12870Kb max_used=12870Kb free=232889Kb
 bounds [0x000000000f010000, 0x000000000fcb0000, 0x000000001e010000]
 total_blobs=3148 nmethods=2873 adapters=188
 compilation: enabled

Compilation events (10 events):
Event: 17.447 Thread 0x00000000066ce000 nmethod 2390 0x000000000fb08450 code [0x000000000fb085a0, 0x000000000fb08678]
Event: 17.447 Thread 0x00000000066ce000 2394  s    4       com.android.dx.dex.file.TypeIdsSection::intern (60 bytes)
Event: 17.455 Thread 0x00000000066ce000 nmethod 2394 0x000000000faf8110 code [0x000000000faf8280, 0x000000000faf8948]
Event: 17.455 Thread 0x00000000066ce000 2392  s    4       com.android.dx.dex.file.FieldIdsSection::intern (55 bytes)
Event: 17.470 Thread 0x00000000066ce000 nmethod 2392 0x000000000fb17d10 code [0x000000000fb17ec0, 0x000000000fb18a88]
Event: 17.476 Thread 0x00000000066ce000 2400       4       com.android.dx.dex.file.CodeItem::addContents (174 bytes)
Event: 17.483 Thread 0x00000000066d4800 2403       3       java.util.HashMap::keySet (27 bytes)
Event: 17.483 Thread 0x00000000066d4800 nmethod 2403 0x000000000fb07d50 code [0x000000000fb07ee0, 0x000000000fb08290]
Event: 17.483 Thread 0x00000000066d4800 2404       3       java.util.HashMap$KeySet::iterator (12 bytes)
Event: 17.483 Thread 0x00000000066d4800 nmethod 2404 0x000000000faf7350 code [0x000000000faf74c0, 0x000000000faf7728]

GC Heap History (10 events):
Event: 10.299 GC heap before
{Heap before GC invocations=5 (full 0):
 PSYoungGen      total 68096K, used 68065K [0x00000000eab00000, 0x00000000ef000000, 0x0000000100000000)
  eden space 65536K, 100% used [0x00000000eab00000,0x00000000eeb00000,0x00000000eeb00000)
  from space 2560K, 98% used [0x00000000eed80000,0x00000000eeff86d0,0x00000000ef000000)
  to   space 2560K, 0% used [0x00000000eeb00000,0x00000000eeb00000,0x00000000eed80000)
 ParOldGen       total 44032K, used 13765K [0x00000000c0000000, 0x00000000c2b00000, 0x00000000eab00000)
  object space 44032K, 31% used [0x00000000c0000000,0x00000000c0d714f8,0x00000000c2b00000)
 Metaspace       used 6239K, capacity 7152K, committed 7296K, reserved 1056768K
  class space    used 594K, capacity 616K, committed 640K, reserved 1048576K
Event: 10.568 GC heap after
Heap after GC invocations=5 (full 0):
 PSYoungGen      total 68096K, used 2534K [0x00000000eab00000, 0x00000000f4900000, 0x0000000100000000)
  eden space 65536K, 0% used [0x00000000eab00000,0x00000000eab00000,0x00000000eeb00000)
  from space 2560K, 98% used [0x00000000eeb00000,0x00000000eed79950,0x00000000eed80000)
  to   space 15360K, 0% used [0x00000000f3a00000,0x00000000f3a00000,0x00000000f4900000)
 ParOldGen       total 44032K, used 25053K [0x00000000c0000000, 0x00000000c2b00000, 0x00000000eab00000)
  object space 44032K, 56% used [0x00000000c0000000,0x00000000c1877780,0x00000000c2b00000)
 Metaspace       used 6239K, capacity 7152K, committed 7296K, reserved 1056768K
  class space    used 594K, capacity 616K, committed 640K, reserved 1048576K
}
Event: 11.471 GC heap before
{Heap before GC invocations=6 (full 0):
 PSYoungGen      total 68096K, used 68070K [0x00000000eab00000, 0x00000000f4900000, 0x0000000100000000)
  eden space 65536K, 100% used [0x00000000eab00000,0x00000000eeb00000,0x00000000eeb00000)
  from space 2560K, 98% used [0x00000000eeb00000,0x00000000eed79950,0x00000000eed80000)
  to   space 15360K, 0% used [0x00000000f3a00000,0x00000000f3a00000,0x00000000f4900000)
 ParOldGen       total 44032K, used 25053K [0x00000000c0000000, 0x00000000c2b00000, 0x00000000eab00000)
  object space 44032K, 56% used [0x00000000c0000000,0x00000000c1877780,0x00000000c2b00000)
 Metaspace       used 6335K, capacity 7216K, committed 7296K, reserved 1056768K
  class space    used 594K, capacity 616K, committed 640K, reserved 1048576K
Event: 11.585 GC heap after
Heap after GC invocations=6 (full 0):
 PSYoungGen      total 143872K, used 13702K [0x00000000eab00000, 0x00000000f4e00000, 0x0000000100000000)
  eden space 128512K, 0% used [0x00000000eab00000,0x00000000eab00000,0x00000000f2880000)
  from space 15360K, 89% used [0x00000000f3a00000,0x00000000f4761b60,0x00000000f4900000)
  to   space 17920K, 0% used [0x00000000f2880000,0x00000000f2880000,0x00000000f3a00000)
 ParOldGen       total 44032K, used 25061K [0x00000000c0000000, 0x00000000c2b00000, 0x00000000eab00000)
  object space 44032K, 56% used [0x00000000c0000000,0x00000000c1879780,0x00000000c2b00000)
 Metaspace       used 6335K, capacity 7216K, committed 7296K, reserved 1056768K
  class space    used 594K, capacity 616K, committed 640K, reserved 1048576K
}
Event: 12.497 GC heap before
{Heap before GC invocations=7 (full 0):
 PSYoungGen      total 143872K, used 142214K [0x00000000eab00000, 0x00000000f4e00000, 0x0000000100000000)
  eden space 128512K, 100% used [0x00000000eab00000,0x00000000f2880000,0x00000000f2880000)
  from space 15360K, 89% used [0x00000000f3a00000,0x00000000f4761b60,0x00000000f4900000)
  to   space 17920K, 0% used [0x00000000f2880000,0x00000000f2880000,0x00000000f3a00000)
 ParOldGen       total 44032K, used 25061K [0x00000000c0000000, 0x00000000c2b00000, 0x00000000eab00000)
  object space 44032K, 56% used [0x00000000c0000000,0x00000000c1879780,0x00000000c2b00000)
 Metaspace       used 6457K, capacity 7256K, committed 7424K, reserved 1056768K
  class space    used 613K, capacity 656K, committed 768K, reserved 1048576K
Event: 12.692 GC heap after
Heap after GC invocations=7 (full 0):
 PSYoungGen      total 146432K, used 17888K [0x00000000eab00000, 0x00000000fdf00000, 0x0000000100000000)
  eden space 128512K, 0% used [0x00000000eab00000,0x00000000eab00000,0x00000000f2880000)
  from space 17920K, 99% used [0x00000000f2880000,0x00000000f39f83b0,0x00000000f3a00000)
  to   space 29184K, 0% used [0x00000000fc280000,0x00000000fc280000,0x00000000fdf00000)
 ParOldGen       total 44032K, used 40549K [0x00000000c0000000, 0x00000000c2b00000, 0x00000000eab00000)
  object space 44032K, 92% used [0x00000000c0000000,0x00000000c27996b0,0x00000000c2b00000)
 Metaspace       used 6457K, capacity 7256K, committed 7424K, reserved 1056768K
  class space    used 613K, capacity 656K, committed 768K, reserved 1048576K
}
Event: 12.692 GC heap before
{Heap before GC invocations=8 (full 1):
 PSYoungGen      total 146432K, used 17888K [0x00000000eab00000, 0x00000000fdf00000, 0x0000000100000000)
  eden space 128512K, 0% used [0x00000000eab00000,0x00000000eab00000,0x00000000f2880000)
  from space 17920K, 99% used [0x00000000f2880000,0x00000000f39f83b0,0x00000000f3a00000)
  to   space 29184K, 0% used [0x00000000fc280000,0x00000000fc280000,0x00000000fdf00000)
 ParOldGen       total 44032K, used 40549K [0x00000000c0000000, 0x00000000c2b00000, 0x00000000eab00000)
  object space 44032K, 92% used [0x00000000c0000000,0x00000000c27996b0,0x00000000c2b00000)
 Metaspace       used 6457K, capacity 7256K, committed 7424K, reserved 1056768K
  class space    used 613K, capacity 656K, committed 768K, reserved 1048576K
Event: 14.430 GC heap after
Heap after GC invocations=8 (full 1):
 PSYoungGen      total 146432K, used 10147K [0x00000000eab00000, 0x00000000fdf00000, 0x0000000100000000)
  eden space 128512K, 0% used [0x00000000eab00000,0x00000000eab00000,0x00000000f2880000)
  from space 17920K, 56% used [0x00000000f2880000,0x00000000f3268da0,0x00000000f3a00000)
  to   space 29184K, 0% used [0x00000000fc280000,0x00000000fc280000,0x00000000fdf00000)
 ParOldGen       total 84992K, used 43577K [0x00000000c0000000, 0x00000000c5300000, 0x00000000eab00000)
  object space 84992K, 51% used [0x00000000c0000000,0x00000000c2a8e7f0,0x00000000c5300000)
 Metaspace       used 6457K, capacity 7256K, committed 7424K, reserved 1056768K
  class space    used 613K, capacity 656K, committed 768K, reserved 1048576K
}
Event: 15.955 GC heap before
{Heap before GC invocations=9 (full 1):
 PSYoungGen      total 146432K, used 138659K [0x00000000eab00000, 0x00000000fdf00000, 0x0000000100000000)
  eden space 128512K, 100% used [0x00000000eab00000,0x00000000f2880000,0x00000000f2880000)
  from space 17920K, 56% used [0x00000000f2880000,0x00000000f3268da0,0x00000000f3a00000)
  to   space 29184K, 0% used [0x00000000fc280000,0x00000000fc280000,0x00000000fdf00000)
 ParOldGen       total 84992K, used 43577K [0x00000000c0000000, 0x00000000c5300000, 0x00000000eab00000)
  object space 84992K, 51% used [0x00000000c0000000,0x00000000c2a8e7f0,0x00000000c5300000)
 Metaspace       used 6474K, capacity 7256K, committed 7424K, reserved 1056768K
  class space    used 613K, capacity 656K, committed 768K, reserved 1048576K
Event: 16.245 GC heap after
Heap after GC invocations=9 (full 1):
 PSYoungGen      total 221184K, used 28813K [0x00000000eab00000, 0x00000000fdf00000, 0x0000000100000000)
  eden space 192000K, 0% used [0x00000000eab00000,0x00000000eab00000,0x00000000f6680000)
  from space 29184K, 98% used [0x00000000fc280000,0x00000000fdea3638,0x00000000fdf00000)
  to   space 34816K, 0% used [0x00000000f9b00000,0x00000000f9b00000,0x00000000fbd00000)
 ParOldGen       total 84992K, used 43769K [0x00000000c0000000, 0x00000000c5300000, 0x00000000eab00000)
  object space 84992K, 51% used [0x00000000c0000000,0x00000000c2abe7f0,0x00000000c5300000)
 Metaspace       used 6474K, capacity 7256K, committed 7424K, reserved 1056768K
  class space    used 613K, capacity 656K, committed 768K, reserved 1048576K
}

Deoptimization events (10 events):
Event: 12.334 Thread 0x000000000830b000 Uncommon trap: reason=bimorphic action=maybe_recompile pc=0x000000000f9808c8 method=com.android.dx.cf.code.BytecodeArray.parseInstruction(ILcom/android/dx/cf/code/BytecodeArray$Visitor;)I @ 971
Event: 14.722 Thread 0x000000000833c000 Uncommon trap: reason=unreached action=reinterpret pc=0x000000000f90d0bc method=java.util.HashMap.putVal(ILjava/lang/Object;Ljava/lang/Object;ZZ)Ljava/lang/Object; @ 109
Event: 15.337 Thread 0x000000000833c000 Uncommon trap: reason=bimorphic action=maybe_recompile pc=0x000000000fa0ea94 method=com.android.dx.cf.code.BytecodeArray.parseInstruction(ILcom/android/dx/cf/code/BytecodeArray$Visitor;)I @ 1287
Event: 15.337 Thread 0x000000000833c000 Uncommon trap: reason=bimorphic action=maybe_recompile pc=0x000000000fa0ea94 method=com.android.dx.cf.code.BytecodeArray.parseInstruction(ILcom/android/dx/cf/code/BytecodeArray$Visitor;)I @ 1287
Event: 15.494 Thread 0x0000000002fad800 Uncommon trap: reason=unreached action=reinterpret pc=0x000000000f63b40c method=java.util.HashMap.resize()[Ljava/util/HashMap$Node; @ 206
Event: 16.681 Thread 0x0000000002fad800 Uncommon trap: reason=class_check action=maybe_recompile pc=0x000000000f457260 method=java.util.Arrays.hashCode([Ljava/lang/Object;)I @ 43
Event: 16.681 Thread 0x0000000002fad800 Uncommon trap: reason=class_check action=maybe_recompile pc=0x000000000f457260 method=java.util.Arrays.hashCode([Ljava/lang/Object;)I @ 43
Event: 16.681 Thread 0x0000000002fad800 Uncommon trap: reason=class_check action=maybe_recompile pc=0x000000000f457260 method=java.util.Arrays.hashCode([Ljava/lang/Object;)I @ 43
Event: 16.681 Thread 0x0000000002fad800 Uncommon trap: reason=class_check action=maybe_recompile pc=0x000000000f457260 method=java.util.Arrays.hashCode([Ljava/lang/Object;)I @ 43
Event: 16.681 Thread 0x0000000002fad800 Uncommon trap: reason=class_check action=maybe_recompile pc=0x000000000f457840 method=java.util.Arrays.hashCode([Ljava/lang/Object;)I @ 43

Internal exceptions (10 events):
Event: 7.584 Thread 0x000000000830b000 Implicit null exception at 0x000000000f6505e5 to 0x000000000f652dd5
Event: 9.226 Thread 0x0000000002fad800 Exception <a 'java/security/PrivilegedActionException'> (0x00000000eaba8500) thrown at [D:\re\workspace\8-2-build-windows-amd64-cygwin\jdk8u25\1677\hotspot\src\share\vm\prims\jvm.cpp, line 1312]
Event: 9.236 Thread 0x000000000833a000 Exception <a 'java/security/PrivilegedActionException'> (0x00000000eb393cb8) thrown at [D:\re\workspace\8-2-build-windows-amd64-cygwin\jdk8u25\1677\hotspot\src\share\vm\prims\jvm.cpp, line 1312]
Event: 9.754 Thread 0x000000000830b000 Exception <a 'java/security/PrivilegedActionException'> (0x00000000ec0b15d0) thrown at [D:\re\workspace\8-2-build-windows-amd64-cygwin\jdk8u25\1677\hotspot\src\share\vm\prims\jvm.cpp, line 1312]
Event: 11.446 Thread 0x000000000833c000 Implicit null exception at 0x000000000f5e3e0d to 0x000000000f5e57d1
Event: 11.798 Thread 0x0000000002fad800 Exception <a 'java/lang/ArrayIndexOutOfBoundsException': 18> (0x00000000ed531388) thrown at [D:\re\workspace\8-2-build-windows-amd64-cygwin\jdk8u25\1677\hotspot\src\share\vm\interpreter\interpreterRuntime.cpp, line 366]
Event: 11.799 Thread 0x0000000002fad800 Exception <a 'java/lang/ArrayIndexOutOfBoundsException': 145> (0x00000000ed532e20) thrown at [D:\re\workspace\8-2-build-windows-amd64-cygwin\jdk8u25\1677\hotspot\src\share\vm\interpreter\interpreterRuntime.cpp, line 366]
Event: 11.799 Thread 0x0000000002fad800 Exception <a 'java/lang/ArrayIndexOutOfBoundsException'> (0x00000000ed534038) thrown at [D:\re\workspace\8-2-build-windows-amd64-cygwin\jdk8u25\1677\hotspot\src\share\vm\runtime\sharedRuntime.cpp, line 604]
Event: 16.682 Thread 0x0000000002fad800 Exception <a 'java/security/PrivilegedActionException'> (0x00000000ead90338) thrown at [D:\re\workspace\8-2-build-windows-amd64-cygwin\jdk8u25\1677\hotspot\src\share\vm\prims\jvm.cpp, line 1312]
Event: 17.070 Thread 0x0000000002fad800 Exception <a 'java/security/PrivilegedActionException'> (0x00000000ebfca418) thrown at [D:\re\workspace\8-2-build-windows-amd64-cygwin\jdk8u25\1677\hotspot\src\share\vm\prims\jvm.cpp, line 1312]

Events (10 events):
Event: 16.682 loading class com/android/dx/rop/cst/Zeroes
Event: 16.682 loading class com/android/dx/rop/cst/Zeroes done
Event: 17.070 loading class com/android/dx/dex/file/CatchStructs
Event: 17.070 loading class com/android/dx/dex/file/CatchStructs done
Event: 17.477 Thread 0x0000000002fad800 DEOPT PACKING pc=0x000000000faf03a1 sp=0x0000000002d9f190
Event: 17.477 Thread 0x0000000002fad800 DEOPT UNPACKING pc=0x000000000f0575bf sp=0x0000000002d9ef20 mode 0
Event: 17.481 Thread 0x0000000002fad800 DEOPT PACKING pc=0x000000000faf03a1 sp=0x0000000002d9f190
Event: 17.481 Thread 0x0000000002fad800 DEOPT UNPACKING pc=0x000000000f0575bf sp=0x0000000002d9ef20 mode 0
Event: 17.485 Thread 0x0000000002fad800 DEOPT PACKING pc=0x000000000faf03a1 sp=0x0000000002d9f190
Event: 17.485 Thread 0x0000000002fad800 DEOPT UNPACKING pc=0x000000000f0575bf sp=0x0000000002d9ef20 mode 0


Dynamic libraries:
0x00007ff7effe0000 - 0x00007ff7f0014000 	C:\Program Files\Java\jdk1.8.0_25\bin\java.exe
0x00007ffee9cd0000 - 0x00007ffee9e7c000 	C:\Windows\SYSTEM32\ntdll.dll
0x00007ffee9b90000 - 0x00007ffee9cce000 	C:\Windows\system32\KERNEL32.DLL
0x00007ffee7240000 - 0x00007ffee7355000 	C:\Windows\system32\KERNELBASE.dll
0x00007ffee57f0000 - 0x00007ffee587e000 	C:\Windows\system32\apphelp.dll
0x00007ffee2f60000 - 0x00007ffee2fb3000 	C:\Windows\AppPatch\AppPatch64\AcGenral.DLL
0x00007ffee7370000 - 0x00007ffee741a000 	C:\Windows\system32\msvcrt.dll
0x00007ffee6ca0000 - 0x00007ffee6cce000 	C:\Windows\SYSTEM32\SspiCli.dll
0x00007ffee9b30000 - 0x00007ffee9b84000 	C:\Windows\system32\SHLWAPI.dll
0x00007ffee75e0000 - 0x00007ffee7757000 	C:\Windows\system32\USER32.dll
0x00007ffee7bb0000 - 0x00007ffee7d44000 	C:\Windows\system32\ole32.dll
0x00007ffee8240000 - 0x00007ffee9759000 	C:\Windows\system32\SHELL32.dll
0x00007ffee63a0000 - 0x00007ffee63c1000 	C:\Windows\SYSTEM32\USERENV.dll
0x00007ffee7ea0000 - 0x00007ffee7f4a000 	C:\Windows\system32\ADVAPI32.dll
0x00007ffedec20000 - 0x00007ffedec3e000 	C:\Windows\SYSTEM32\MPR.dll
0x00007ffee7d50000 - 0x00007ffee7e91000 	C:\Windows\system32\RPCRT4.dll
0x00007ffee9ad0000 - 0x00007ffee9b29000 	C:\Windows\SYSTEM32\sechost.dll
0x00007ffee77b0000 - 0x00007ffee79c1000 	C:\Windows\SYSTEM32\combase.dll
0x00007ffee9960000 - 0x00007ffee9aaf000 	C:\Windows\system32\GDI32.dll
0x00007ffee6e30000 - 0x00007ffee6e45000 	C:\Windows\SYSTEM32\profapi.dll
0x00007ffee5880000 - 0x00007ffee5932000 	C:\Windows\SYSTEM32\SHCORE.dll
0x00007ffee7760000 - 0x00007ffee7796000 	C:\Windows\system32\IMM32.DLL
0x00007ffee8070000 - 0x00007ffee81c2000 	C:\Windows\system32\MSCTF.dll
0x00007ffee6df0000 - 0x00007ffee6e1f000 	C:\Windows\system32\nvinitx.dll
0x000000000f000000 - 0x000000000f006000 	C:\Program Files\NVIDIA Corporation\CoProcManager\_etoured.dll
0x00007ffee5480000 - 0x00007ffee54b3000 	C:\Program Files\NVIDIA Corporation\CoProcManager\nvd3d9wrapx.dll
0x00007ffee79d0000 - 0x00007ffee7baa000 	C:\Windows\system32\SETUPAPI.dll
0x00007ffee6f00000 - 0x00007ffee6f4f000 	C:\Windows\system32\CFGMGR32.dll
0x00007ffee56b0000 - 0x00007ffee56d3000 	C:\Program Files\NVIDIA Corporation\CoProcManager\nvdxgiwrapx.dll
0x00007ffee50b0000 - 0x00007ffee532a000 	C:\Windows\WinSxS\amd64_microsoft.windows.common-controls_6595b64144ccf1df_6.0.9600.17810_none_6240b9c7ecbd0bda\COMCTL32.dll
0x000000005ade0000 - 0x000000005aeb2000 	C:\Program Files\Java\jdk1.8.0_25\jre\bin\msvcr100.dll
0x000000005b1f0000 - 0x000000005ba4a000 	C:\Program Files\Java\jdk1.8.0_25\jre\bin\server\jvm.dll
0x00007ffee0c80000 - 0x00007ffee0c89000 	C:\Windows\SYSTEM32\WSOCK32.dll
0x00007ffee5330000 - 0x00007ffee5352000 	C:\Windows\SYSTEM32\WINMM.dll
0x00007ffee75d0000 - 0x00007ffee75d7000 	C:\Windows\system32\PSAPI.DLL
0x00007ffee9770000 - 0x00007ffee97ca000 	C:\Windows\system32\WS2_32.dll
0x00007ffee5040000 - 0x00007ffee506a000 	C:\Windows\SYSTEM32\WINMMBASE.dll
0x00007ffee7360000 - 0x00007ffee7369000 	C:\Windows\system32\NSI.dll
0x00007ffee5b30000 - 0x00007ffee5b58000 	C:\Windows\SYSTEM32\DEVOBJ.dll
0x000000005c710000 - 0x000000005c71f000 	C:\Program Files\Java\jdk1.8.0_25\jre\bin\verify.dll
0x000000005bcc0000 - 0x000000005bce8000 	C:\Program Files\Java\jdk1.8.0_25\jre\bin\java.dll
0x000000005bf60000 - 0x000000005bf76000 	C:\Program Files\Java\jdk1.8.0_25\jre\bin\zip.dll
0x00007ffed8e80000 - 0x00007ffed9009000 	C:\Windows\SYSTEM32\dbghelp.dll

VM Arguments:
jvm_args: -Djava.awt.headless=true -Xmx1024M -Dfile.encoding=windows-1252 -Duser.country=US -Duser.language=en -Duser.variant 
java_command: com.android.dx.command.Main --dex --force-jumbo --num-threads=4 --output E:\Anavel\Anavel\app\build\intermediates\pre-dexed\debug\com.android.support-support-v4-23.3.0_c68ab93c211703269dbe5ddc0cbaac5bbf195f1c.jar E:\Anavel\Anavel\app\build\intermediates\exploded-aar\com.android.support\support-v4\23.3.0\jars\classes.jar
java_class_path (initial): C:\Users\Vostro\AppData\Local\Android\sdk\build-tools\23.0.3\lib\dx.jar
Launcher Type: SUN_STANDARD

Environment Variables:
PATH=C:\MinGW\bin;C:\MinGW\libexec\gcc\x86_64-pc-mingw32\4.9.1;C:\MinGW\gcc\bin;C:\MinGW\gcc\libexec\gcc\x86_64-pc-mingw32\4.9.1;C:\ProgramData\Oracle\Java\javapath;C:\Program Files (x86)\NVIDIA Corporation\PhysX\Common;C:\Program Files (x86)\Intel\iCLS Client\;C:\Program Files\Intel\iCLS Client\;C:\Windows\system32;C:\Windows;C:\Windows\System32\Wbem;C:\Windows\System32\WindowsPowerShell\v1.0\;C:\Program Files\Intel\Intel(R) Management Engine Components\DAL;C:\Program Files\Intel\Intel(R) Management Engine Components\IPT;C:\Program Files (x86)\Intel\Intel(R) Management Engine Components\DAL;C:\Program Files (x86)\Intel\Intel(R) Management Engine Components\IPT;C:\Program Files (x86)\Intel\OpenCL SDK\3.0\bin\x86;C:\Program Files (x86)\Intel\OpenCL SDK\3.0\bin\x64;C:\Program Files (x86)\Windows Kits\8.1\Windows Performance Toolkit\;C:\Program Files\Microsoft SQL Server\110\Tools\Binn\;C:\Program Files (x86)\Microsoft SQL Server\110\Tools\Binn\ManagementStudio\;C:\Program Files (x86)\Microsoft SQL Server\110\Tools\Binn\;C:\Program Files (x86)\Microsoft SQL Server\110\DTS\Binn\;C:\Program Files\Microsoft SQL Server\110\DTS\Binn\;C:\OpenCV2410\opencv\build\x64\vc12\bin;C:\Program Files (x86)\Microsoft SDKs\TypeScript\1.0\;C:\Program Files\Microsoft SQL Server\120\Tools\Binn\;C:\Emgu\emgucv-windows-universal 3.0.0.2157\bin\x86;C:\Program Files (x86)\GtkSharp\2.12\bin;C:\Anaconda2;C:\Anaconda2\Scripts;C:\Anaconda2\Library\bin
USERNAME=Vostro
OS=Windows_NT
PROCESSOR_IDENTIFIER=Intel64 Family 6 Model 69 Stepping 1, GenuineIntel



---------------  S Y S T E M  ---------------

OS: Windows 8.1 , 64 bit Build 9600 

CPU:total 4 (2 cores per cpu, 2 threads per core) family 6 model 69 stepping 1, cmov, cx8, fxsr, mmx, sse, sse2, sse3, ssse3, sse4.1, sse4.2, popcnt, avx, avx2, aes, clmul, erms, lzcnt, ht, tsc, tscinvbit, bmi1, bmi2

Memory: 4k page, physical 4099864k(886884k free), swap 10757600k(736132k free)

vm_info: Java HotSpot(TM) 64-Bit Server VM (25.25-b02) for windows-amd64 JRE (1.8.0_25-b18), built on Oct  7 2014 14:25:37 by "java_re" with MS VC++ 10.0 (VS2010)

time: Thu Aug 18 10:55:50 2016
elapsed time: 18 seconds (0d 0h 0m 18s)

