#
# There is insufficient memory for the Java Runtime Environment to continue.
# Native memory allocation (malloc) failed to allocate 745216 bytes for Chunk::new
# Possible reasons:
#   The system is out of physical RAM or swap space
#   In 32 bit mode, the process size limit was hit
# Possible solutions:
#   Reduce memory load on the system
#   Increase physical memory or swap space
#   Check if swap backing store is full
#   Use 64 bit Java on a 64 bit OS
#   Decrease Java heap size (-Xmx/-Xms)
#   Decrease number of Java threads
#   Decrease Java thread stack sizes (-Xss)
#   Set larger code cache with -XX:ReservedCodeCacheSize=
# This output file may be truncated or incomplete.
#
#  Out of Memory Error (allocation.cpp:390), pid=9204, tid=9292
#
# JRE version: Java(TM) SE Runtime Environment (8.0_25-b18) (build 1.8.0_25-b18)
# Java VM: Java HotSpot(TM) 64-Bit Server VM (25.25-b02 mixed mode windows-amd64 compressed oops)
# Failed to write core dump. Minidumps are not enabled by default on client versions of Windows
#

---------------  T H R E A D  ---------------

Current thread (0x00000000061ae000):  JavaThread "C2 CompilerThread1" daemon [_thread_in_native, id=9292, stack(0x00000000077b0000,0x00000000078b0000)]

Stack: [0x00000000077b0000,0x00000000078b0000]
Native frames: (J=compiled Java code, j=interpreted, Vv=VM code, C=native code)
V  [jvm.dll+0x31667a]
V  [jvm.dll+0x267073]
V  [jvm.dll+0x267cb3]
V  [jvm.dll+0x25f5b5]
V  [jvm.dll+0xbf165]
V  [jvm.dll+0xbf60c]
V  [jvm.dll+0x45d672]
V  [jvm.dll+0x49e8ef]
V  [jvm.dll+0x452275]
V  [jvm.dll+0x453864]
V  [jvm.dll+0x437372]
V  [jvm.dll+0x98a02]
V  [jvm.dll+0x991f3]
V  [jvm.dll+0x22bde4]
V  [jvm.dll+0x2852fa]
C  [msvcr100.dll+0x21d9f]
C  [msvcr100.dll+0x21e3b]
C  [KERNEL32.DLL+0x13d2]
C  [ntdll.dll+0x15454]


Current CompileTask:
C2:  14086 2291       4       com.android.dx.ssa.DeadCodeRemover::run (194 bytes)


---------------  P R O C E S S  ---------------

Java Threads: ( => current thread )
  0x0000000007dc6000 JavaThread "pool-1-thread-4" [_thread_blocked, id=9648, stack(0x0000000008bb0000,0x0000000008cb0000)]
  0x0000000007dc5000 JavaThread "pool-1-thread-3" [_thread_in_Java, id=7792, stack(0x0000000008ab0000,0x0000000008bb0000)]
  0x0000000007d08800 JavaThread "pool-1-thread-2" [_thread_in_Java, id=3960, stack(0x00000000089b0000,0x0000000008ab0000)]
  0x0000000007d08000 JavaThread "pool-2-thread-1" [_thread_blocked, id=8220, stack(0x00000000088b0000,0x00000000089b0000)]
  0x0000000007d7e000 JavaThread "pool-1-thread-1" [_thread_blocked, id=8024, stack(0x00000000087b0000,0x00000000088b0000)]
  0x00000000061bb800 JavaThread "Service Thread" daemon [_thread_blocked, id=3404, stack(0x00000000079b0000,0x0000000007ab0000)]
  0x00000000061b4800 JavaThread "C1 CompilerThread2" daemon [_thread_blocked, id=8072, stack(0x00000000078b0000,0x00000000079b0000)]
=>0x00000000061ae000 JavaThread "C2 CompilerThread1" daemon [_thread_in_native, id=9292, stack(0x00000000077b0000,0x00000000078b0000)]
  0x000000000615b000 JavaThread "C2 CompilerThread0" daemon [_thread_in_native, id=7920, stack(0x00000000076b0000,0x00000000077b0000)]
  0x0000000006159800 JavaThread "Attach Listener" daemon [_thread_blocked, id=3916, stack(0x00000000075b0000,0x00000000076b0000)]
  0x0000000006158800 JavaThread "Signal Dispatcher" daemon [_thread_blocked, id=2304, stack(0x00000000074b0000,0x00000000075b0000)]
  0x00000000029b5000 JavaThread "Finalizer" daemon [_thread_blocked, id=1868, stack(0x00000000073b0000,0x00000000074b0000)]
  0x0000000006128000 JavaThread "Reference Handler" daemon [_thread_blocked, id=9792, stack(0x00000000072b0000,0x00000000073b0000)]
  0x0000000002a7d800 JavaThread "main" [_thread_in_Java, id=3776, stack(0x0000000000990000,0x0000000000a90000)]

Other Threads:
  0x0000000006126000 VMThread [stack: 0x00000000071b0000,0x00000000072b0000] [id=9304]
  0x0000000007ab0800 WatcherThread [stack: 0x0000000007eb0000,0x0000000007fb0000] [id=4592]

VM state:not at safepoint (normal execution)

VM Mutex/Monitor currently owned by a thread: None

Heap:
 PSYoungGen      total 143872K, used 129044K [0x00000000eab00000, 0x00000000f4e00000, 0x0000000100000000)
  eden space 128512K, 89% used [0x00000000eab00000,0x00000000f1b24a28,0x00000000f2880000)
  from space 15360K, 92% used [0x00000000f3a00000,0x00000000f47e08e0,0x00000000f4900000)
  to   space 17920K, 0% used [0x00000000f2880000,0x00000000f2880000,0x00000000f3a00000)
 ParOldGen       total 44032K, used 23010K [0x00000000c0000000, 0x00000000c2b00000, 0x00000000eab00000)
  object space 44032K, 52% used [0x00000000c0000000,0x00000000c1678908,0x00000000c2b00000)
 Metaspace       used 6449K, capacity 7256K, committed 7424K, reserved 1056768K
  class space    used 613K, capacity 656K, committed 768K, reserved 1048576K

Card table byte_map: [0x0000000002e50000,0x0000000003060000] byte_map_base: 0x0000000002850000

Marking Bits: (ParMarkBitMap*) 0x000000005b9cd490
 Begin Bits: [0x00000000035c0000, 0x00000000045c0000)
 End Bits:   [0x00000000045c0000, 0x00000000055c0000)

Polling page: 0x0000000000840000

CodeCache: size=245760Kb used=9158Kb max_used=9172Kb free=236601Kb
 bounds [0x000000000f010000, 0x000000000f910000, 0x000000001e010000]
 total_blobs=2358 nmethods=2093 adapters=178
 compilation: enabled

Compilation events (10 events):
Event: 13.947 Thread 0x00000000061b4800 nmethod 2268 0x000000000f8fc990 code [0x000000000f8fcae0, 0x000000000f8fccb0]
Event: 13.948 Thread 0x00000000061ae000 2269 %     4       com.android.dx.rop.code.LocalVariableExtractor::doit @ 8 (49 bytes)
Event: 13.952 Thread 0x00000000061ae000 nmethod 2269% 0x000000000f8fe510 code [0x000000000f8fe660, 0x000000000f8fe868]
Event: 13.953 Thread 0x00000000061ae000 2270       4       com.android.dx.rop.cst.CstBaseMethodRef::getPrototype (41 bytes)
Event: 13.997 Thread 0x00000000061ae000 nmethod 2270 0x000000000f909850 code [0x000000000f909a20, 0x000000000f90ac08]
Event: 13.997 Thread 0x00000000061ae000 2271       4       com.android.dx.ssa.LiteralOpUpgrader$1::visitNonMoveInsn (203 bytes)
Event: 14.015 Thread 0x00000000061ae000 nmethod 2271 0x000000000f904390 code [0x000000000f904720, 0x000000000f905248]
Event: 14.015 Thread 0x00000000061ae000 2279       4       com.android.dx.ssa.SsaMethod::buildUseList (112 bytes)
Event: 14.034 Thread 0x00000000061ae000 nmethod 2279 0x000000000f90dfd0 code [0x000000000f90e1a0, 0x000000000f90eb88]
Event: 14.034 Thread 0x00000000061ae000 2291       4       com.android.dx.ssa.DeadCodeRemover::run (194 bytes)

GC Heap History (10 events):
Event: 2.877 GC heap before
{Heap before GC invocations=2 (full 0):
 PSYoungGen      total 18944K, used 17684K [0x00000000eab00000, 0x00000000ed000000, 0x0000000100000000)
  eden space 16384K, 100% used [0x00000000eab00000,0x00000000ebb00000,0x00000000ebb00000)
  from space 2560K, 50% used [0x00000000ebb00000,0x00000000ebc45280,0x00000000ebd80000)
  to   space 2560K, 0% used [0x00000000ecd80000,0x00000000ecd80000,0x00000000ed000000)
 ParOldGen       total 44032K, used 0K [0x00000000c0000000, 0x00000000c2b00000, 0x00000000eab00000)
  object space 44032K, 0% used [0x00000000c0000000,0x00000000c0000000,0x00000000c2b00000)
 Metaspace       used 5830K, capacity 6832K, committed 7040K, reserved 1056768K
  class space    used 590K, capacity 616K, committed 640K, reserved 1048576K
Event: 2.931 GC heap after
Heap after GC invocations=2 (full 0):
 PSYoungGen      total 35328K, used 2541K [0x00000000eab00000, 0x00000000ed000000, 0x0000000100000000)
  eden space 32768K, 0% used [0x00000000eab00000,0x00000000eab00000,0x00000000ecb00000)
  from space 2560K, 99% used [0x00000000ecd80000,0x00000000ecffb700,0x00000000ed000000)
  to   space 2560K, 0% used [0x00000000ecb00000,0x00000000ecb00000,0x00000000ecd80000)
 ParOldGen       total 44032K, used 2158K [0x00000000c0000000, 0x00000000c2b00000, 0x00000000eab00000)
  object space 44032K, 4% used [0x00000000c0000000,0x00000000c021bb50,0x00000000c2b00000)
 Metaspace       used 5830K, capacity 6832K, committed 7040K, reserved 1056768K
  class space    used 590K, capacity 616K, committed 640K, reserved 1048576K
}
Event: 4.226 GC heap before
{Heap before GC invocations=3 (full 0):
 PSYoungGen      total 35328K, used 35309K [0x00000000eab00000, 0x00000000ed000000, 0x0000000100000000)
  eden space 32768K, 100% used [0x00000000eab00000,0x00000000ecb00000,0x00000000ecb00000)
  from space 2560K, 99% used [0x00000000ecd80000,0x00000000ecffb700,0x00000000ed000000)
  to   space 2560K, 0% used [0x00000000ecb00000,0x00000000ecb00000,0x00000000ecd80000)
 ParOldGen       total 44032K, used 2158K [0x00000000c0000000, 0x00000000c2b00000, 0x00000000eab00000)
  object space 44032K, 4% used [0x00000000c0000000,0x00000000c021bb50,0x00000000c2b00000)
 Metaspace       used 6141K, capacity 7088K, committed 7296K, reserved 1056768K
  class space    used 592K, capacity 616K, committed 640K, reserved 1048576K
Event: 4.277 GC heap after
Heap after GC invocations=3 (full 0):
 PSYoungGen      total 35328K, used 2545K [0x00000000eab00000, 0x00000000ef000000, 0x0000000100000000)
  eden space 32768K, 0% used [0x00000000eab00000,0x00000000eab00000,0x00000000ecb00000)
  from space 2560K, 99% used [0x00000000ecb00000,0x00000000ecd7c5f0,0x00000000ecd80000)
  to   space 2560K, 0% used [0x00000000eed80000,0x00000000eed80000,0x00000000ef000000)
 ParOldGen       total 44032K, used 7485K [0x00000000c0000000, 0x00000000c2b00000, 0x00000000eab00000)
  object space 44032K, 17% used [0x00000000c0000000,0x00000000c074f7a8,0x00000000c2b00000)
 Metaspace       used 6141K, capacity 7088K, committed 7296K, reserved 1056768K
  class space    used 592K, capacity 616K, committed 640K, reserved 1048576K
}
Event: 5.274 GC heap before
{Heap before GC invocations=4 (full 0):
 PSYoungGen      total 35328K, used 35313K [0x00000000eab00000, 0x00000000ef000000, 0x0000000100000000)
  eden space 32768K, 100% used [0x00000000eab00000,0x00000000ecb00000,0x00000000ecb00000)
  from space 2560K, 99% used [0x00000000ecb00000,0x00000000ecd7c5f0,0x00000000ecd80000)
  to   space 2560K, 0% used [0x00000000eed80000,0x00000000eed80000,0x00000000ef000000)
 ParOldGen       total 44032K, used 7485K [0x00000000c0000000, 0x00000000c2b00000, 0x00000000eab00000)
  object space 44032K, 17% used [0x00000000c0000000,0x00000000c074f7a8,0x00000000c2b00000)
 Metaspace       used 6158K, capacity 7088K, committed 7296K, reserved 1056768K
  class space    used 592K, capacity 616K, committed 640K, reserved 1048576K
Event: 5.378 GC heap after
Heap after GC invocations=4 (full 0):
 PSYoungGen      total 68096K, used 2529K [0x00000000eab00000, 0x00000000ef000000, 0x0000000100000000)
  eden space 65536K, 0% used [0x00000000eab00000,0x00000000eab00000,0x00000000eeb00000)
  from space 2560K, 98% used [0x00000000eed80000,0x00000000eeff86d0,0x00000000ef000000)
  to   space 2560K, 0% used [0x00000000eeb00000,0x00000000eeb00000,0x00000000eed80000)
 ParOldGen       total 44032K, used 11521K [0x00000000c0000000, 0x00000000c2b00000, 0x00000000eab00000)
  object space 44032K, 26% used [0x00000000c0000000,0x00000000c0b40580,0x00000000c2b00000)
 Metaspace       used 6158K, capacity 7088K, committed 7296K, reserved 1056768K
  class space    used 592K, capacity 616K, committed 640K, reserved 1048576K
}
Event: 8.876 GC heap before
{Heap before GC invocations=5 (full 0):
 PSYoungGen      total 68096K, used 68065K [0x00000000eab00000, 0x00000000ef000000, 0x0000000100000000)
  eden space 65536K, 100% used [0x00000000eab00000,0x00000000eeb00000,0x00000000eeb00000)
  from space 2560K, 98% used [0x00000000eed80000,0x00000000eeff86d0,0x00000000ef000000)
  to   space 2560K, 0% used [0x00000000eeb00000,0x00000000eeb00000,0x00000000eed80000)
 ParOldGen       total 44032K, used 11521K [0x00000000c0000000, 0x00000000c2b00000, 0x00000000eab00000)
  object space 44032K, 26% used [0x00000000c0000000,0x00000000c0b40580,0x00000000c2b00000)
 Metaspace       used 6241K, capacity 7152K, committed 7296K, reserved 1056768K
  class space    used 593K, capacity 616K, committed 640K, reserved 1048576K
Event: 8.914 GC heap after
Heap after GC invocations=5 (full 0):
 PSYoungGen      total 68096K, used 2529K [0x00000000eab00000, 0x00000000f4900000, 0x0000000100000000)
  eden space 65536K, 0% used [0x00000000eab00000,0x00000000eab00000,0x00000000eeb00000)
  from space 2560K, 98% used [0x00000000eeb00000,0x00000000eed786e0,0x00000000eed80000)
  to   space 15360K, 0% used [0x00000000f3a00000,0x00000000f3a00000,0x00000000f4900000)
 ParOldGen       total 44032K, used 23010K [0x00000000c0000000, 0x00000000c2b00000, 0x00000000eab00000)
  object space 44032K, 52% used [0x00000000c0000000,0x00000000c1678908,0x00000000c2b00000)
 Metaspace       used 6241K, capacity 7152K, committed 7296K, reserved 1056768K
  class space    used 593K, capacity 616K, committed 640K, reserved 1048576K
}
Event: 11.445 GC heap before
{Heap before GC invocations=6 (full 0):
 PSYoungGen      total 68096K, used 68065K [0x00000000eab00000, 0x00000000f4900000, 0x0000000100000000)
  eden space 65536K, 100% used [0x00000000eab00000,0x00000000eeb00000,0x00000000eeb00000)
  from space 2560K, 98% used [0x00000000eeb00000,0x00000000eed786e0,0x00000000eed80000)
  to   space 15360K, 0% used [0x00000000f3a00000,0x00000000f3a00000,0x00000000f4900000)
 ParOldGen       total 44032K, used 23010K [0x00000000c0000000, 0x00000000c2b00000, 0x00000000eab00000)
  object space 44032K, 52% used [0x00000000c0000000,0x00000000c1678908,0x00000000c2b00000)
 Metaspace       used 6329K, capacity 7216K, committed 7296K, reserved 1056768K
  class space    used 594K, capacity 616K, committed 640K, reserved 1048576K
Event: 12.092 GC heap after
Heap after GC invocations=6 (full 0):
 PSYoungGen      total 143872K, used 14210K [0x00000000eab00000, 0x00000000f4e00000, 0x0000000100000000)
  eden space 128512K, 0% used [0x00000000eab00000,0x00000000eab00000,0x00000000f2880000)
  from space 15360K, 92% used [0x00000000f3a00000,0x00000000f47e08e0,0x00000000f4900000)
  to   space 17920K, 0% used [0x00000000f2880000,0x00000000f2880000,0x00000000f3a00000)
 ParOldGen       total 44032K, used 23010K [0x00000000c0000000, 0x00000000c2b00000, 0x00000000eab00000)
  object space 44032K, 52% used [0x00000000c0000000,0x00000000c1678908,0x00000000c2b00000)
 Metaspace       used 6329K, capacity 7216K, committed 7296K, reserved 1056768K
  class space    used 594K, capacity 616K, committed 640K, reserved 1048576K
}

Deoptimization events (10 events):
Event: 11.220 Thread 0x0000000007dc5000 Uncommon trap: reason=bimorphic action=maybe_recompile pc=0x000000000f684364 method=com.android.dx.rop.code.RegisterSpec.withSimpleType()Lcom/android/dx/rop/code/RegisterSpec; @ 21
Event: 11.247 Thread 0x0000000007d7e000 Uncommon trap: reason=unreached action=reinterpret pc=0x000000000f672ae0 method=com.android.dx.rop.code.LocalItem.compareHandlesNulls(Lcom/android/dx/rop/cst/CstString;Lcom/android/dx/rop/cst/CstString;)I @ 14
Event: 12.765 Thread 0x0000000007dc5000 Uncommon trap: reason=bimorphic action=maybe_recompile pc=0x000000000f8284f4 method=com.android.dx.cf.code.BytecodeArray.parseInstruction(ILcom/android/dx/cf/code/BytecodeArray$Visitor;)I @ 1161
Event: 12.765 Thread 0x0000000007dc5000 Uncommon trap: reason=bimorphic action=maybe_recompile pc=0x000000000f8284f4 method=com.android.dx.cf.code.BytecodeArray.parseInstruction(ILcom/android/dx/cf/code/BytecodeArray$Visitor;)I @ 1161
Event: 12.824 Thread 0x0000000007dc6000 Uncommon trap: reason=unreached action=reinterpret pc=0x000000000f6e8e54 method=java.util.HashMap.getNode(ILjava/lang/Object;)Ljava/util/HashMap$Node; @ 84
Event: 12.872 Thread 0x0000000007dc5000 Uncommon trap: reason=unreached action=reinterpret pc=0x000000000f6e97f0 method=java.util.HashMap.getNode(ILjava/lang/Object;)Ljava/util/HashMap$Node; @ 84
Event: 12.891 Thread 0x0000000007dc5000 Uncommon trap: reason=unreached action=reinterpret pc=0x000000000f5e4ccc method=com.android.dx.ssa.MoveParamCombiner$1.visitNonMoveInsn(Lcom/android/dx/ssa/NormalSsaInsn;)V @ 27
Event: 13.082 Thread 0x0000000007dc6000 Uncommon trap: reason=bimorphic action=maybe_recompile pc=0x000000000f691da8 method=com.android.dx.ssa.LiteralOpUpgrader.tryReplacingWithConstant(Lcom/android/dx/ssa/NormalSsaInsn;)Z @ 62
Event: 13.086 Thread 0x0000000007dc6000 Uncommon trap: reason=bimorphic action=maybe_recompile pc=0x000000000f691da8 method=com.android.dx.ssa.LiteralOpUpgrader.tryReplacingWithConstant(Lcom/android/dx/ssa/NormalSsaInsn;)Z @ 62
Event: 13.449 Thread 0x0000000007dc6000 Uncommon trap: reason=unreached action=reinterpret pc=0x000000000f32af88 method=java.util.HashMap.putVal(ILjava/lang/Object;Ljava/lang/Object;ZZ)Ljava/lang/Object; @ 109

Internal exceptions (10 events):
Event: 2.594 Thread 0x0000000002a7d800 Exception <a 'java/security/PrivilegedActionException'> (0x00000000eb770608) thrown at [D:\re\workspace\8-2-build-windows-amd64-cygwin\jdk8u25\1677\hotspot\src\share\vm\prims\jvm.cpp, line 1312]
Event: 3.028 Thread 0x0000000007dc5000 Exception <a 'java/security/PrivilegedActionException'> (0x00000000eb0a97f8) thrown at [D:\re\workspace\8-2-build-windows-amd64-cygwin\jdk8u25\1677\hotspot\src\share\vm\prims\jvm.cpp, line 1312]
Event: 4.348 Thread 0x0000000007dc6000 Implicit null exception at 0x000000000f32ebee to 0x000000000f330a45
Event: 5.435 Thread 0x0000000002a7d800 Exception <a 'java/security/PrivilegedActionException'> (0x00000000eaf2cae0) thrown at [D:\re\workspace\8-2-build-windows-amd64-cygwin\jdk8u25\1677\hotspot\src\share\vm\prims\jvm.cpp, line 1312]
Event: 5.442 Thread 0x0000000007dc6000 Exception <a 'java/security/PrivilegedActionException'> (0x00000000eb5f5ea8) thrown at [D:\re\workspace\8-2-build-windows-amd64-cygwin\jdk8u25\1677\hotspot\src\share\vm\prims\jvm.cpp, line 1312]
Event: 10.105 Thread 0x0000000007d7e000 Exception <a 'java/security/PrivilegedActionException'> (0x00000000ec030180) thrown at [D:\re\workspace\8-2-build-windows-amd64-cygwin\jdk8u25\1677\hotspot\src\share\vm\prims\jvm.cpp, line 1312]
Event: 11.247 Thread 0x0000000007d7e000 Implicit null exception at 0x000000000f6715fe to 0x000000000f672ac5
Event: 12.821 Thread 0x0000000007dc6000 Exception <a 'java/lang/ArrayIndexOutOfBoundsException': 18> (0x00000000ed8af438) thrown at [D:\re\workspace\8-2-build-windows-amd64-cygwin\jdk8u25\1677\hotspot\src\share\vm\interpreter\interpreterRuntime.cpp, line 366]
Event: 12.822 Thread 0x0000000007dc6000 Exception <a 'java/lang/ArrayIndexOutOfBoundsException'> (0x00000000ed8b0ed0) thrown at [D:\re\workspace\8-2-build-windows-amd64-cygwin\jdk8u25\1677\hotspot\src\share\vm\runtime\sharedRuntime.cpp, line 604]
Event: 12.823 Thread 0x0000000007dc6000 Exception <a 'java/lang/ArrayIndexOutOfBoundsException'> (0x00000000ed8b20e8) thrown at [D:\re\workspace\8-2-build-windows-amd64-cygwin\jdk8u25\1677\hotspot\src\share\vm\runtime\sharedRuntime.cpp, line 604]

Events (10 events):
Event: 13.263 Thread 0x0000000007dc6000 DEOPT UNPACKING pc=0x000000000f0575bf sp=0x0000000008cae370 mode 0
Event: 13.286 Thread 0x0000000007dc6000 DEOPT PACKING pc=0x000000000f4a9f16 sp=0x0000000008cae590
Event: 13.286 Thread 0x0000000007dc6000 DEOPT UNPACKING pc=0x000000000f0575bf sp=0x0000000008cae3d0 mode 0
Event: 13.449 Thread 0x0000000007dc6000 Uncommon trap: trap_request=0xffffffad fr.pc=0x000000000f32af88
Event: 13.449 Thread 0x0000000007dc6000 DEOPT PACKING pc=0x000000000f32af88 sp=0x0000000008cae550
Event: 13.449 Thread 0x0000000007dc6000 DEOPT UNPACKING pc=0x000000000f05556a sp=0x0000000008cae3e8 mode 2
Event: 13.861 Thread 0x0000000007dc5000 DEOPT PACKING pc=0x000000000f552a6b sp=0x0000000008baebf0
Event: 13.861 Thread 0x0000000007dc5000 DEOPT UNPACKING pc=0x000000000f0575bf sp=0x0000000008bae9c0 mode 0
Event: 13.943 Thread 0x0000000007dc5000 DEOPT PACKING pc=0x000000000f554ecd sp=0x0000000008baebb0
Event: 13.943 Thread 0x0000000007dc5000 DEOPT UNPACKING pc=0x000000000f0575bf sp=0x0000000008bae960 mode 0


Dynamic libraries:
0x00007ff7effe0000 - 0x00007ff7f0014000 	C:\Program Files\Java\jdk1.8.0_25\bin\java.exe
0x00007ffee9cd0000 - 0x00007ffee9e7c000 	C:\Windows\SYSTEM32\ntdll.dll
0x00007ffee9b90000 - 0x00007ffee9cce000 	C:\Windows\system32\KERNEL32.DLL
0x00007ffee7240000 - 0x00007ffee7355000 	C:\Windows\system32\KERNELBASE.dll
0x00007ffee57f0000 - 0x00007ffee587e000 	C:\Windows\system32\apphelp.dll
0x00007ffed9bc0000 - 0x00007ffed9c13000 	C:\Windows\AppPatch\AppPatch64\AcGenral.DLL
0x00007ffee7370000 - 0x00007ffee741a000 	C:\Windows\system32\msvcrt.dll
0x00007ffee6ca0000 - 0x00007ffee6cce000 	C:\Windows\SYSTEM32\SspiCli.dll
0x00007ffee9b30000 - 0x00007ffee9b84000 	C:\Windows\system32\SHLWAPI.dll
0x00007ffee75e0000 - 0x00007ffee7757000 	C:\Windows\system32\USER32.dll
0x00007ffee7bb0000 - 0x00007ffee7d44000 	C:\Windows\system32\ole32.dll
0x00007ffee8240000 - 0x00007ffee9759000 	C:\Windows\system32\SHELL32.dll
0x00007ffee63a0000 - 0x00007ffee63c1000 	C:\Windows\SYSTEM32\USERENV.dll
0x00007ffee7ea0000 - 0x00007ffee7f4a000 	C:\Windows\system32\ADVAPI32.dll
0x00007ffedec20000 - 0x00007ffedec3e000 	C:\Windows\SYSTEM32\MPR.dll
0x00007ffee7d50000 - 0x00007ffee7e91000 	C:\Windows\system32\RPCRT4.dll
0x00007ffee9ad0000 - 0x00007ffee9b29000 	C:\Windows\SYSTEM32\sechost.dll
0x00007ffee77b0000 - 0x00007ffee79c1000 	C:\Windows\SYSTEM32\combase.dll
0x00007ffee9960000 - 0x00007ffee9aaf000 	C:\Windows\system32\GDI32.dll
0x00007ffee6e30000 - 0x00007ffee6e45000 	C:\Windows\SYSTEM32\profapi.dll
0x00007ffee5880000 - 0x00007ffee5932000 	C:\Windows\SYSTEM32\SHCORE.dll
0x00007ffee7760000 - 0x00007ffee7796000 	C:\Windows\system32\IMM32.DLL
0x00007ffee8070000 - 0x00007ffee81c2000 	C:\Windows\system32\MSCTF.dll
0x00007ffee6df0000 - 0x00007ffee6e1f000 	C:\Windows\system32\nvinitx.dll
0x000000000f000000 - 0x000000000f006000 	C:\Program Files\NVIDIA Corporation\CoProcManager\_etoured.dll
0x00007ffee5480000 - 0x00007ffee54b3000 	C:\Program Files\NVIDIA Corporation\CoProcManager\nvd3d9wrapx.dll
0x00007ffee79d0000 - 0x00007ffee7baa000 	C:\Windows\system32\SETUPAPI.dll
0x00007ffee6f00000 - 0x00007ffee6f4f000 	C:\Windows\system32\CFGMGR32.dll
0x00007ffee56b0000 - 0x00007ffee56d3000 	C:\Program Files\NVIDIA Corporation\CoProcManager\nvdxgiwrapx.dll
0x00007ffee50b0000 - 0x00007ffee532a000 	C:\Windows\WinSxS\amd64_microsoft.windows.common-controls_6595b64144ccf1df_6.0.9600.17810_none_6240b9c7ecbd0bda\COMCTL32.dll
0x000000005ade0000 - 0x000000005aeb2000 	C:\Program Files\Java\jdk1.8.0_25\jre\bin\msvcr100.dll
0x000000005b1f0000 - 0x000000005ba4a000 	C:\Program Files\Java\jdk1.8.0_25\jre\bin\server\jvm.dll
0x00007ffee0c80000 - 0x00007ffee0c89000 	C:\Windows\SYSTEM32\WSOCK32.dll
0x00007ffee5330000 - 0x00007ffee5352000 	C:\Windows\SYSTEM32\WINMM.dll
0x00007ffee75d0000 - 0x00007ffee75d7000 	C:\Windows\system32\PSAPI.DLL
0x00007ffee9770000 - 0x00007ffee97ca000 	C:\Windows\system32\WS2_32.dll
0x00007ffee5040000 - 0x00007ffee506a000 	C:\Windows\SYSTEM32\WINMMBASE.dll
0x00007ffee7360000 - 0x00007ffee7369000 	C:\Windows\system32\NSI.dll
0x00007ffee5b30000 - 0x00007ffee5b58000 	C:\Windows\SYSTEM32\DEVOBJ.dll
0x000000005c710000 - 0x000000005c71f000 	C:\Program Files\Java\jdk1.8.0_25\jre\bin\verify.dll
0x000000005bcc0000 - 0x000000005bce8000 	C:\Program Files\Java\jdk1.8.0_25\jre\bin\java.dll
0x000000005bf60000 - 0x000000005bf76000 	C:\Program Files\Java\jdk1.8.0_25\jre\bin\zip.dll
0x00007ffed8e80000 - 0x00007ffed9009000 	C:\Windows\SYSTEM32\dbghelp.dll

VM Arguments:
jvm_args: -Djava.awt.headless=true -Xmx1024M -Dfile.encoding=windows-1252 -Duser.country=US -Duser.language=en -Duser.variant 
java_command: com.android.dx.command.Main --dex --force-jumbo --num-threads=4 --output E:\Anavel\Anavel\app\build\intermediates\pre-dexed\debug\com.android.support-support-v4-23.3.0_c68ab93c211703269dbe5ddc0cbaac5bbf195f1c.jar E:\Anavel\Anavel\app\build\intermediates\exploded-aar\com.android.support\support-v4\23.3.0\jars\classes.jar
java_class_path (initial): C:\Users\Vostro\AppData\Local\Android\sdk\build-tools\23.0.3\lib\dx.jar
Launcher Type: SUN_STANDARD

Environment Variables:
PATH=C:\MinGW\bin;C:\MinGW\libexec\gcc\x86_64-pc-mingw32\4.9.1;C:\MinGW\gcc\bin;C:\MinGW\gcc\libexec\gcc\x86_64-pc-mingw32\4.9.1;C:\ProgramData\Oracle\Java\javapath;C:\Program Files (x86)\NVIDIA Corporation\PhysX\Common;C:\Program Files (x86)\Intel\iCLS Client\;C:\Program Files\Intel\iCLS Client\;C:\Windows\system32;C:\Windows;C:\Windows\System32\Wbem;C:\Windows\System32\WindowsPowerShell\v1.0\;C:\Program Files\Intel\Intel(R) Management Engine Components\DAL;C:\Program Files\Intel\Intel(R) Management Engine Components\IPT;C:\Program Files (x86)\Intel\Intel(R) Management Engine Components\DAL;C:\Program Files (x86)\Intel\Intel(R) Management Engine Components\IPT;C:\Program Files (x86)\Intel\OpenCL SDK\3.0\bin\x86;C:\Program Files (x86)\Intel\OpenCL SDK\3.0\bin\x64;C:\Program Files (x86)\Windows Kits\8.1\Windows Performance Toolkit\;C:\Program Files\Microsoft SQL Server\110\Tools\Binn\;C:\Program Files (x86)\Microsoft SQL Server\110\Tools\Binn\ManagementStudio\;C:\Program Files (x86)\Microsoft SQL Server\110\Tools\Binn\;C:\Program Files (x86)\Microsoft SQL Server\110\DTS\Binn\;C:\Program Files\Microsoft SQL Server\110\DTS\Binn\;C:\OpenCV2410\opencv\build\x64\vc12\bin;C:\Program Files (x86)\Microsoft SDKs\TypeScript\1.0\;C:\Program Files\Microsoft SQL Server\120\Tools\Binn\;C:\Emgu\emgucv-windows-universal 3.0.0.2157\bin\x86;C:\Program Files (x86)\GtkSharp\2.12\bin;C:\Anaconda2;C:\Anaconda2\Scripts;C:\Anaconda2\Library\bin
USERNAME=Vostro
OS=Windows_NT
PROCESSOR_IDENTIFIER=Intel64 Family 6 Model 69 Stepping 1, GenuineIntel



---------------  S Y S T E M  ---------------

OS: Windows 8.1 , 64 bit Build 9600 

CPU:total 4 (2 cores per cpu, 2 threads per core) family 6 model 69 stepping 1, cmov, cx8, fxsr, mmx, sse, sse2, sse3, ssse3, sse4.1, sse4.2, popcnt, avx, avx2, aes, clmul, erms, lzcnt, ht, tsc, tscinvbit, bmi1, bmi2

Memory: 4k page, physical 4099864k(324624k free), swap 10757600k(5772k free)

vm_info: Java HotSpot(TM) 64-Bit Server VM (25.25-b02) for windows-amd64 JRE (1.8.0_25-b18), built on Oct  7 2014 14:25:37 by "java_re" with MS VC++ 10.0 (VS2010)

time: Thu Aug 18 09:18:08 2016
elapsed time: 14 seconds (0d 0h 0m 14s)

