#
# There is insufficient memory for the Java Runtime Environment to continue.
# Native memory allocation (malloc) failed to allocate 32744 bytes for ChunkPool::allocate
# Possible reasons:
#   The system is out of physical RAM or swap space
#   In 32 bit mode, the process size limit was hit
# Possible solutions:
#   Reduce memory load on the system
#   Increase physical memory or swap space
#   Check if swap backing store is full
#   Use 64 bit Java on a 64 bit OS
#   Decrease Java heap size (-Xmx/-Xms)
#   Decrease number of Java threads
#   Decrease Java thread stack sizes (-Xss)
#   Set larger code cache with -XX:ReservedCodeCacheSize=
# This output file may be truncated or incomplete.
#
#  Out of Memory Error (allocation.cpp:273), pid=1212, tid=6264
#
# JRE version: Java(TM) SE Runtime Environment (8.0_25-b18) (build 1.8.0_25-b18)
# Java VM: Java HotSpot(TM) 64-Bit Server VM (25.25-b02 mixed mode windows-amd64 compressed oops)
# Failed to write core dump. Minidumps are not enabled by default on client versions of Windows
#

---------------  T H R E A D  ---------------

Current thread (0x00000000062a2000):  JavaThread "C1 CompilerThread2" daemon [_thread_in_native, id=6264, stack(0x00000000079a0000,0x0000000007aa0000)]

Stack: [0x00000000079a0000,0x0000000007aa0000]
Native frames: (J=compiled Java code, j=interpreted, Vv=VM code, C=native code)
V  [jvm.dll+0x31667a]
V  [jvm.dll+0x267073]
V  [jvm.dll+0x267cb3]
V  [jvm.dll+0x25f5b5]
V  [jvm.dll+0xbeec1]
V  [jvm.dll+0xbf60c]
V  [jvm.dll+0x424f1d]
V  [jvm.dll+0x4261c0]
V  [jvm.dll+0x424f55]
V  [jvm.dll+0x425bc2]
V  [jvm.dll+0x4274e5]
V  [jvm.dll+0x427732]
V  [jvm.dll+0x427732]
V  [jvm.dll+0x427732]
V  [jvm.dll+0x427732]
V  [jvm.dll+0x4278e7]
V  [jvm.dll+0x42791d]
V  [jvm.dll+0x3ed4d4]
V  [jvm.dll+0x3ed601]
V  [jvm.dll+0x3ed7c2]
V  [jvm.dll+0x3ed98e]
V  [jvm.dll+0x3edb8f]
V  [jvm.dll+0x98a02]
V  [jvm.dll+0x991f3]
V  [jvm.dll+0x22bde4]
V  [jvm.dll+0x2852fa]
C  [msvcr100.dll+0x21d9f]
C  [msvcr100.dll+0x21e3b]
C  [KERNEL32.DLL+0x13d2]
C  [ntdll.dll+0x15454]


Current CompileTask:
C1:   9415  385   !   3       com.android.dx.cf.code.BytecodeArray::parseInstruction (2764 bytes)


---------------  P R O C E S S  ---------------

Java Threads: ( => current thread )
  0x0000000007e38000 JavaThread "pool-2-thread-2" [_thread_blocked, id=7748, stack(0x00000000082a0000,0x00000000083a0000)]
  0x0000000007cef800 JavaThread "pool-3-thread-1" [_thread_blocked, id=6904, stack(0x00000000081a0000,0x00000000082a0000)]
  0x00000000062ac800 JavaThread "Service Thread" daemon [_thread_blocked, id=2536, stack(0x0000000007aa0000,0x0000000007ba0000)]
=>0x00000000062a2000 JavaThread "C1 CompilerThread2" daemon [_thread_in_native, id=6264, stack(0x00000000079a0000,0x0000000007aa0000)]
  0x000000000629f800 JavaThread "C2 CompilerThread1" daemon [_thread_in_vm, id=4988, stack(0x00000000078a0000,0x00000000079a0000)]
  0x000000000624e800 JavaThread "C2 CompilerThread0" daemon [_thread_in_vm, id=8376, stack(0x00000000077a0000,0x00000000078a0000)]
  0x000000000624b000 JavaThread "Attach Listener" daemon [_thread_blocked, id=7040, stack(0x00000000076a0000,0x00000000077a0000)]
  0x0000000006248000 JavaThread "Signal Dispatcher" daemon [_thread_blocked, id=1028, stack(0x00000000075a0000,0x00000000076a0000)]
  0x0000000002b75000 JavaThread "Finalizer" daemon [_thread_blocked, id=9856, stack(0x00000000074a0000,0x00000000075a0000)]
  0x0000000002b6c000 JavaThread "Reference Handler" daemon [_thread_blocked, id=6180, stack(0x00000000073a0000,0x00000000074a0000)]
  0x0000000002a7d800 JavaThread "main" [_thread_blocked, id=3268, stack(0x0000000002890000,0x0000000002990000)]

Other Threads:
  0x0000000006216000 VMThread [stack: 0x00000000072a0000,0x00000000073a0000] [id=2788]
  0x0000000007ba0800 WatcherThread [stack: 0x0000000007fa0000,0x00000000080a0000] [id=9192]

VM state:synchronizing (normal execution)

VM Mutex/Monitor currently owned by a thread:  ([mutex/lock_event])
[0x0000000002a7cb00] Threads_lock - owner thread: 0x0000000006216000
[0x0000000002a7c880] Heap_lock - owner thread: 0x0000000007e38000
[0x0000000002a80cd0] MethodData_lock - owner thread: 0x0000000007e38000

Heap:
 PSYoungGen      total 18944K, used 11159K [0x00000000eab00000, 0x00000000ec000000, 0x0000000100000000)
  eden space 16384K, 68% used [0x00000000eab00000,0x00000000eb5e5cb0,0x00000000ebb00000)
  from space 2560K, 0% used [0x00000000ebd80000,0x00000000ebd80000,0x00000000ec000000)
  to   space 2560K, 0% used [0x00000000ebb00000,0x00000000ebb00000,0x00000000ebd80000)
 ParOldGen       total 44032K, used 0K [0x00000000c0000000, 0x00000000c2b00000, 0x00000000eab00000)
  object space 44032K, 0% used [0x00000000c0000000,0x00000000c0000000,0x00000000c2b00000)
 Metaspace       used 5398K, capacity 6448K, committed 6528K, reserved 1058816K
  class space    used 583K, capacity 616K, committed 640K, reserved 1048576K

Card table byte_map: [0x0000000002f40000,0x0000000003150000] byte_map_base: 0x0000000002940000

Marking Bits: (ParMarkBitMap*) 0x000000005b9cd490
 Begin Bits: [0x00000000036b0000, 0x00000000046b0000)
 End Bits:   [0x00000000046b0000, 0x00000000056b0000)

Polling page: 0x00000000027b0000

CodeCache: size=245760Kb used=1812Kb max_used=1823Kb free=243947Kb
 bounds [0x000000000f010000, 0x000000000f280000, 0x000000001e010000]
 total_blobs=648 nmethods=385 adapters=177
 compilation: enabled

Compilation events (10 events):
Event: 1.516 Thread 0x00000000062a2000 nmethod 379 0x000000000f1d50d0 code [0x000000000f1d5220, 0x000000000f1d5330]
Event: 1.516 Thread 0x00000000062a2000  382       1       com.android.dx.cf.code.ByteBlock::getLabel (5 bytes)
Event: 1.517 Thread 0x00000000062a2000 nmethod 382 0x000000000f1d5390 code [0x000000000f1d54e0, 0x000000000f1d55f0]
Event: 1.517 Thread 0x00000000062a2000  383       1       com.android.dx.rop.cst.CstMemberRef::getNat (5 bytes)
Event: 1.517 Thread 0x00000000062a2000 nmethod 383 0x000000000f1d5650 code [0x000000000f1d57a0, 0x000000000f1d58b0]
Event: 1.517 Thread 0x00000000062a2000  384       1       com.android.dx.cf.code.LineNumberList$Item::getLineNumber (5 bytes)
Event: 1.517 Thread 0x00000000062a2000 nmethod 384 0x000000000f1d5910 code [0x000000000f1d5a60, 0x000000000f1d5b70]
Event: 1.517 Thread 0x00000000062a2000  385   !   3       com.android.dx.cf.code.BytecodeArray::parseInstruction (2764 bytes)
Event: 1.522 Thread 0x000000000629f800  396   !   4       com.android.dx.util.FixedSizeList::get0 (47 bytes)
Event: 1.523 Thread 0x000000000629f800 nmethod 396 0x000000000f1d8890 code [0x000000000f1d89c0, 0x000000000f1d8a78]

GC Heap History (0 events):
No events

Deoptimization events (0 events):
No events

Internal exceptions (10 events):
Event: 1.339 Thread 0x0000000007cea800 Exception <a 'java/security/PrivilegedActionException'> (0x00000000eb2130f0) thrown at [D:\re\workspace\8-2-build-windows-amd64-cygwin\jdk8u25\1677\hotspot\src\share\vm\prims\jvm.cpp, line 1312]
Event: 1.339 Thread 0x0000000007cea800 Exception <a 'java/security/PrivilegedActionException'> (0x00000000eb3ab730) thrown at [D:\re\workspace\8-2-build-windows-amd64-cygwin\jdk8u25\1677\hotspot\src\share\vm\prims\jvm.cpp, line 1312]
Event: 1.341 Thread 0x0000000007cea800 Exception <a 'java/security/PrivilegedActionException'> (0x00000000eb3b0038) thrown at [D:\re\workspace\8-2-build-windows-amd64-cygwin\jdk8u25\1677\hotspot\src\share\vm\prims\jvm.cpp, line 1312]
Event: 1.481 Thread 0x0000000007e38000 Exception <a 'java/security/PrivilegedActionException'> (0x00000000eb4079a8) thrown at [D:\re\workspace\8-2-build-windows-amd64-cygwin\jdk8u25\1677\hotspot\src\share\vm\prims\jvm.cpp, line 1312]
Event: 1.482 Thread 0x0000000007e38000 Exception <a 'java/security/PrivilegedActionException'> (0x00000000eb40c648) thrown at [D:\re\workspace\8-2-build-windows-amd64-cygwin\jdk8u25\1677\hotspot\src\share\vm\prims\jvm.cpp, line 1312]
Event: 1.483 Thread 0x0000000007e38000 Exception <a 'java/security/PrivilegedActionException'> (0x00000000eb412800) thrown at [D:\re\workspace\8-2-build-windows-amd64-cygwin\jdk8u25\1677\hotspot\src\share\vm\prims\jvm.cpp, line 1312]
Event: 1.484 Thread 0x0000000007e38000 Exception <a 'java/security/PrivilegedActionException'> (0x00000000eb415610) thrown at [D:\re\workspace\8-2-build-windows-amd64-cygwin\jdk8u25\1677\hotspot\src\share\vm\prims\jvm.cpp, line 1312]
Event: 1.485 Thread 0x0000000007e38000 Exception <a 'java/security/PrivilegedActionException'> (0x00000000eb418910) thrown at [D:\re\workspace\8-2-build-windows-amd64-cygwin\jdk8u25\1677\hotspot\src\share\vm\prims\jvm.cpp, line 1312]
Event: 1.513 Thread 0x0000000007e38000 Exception <a 'java/security/PrivilegedActionException'> (0x00000000eb421b90) thrown at [D:\re\workspace\8-2-build-windows-amd64-cygwin\jdk8u25\1677\hotspot\src\share\vm\prims\jvm.cpp, line 1312]
Event: 1.514 Thread 0x0000000007e38000 Exception <a 'java/security/PrivilegedActionException'> (0x00000000eb426138) thrown at [D:\re\workspace\8-2-build-windows-amd64-cygwin\jdk8u25\1677\hotspot\src\share\vm\prims\jvm.cpp, line 1312]

Events (10 events):
Event: 1.483 loading class com/android/dx/dex/file/AnnotationItem$TypeIdSorter
Event: 1.483 loading class com/android/dx/dex/file/AnnotationItem$TypeIdSorter done
Event: 1.484 loading class com/android/dx/dex/file/TypeIdItem
Event: 1.484 loading class com/android/dx/dex/file/TypeIdItem done
Event: 1.485 loading class com/android/dx/dex/file/ValueEncoder
Event: 1.485 loading class com/android/dx/dex/file/ValueEncoder done
Event: 1.513 loading class com/android/dx/dex/file/StringIdItem
Event: 1.513 loading class com/android/dx/dex/file/StringIdItem done
Event: 1.514 loading class com/android/dx/dex/file/StringDataItem
Event: 1.514 loading class com/android/dx/dex/file/StringDataItem done


Dynamic libraries:
0x00007ff7a4620000 - 0x00007ff7a4654000 	C:\Program Files\Java\jdk1.8.0_25\bin\java.exe
0x00007ffee9cd0000 - 0x00007ffee9e7c000 	C:\Windows\SYSTEM32\ntdll.dll
0x00007ffee9b90000 - 0x00007ffee9cce000 	C:\Windows\system32\KERNEL32.DLL
0x00007ffee7240000 - 0x00007ffee7355000 	C:\Windows\system32\KERNELBASE.dll
0x00007ffee57f0000 - 0x00007ffee587e000 	C:\Windows\system32\apphelp.dll
0x00007ffee1130000 - 0x00007ffee1183000 	C:\Windows\AppPatch\AppPatch64\AcGenral.DLL
0x00007ffee7370000 - 0x00007ffee741a000 	C:\Windows\system32\msvcrt.dll
0x00007ffee6ca0000 - 0x00007ffee6cce000 	C:\Windows\SYSTEM32\SspiCli.dll
0x00007ffee9b30000 - 0x00007ffee9b84000 	C:\Windows\system32\SHLWAPI.dll
0x00007ffee75e0000 - 0x00007ffee7757000 	C:\Windows\system32\USER32.dll
0x00007ffee7bb0000 - 0x00007ffee7d44000 	C:\Windows\system32\ole32.dll
0x00007ffee8240000 - 0x00007ffee9759000 	C:\Windows\system32\SHELL32.dll
0x00007ffee63a0000 - 0x00007ffee63c1000 	C:\Windows\SYSTEM32\USERENV.dll
0x00007ffee7ea0000 - 0x00007ffee7f4a000 	C:\Windows\system32\ADVAPI32.dll
0x00007ffedec20000 - 0x00007ffedec3e000 	C:\Windows\SYSTEM32\MPR.dll
0x00007ffee7d50000 - 0x00007ffee7e91000 	C:\Windows\system32\RPCRT4.dll
0x00007ffee9ad0000 - 0x00007ffee9b29000 	C:\Windows\SYSTEM32\sechost.dll
0x00007ffee77b0000 - 0x00007ffee79c1000 	C:\Windows\SYSTEM32\combase.dll
0x00007ffee9960000 - 0x00007ffee9aaf000 	C:\Windows\system32\GDI32.dll
0x00007ffee6e30000 - 0x00007ffee6e45000 	C:\Windows\SYSTEM32\profapi.dll
0x00007ffee5880000 - 0x00007ffee5932000 	C:\Windows\SYSTEM32\SHCORE.dll
0x00007ffee7760000 - 0x00007ffee7796000 	C:\Windows\system32\IMM32.DLL
0x00007ffee8070000 - 0x00007ffee81c2000 	C:\Windows\system32\MSCTF.dll
0x00007ffee6df0000 - 0x00007ffee6e1f000 	C:\Windows\system32\nvinitx.dll
0x000000000f000000 - 0x000000000f006000 	C:\Program Files\NVIDIA Corporation\CoProcManager\_etoured.dll
0x00007ffee55e0000 - 0x00007ffee5613000 	C:\Program Files\NVIDIA Corporation\CoProcManager\nvd3d9wrapx.dll
0x00007ffee79d0000 - 0x00007ffee7baa000 	C:\Windows\system32\SETUPAPI.dll
0x00007ffee6f00000 - 0x00007ffee6f4f000 	C:\Windows\system32\CFGMGR32.dll
0x00007ffee5520000 - 0x00007ffee5543000 	C:\Program Files\NVIDIA Corporation\CoProcManager\nvdxgiwrapx.dll
0x00007ffee50b0000 - 0x00007ffee532a000 	C:\Windows\WinSxS\amd64_microsoft.windows.common-controls_6595b64144ccf1df_6.0.9600.17810_none_6240b9c7ecbd0bda\COMCTL32.dll
0x000000005ae50000 - 0x000000005af22000 	C:\Program Files\Java\jdk1.8.0_25\jre\bin\msvcr100.dll
0x000000005b1f0000 - 0x000000005ba4a000 	C:\Program Files\Java\jdk1.8.0_25\jre\bin\server\jvm.dll
0x00007ffee0c80000 - 0x00007ffee0c89000 	C:\Windows\SYSTEM32\WSOCK32.dll
0x00007ffee5330000 - 0x00007ffee5352000 	C:\Windows\SYSTEM32\WINMM.dll
0x00007ffee75d0000 - 0x00007ffee75d7000 	C:\Windows\system32\PSAPI.DLL
0x00007ffee9770000 - 0x00007ffee97ca000 	C:\Windows\system32\WS2_32.dll
0x00007ffee5040000 - 0x00007ffee506a000 	C:\Windows\SYSTEM32\WINMMBASE.dll
0x00007ffee7360000 - 0x00007ffee7369000 	C:\Windows\system32\NSI.dll
0x00007ffee5b30000 - 0x00007ffee5b58000 	C:\Windows\SYSTEM32\DEVOBJ.dll
0x000000005c980000 - 0x000000005c98f000 	C:\Program Files\Java\jdk1.8.0_25\jre\bin\verify.dll
0x000000005c950000 - 0x000000005c978000 	C:\Program Files\Java\jdk1.8.0_25\jre\bin\java.dll
0x000000005c930000 - 0x000000005c946000 	C:\Program Files\Java\jdk1.8.0_25\jre\bin\zip.dll
0x00007ffed8e80000 - 0x00007ffed9009000 	C:\Windows\SYSTEM32\dbghelp.dll

VM Arguments:
jvm_args: -Djava.awt.headless=true -Xmx1024M -Dfile.encoding=windows-1252 -Duser.country=US -Duser.language=en -Duser.variant 
java_command: com.android.dx.command.Main --dex --force-jumbo --num-threads=4 --multi-dex --output E:\Anavel\Anavel\app\build\intermediates\transforms\dex\debug\folders\1000\10\com.alexzh-circleimageview-1.1.2_9ff8e4749a43bf000108c9f9d66a5de0d0c407ab E:\Anavel\Anavel\app\build\intermediates\exploded-aar\com.alexzh\circleimageview\1.1.2\jars\classes.jar
java_class_path (initial): C:\Users\Vostro\AppData\Local\Android\sdk\build-tools\23.0.3\lib\dx.jar
Launcher Type: SUN_STANDARD

Environment Variables:
PATH=C:\MinGW\bin;C:\MinGW\libexec\gcc\x86_64-pc-mingw32\4.9.1;C:\MinGW\gcc\bin;C:\MinGW\gcc\libexec\gcc\x86_64-pc-mingw32\4.9.1;C:\ProgramData\Oracle\Java\javapath;C:\Program Files (x86)\NVIDIA Corporation\PhysX\Common;C:\Program Files (x86)\Intel\iCLS Client\;C:\Program Files\Intel\iCLS Client\;C:\Windows\system32;C:\Windows;C:\Windows\System32\Wbem;C:\Windows\System32\WindowsPowerShell\v1.0\;C:\Program Files\Intel\Intel(R) Management Engine Components\DAL;C:\Program Files\Intel\Intel(R) Management Engine Components\IPT;C:\Program Files (x86)\Intel\Intel(R) Management Engine Components\DAL;C:\Program Files (x86)\Intel\Intel(R) Management Engine Components\IPT;C:\Program Files (x86)\Intel\OpenCL SDK\3.0\bin\x86;C:\Program Files (x86)\Intel\OpenCL SDK\3.0\bin\x64;C:\Program Files (x86)\Windows Kits\8.1\Windows Performance Toolkit\;C:\Program Files\Microsoft SQL Server\110\Tools\Binn\;C:\Program Files (x86)\Microsoft SQL Server\110\Tools\Binn\ManagementStudio\;C:\Program Files (x86)\Microsoft SQL Server\110\Tools\Binn\;C:\Program Files (x86)\Microsoft SQL Server\110\DTS\Binn\;C:\Program Files\Microsoft SQL Server\110\DTS\Binn\;C:\OpenCV2410\opencv\build\x64\vc12\bin;C:\Program Files (x86)\Microsoft SDKs\TypeScript\1.0\;C:\Program Files\Microsoft SQL Server\120\Tools\Binn\;C:\Emgu\emgucv-windows-universal 3.0.0.2157\bin\x86;C:\Program Files (x86)\GtkSharp\2.12\bin;C:\Anaconda2;C:\Anaconda2\Scripts;C:\Anaconda2\Library\bin
USERNAME=Vostro
OS=Windows_NT
PROCESSOR_IDENTIFIER=Intel64 Family 6 Model 69 Stepping 1, GenuineIntel



---------------  S Y S T E M  ---------------

OS: Windows 8.1 , 64 bit Build 9600 

CPU:total 4 (2 cores per cpu, 2 threads per core) family 6 model 69 stepping 1, cmov, cx8, fxsr, mmx, sse, sse2, sse3, ssse3, sse4.1, sse4.2, popcnt, avx, avx2, aes, clmul, erms, lzcnt, ht, tsc, tscinvbit, bmi1, bmi2

Memory: 4k page, physical 4099864k(201624k free), swap 10757600k(5048k free)

vm_info: Java HotSpot(TM) 64-Bit Server VM (25.25-b02) for windows-amd64 JRE (1.8.0_25-b18), built on Oct  7 2014 14:25:37 by "java_re" with MS VC++ 10.0 (VS2010)

time: Fri Aug 19 23:45:00 2016
elapsed time: 9 seconds (0d 0h 0m 9s)

