#
# There is insufficient memory for the Java Runtime Environment to continue.
# Native memory allocation (malloc) failed to allocate 1020176 bytes for Chunk::new
# Possible reasons:
#   The system is out of physical RAM or swap space
#   In 32 bit mode, the process size limit was hit
# Possible solutions:
#   Reduce memory load on the system
#   Increase physical memory or swap space
#   Check if swap backing store is full
#   Use 64 bit Java on a 64 bit OS
#   Decrease Java heap size (-Xmx/-Xms)
#   Decrease number of Java threads
#   Decrease Java thread stack sizes (-Xss)
#   Set larger code cache with -XX:ReservedCodeCacheSize=
# This output file may be truncated or incomplete.
#
#  Out of Memory Error (allocation.cpp:390), pid=3328, tid=3160
#
# JRE version: Java(TM) SE Runtime Environment (8.0_25-b18) (build 1.8.0_25-b18)
# Java VM: Java HotSpot(TM) 64-Bit Server VM (25.25-b02 mixed mode windows-amd64 compressed oops)
# Failed to write core dump. Minidumps are not enabled by default on client versions of Windows
#

---------------  T H R E A D  ---------------

Current thread (0x000000000672f000):  JavaThread "C2 CompilerThread1" daemon [_thread_in_native, id=3160, stack(0x0000000007d30000,0x0000000007e30000)]

Stack: [0x0000000007d30000,0x0000000007e30000]
Native frames: (J=compiled Java code, j=interpreted, Vv=VM code, C=native code)
V  [jvm.dll+0x31667a]


Current CompileTask:
C2:  11035 1435   !   4       com.android.dx.cf.code.BytecodeArray::parseInstruction (2764 bytes)


---------------  P R O C E S S  ---------------

Java Threads: ( => current thread )
  0x000000000830d000 JavaThread "pool-1-thread-4" [_thread_in_Java, id=3560, stack(0x0000000008930000,0x0000000008a30000)]
  0x000000000830c800 JavaThread "pool-1-thread-3" [_thread_in_Java, id=6156, stack(0x0000000008830000,0x0000000008930000)]
  0x00000000082c9000 JavaThread "pool-1-thread-2" [_thread_in_Java, id=7212, stack(0x0000000008730000,0x0000000008830000)]
  0x00000000082c8800 JavaThread "pool-2-thread-1" [_thread_blocked, id=1668, stack(0x0000000008630000,0x0000000008730000)]
  0x00000000082c7800 JavaThread "pool-1-thread-1" [_thread_in_Java, id=6672, stack(0x0000000008530000,0x0000000008630000)]
  0x000000000673c800 JavaThread "Service Thread" daemon [_thread_blocked, id=6768, stack(0x0000000007f30000,0x0000000008030000)]
  0x0000000006732000 JavaThread "C1 CompilerThread2" daemon [_thread_blocked, id=10140, stack(0x0000000007e30000,0x0000000007f30000)]
=>0x000000000672f000 JavaThread "C2 CompilerThread1" daemon [_thread_in_native, id=3160, stack(0x0000000007d30000,0x0000000007e30000)]
  0x00000000066de000 JavaThread "C2 CompilerThread0" daemon [_thread_in_native, id=8544, stack(0x0000000007c30000,0x0000000007d30000)]
  0x00000000066dc800 JavaThread "Attach Listener" daemon [_thread_blocked, id=9348, stack(0x0000000007b30000,0x0000000007c30000)]
  0x00000000066db800 JavaThread "Signal Dispatcher" daemon [_thread_blocked, id=9740, stack(0x0000000007a30000,0x0000000007b30000)]
  0x0000000003005000 JavaThread "Finalizer" daemon [_thread_blocked, id=8596, stack(0x0000000007930000,0x0000000007a30000)]
  0x0000000002ffc000 JavaThread "Reference Handler" daemon [_thread_blocked, id=4560, stack(0x0000000007830000,0x0000000007930000)]
  0x0000000002f0d800 JavaThread "main" [_thread_in_Java, id=3788, stack(0x0000000002e00000,0x0000000002f00000)]

Other Threads:
  0x00000000066a6000 VMThread [stack: 0x0000000007730000,0x0000000007830000] [id=2792]
  0x0000000008030800 WatcherThread [stack: 0x0000000008430000,0x0000000008530000] [id=8932]

VM state:not at safepoint (normal execution)

VM Mutex/Monitor currently owned by a thread: None

Heap:
 PSYoungGen      total 35328K, used 27500K [0x00000000eab00000, 0x00000000ed000000, 0x0000000100000000)
  eden space 32768K, 76% used [0x00000000eab00000,0x00000000ec360758,0x00000000ecb00000)
  from space 2560K, 99% used [0x00000000ecd80000,0x00000000ecffaab8,0x00000000ed000000)
  to   space 2560K, 0% used [0x00000000ecb00000,0x00000000ecb00000,0x00000000ecd80000)
 ParOldGen       total 44032K, used 2400K [0x00000000c0000000, 0x00000000c2b00000, 0x00000000eab00000)
  object space 44032K, 5% used [0x00000000c0000000,0x00000000c0258220,0x00000000c2b00000)
 Metaspace       used 6182K, capacity 7088K, committed 7296K, reserved 1056768K
  class space    used 591K, capacity 616K, committed 640K, reserved 1048576K

Card table byte_map: [0x00000000033d0000,0x00000000035e0000] byte_map_base: 0x0000000002dd0000

Marking Bits: (ParMarkBitMap*) 0x000000005b9cd490
 Begin Bits: [0x0000000003b40000, 0x0000000004b40000)
 End Bits:   [0x0000000004b40000, 0x0000000005b40000)

Polling page: 0x0000000000df0000

CodeCache: size=245760Kb used=6271Kb max_used=6271Kb free=239488Kb
 bounds [0x000000000f010000, 0x000000000f640000, 0x000000001e010000]
 total_blobs=1802 nmethods=1537 adapters=178
 compilation: enabled

Compilation events (10 events):
Event: 10.995 Thread 0x0000000006732000 1545       3       com.android.dx.cf.direct.MemberListParser::getEndOffset (9 bytes)
Event: 10.995 Thread 0x0000000006732000 nmethod 1545 0x000000000f62fa90 code [0x000000000f62fc00, 0x000000000f62fec8]
Event: 10.995 Thread 0x0000000006732000 1546       3       com.android.dx.cf.direct.DirectClassFile::getMagic0 (9 bytes)
Event: 10.995 Thread 0x0000000006732000 nmethod 1546 0x000000000f62ff90 code [0x000000000f630100, 0x000000000f630328]
Event: 10.996 Thread 0x0000000006732000 1547       3       com.android.dx.rop.code.AccessFlags::isPrivate (12 bytes)
Event: 10.996 Thread 0x0000000006732000 nmethod 1547 0x000000000f6303d0 code [0x000000000f630520, 0x000000000f6306b0]
Event: 10.998 Thread 0x0000000006732000 1548       3       java.util.concurrent.AbstractExecutorService::submit (25 bytes)
Event: 10.998 Thread 0x0000000006732000 nmethod 1548 0x000000000f630750 code [0x000000000f630900, 0x000000000f630ee8]
Event: 10.998 Thread 0x0000000006732000 1549       3       java.util.concurrent.ThreadPoolExecutor::execute (132 bytes)
Event: 10.999 Thread 0x0000000006732000 nmethod 1549 0x000000000f631110 code [0x000000000f631360, 0x000000000f6322a8]

GC Heap History (4 events):
Event: 7.751 GC heap before
{Heap before GC invocations=1 (full 0):
 PSYoungGen      total 18944K, used 16384K [0x00000000eab00000, 0x00000000ec000000, 0x0000000100000000)
  eden space 16384K, 100% used [0x00000000eab00000,0x00000000ebb00000,0x00000000ebb00000)
  from space 2560K, 0% used [0x00000000ebd80000,0x00000000ebd80000,0x00000000ec000000)
  to   space 2560K, 0% used [0x00000000ebb00000,0x00000000ebb00000,0x00000000ebd80000)
 ParOldGen       total 44032K, used 0K [0x00000000c0000000, 0x00000000c2b00000, 0x00000000eab00000)
  object space 44032K, 0% used [0x00000000c0000000,0x00000000c0000000,0x00000000c2b00000)
 Metaspace       used 5423K, capacity 6448K, committed 6528K, reserved 1056768K
  class space    used 581K, capacity 616K, committed 640K, reserved 1048576K
Event: 7.987 GC heap after
Heap after GC invocations=1 (full 0):
 PSYoungGen      total 18944K, used 2552K [0x00000000eab00000, 0x00000000ed000000, 0x0000000100000000)
  eden space 16384K, 0% used [0x00000000eab00000,0x00000000eab00000,0x00000000ebb00000)
  from space 2560K, 99% used [0x00000000ebb00000,0x00000000ebd7e0d8,0x00000000ebd80000)
  to   space 2560K, 0% used [0x00000000ecd80000,0x00000000ecd80000,0x00000000ed000000)
 ParOldGen       total 44032K, used 729K [0x00000000c0000000, 0x00000000c2b00000, 0x00000000eab00000)
  object space 44032K, 1% used [0x00000000c0000000,0x00000000c00b6558,0x00000000c2b00000)
 Metaspace       used 5423K, capacity 6448K, committed 6528K, reserved 1056768K
  class space    used 581K, capacity 616K, committed 640K, reserved 1048576K
}
Event: 9.041 GC heap before
{Heap before GC invocations=2 (full 0):
 PSYoungGen      total 18944K, used 18936K [0x00000000eab00000, 0x00000000ed000000, 0x0000000100000000)
  eden space 16384K, 100% used [0x00000000eab00000,0x00000000ebb00000,0x00000000ebb00000)
  from space 2560K, 99% used [0x00000000ebb00000,0x00000000ebd7e0d8,0x00000000ebd80000)
  to   space 2560K, 0% used [0x00000000ecd80000,0x00000000ecd80000,0x00000000ed000000)
 ParOldGen       total 44032K, used 729K [0x00000000c0000000, 0x00000000c2b00000, 0x00000000eab00000)
  object space 44032K, 1% used [0x00000000c0000000,0x00000000c00b6558,0x00000000c2b00000)
 Metaspace       used 5943K, capacity 6896K, committed 7040K, reserved 1056768K
  class space    used 585K, capacity 616K, committed 640K, reserved 1048576K
Event: 9.842 GC heap after
Heap after GC invocations=2 (full 0):
 PSYoungGen      total 35328K, used 2538K [0x00000000eab00000, 0x00000000ed000000, 0x0000000100000000)
  eden space 32768K, 0% used [0x00000000eab00000,0x00000000eab00000,0x00000000ecb00000)
  from space 2560K, 99% used [0x00000000ecd80000,0x00000000ecffaab8,0x00000000ed000000)
  to   space 2560K, 0% used [0x00000000ecb00000,0x00000000ecb00000,0x00000000ecd80000)
 ParOldGen       total 44032K, used 2400K [0x00000000c0000000, 0x00000000c2b00000, 0x00000000eab00000)
  object space 44032K, 5% used [0x00000000c0000000,0x00000000c0258220,0x00000000c2b00000)
 Metaspace       used 5943K, capacity 6896K, committed 7040K, reserved 1056768K
  class space    used 585K, capacity 616K, committed 640K, reserved 1048576K
}

Deoptimization events (4 events):
Event: 8.474 Thread 0x000000000830d000 Uncommon trap: reason=unreached action=reinterpret pc=0x000000000f361734 method=com.android.dx.rop.code.LocalItem.hashCode()I @ 25
Event: 8.474 Thread 0x000000000830d000 Uncommon trap: reason=unreached action=reinterpret pc=0x000000000f321610 method=com.android.dx.rop.code.LocalItem.hashCode()I @ 25
Event: 8.474 Thread 0x000000000830d000 Uncommon trap: reason=unreached action=reinterpret pc=0x000000000f32bce8 method=com.android.dx.rop.code.LocalItem.hashCode()I @ 25
Event: 9.856 Thread 0x0000000002f0d800 Uncommon trap: reason=null_check action=make_not_entrant pc=0x000000000f4e6188 method=com.android.dx.ssa.SsaRenamer.getLocalForNewReg(I)Lcom/android/dx/rop/code/LocalItem; @ 19

Internal exceptions (10 events):
Event: 10.214 Thread 0x0000000002f0d800 Exception <a 'java/security/PrivilegedActionException'> (0x00000000eb745ef8) thrown at [D:\re\workspace\8-2-build-windows-amd64-cygwin\jdk8u25\1677\hotspot\src\share\vm\prims\jvm.cpp, line 1312]
Event: 10.216 Thread 0x0000000002f0d800 Exception <a 'java/security/PrivilegedActionException'> (0x00000000eb750268) thrown at [D:\re\workspace\8-2-build-windows-amd64-cygwin\jdk8u25\1677\hotspot\src\share\vm\prims\jvm.cpp, line 1312]
Event: 10.216 Thread 0x0000000002f0d800 Exception <a 'java/security/PrivilegedActionException'> (0x00000000eb752bd8) thrown at [D:\re\workspace\8-2-build-windows-amd64-cygwin\jdk8u25\1677\hotspot\src\share\vm\prims\jvm.cpp, line 1312]
Event: 10.218 Thread 0x000000000830c800 Exception <a 'java/security/PrivilegedActionException'> (0x00000000eb7f6cf0) thrown at [D:\re\workspace\8-2-build-windows-amd64-cygwin\jdk8u25\1677\hotspot\src\share\vm\prims\jvm.cpp, line 1312]
Event: 10.219 Thread 0x000000000830c800 Exception <a 'java/security/PrivilegedActionException'> (0x00000000eb7fc738) thrown at [D:\re\workspace\8-2-build-windows-amd64-cygwin\jdk8u25\1677\hotspot\src\share\vm\prims\jvm.cpp, line 1312]
Event: 10.220 Thread 0x000000000830c800 Exception <a 'java/security/PrivilegedActionException'> (0x00000000eb801f48) thrown at [D:\re\workspace\8-2-build-windows-amd64-cygwin\jdk8u25\1677\hotspot\src\share\vm\prims\jvm.cpp, line 1312]
Event: 10.222 Thread 0x0000000002f0d800 Exception <a 'java/security/PrivilegedActionException'> (0x00000000eb762f08) thrown at [D:\re\workspace\8-2-build-windows-amd64-cygwin\jdk8u25\1677\hotspot\src\share\vm\prims\jvm.cpp, line 1312]
Event: 10.439 Thread 0x0000000002f0d800 Exception <a 'java/security/PrivilegedActionException'> (0x00000000eb957888) thrown at [D:\re\workspace\8-2-build-windows-amd64-cygwin\jdk8u25\1677\hotspot\src\share\vm\prims\jvm.cpp, line 1312]
Event: 10.440 Thread 0x0000000002f0d800 Exception <a 'java/security/PrivilegedActionException'> (0x00000000eb959fd8) thrown at [D:\re\workspace\8-2-build-windows-amd64-cygwin\jdk8u25\1677\hotspot\src\share\vm\prims\jvm.cpp, line 1312]
Event: 10.984 Thread 0x00000000082c7800 Exception <a 'java/security/PrivilegedActionException'> (0x00000000ec1f12c0) thrown at [D:\re\workspace\8-2-build-windows-amd64-cygwin\jdk8u25\1677\hotspot\src\share\vm\prims\jvm.cpp, line 1312]

Events (10 events):
Event: 10.220 loading class com/android/dx/dex/file/AnnotationSetRefItem
Event: 10.220 loading class com/android/dx/dex/file/AnnotationSetRefItem done
Event: 10.222 loading class com/android/dx/cf/attrib/AttExceptions
Event: 10.222 loading class com/android/dx/cf/attrib/AttExceptions done
Event: 10.439 loading class com/android/dx/cf/attrib/AttRuntimeInvisibleAnnotations
Event: 10.439 loading class com/android/dx/cf/attrib/AttRuntimeInvisibleAnnotations done
Event: 10.440 loading class com/android/dx/cf/attrib/BaseAnnotations
Event: 10.440 loading class com/android/dx/cf/attrib/BaseAnnotations done
Event: 10.984 loading class com/android/dx/cf/code/SwitchList
Event: 10.984 loading class com/android/dx/cf/code/SwitchList done


Dynamic libraries:
0x00007ff7effe0000 - 0x00007ff7f0014000 	C:\Program Files\Java\jdk1.8.0_25\bin\java.exe
0x00007ffee9cd0000 - 0x00007ffee9e7c000 	C:\Windows\SYSTEM32\ntdll.dll
0x00007ffee9b90000 - 0x00007ffee9cce000 	C:\Windows\system32\KERNEL32.DLL
0x00007ffee7240000 - 0x00007ffee7355000 	C:\Windows\system32\KERNELBASE.dll
0x00007ffee57f0000 - 0x00007ffee587e000 	C:\Windows\system32\apphelp.dll
0x00007ffee2f60000 - 0x00007ffee2fb3000 	C:\Windows\AppPatch\AppPatch64\AcGenral.DLL
0x00007ffee7370000 - 0x00007ffee741a000 	C:\Windows\system32\msvcrt.dll
0x00007ffee6ca0000 - 0x00007ffee6cce000 	C:\Windows\SYSTEM32\SspiCli.dll
0x00007ffee9b30000 - 0x00007ffee9b84000 	C:\Windows\system32\SHLWAPI.dll
0x00007ffee75e0000 - 0x00007ffee7757000 	C:\Windows\system32\USER32.dll
0x00007ffee7bb0000 - 0x00007ffee7d44000 	C:\Windows\system32\ole32.dll
0x00007ffee8240000 - 0x00007ffee9759000 	C:\Windows\system32\SHELL32.dll
0x00007ffee63a0000 - 0x00007ffee63c1000 	C:\Windows\SYSTEM32\USERENV.dll
0x00007ffee7ea0000 - 0x00007ffee7f4a000 	C:\Windows\system32\ADVAPI32.dll
0x00007ffedec20000 - 0x00007ffedec3e000 	C:\Windows\SYSTEM32\MPR.dll
0x00007ffee7d50000 - 0x00007ffee7e91000 	C:\Windows\system32\RPCRT4.dll
0x00007ffee9ad0000 - 0x00007ffee9b29000 	C:\Windows\SYSTEM32\sechost.dll
0x00007ffee77b0000 - 0x00007ffee79c1000 	C:\Windows\SYSTEM32\combase.dll
0x00007ffee9960000 - 0x00007ffee9aaf000 	C:\Windows\system32\GDI32.dll
0x00007ffee6e30000 - 0x00007ffee6e45000 	C:\Windows\SYSTEM32\profapi.dll
0x00007ffee5880000 - 0x00007ffee5932000 	C:\Windows\SYSTEM32\SHCORE.dll
0x00007ffee7760000 - 0x00007ffee7796000 	C:\Windows\system32\IMM32.DLL
0x00007ffee8070000 - 0x00007ffee81c2000 	C:\Windows\system32\MSCTF.dll
0x00007ffee6df0000 - 0x00007ffee6e1f000 	C:\Windows\system32\nvinitx.dll
0x000000000f000000 - 0x000000000f006000 	C:\Program Files\NVIDIA Corporation\CoProcManager\_etoured.dll
0x00007ffee5480000 - 0x00007ffee54b3000 	C:\Program Files\NVIDIA Corporation\CoProcManager\nvd3d9wrapx.dll
0x00007ffee79d0000 - 0x00007ffee7baa000 	C:\Windows\system32\SETUPAPI.dll
0x00007ffee6f00000 - 0x00007ffee6f4f000 	C:\Windows\system32\CFGMGR32.dll
0x00007ffee56b0000 - 0x00007ffee56d3000 	C:\Program Files\NVIDIA Corporation\CoProcManager\nvdxgiwrapx.dll
0x00007ffee50b0000 - 0x00007ffee532a000 	C:\Windows\WinSxS\amd64_microsoft.windows.common-controls_6595b64144ccf1df_6.0.9600.17810_none_6240b9c7ecbd0bda\COMCTL32.dll
0x000000005ade0000 - 0x000000005aeb2000 	C:\Program Files\Java\jdk1.8.0_25\jre\bin\msvcr100.dll
0x000000005b1f0000 - 0x000000005ba4a000 	C:\Program Files\Java\jdk1.8.0_25\jre\bin\server\jvm.dll
0x00007ffee0c80000 - 0x00007ffee0c89000 	C:\Windows\SYSTEM32\WSOCK32.dll
0x00007ffee5330000 - 0x00007ffee5352000 	C:\Windows\SYSTEM32\WINMM.dll
0x00007ffee75d0000 - 0x00007ffee75d7000 	C:\Windows\system32\PSAPI.DLL
0x00007ffee9770000 - 0x00007ffee97ca000 	C:\Windows\system32\WS2_32.dll
0x00007ffee5040000 - 0x00007ffee506a000 	C:\Windows\SYSTEM32\WINMMBASE.dll
0x00007ffee7360000 - 0x00007ffee7369000 	C:\Windows\system32\NSI.dll
0x00007ffee5b30000 - 0x00007ffee5b58000 	C:\Windows\SYSTEM32\DEVOBJ.dll
0x000000005c710000 - 0x000000005c71f000 	C:\Program Files\Java\jdk1.8.0_25\jre\bin\verify.dll
0x000000005bcc0000 - 0x000000005bce8000 	C:\Program Files\Java\jdk1.8.0_25\jre\bin\java.dll
0x000000005bf60000 - 0x000000005bf76000 	C:\Program Files\Java\jdk1.8.0_25\jre\bin\zip.dll

VM Arguments:
jvm_args: -Djava.awt.headless=true -Xmx1024M -Dfile.encoding=windows-1252 -Duser.country=US -Duser.language=en -Duser.variant 
java_command: com.android.dx.command.Main --dex --force-jumbo --num-threads=4 --output E:\Anavel\Anavel\app\build\intermediates\pre-dexed\debug\internal_impl-23.3.0_ad296f20df95d6ff9d4ddfded8617cd645bf363a.jar E:\Anavel\Anavel\app\build\intermediates\exploded-aar\com.android.support\support-v4\23.3.0\jars\libs\internal_impl-23.3.0.jar
java_class_path (initial): C:\Users\Vostro\AppData\Local\Android\sdk\build-tools\23.0.3\lib\dx.jar
Launcher Type: SUN_STANDARD

Environment Variables:
PATH=C:\MinGW\bin;C:\MinGW\libexec\gcc\x86_64-pc-mingw32\4.9.1;C:\MinGW\gcc\bin;C:\MinGW\gcc\libexec\gcc\x86_64-pc-mingw32\4.9.1;C:\ProgramData\Oracle\Java\javapath;C:\Program Files (x86)\NVIDIA Corporation\PhysX\Common;C:\Program Files (x86)\Intel\iCLS Client\;C:\Program Files\Intel\iCLS Client\;C:\Windows\system32;C:\Windows;C:\Windows\System32\Wbem;C:\Windows\System32\WindowsPowerShell\v1.0\;C:\Program Files\Intel\Intel(R) Management Engine Components\DAL;C:\Program Files\Intel\Intel(R) Management Engine Components\IPT;C:\Program Files (x86)\Intel\Intel(R) Management Engine Components\DAL;C:\Program Files (x86)\Intel\Intel(R) Management Engine Components\IPT;C:\Program Files (x86)\Intel\OpenCL SDK\3.0\bin\x86;C:\Program Files (x86)\Intel\OpenCL SDK\3.0\bin\x64;C:\Program Files (x86)\Windows Kits\8.1\Windows Performance Toolkit\;C:\Program Files\Microsoft SQL Server\110\Tools\Binn\;C:\Program Files (x86)\Microsoft SQL Server\110\Tools\Binn\ManagementStudio\;C:\Program Files (x86)\Microsoft SQL Server\110\Tools\Binn\;C:\Program Files (x86)\Microsoft SQL Server\110\DTS\Binn\;C:\Program Files\Microsoft SQL Server\110\DTS\Binn\;C:\OpenCV2410\opencv\build\x64\vc12\bin;C:\Program Files (x86)\Microsoft SDKs\TypeScript\1.0\;C:\Program Files\Microsoft SQL Server\120\Tools\Binn\;C:\Emgu\emgucv-windows-universal 3.0.0.2157\bin\x86;C:\Program Files (x86)\GtkSharp\2.12\bin;C:\Anaconda2;C:\Anaconda2\Scripts;C:\Anaconda2\Library\bin
USERNAME=Vostro
OS=Windows_NT
PROCESSOR_IDENTIFIER=Intel64 Family 6 Model 69 Stepping 1, GenuineIntel



---------------  S Y S T E M  ---------------

OS: Windows 8.1 , 64 bit Build 9600 

CPU:total 4 (2 cores per cpu, 2 threads per core) family 6 model 69 stepping 1, cmov, cx8, fxsr, mmx, sse, sse2, sse3, ssse3, sse4.1, sse4.2, popcnt, avx, avx2, aes, clmul, erms, lzcnt, ht, tsc, tscinvbit, bmi1, bmi2

Memory: 4k page, physical 4099864k(291696k free), swap 10757600k(5240k free)

vm_info: Java HotSpot(TM) 64-Bit Server VM (25.25-b02) for windows-amd64 JRE (1.8.0_25-b18), built on Oct  7 2014 14:25:37 by "java_re" with MS VC++ 10.0 (VS2010)

time: Thu Aug 18 15:22:32 2016
elapsed time: 11 seconds (0d 0h 0m 11s)

