#
# There is insufficient memory for the Java Runtime Environment to continue.
# Native memory allocation (malloc) failed to allocate 423856 bytes for Chunk::new
# Possible reasons:
#   The system is out of physical RAM or swap space
#   In 32 bit mode, the process size limit was hit
# Possible solutions:
#   Reduce memory load on the system
#   Increase physical memory or swap space
#   Check if swap backing store is full
#   Use 64 bit Java on a 64 bit OS
#   Decrease Java heap size (-Xmx/-Xms)
#   Decrease number of Java threads
#   Decrease Java thread stack sizes (-Xss)
#   Set larger code cache with -XX:ReservedCodeCacheSize=
# This output file may be truncated or incomplete.
#
#  Out of Memory Error (allocation.cpp:390), pid=9980, tid=10020
#
# JRE version: Java(TM) SE Runtime Environment (8.0_25-b18) (build 1.8.0_25-b18)
# Java VM: Java HotSpot(TM) 64-Bit Server VM (25.25-b02 mixed mode windows-amd64 compressed oops)
# Failed to write core dump. Minidumps are not enabled by default on client versions of Windows
#

---------------  T H R E A D  ---------------

Current thread (0x000000000646d000):  JavaThread "C2 CompilerThread0" daemon [_thread_in_native, id=10020, stack(0x00000000079d0000,0x0000000007ad0000)]

Stack: [0x00000000079d0000,0x0000000007ad0000]
Native frames: (J=compiled Java code, j=interpreted, Vv=VM code, C=native code)
V  [jvm.dll+0x31667a]


Current CompileTask:
C2:   4604 1205       4       com.android.dx.ssa.SsaMethod::forEachInsn (36 bytes)


---------------  P R O C E S S  ---------------

Java Threads: ( => current thread )
  0x00000000081a3800 JavaThread "pool-1-thread-4" [_thread_blocked, id=6328, stack(0x0000000008ed0000,0x0000000008fd0000)]
  0x00000000081a3000 JavaThread "pool-1-thread-3" [_thread_in_Java, id=9264, stack(0x0000000008dd0000,0x0000000008ed0000)]
  0x00000000081a2000 JavaThread "pool-1-thread-2" [_thread_blocked, id=2156, stack(0x0000000008cd0000,0x0000000008dd0000)]
  0x00000000081a1800 JavaThread "pool-2-thread-1" [_thread_blocked, id=372, stack(0x0000000008bd0000,0x0000000008cd0000)]
  0x00000000081cf800 JavaThread "pool-1-thread-1" [_thread_blocked, id=3396, stack(0x0000000008ad0000,0x0000000008bd0000)]
  0x00000000064cb800 JavaThread "Service Thread" daemon [_thread_blocked, id=7844, stack(0x0000000007cd0000,0x0000000007dd0000)]
  0x00000000064c4800 JavaThread "C1 CompilerThread2" daemon [_thread_blocked, id=1012, stack(0x0000000007bd0000,0x0000000007cd0000)]
  0x00000000064be000 JavaThread "C2 CompilerThread1" daemon [_thread_in_native, id=7308, stack(0x0000000007ad0000,0x0000000007bd0000)]
=>0x000000000646d000 JavaThread "C2 CompilerThread0" daemon [_thread_in_native, id=10020, stack(0x00000000079d0000,0x0000000007ad0000)]
  0x000000000646b800 JavaThread "Attach Listener" daemon [_thread_blocked, id=7916, stack(0x00000000078d0000,0x00000000079d0000)]
  0x000000000646a800 JavaThread "Signal Dispatcher" daemon [_thread_blocked, id=2188, stack(0x00000000077d0000,0x00000000078d0000)]
  0x0000000002c85000 JavaThread "Finalizer" daemon [_thread_blocked, id=5872, stack(0x00000000076d0000,0x00000000077d0000)]
  0x0000000006438000 JavaThread "Reference Handler" daemon [_thread_blocked, id=7024, stack(0x00000000075d0000,0x00000000076d0000)]
  0x0000000002efd800 JavaThread "main" [_thread_in_Java, id=9236, stack(0x0000000000c50000,0x0000000000d50000)]

Other Threads:
  0x0000000006436000 VMThread [stack: 0x00000000074d0000,0x00000000075d0000] [id=4432]
  0x00000000064ce000 WatcherThread [stack: 0x0000000007dd0000,0x0000000007ed0000] [id=9028]

VM state:not at safepoint (normal execution)

VM Mutex/Monitor currently owned by a thread: None

Heap:
 PSYoungGen      total 18944K, used 15823K [0x00000000eab00000, 0x00000000ec000000, 0x0000000100000000)
  eden space 16384K, 81% used [0x00000000eab00000,0x00000000eb7f7708,0x00000000ebb00000)
  from space 2560K, 99% used [0x00000000ebd80000,0x00000000ebffc688,0x00000000ec000000)
  to   space 2560K, 0% used [0x00000000ebb00000,0x00000000ebb00000,0x00000000ebd80000)
 ParOldGen       total 44032K, used 2898K [0x00000000c0000000, 0x00000000c2b00000, 0x00000000eab00000)
  object space 44032K, 6% used [0x00000000c0000000,0x00000000c02d49c8,0x00000000c2b00000)
 Metaspace       used 6004K, capacity 6960K, committed 7040K, reserved 1056768K
  class space    used 592K, capacity 616K, committed 640K, reserved 1048576K

Card table byte_map: [0x00000000032c0000,0x00000000034d0000] byte_map_base: 0x0000000002cc0000

Marking Bits: (ParMarkBitMap*) 0x000000005b9cd490
 Begin Bits: [0x00000000038d0000, 0x00000000048d0000)
 End Bits:   [0x00000000048d0000, 0x00000000058d0000)

Polling page: 0x0000000000ad0000

CodeCache: size=245760Kb used=4748Kb max_used=4754Kb free=241011Kb
 bounds [0x000000000f010000, 0x000000000f4c0000, 0x000000001e010000]
 total_blobs=1521 nmethods=1256 adapters=178
 compilation: disabled (not enough contiguous free space left)

Compilation events (10 events):
Event: 4.414 Thread 0x00000000064c4800 nmethod 1217 0x000000000f495310 code [0x000000000f4954e0, 0x000000000f495d68]
Event: 4.414 Thread 0x00000000064c4800 1228       3       com.android.dx.dex.file.Section::validateAlignment (23 bytes)
Event: 4.415 Thread 0x00000000064c4800 nmethod 1228 0x000000000f4960d0 code [0x000000000f496240, 0x000000000f496488]
Event: 4.415 Thread 0x00000000064c4800 1232       3       com.android.dx.dex.code.RopTranslator$1::visitPlainCstInsn (64 bytes)
Event: 4.415 Thread 0x00000000064c4800 nmethod 1232 0x000000000f496550 code [0x000000000f4966e0, 0x000000000f496eb0]
Event: 4.415 Thread 0x00000000064c4800 1233       3       com.android.dx.dex.code.RopTranslator$LocalVariableAwareTranslationVisitor::visitPlainCstInsn (11 bytes)
Event: 4.416 Thread 0x00000000064c4800 nmethod 1233 0x000000000f497090 code [0x000000000f4972a0, 0x000000000f497dd8]
Event: 4.416 Thread 0x00000000064c4800 1234       3       com.android.dx.dex.code.RopTranslator$TranslationVisitor::visitPlainCstInsn (161 bytes)
Event: 4.418 Thread 0x00000000064c4800 nmethod 1234 0x000000000f498410 code [0x000000000f4987a0, 0x000000000f49abd8]
Event: 4.418 Thread 0x00000000064c4800 1237       3       com.android.dx.ssa.LocalVariableInfo::addAssignment (43 bytes)

GC Heap History (2 events):
Event: 3.904 GC heap before
{Heap before GC invocations=1 (full 0):
 PSYoungGen      total 18944K, used 16384K [0x00000000eab00000, 0x00000000ec000000, 0x0000000100000000)
  eden space 16384K, 100% used [0x00000000eab00000,0x00000000ebb00000,0x00000000ebb00000)
  from space 2560K, 0% used [0x00000000ebd80000,0x00000000ebd80000,0x00000000ec000000)
  to   space 2560K, 0% used [0x00000000ebb00000,0x00000000ebb00000,0x00000000ebd80000)
 ParOldGen       total 44032K, used 0K [0x00000000c0000000, 0x00000000c2b00000, 0x00000000eab00000)
  object space 44032K, 0% used [0x00000000c0000000,0x00000000c0000000,0x00000000c2b00000)
 Metaspace       used 5471K, capacity 6512K, committed 6784K, reserved 1056768K
  class space    used 589K, capacity 616K, committed 640K, reserved 1048576K
Event: 3.910 GC heap after
Heap after GC invocations=1 (full 0):
 PSYoungGen      total 18944K, used 2536K [0x00000000eab00000, 0x00000000ec000000, 0x0000000100000000)
  eden space 16384K, 0% used [0x00000000eab00000,0x00000000eab00000,0x00000000ebb00000)
  from space 2560K, 99% used [0x00000000ebb00000,0x00000000ebd7a0c8,0x00000000ebd80000)
  to   space 2560K, 0% used [0x00000000ebd80000,0x00000000ebd80000,0x00000000ec000000)
 ParOldGen       total 44032K, used 959K [0x00000000c0000000, 0x00000000c2b00000, 0x00000000eab00000)
  object space 44032K, 2% used [0x00000000c0000000,0x00000000c00efe20,0x00000000c2b00000)
 Metaspace       used 5471K, capacity 6512K, committed 6784K, reserved 1056768K
  class space    used 589K, capacity 616K, committed 640K, reserved 1048576K
}

Deoptimization events (0 events):
No events

Internal exceptions (10 events):
Event: 3.852 Thread 0x0000000002efd800 Exception <a 'java/security/PrivilegedActionException'> (0x00000000eb859e98) thrown at [D:\re\workspace\8-2-build-windows-amd64-cygwin\jdk8u25\1677\hotspot\src\share\vm\prims\jvm.cpp, line 1312]
Event: 3.854 Thread 0x00000000081a2000 Exception <a 'java/security/PrivilegedActionException'> (0x00000000eba19668) thrown at [D:\re\workspace\8-2-build-windows-amd64-cygwin\jdk8u25\1677\hotspot\src\share\vm\prims\jvm.cpp, line 1312]
Event: 3.854 Thread 0x00000000081a2000 Exception <a 'java/security/PrivilegedActionException'> (0x00000000eba1f0b0) thrown at [D:\re\workspace\8-2-build-windows-amd64-cygwin\jdk8u25\1677\hotspot\src\share\vm\prims\jvm.cpp, line 1312]
Event: 3.856 Thread 0x0000000002efd800 Exception <a 'java/security/PrivilegedActionException'> (0x00000000eb867110) thrown at [D:\re\workspace\8-2-build-windows-amd64-cygwin\jdk8u25\1677\hotspot\src\share\vm\prims\jvm.cpp, line 1312]
Event: 3.866 Thread 0x0000000002efd800 Exception <a 'java/security/PrivilegedActionException'> (0x00000000eba91a50) thrown at [D:\re\workspace\8-2-build-windows-amd64-cygwin\jdk8u25\1677\hotspot\src\share\vm\prims\jvm.cpp, line 1312]
Event: 3.883 Thread 0x0000000002efd800 Exception <a 'java/security/PrivilegedActionException'> (0x00000000ebad6a78) thrown at [D:\re\workspace\8-2-build-windows-amd64-cygwin\jdk8u25\1677\hotspot\src\share\vm\prims\jvm.cpp, line 1312]
Event: 3.897 Thread 0x00000000081a3800 Exception <a 'java/security/PrivilegedActionException'> (0x00000000eb52f828) thrown at [D:\re\workspace\8-2-build-windows-amd64-cygwin\jdk8u25\1677\hotspot\src\share\vm\prims\jvm.cpp, line 1312]
Event: 3.938 Thread 0x00000000081a3000 Exception <a 'java/security/PrivilegedActionException'> (0x00000000ead83f28) thrown at [D:\re\workspace\8-2-build-windows-amd64-cygwin\jdk8u25\1677\hotspot\src\share\vm\prims\jvm.cpp, line 1312]
Event: 4.186 Thread 0x00000000081cf800 Exception <a 'java/security/PrivilegedActionException'> (0x00000000eb1cf0d0) thrown at [D:\re\workspace\8-2-build-windows-amd64-cygwin\jdk8u25\1677\hotspot\src\share\vm\prims\jvm.cpp, line 1312]
Event: 4.353 Thread 0x00000000081a2000 Exception <a 'java/security/PrivilegedActionException'> (0x00000000eb3ad628) thrown at [D:\re\workspace\8-2-build-windows-amd64-cygwin\jdk8u25\1677\hotspot\src\share\vm\prims\jvm.cpp, line 1312]

Events (10 events):
Event: 3.955 loading class java/util/ArrayList$1
Event: 3.955 loading class java/util/ArrayList$1 done
Event: 4.186 loading class com/android/dx/cf/code/SwitchList
Event: 4.186 loading class com/android/dx/cf/code/SwitchList done
Event: 4.213 Executing VM operation: ForceSafepoint
Event: 4.218 Executing VM operation: ForceSafepoint done
Event: 4.242 loading class java/util/DualPivotQuicksort
Event: 4.242 loading class java/util/DualPivotQuicksort done
Event: 4.353 loading class com/android/dx/dex/file/FieldAnnotationStruct
Event: 4.353 loading class com/android/dx/dex/file/FieldAnnotationStruct done


Dynamic libraries:
0x00007ff7effe0000 - 0x00007ff7f0014000 	C:\Program Files\Java\jdk1.8.0_25\bin\java.exe
0x00007ffee9cd0000 - 0x00007ffee9e7c000 	C:\Windows\SYSTEM32\ntdll.dll
0x00007ffee9b90000 - 0x00007ffee9cce000 	C:\Windows\system32\KERNEL32.DLL
0x00007ffee7240000 - 0x00007ffee7355000 	C:\Windows\system32\KERNELBASE.dll
0x00007ffee57f0000 - 0x00007ffee587e000 	C:\Windows\system32\apphelp.dll
0x00007ffed9bc0000 - 0x00007ffed9c13000 	C:\Windows\AppPatch\AppPatch64\AcGenral.DLL
0x00007ffee7370000 - 0x00007ffee741a000 	C:\Windows\system32\msvcrt.dll
0x00007ffee6ca0000 - 0x00007ffee6cce000 	C:\Windows\SYSTEM32\SspiCli.dll
0x00007ffee9b30000 - 0x00007ffee9b84000 	C:\Windows\system32\SHLWAPI.dll
0x00007ffee75e0000 - 0x00007ffee7757000 	C:\Windows\system32\USER32.dll
0x00007ffee7bb0000 - 0x00007ffee7d44000 	C:\Windows\system32\ole32.dll
0x00007ffee8240000 - 0x00007ffee9759000 	C:\Windows\system32\SHELL32.dll
0x00007ffee63a0000 - 0x00007ffee63c1000 	C:\Windows\SYSTEM32\USERENV.dll
0x00007ffee7ea0000 - 0x00007ffee7f4a000 	C:\Windows\system32\ADVAPI32.dll
0x00007ffedec20000 - 0x00007ffedec3e000 	C:\Windows\SYSTEM32\MPR.dll
0x00007ffee7d50000 - 0x00007ffee7e91000 	C:\Windows\system32\RPCRT4.dll
0x00007ffee9ad0000 - 0x00007ffee9b29000 	C:\Windows\SYSTEM32\sechost.dll
0x00007ffee77b0000 - 0x00007ffee79c1000 	C:\Windows\SYSTEM32\combase.dll
0x00007ffee9960000 - 0x00007ffee9aaf000 	C:\Windows\system32\GDI32.dll
0x00007ffee6e30000 - 0x00007ffee6e45000 	C:\Windows\SYSTEM32\profapi.dll
0x00007ffee5880000 - 0x00007ffee5932000 	C:\Windows\SYSTEM32\SHCORE.dll
0x00007ffee7760000 - 0x00007ffee7796000 	C:\Windows\system32\IMM32.DLL
0x00007ffee8070000 - 0x00007ffee81c2000 	C:\Windows\system32\MSCTF.dll
0x00007ffee6df0000 - 0x00007ffee6e1f000 	C:\Windows\system32\nvinitx.dll
0x000000000f000000 - 0x000000000f006000 	C:\Program Files\NVIDIA Corporation\CoProcManager\_etoured.dll
0x00007ffee5480000 - 0x00007ffee54b3000 	C:\Program Files\NVIDIA Corporation\CoProcManager\nvd3d9wrapx.dll
0x00007ffee79d0000 - 0x00007ffee7baa000 	C:\Windows\system32\SETUPAPI.dll
0x00007ffee6f00000 - 0x00007ffee6f4f000 	C:\Windows\system32\CFGMGR32.dll
0x00007ffee56b0000 - 0x00007ffee56d3000 	C:\Program Files\NVIDIA Corporation\CoProcManager\nvdxgiwrapx.dll
0x00007ffee50b0000 - 0x00007ffee532a000 	C:\Windows\WinSxS\amd64_microsoft.windows.common-controls_6595b64144ccf1df_6.0.9600.17810_none_6240b9c7ecbd0bda\COMCTL32.dll
0x000000005ade0000 - 0x000000005aeb2000 	C:\Program Files\Java\jdk1.8.0_25\jre\bin\msvcr100.dll
0x000000005b1f0000 - 0x000000005ba4a000 	C:\Program Files\Java\jdk1.8.0_25\jre\bin\server\jvm.dll
0x00007ffee0c80000 - 0x00007ffee0c89000 	C:\Windows\SYSTEM32\WSOCK32.dll
0x00007ffee5330000 - 0x00007ffee5352000 	C:\Windows\SYSTEM32\WINMM.dll
0x00007ffee75d0000 - 0x00007ffee75d7000 	C:\Windows\system32\PSAPI.DLL
0x00007ffee9770000 - 0x00007ffee97ca000 	C:\Windows\system32\WS2_32.dll
0x00007ffee5040000 - 0x00007ffee506a000 	C:\Windows\SYSTEM32\WINMMBASE.dll
0x00007ffee7360000 - 0x00007ffee7369000 	C:\Windows\system32\NSI.dll
0x00007ffee5b30000 - 0x00007ffee5b58000 	C:\Windows\SYSTEM32\DEVOBJ.dll
0x000000005c710000 - 0x000000005c71f000 	C:\Program Files\Java\jdk1.8.0_25\jre\bin\verify.dll
0x000000005bcc0000 - 0x000000005bce8000 	C:\Program Files\Java\jdk1.8.0_25\jre\bin\java.dll
0x000000005bf60000 - 0x000000005bf76000 	C:\Program Files\Java\jdk1.8.0_25\jre\bin\zip.dll
0x00007ffed8e80000 - 0x00007ffed9009000 	C:\Windows\SYSTEM32\dbghelp.dll

VM Arguments:
jvm_args: -Djava.awt.headless=true -Xmx1024M -Dfile.encoding=windows-1252 -Duser.country=US -Duser.language=en -Duser.variant 
java_command: com.android.dx.command.Main --dex --force-jumbo --num-threads=4 --output E:\Anavel\Anavel\app\build\intermediates\pre-dexed\debug\com.android.support-appcompat-v7-23.3.0_df0c1df6d57f00f379a18532648888222ae4db36.jar E:\Anavel\Anavel\app\build\intermediates\exploded-aar\com.android.support\appcompat-v7\23.3.0\jars\classes.jar
java_class_path (initial): C:\Users\Vostro\AppData\Local\Android\sdk\build-tools\23.0.3\lib\dx.jar
Launcher Type: SUN_STANDARD

Environment Variables:
PATH=C:\MinGW\bin;C:\MinGW\libexec\gcc\x86_64-pc-mingw32\4.9.1;C:\MinGW\gcc\bin;C:\MinGW\gcc\libexec\gcc\x86_64-pc-mingw32\4.9.1;C:\ProgramData\Oracle\Java\javapath;C:\Program Files (x86)\NVIDIA Corporation\PhysX\Common;C:\Program Files (x86)\Intel\iCLS Client\;C:\Program Files\Intel\iCLS Client\;C:\Windows\system32;C:\Windows;C:\Windows\System32\Wbem;C:\Windows\System32\WindowsPowerShell\v1.0\;C:\Program Files\Intel\Intel(R) Management Engine Components\DAL;C:\Program Files\Intel\Intel(R) Management Engine Components\IPT;C:\Program Files (x86)\Intel\Intel(R) Management Engine Components\DAL;C:\Program Files (x86)\Intel\Intel(R) Management Engine Components\IPT;C:\Program Files (x86)\Intel\OpenCL SDK\3.0\bin\x86;C:\Program Files (x86)\Intel\OpenCL SDK\3.0\bin\x64;C:\Program Files (x86)\Windows Kits\8.1\Windows Performance Toolkit\;C:\Program Files\Microsoft SQL Server\110\Tools\Binn\;C:\Program Files (x86)\Microsoft SQL Server\110\Tools\Binn\ManagementStudio\;C:\Program Files (x86)\Microsoft SQL Server\110\Tools\Binn\;C:\Program Files (x86)\Microsoft SQL Server\110\DTS\Binn\;C:\Program Files\Microsoft SQL Server\110\DTS\Binn\;C:\OpenCV2410\opencv\build\x64\vc12\bin;C:\Program Files (x86)\Microsoft SDKs\TypeScript\1.0\;C:\Program Files\Microsoft SQL Server\120\Tools\Binn\;C:\Emgu\emgucv-windows-universal 3.0.0.2157\bin\x86;C:\Program Files (x86)\GtkSharp\2.12\bin;C:\Anaconda2;C:\Anaconda2\Scripts;C:\Anaconda2\Library\bin
USERNAME=Vostro
OS=Windows_NT
PROCESSOR_IDENTIFIER=Intel64 Family 6 Model 69 Stepping 1, GenuineIntel



---------------  S Y S T E M  ---------------

OS: Windows 8.1 , 64 bit Build 9600 

CPU:total 4 (2 cores per cpu, 2 threads per core) family 6 model 69 stepping 1, cmov, cx8, fxsr, mmx, sse, sse2, sse3, ssse3, sse4.1, sse4.2, popcnt, avx, avx2, aes, clmul, erms, lzcnt, ht, tsc, tscinvbit, bmi1, bmi2

Memory: 4k page, physical 4099864k(379196k free), swap 10757600k(4832k free)

vm_info: Java HotSpot(TM) 64-Bit Server VM (25.25-b02) for windows-amd64 JRE (1.8.0_25-b18), built on Oct  7 2014 14:25:37 by "java_re" with MS VC++ 10.0 (VS2010)

time: Thu Aug 18 09:45:11 2016
elapsed time: 4 seconds (0d 0h 0m 4s)

