#
# There is insufficient memory for the Java Runtime Environment to continue.
# Native memory allocation (malloc) failed to allocate 32744 bytes for ChunkPool::allocate
# Possible reasons:
#   The system is out of physical RAM or swap space
#   In 32 bit mode, the process size limit was hit
# Possible solutions:
#   Reduce memory load on the system
#   Increase physical memory or swap space
#   Check if swap backing store is full
#   Use 64 bit Java on a 64 bit OS
#   Decrease Java heap size (-Xmx/-Xms)
#   Decrease number of Java threads
#   Decrease Java thread stack sizes (-Xss)
#   Set larger code cache with -XX:ReservedCodeCacheSize=
# This output file may be truncated or incomplete.
#
#  Out of Memory Error (allocation.cpp:273), pid=9068, tid=9484
#
# JRE version: Java(TM) SE Runtime Environment (8.0_25-b18) (build 1.8.0_25-b18)
# Java VM: Java HotSpot(TM) 64-Bit Server VM (25.25-b02 mixed mode windows-amd64 compressed oops)
# Failed to write core dump. Minidumps are not enabled by default on client versions of Windows
#

---------------  T H R E A D  ---------------

Current thread (0x0000000006a1b000):  JavaThread "C2 CompilerThread0" daemon [_thread_in_native, id=9484, stack(0x0000000007f80000,0x0000000008080000)]

Stack: [0x0000000007f80000,0x0000000008080000]
Native frames: (J=compiled Java code, j=interpreted, Vv=VM code, C=native code)
V  [jvm.dll+0x31667a]
V  [jvm.dll+0x267073]
V  [jvm.dll+0x267cb3]
V  [jvm.dll+0x25f5b5]
V  [jvm.dll+0xbeec1]
V  [jvm.dll+0xbf60c]
V  [jvm.dll+0xbf8b4]
V  [jvm.dll+0x4e6020]
V  [jvm.dll+0x4e9dc2]
V  [jvm.dll+0x446659]
V  [jvm.dll+0x45130e]
V  [jvm.dll+0x4538f8]
V  [jvm.dll+0x437372]
V  [jvm.dll+0x98a02]
V  [jvm.dll+0x991f3]
V  [jvm.dll+0x22bde4]
V  [jvm.dll+0x2852fa]
C  [msvcr100.dll+0x21d9f]
C  [msvcr100.dll+0x21e3b]
C  [KERNEL32.DLL+0x13d2]
C  [ntdll.dll+0x15454]


Current CompileTask:
C2:   1604  157       4       com.android.dx.util.ByteArray::checkOffsets (66 bytes)


---------------  P R O C E S S  ---------------

Java Threads: ( => current thread )
  0x00000000083c5000 JavaThread "pool-3-thread-1" [_thread_blocked, id=9172, stack(0x0000000008980000,0x0000000008a80000)]
  0x00000000083c4000 JavaThread "pool-2-thread-1" [_thread_in_native, id=6284, stack(0x0000000008880000,0x0000000008980000)]
  0x00000000082a4000 JavaThread "Service Thread" daemon [_thread_blocked, id=7424, stack(0x0000000008680000,0x0000000008780000)]
  0x0000000006a71000 JavaThread "C1 CompilerThread2" daemon [_thread_blocked, id=7280, stack(0x0000000008180000,0x0000000008280000)]
  0x0000000006a66000 JavaThread "C2 CompilerThread1" daemon [_thread_in_vm, id=6276, stack(0x0000000008080000,0x0000000008180000)]
=>0x0000000006a1b000 JavaThread "C2 CompilerThread0" daemon [_thread_in_native, id=9484, stack(0x0000000007f80000,0x0000000008080000)]
  0x0000000006a19800 JavaThread "Attach Listener" daemon [_thread_blocked, id=9108, stack(0x0000000007e80000,0x0000000007f80000)]
  0x0000000006a18000 JavaThread "Signal Dispatcher" daemon [_thread_blocked, id=8196, stack(0x0000000007d80000,0x0000000007e80000)]
  0x0000000003345000 JavaThread "Finalizer" daemon [_thread_blocked, id=5368, stack(0x0000000007c80000,0x0000000007d80000)]
  0x00000000069e8000 JavaThread "Reference Handler" daemon [_thread_blocked, id=3564, stack(0x0000000007b80000,0x0000000007c80000)]
  0x000000000314d800 JavaThread "main" [_thread_blocked, id=6396, stack(0x0000000003150000,0x0000000003250000)]

Other Threads:
  0x00000000069e6000 VMThread [stack: 0x0000000007a80000,0x0000000007b80000] [id=6576]
  0x00000000082a6800 WatcherThread [stack: 0x0000000008780000,0x0000000008880000] [id=9040]

VM state:not at safepoint (normal execution)

VM Mutex/Monitor currently owned by a thread: None

Heap:
 PSYoungGen      total 18944K, used 3977K [0x00000000eab00000, 0x00000000ec000000, 0x0000000100000000)
  eden space 16384K, 24% used [0x00000000eab00000,0x00000000eaee2408,0x00000000ebb00000)
  from space 2560K, 0% used [0x00000000ebd80000,0x00000000ebd80000,0x00000000ec000000)
  to   space 2560K, 0% used [0x00000000ebb00000,0x00000000ebb00000,0x00000000ebd80000)
 ParOldGen       total 44032K, used 0K [0x00000000c0000000, 0x00000000c2b00000, 0x00000000eab00000)
  object space 44032K, 0% used [0x00000000c0000000,0x00000000c0000000,0x00000000c2b00000)
 Metaspace       used 3767K, capacity 4944K, committed 5120K, reserved 1056768K
  class space    used 420K, capacity 456K, committed 512K, reserved 1048576K

Card table byte_map: [0x0000000003710000,0x0000000003920000] byte_map_base: 0x0000000003110000

Marking Bits: (ParMarkBitMap*) 0x000000005b9cd490
 Begin Bits: [0x0000000003e80000, 0x0000000004e80000)
 End Bits:   [0x0000000004e80000, 0x0000000005e80000)

Polling page: 0x0000000001260000

CodeCache: size=245760Kb used=1434Kb max_used=1434Kb free=244325Kb
 bounds [0x000000000f010000, 0x000000000f280000, 0x000000001e010000]
 total_blobs=416 nmethods=166 adapters=164
 compilation: enabled

Compilation events (10 events):
Event: 1.423 Thread 0x0000000006a71000  147       3       java.util.BitSet::wordIndex (5 bytes)
Event: 1.423 Thread 0x0000000006a71000 nmethod 147 0x000000000f15ba50 code [0x000000000f15bba0, 0x000000000f15bcd0]
Event: 1.423 Thread 0x0000000006a71000  148       3       java.util.BitSet::checkInvariants (111 bytes)
Event: 1.423 Thread 0x0000000006a71000 nmethod 148 0x000000000f15b710 code [0x000000000f15b860, 0x000000000f15b9f0]
Event: 1.423 Thread 0x0000000006a71000  149       3       com.android.dx.util.MutabilityControl::throwIfImmutable (18 bytes)
Event: 1.423 Thread 0x0000000006a71000 nmethod 149 0x000000000f15e0d0 code [0x000000000f15e240, 0x000000000f15e488]
Event: 1.424 Thread 0x0000000006a71000  150   !   3       com.android.dx.rop.cst.StdConstantPool::getOrNull (13 bytes)
Event: 1.424 Thread 0x0000000006a71000 nmethod 150 0x000000000f15e550 code [0x000000000f15e740, 0x000000000f15f008]
Event: 1.424 Thread 0x0000000006a71000  151   !   3       com.android.dx.cf.cst.ConstantPoolParser::parse0 (731 bytes)
Event: 1.428 Thread 0x0000000006a1b000  157       4       com.android.dx.util.ByteArray::checkOffsets (66 bytes)

GC Heap History (0 events):
No events

Deoptimization events (0 events):
No events

Internal exceptions (10 events):
Event: 1.161 Thread 0x000000000314d800 Exception <a 'java/security/PrivilegedActionException'> (0x00000000eadb38c0) thrown at [D:\re\workspace\8-2-build-windows-amd64-cygwin\jdk8u25\1677\hotspot\src\share\vm\prims\jvm.cpp, line 1312]
Event: 1.161 Thread 0x000000000314d800 Exception <a 'java/security/PrivilegedActionException'> (0x00000000eadb5c08) thrown at [D:\re\workspace\8-2-build-windows-amd64-cygwin\jdk8u25\1677\hotspot\src\share\vm\prims\jvm.cpp, line 1312]
Event: 1.162 Thread 0x000000000314d800 Exception <a 'java/security/PrivilegedActionException'> (0x00000000eadb82a0) thrown at [D:\re\workspace\8-2-build-windows-amd64-cygwin\jdk8u25\1677\hotspot\src\share\vm\prims\jvm.cpp, line 1312]
Event: 1.163 Thread 0x000000000314d800 Exception <a 'java/security/PrivilegedActionException'> (0x00000000eadbb700) thrown at [D:\re\workspace\8-2-build-windows-amd64-cygwin\jdk8u25\1677\hotspot\src\share\vm\prims\jvm.cpp, line 1312]
Event: 1.164 Thread 0x000000000314d800 Exception <a 'java/security/PrivilegedActionException'> (0x00000000eadbd830) thrown at [D:\re\workspace\8-2-build-windows-amd64-cygwin\jdk8u25\1677\hotspot\src\share\vm\prims\jvm.cpp, line 1312]
Event: 1.165 Thread 0x000000000314d800 Exception <a 'java/security/PrivilegedActionException'> (0x00000000eadbff00) thrown at [D:\re\workspace\8-2-build-windows-amd64-cygwin\jdk8u25\1677\hotspot\src\share\vm\prims\jvm.cpp, line 1312]
Event: 1.166 Thread 0x000000000314d800 Exception <a 'java/security/PrivilegedActionException'> (0x00000000eadc4cf8) thrown at [D:\re\workspace\8-2-build-windows-amd64-cygwin\jdk8u25\1677\hotspot\src\share\vm\prims\jvm.cpp, line 1312]
Event: 1.168 Thread 0x000000000314d800 Exception <a 'java/security/PrivilegedActionException'> (0x00000000eadc8170) thrown at [D:\re\workspace\8-2-build-windows-amd64-cygwin\jdk8u25\1677\hotspot\src\share\vm\prims\jvm.cpp, line 1312]
Event: 1.169 Thread 0x000000000314d800 Exception <a 'java/security/PrivilegedActionException'> (0x00000000eadcc318) thrown at [D:\re\workspace\8-2-build-windows-amd64-cygwin\jdk8u25\1677\hotspot\src\share\vm\prims\jvm.cpp, line 1312]
Event: 1.419 Thread 0x000000000314d800 Exception <a 'java/security/PrivilegedActionException'> (0x00000000eade0210) thrown at [D:\re\workspace\8-2-build-windows-amd64-cygwin\jdk8u25\1677\hotspot\src\share\vm\prims\jvm.cpp, line 1312]

Events (10 events):
Event: 1.169 loading class com/android/dx/command/dexer/Main$ClassDefItemConsumer
Event: 1.169 loading class com/android/dx/command/dexer/Main$ClassDefItemConsumer done
Event: 1.170 Thread 0x00000000083c5000 Thread added: 0x00000000083c5000
Event: 1.170 loading class java/util/concurrent/ThreadLocalRandom
Event: 1.170 loading class java/util/concurrent/locks/LockSupport
Event: 1.171 loading class java/util/concurrent/locks/LockSupport done
Event: 1.171 loading class java/util/Random
Event: 1.171 loading class sun/nio/ch/Interruptible
Event: 1.419 loading class com/android/dx/rop/type/Prototype
Event: 1.419 loading class com/android/dx/rop/type/Prototype done


Dynamic libraries:
0x00007ff7a4620000 - 0x00007ff7a4654000 	C:\Program Files\Java\jdk1.8.0_25\bin\java.exe
0x00007ffee9cd0000 - 0x00007ffee9e7c000 	C:\Windows\SYSTEM32\ntdll.dll
0x00007ffee9b90000 - 0x00007ffee9cce000 	C:\Windows\system32\KERNEL32.DLL
0x00007ffee7240000 - 0x00007ffee7355000 	C:\Windows\system32\KERNELBASE.dll
0x00007ffee57f0000 - 0x00007ffee587e000 	C:\Windows\system32\apphelp.dll
0x00007ffee1130000 - 0x00007ffee1183000 	C:\Windows\AppPatch\AppPatch64\AcGenral.DLL
0x00007ffee7370000 - 0x00007ffee741a000 	C:\Windows\system32\msvcrt.dll
0x00007ffee6ca0000 - 0x00007ffee6cce000 	C:\Windows\SYSTEM32\SspiCli.dll
0x00007ffee9b30000 - 0x00007ffee9b84000 	C:\Windows\system32\SHLWAPI.dll
0x00007ffee75e0000 - 0x00007ffee7757000 	C:\Windows\system32\USER32.dll
0x00007ffee7bb0000 - 0x00007ffee7d44000 	C:\Windows\system32\ole32.dll
0x00007ffee8240000 - 0x00007ffee9759000 	C:\Windows\system32\SHELL32.dll
0x00007ffee63a0000 - 0x00007ffee63c1000 	C:\Windows\SYSTEM32\USERENV.dll
0x00007ffee7ea0000 - 0x00007ffee7f4a000 	C:\Windows\system32\ADVAPI32.dll
0x00007ffedec20000 - 0x00007ffedec3e000 	C:\Windows\SYSTEM32\MPR.dll
0x00007ffee7d50000 - 0x00007ffee7e91000 	C:\Windows\system32\RPCRT4.dll
0x00007ffee9ad0000 - 0x00007ffee9b29000 	C:\Windows\SYSTEM32\sechost.dll
0x00007ffee77b0000 - 0x00007ffee79c1000 	C:\Windows\SYSTEM32\combase.dll
0x00007ffee9960000 - 0x00007ffee9aaf000 	C:\Windows\system32\GDI32.dll
0x00007ffee6e30000 - 0x00007ffee6e45000 	C:\Windows\SYSTEM32\profapi.dll
0x00007ffee5880000 - 0x00007ffee5932000 	C:\Windows\SYSTEM32\SHCORE.dll
0x00007ffee7760000 - 0x00007ffee7796000 	C:\Windows\system32\IMM32.DLL
0x00007ffee8070000 - 0x00007ffee81c2000 	C:\Windows\system32\MSCTF.dll
0x00007ffee6df0000 - 0x00007ffee6e1f000 	C:\Windows\system32\nvinitx.dll
0x000000000f000000 - 0x000000000f006000 	C:\Program Files\NVIDIA Corporation\CoProcManager\_etoured.dll
0x00007ffee55e0000 - 0x00007ffee5613000 	C:\Program Files\NVIDIA Corporation\CoProcManager\nvd3d9wrapx.dll
0x00007ffee79d0000 - 0x00007ffee7baa000 	C:\Windows\system32\SETUPAPI.dll
0x00007ffee6f00000 - 0x00007ffee6f4f000 	C:\Windows\system32\CFGMGR32.dll
0x00007ffee5520000 - 0x00007ffee5543000 	C:\Program Files\NVIDIA Corporation\CoProcManager\nvdxgiwrapx.dll
0x00007ffee50b0000 - 0x00007ffee532a000 	C:\Windows\WinSxS\amd64_microsoft.windows.common-controls_6595b64144ccf1df_6.0.9600.17810_none_6240b9c7ecbd0bda\COMCTL32.dll
0x000000005ae50000 - 0x000000005af22000 	C:\Program Files\Java\jdk1.8.0_25\jre\bin\msvcr100.dll
0x000000005b1f0000 - 0x000000005ba4a000 	C:\Program Files\Java\jdk1.8.0_25\jre\bin\server\jvm.dll
0x00007ffee0c80000 - 0x00007ffee0c89000 	C:\Windows\SYSTEM32\WSOCK32.dll
0x00007ffee5330000 - 0x00007ffee5352000 	C:\Windows\SYSTEM32\WINMM.dll
0x00007ffee75d0000 - 0x00007ffee75d7000 	C:\Windows\system32\PSAPI.DLL
0x00007ffee9770000 - 0x00007ffee97ca000 	C:\Windows\system32\WS2_32.dll
0x00007ffee5040000 - 0x00007ffee506a000 	C:\Windows\SYSTEM32\WINMMBASE.dll
0x00007ffee7360000 - 0x00007ffee7369000 	C:\Windows\system32\NSI.dll
0x00007ffee5b30000 - 0x00007ffee5b58000 	C:\Windows\SYSTEM32\DEVOBJ.dll
0x000000005c980000 - 0x000000005c98f000 	C:\Program Files\Java\jdk1.8.0_25\jre\bin\verify.dll
0x000000005c950000 - 0x000000005c978000 	C:\Program Files\Java\jdk1.8.0_25\jre\bin\java.dll
0x000000005c930000 - 0x000000005c946000 	C:\Program Files\Java\jdk1.8.0_25\jre\bin\zip.dll
0x00007ffed8e80000 - 0x00007ffed9009000 	C:\Windows\SYSTEM32\dbghelp.dll
0x000000005c910000 - 0x000000005c92a000 	C:\Program Files\Java\jdk1.8.0_25\jre\bin\net.dll

VM Arguments:
jvm_args: -Djava.awt.headless=true -Xmx1024M -Dfile.encoding=windows-1252 -Duser.country=US -Duser.language=en -Duser.variant 
java_command: com.android.dx.command.Main --dex --force-jumbo --num-threads=4 --multi-dex --output E:\Anavel\Anavel\app\build\intermediates\transforms\dex\debug\folders\1000\5\slice_1 E:\Anavel\Anavel\app\build\intermediates\transforms\instantRunSlicer\debug\folders\1\5\slice_1
java_class_path (initial): C:\Users\Vostro\AppData\Local\Android\sdk\build-tools\23.0.3\lib\dx.jar
Launcher Type: SUN_STANDARD

Environment Variables:
PATH=C:\MinGW\bin;C:\MinGW\libexec\gcc\x86_64-pc-mingw32\4.9.1;C:\MinGW\gcc\bin;C:\MinGW\gcc\libexec\gcc\x86_64-pc-mingw32\4.9.1;C:\ProgramData\Oracle\Java\javapath;C:\Program Files (x86)\NVIDIA Corporation\PhysX\Common;C:\Program Files (x86)\Intel\iCLS Client\;C:\Program Files\Intel\iCLS Client\;C:\Windows\system32;C:\Windows;C:\Windows\System32\Wbem;C:\Windows\System32\WindowsPowerShell\v1.0\;C:\Program Files\Intel\Intel(R) Management Engine Components\DAL;C:\Program Files\Intel\Intel(R) Management Engine Components\IPT;C:\Program Files (x86)\Intel\Intel(R) Management Engine Components\DAL;C:\Program Files (x86)\Intel\Intel(R) Management Engine Components\IPT;C:\Program Files (x86)\Intel\OpenCL SDK\3.0\bin\x86;C:\Program Files (x86)\Intel\OpenCL SDK\3.0\bin\x64;C:\Program Files (x86)\Windows Kits\8.1\Windows Performance Toolkit\;C:\Program Files\Microsoft SQL Server\110\Tools\Binn\;C:\Program Files (x86)\Microsoft SQL Server\110\Tools\Binn\ManagementStudio\;C:\Program Files (x86)\Microsoft SQL Server\110\Tools\Binn\;C:\Program Files (x86)\Microsoft SQL Server\110\DTS\Binn\;C:\Program Files\Microsoft SQL Server\110\DTS\Binn\;C:\OpenCV2410\opencv\build\x64\vc12\bin;C:\Program Files (x86)\Microsoft SDKs\TypeScript\1.0\;C:\Program Files\Microsoft SQL Server\120\Tools\Binn\;C:\Emgu\emgucv-windows-universal 3.0.0.2157\bin\x86;C:\Program Files (x86)\GtkSharp\2.12\bin;C:\Anaconda2;C:\Anaconda2\Scripts;C:\Anaconda2\Library\bin
USERNAME=Vostro
OS=Windows_NT
PROCESSOR_IDENTIFIER=Intel64 Family 6 Model 69 Stepping 1, GenuineIntel



---------------  S Y S T E M  ---------------

OS: Windows 8.1 , 64 bit Build 9600 

CPU:total 4 (2 cores per cpu, 2 threads per core) family 6 model 69 stepping 1, cmov, cx8, fxsr, mmx, sse, sse2, sse3, ssse3, sse4.1, sse4.2, popcnt, avx, avx2, aes, clmul, erms, lzcnt, ht, tsc, tscinvbit, bmi1, bmi2

Memory: 4k page, physical 4099864k(296448k free), swap 10757600k(279116k free)

vm_info: Java HotSpot(TM) 64-Bit Server VM (25.25-b02) for windows-amd64 JRE (1.8.0_25-b18), built on Oct  7 2014 14:25:37 by "java_re" with MS VC++ 10.0 (VS2010)

time: Fri Aug 19 23:47:06 2016
elapsed time: 1 seconds (0d 0h 0m 1s)

