#
# There is insufficient memory for the Java Runtime Environment to continue.
# Native memory allocation (malloc) failed to allocate 401616 bytes for Chunk::new
# Possible reasons:
#   The system is out of physical RAM or swap space
#   In 32 bit mode, the process size limit was hit
# Possible solutions:
#   Reduce memory load on the system
#   Increase physical memory or swap space
#   Check if swap backing store is full
#   Use 64 bit Java on a 64 bit OS
#   Decrease Java heap size (-Xmx/-Xms)
#   Decrease number of Java threads
#   Decrease Java thread stack sizes (-Xss)
#   Set larger code cache with -XX:ReservedCodeCacheSize=
# This output file may be truncated or incomplete.
#
#  Out of Memory Error (allocation.cpp:390), pid=532, tid=9632
#
# JRE version: Java(TM) SE Runtime Environment (8.0_25-b18) (build 1.8.0_25-b18)
# Java VM: Java HotSpot(TM) 64-Bit Server VM (25.25-b02 mixed mode windows-amd64 compressed oops)
# Failed to write core dump. Minidumps are not enabled by default on client versions of Windows
#

---------------  T H R E A D  ---------------

Current thread (0x000000000618b000):  JavaThread "C2 CompilerThread0" daemon [_thread_in_native, id=9632, stack(0x00000000076f0000,0x00000000077f0000)]

Stack: [0x00000000076f0000,0x00000000077f0000]
Native frames: (J=compiled Java code, j=interpreted, Vv=VM code, C=native code)
V  [jvm.dll+0x31667a]


Current CompileTask:
C2:  11377  847       4       com.android.dx.ssa.back.LivenessAnalyzer::handleTailRecursion (94 bytes)


---------------  P R O C E S S  ---------------

Java Threads: ( => current thread )
  0x0000000007d43800 JavaThread "pool-2-thread-1" [_thread_blocked, id=4188, stack(0x00000000080f0000,0x00000000081f0000)]
  0x0000000007d3a000 JavaThread "pool-1-thread-1" [_thread_in_Java, id=8228, stack(0x0000000007ff0000,0x00000000080f0000)]
  0x00000000061eb800 JavaThread "Service Thread" daemon [_thread_blocked, id=5768, stack(0x00000000079f0000,0x0000000007af0000)]
  0x00000000061e1000 JavaThread "C1 CompilerThread2" daemon [_thread_blocked, id=9796, stack(0x00000000078f0000,0x00000000079f0000)]
  0x00000000061de000 JavaThread "C2 CompilerThread1" daemon [_thread_blocked, id=8304, stack(0x00000000077f0000,0x00000000078f0000)]
=>0x000000000618b000 JavaThread "C2 CompilerThread0" daemon [_thread_in_native, id=9632, stack(0x00000000076f0000,0x00000000077f0000)]
  0x0000000006189800 JavaThread "Attach Listener" daemon [_thread_blocked, id=3208, stack(0x00000000075f0000,0x00000000076f0000)]
  0x0000000006188800 JavaThread "Signal Dispatcher" daemon [_thread_blocked, id=9660, stack(0x00000000074f0000,0x00000000075f0000)]
  0x00000000029f5000 JavaThread "Finalizer" daemon [_thread_blocked, id=4260, stack(0x00000000073f0000,0x00000000074f0000)]
  0x0000000006158000 JavaThread "Reference Handler" daemon [_thread_blocked, id=4172, stack(0x00000000072f0000,0x00000000073f0000)]
  0x0000000002abd800 JavaThread "main" [_thread_blocked, id=6068, stack(0x00000000009e0000,0x0000000000ae0000)]

Other Threads:
  0x0000000006156000 VMThread [stack: 0x00000000071f0000,0x00000000072f0000] [id=5244]
  0x00000000061ee000 WatcherThread [stack: 0x0000000007af0000,0x0000000007bf0000] [id=3424]

VM state:not at safepoint (normal execution)

VM Mutex/Monitor currently owned by a thread: None

Heap:
 PSYoungGen      total 18944K, used 16020K [0x00000000eab00000, 0x00000000ec000000, 0x0000000100000000)
  eden space 16384K, 82% used [0x00000000eab00000,0x00000000eb82d228,0x00000000ebb00000)
  from space 2560K, 98% used [0x00000000ebd80000,0x00000000ebff8018,0x00000000ec000000)
  to   space 2560K, 0% used [0x00000000ebb00000,0x00000000ebb00000,0x00000000ebd80000)
 ParOldGen       total 30720K, used 3150K [0x00000000c0000000, 0x00000000c1e00000, 0x00000000eab00000)
  object space 30720K, 10% used [0x00000000c0000000,0x00000000c0313af0,0x00000000c1e00000)
 Metaspace       used 5852K, capacity 6896K, committed 7040K, reserved 1058816K
  class space    used 594K, capacity 616K, committed 640K, reserved 1048576K

Card table byte_map: [0x0000000002e80000,0x0000000003090000] byte_map_base: 0x0000000002880000

Marking Bits: (ParMarkBitMap*) 0x000000005b9cd490
 Begin Bits: [0x00000000035f0000, 0x00000000045f0000)
 End Bits:   [0x00000000045f0000, 0x00000000055f0000)

Polling page: 0x0000000000840000

CodeCache: size=245760Kb used=4021Kb max_used=4034Kb free=241738Kb
 bounds [0x000000000f010000, 0x000000000f410000, 0x000000001e010000]
 total_blobs=1301 nmethods=1036 adapters=178
 compilation: disabled (not enough contiguous free space left)

Compilation events (10 events):
Event: 11.102 Thread 0x00000000061de000 nmethod 870 0x000000000f345350 code [0x000000000f345480, 0x000000000f345538]
Event: 11.102 Thread 0x00000000061de000  850       4       com.android.dx.ssa.back.LivenessAnalyzer::liveOutAtStatement (61 bytes)
Event: 11.107 Thread 0x00000000061e1000 nmethod 861 0x000000000f36fe10 code [0x000000000f36ffa0, 0x000000000f3704f8]
Event: 11.107 Thread 0x00000000061e1000  879       2       java.util.Collections$UnmodifiableCollection$1::hasNext (10 bytes)
Event: 11.107 Thread 0x00000000061e1000 nmethod 879 0x000000000f36fa90 code [0x000000000f36fc00, 0x000000000f36fd88]
Event: 11.107 Thread 0x00000000061e1000  883       1       com.android.dx.rop.cst.CstInteger::getType (4 bytes)
Event: 11.107 Thread 0x00000000061e1000 nmethod 883 0x000000000f353650 code [0x000000000f3537a0, 0x000000000f3538b0]
Event: 11.107 Thread 0x00000000061e1000  899       1       com.android.dx.rop.type.Type::isConstant (2 bytes)
Event: 11.107 Thread 0x00000000061e1000 nmethod 899 0x000000000f368450 code [0x000000000f3685a0, 0x000000000f3686b0]
Event: 11.107 Thread 0x00000000061e1000  864       3       com.android.dx.rop.code.RopMethod::calcPredecessors (227 bytes)

GC Heap History (4 events):
Event: 10.401 GC heap before
{Heap before GC invocations=1 (full 0):
 PSYoungGen      total 18944K, used 7320K [0x00000000eab00000, 0x00000000ec000000, 0x0000000100000000)
  eden space 16384K, 44% used [0x00000000eab00000,0x00000000eb226148,0x00000000ebb00000)
  from space 2560K, 0% used [0x00000000ebd80000,0x00000000ebd80000,0x00000000ec000000)
  to   space 2560K, 0% used [0x00000000ebb00000,0x00000000ebb00000,0x00000000ebd80000)
 ParOldGen       total 44032K, used 0K [0x00000000c0000000, 0x00000000c2b00000, 0x00000000eab00000)
  object space 44032K, 0% used [0x00000000c0000000,0x00000000c0000000,0x00000000c2b00000)
 Metaspace       used 4409K, capacity 5584K, committed 5760K, reserved 1060864K
  class space    used 489K, capacity 520K, committed 640K, reserved 1048576K
Event: 10.448 GC heap after
Heap after GC invocations=1 (full 0):
 PSYoungGen      total 18944K, used 2284K [0x00000000eab00000, 0x00000000ec000000, 0x0000000100000000)
  eden space 16384K, 0% used [0x00000000eab00000,0x00000000eab00000,0x00000000ebb00000)
  from space 2560K, 89% used [0x00000000ebb00000,0x00000000ebd3b078,0x00000000ebd80000)
  to   space 2560K, 0% used [0x00000000ebd80000,0x00000000ebd80000,0x00000000ec000000)
 ParOldGen       total 44032K, used 8K [0x00000000c0000000, 0x00000000c2b00000, 0x00000000eab00000)
  object space 44032K, 0% used [0x00000000c0000000,0x00000000c0002000,0x00000000c2b00000)
 Metaspace       used 4409K, capacity 5584K, committed 5760K, reserved 1060864K
  class space    used 489K, capacity 520K, committed 640K, reserved 1048576K
}
Event: 10.448 GC heap before
{Heap before GC invocations=2 (full 1):
 PSYoungGen      total 18944K, used 2284K [0x00000000eab00000, 0x00000000ec000000, 0x0000000100000000)
  eden space 16384K, 0% used [0x00000000eab00000,0x00000000eab00000,0x00000000ebb00000)
  from space 2560K, 89% used [0x00000000ebb00000,0x00000000ebd3b078,0x00000000ebd80000)
  to   space 2560K, 0% used [0x00000000ebd80000,0x00000000ebd80000,0x00000000ec000000)
 ParOldGen       total 44032K, used 8K [0x00000000c0000000, 0x00000000c2b00000, 0x00000000eab00000)
  object space 44032K, 0% used [0x00000000c0000000,0x00000000c0002000,0x00000000c2b00000)
 Metaspace       used 4409K, capacity 5584K, committed 5760K, reserved 1060864K
  class space    used 489K, capacity 520K, committed 640K, reserved 1048576K
Event: 10.561 GC heap after
Heap after GC invocations=2 (full 1):
 PSYoungGen      total 18944K, used 0K [0x00000000eab00000, 0x00000000ec000000, 0x0000000100000000)
  eden space 16384K, 0% used [0x00000000eab00000,0x00000000eab00000,0x00000000ebb00000)
  from space 2560K, 0% used [0x00000000ebb00000,0x00000000ebb00000,0x00000000ebd80000)
  to   space 2560K, 0% used [0x00000000ebd80000,0x00000000ebd80000,0x00000000ec000000)
 ParOldGen       total 30720K, used 2127K [0x00000000c0000000, 0x00000000c1e00000, 0x00000000eab00000)
  object space 30720K, 6% used [0x00000000c0000000,0x00000000c0213c60,0x00000000c1e00000)
 Metaspace       used 4409K, capacity 5584K, committed 5760K, reserved 1058816K
  class space    used 489K, capacity 520K, committed 640K, reserved 1048576K
}

Deoptimization events (1 events):
Event: 11.072 Thread 0x0000000007d44000 Uncommon trap: reason=unreached action=reinterpret pc=0x000000000f2c9d9c method=com.android.dx.rop.cst.Constant.compareTo(Lcom/android/dx/rop/cst/Constant;)I @ 12

Internal exceptions (10 events):
Event: 10.743 Thread 0x0000000007e20000 Exception <a 'java/security/PrivilegedActionException'> (0x00000000eaf83ec0) thrown at [D:\re\workspace\8-2-build-windows-amd64-cygwin\jdk8u25\1677\hotspot\src\share\vm\prims\jvm.cpp, line 1312]
Event: 10.744 Thread 0x0000000007e20000 Exception <a 'java/security/PrivilegedActionException'> (0x00000000eaf8cba8) thrown at [D:\re\workspace\8-2-build-windows-amd64-cygwin\jdk8u25\1677\hotspot\src\share\vm\prims\jvm.cpp, line 1312]
Event: 10.745 Thread 0x0000000007d3a000 Exception <a 'java/security/PrivilegedActionException'> (0x00000000eac28358) thrown at [D:\re\workspace\8-2-build-windows-amd64-cygwin\jdk8u25\1677\hotspot\src\share\vm\prims\jvm.cpp, line 1312]
Event: 10.745 Thread 0x0000000002abd800 Exception <a 'java/security/PrivilegedActionException'> (0x00000000eae5d290) thrown at [D:\re\workspace\8-2-build-windows-amd64-cygwin\jdk8u25\1677\hotspot\src\share\vm\prims\jvm.cpp, line 1312]
Event: 10.746 Thread 0x0000000007d3a000 Exception <a 'java/security/PrivilegedActionException'> (0x00000000eac2bc78) thrown at [D:\re\workspace\8-2-build-windows-amd64-cygwin\jdk8u25\1677\hotspot\src\share\vm\prims\jvm.cpp, line 1312]
Event: 10.769 Thread 0x0000000007d44000 Exception <a 'java/security/PrivilegedActionException'> (0x00000000eb10ecd8) thrown at [D:\re\workspace\8-2-build-windows-amd64-cygwin\jdk8u25\1677\hotspot\src\share\vm\prims\jvm.cpp, line 1312]
Event: 10.785 Thread 0x0000000007e20000 Exception <a 'java/security/PrivilegedActionException'> (0x00000000eafb2428) thrown at [D:\re\workspace\8-2-build-windows-amd64-cygwin\jdk8u25\1677\hotspot\src\share\vm\prims\jvm.cpp, line 1312]
Event: 10.808 Thread 0x0000000007d3a000 Exception <a 'java/security/PrivilegedActionException'> (0x00000000eb292528) thrown at [D:\re\workspace\8-2-build-windows-amd64-cygwin\jdk8u25\1677\hotspot\src\share\vm\prims\jvm.cpp, line 1312]
Event: 10.809 Thread 0x0000000007d3a000 Exception <a 'java/security/PrivilegedActionException'> (0x00000000eb297f70) thrown at [D:\re\workspace\8-2-build-windows-amd64-cygwin\jdk8u25\1677\hotspot\src\share\vm\prims\jvm.cpp, line 1312]
Event: 10.942 Thread 0x0000000007d3a000 Exception <a 'java/security/PrivilegedActionException'> (0x00000000eb29d780) thrown at [D:\re\workspace\8-2-build-windows-amd64-cygwin\jdk8u25\1677\hotspot\src\share\vm\prims\jvm.cpp, line 1312]

Events (10 events):
Event: 11.021 loading class java/util/HashMap$KeyIterator done
Event: 11.072 Thread 0x0000000007d44000 Uncommon trap: trap_request=0xffffffad fr.pc=0x000000000f2c9d9c
Event: 11.072 Thread 0x0000000007d44000 DEOPT PACKING pc=0x000000000f2c9d9c sp=0x00000000082eeab0
Event: 11.072 Thread 0x0000000007d44000 DEOPT UNPACKING pc=0x000000000f05556a sp=0x00000000082eea50 mode 2
Event: 11.085 loading class java/util/TreeMap$EntrySet
Event: 11.086 loading class java/util/TreeMap$EntrySet done
Event: 11.086 loading class java/util/TreeMap$EntryIterator
Event: 11.086 loading class java/util/TreeMap$EntryIterator done
Event: 11.086 Executing VM operation: Deoptimize
Event: 11.086 Executing VM operation: Deoptimize done


Dynamic libraries:
0x00007ff7effe0000 - 0x00007ff7f0014000 	C:\Program Files\Java\jdk1.8.0_25\bin\java.exe
0x00007ffee9cd0000 - 0x00007ffee9e7c000 	C:\Windows\SYSTEM32\ntdll.dll
0x00007ffee9b90000 - 0x00007ffee9cce000 	C:\Windows\system32\KERNEL32.DLL
0x00007ffee7240000 - 0x00007ffee7355000 	C:\Windows\system32\KERNELBASE.dll
0x00007ffee57f0000 - 0x00007ffee587e000 	C:\Windows\system32\apphelp.dll
0x00007ffed9bc0000 - 0x00007ffed9c13000 	C:\Windows\AppPatch\AppPatch64\AcGenral.DLL
0x00007ffee7370000 - 0x00007ffee741a000 	C:\Windows\system32\msvcrt.dll
0x00007ffee6ca0000 - 0x00007ffee6cce000 	C:\Windows\SYSTEM32\SspiCli.dll
0x00007ffee9b30000 - 0x00007ffee9b84000 	C:\Windows\system32\SHLWAPI.dll
0x00007ffee75e0000 - 0x00007ffee7757000 	C:\Windows\system32\USER32.dll
0x00007ffee7bb0000 - 0x00007ffee7d44000 	C:\Windows\system32\ole32.dll
0x00007ffee8240000 - 0x00007ffee9759000 	C:\Windows\system32\SHELL32.dll
0x00007ffee63a0000 - 0x00007ffee63c1000 	C:\Windows\SYSTEM32\USERENV.dll
0x00007ffee7ea0000 - 0x00007ffee7f4a000 	C:\Windows\system32\ADVAPI32.dll
0x00007ffedec20000 - 0x00007ffedec3e000 	C:\Windows\SYSTEM32\MPR.dll
0x00007ffee7d50000 - 0x00007ffee7e91000 	C:\Windows\system32\RPCRT4.dll
0x00007ffee9ad0000 - 0x00007ffee9b29000 	C:\Windows\SYSTEM32\sechost.dll
0x00007ffee77b0000 - 0x00007ffee79c1000 	C:\Windows\SYSTEM32\combase.dll
0x00007ffee9960000 - 0x00007ffee9aaf000 	C:\Windows\system32\GDI32.dll
0x00007ffee6e30000 - 0x00007ffee6e45000 	C:\Windows\SYSTEM32\profapi.dll
0x00007ffee5880000 - 0x00007ffee5932000 	C:\Windows\SYSTEM32\SHCORE.dll
0x00007ffee7760000 - 0x00007ffee7796000 	C:\Windows\system32\IMM32.DLL
0x00007ffee8070000 - 0x00007ffee81c2000 	C:\Windows\system32\MSCTF.dll
0x00007ffee6df0000 - 0x00007ffee6e1f000 	C:\Windows\system32\nvinitx.dll
0x000000000f000000 - 0x000000000f006000 	C:\Program Files\NVIDIA Corporation\CoProcManager\_etoured.dll
0x00007ffee5480000 - 0x00007ffee54b3000 	C:\Program Files\NVIDIA Corporation\CoProcManager\nvd3d9wrapx.dll
0x00007ffee79d0000 - 0x00007ffee7baa000 	C:\Windows\system32\SETUPAPI.dll
0x00007ffee6f00000 - 0x00007ffee6f4f000 	C:\Windows\system32\CFGMGR32.dll
0x00007ffee56b0000 - 0x00007ffee56d3000 	C:\Program Files\NVIDIA Corporation\CoProcManager\nvdxgiwrapx.dll
0x00007ffee50b0000 - 0x00007ffee532a000 	C:\Windows\WinSxS\amd64_microsoft.windows.common-controls_6595b64144ccf1df_6.0.9600.17810_none_6240b9c7ecbd0bda\COMCTL32.dll
0x000000005ade0000 - 0x000000005aeb2000 	C:\Program Files\Java\jdk1.8.0_25\jre\bin\msvcr100.dll
0x000000005b1f0000 - 0x000000005ba4a000 	C:\Program Files\Java\jdk1.8.0_25\jre\bin\server\jvm.dll
0x00007ffee0c80000 - 0x00007ffee0c89000 	C:\Windows\SYSTEM32\WSOCK32.dll
0x00007ffee5330000 - 0x00007ffee5352000 	C:\Windows\SYSTEM32\WINMM.dll
0x00007ffee75d0000 - 0x00007ffee75d7000 	C:\Windows\system32\PSAPI.DLL
0x00007ffee9770000 - 0x00007ffee97ca000 	C:\Windows\system32\WS2_32.dll
0x00007ffee5040000 - 0x00007ffee506a000 	C:\Windows\SYSTEM32\WINMMBASE.dll
0x00007ffee7360000 - 0x00007ffee7369000 	C:\Windows\system32\NSI.dll
0x00007ffee5b30000 - 0x00007ffee5b58000 	C:\Windows\SYSTEM32\DEVOBJ.dll
0x000000005c710000 - 0x000000005c71f000 	C:\Program Files\Java\jdk1.8.0_25\jre\bin\verify.dll
0x000000005bcc0000 - 0x000000005bce8000 	C:\Program Files\Java\jdk1.8.0_25\jre\bin\java.dll
0x000000005bf60000 - 0x000000005bf76000 	C:\Program Files\Java\jdk1.8.0_25\jre\bin\zip.dll

VM Arguments:
jvm_args: -Djava.awt.headless=true -Xmx1024M -Dfile.encoding=windows-1252 -Duser.country=US -Duser.language=en -Duser.variant 
java_command: com.android.dx.command.Main --dex --force-jumbo --num-threads=4 --output E:\Anavel\Anavel\app\build\intermediates\pre-dexed\debug\com.android.support-support-vector-drawable-23.3.0_f1a5b168a566923d0d73a8209ab4fafb6a246402.jar E:\Anavel\Anavel\app\build\intermediates\exploded-aar\com.android.support\support-vector-drawable\23.3.0\jars\classes.jar
java_class_path (initial): C:\Users\Vostro\AppData\Local\Android\sdk\build-tools\23.0.3\lib\dx.jar
Launcher Type: SUN_STANDARD

Environment Variables:
PATH=C:\MinGW\bin;C:\MinGW\libexec\gcc\x86_64-pc-mingw32\4.9.1;C:\MinGW\gcc\bin;C:\MinGW\gcc\libexec\gcc\x86_64-pc-mingw32\4.9.1;C:\ProgramData\Oracle\Java\javapath;C:\Program Files (x86)\NVIDIA Corporation\PhysX\Common;C:\Program Files (x86)\Intel\iCLS Client\;C:\Program Files\Intel\iCLS Client\;C:\Windows\system32;C:\Windows;C:\Windows\System32\Wbem;C:\Windows\System32\WindowsPowerShell\v1.0\;C:\Program Files\Intel\Intel(R) Management Engine Components\DAL;C:\Program Files\Intel\Intel(R) Management Engine Components\IPT;C:\Program Files (x86)\Intel\Intel(R) Management Engine Components\DAL;C:\Program Files (x86)\Intel\Intel(R) Management Engine Components\IPT;C:\Program Files (x86)\Intel\OpenCL SDK\3.0\bin\x86;C:\Program Files (x86)\Intel\OpenCL SDK\3.0\bin\x64;C:\Program Files (x86)\Windows Kits\8.1\Windows Performance Toolkit\;C:\Program Files\Microsoft SQL Server\110\Tools\Binn\;C:\Program Files (x86)\Microsoft SQL Server\110\Tools\Binn\ManagementStudio\;C:\Program Files (x86)\Microsoft SQL Server\110\Tools\Binn\;C:\Program Files (x86)\Microsoft SQL Server\110\DTS\Binn\;C:\Program Files\Microsoft SQL Server\110\DTS\Binn\;C:\OpenCV2410\opencv\build\x64\vc12\bin;C:\Program Files (x86)\Microsoft SDKs\TypeScript\1.0\;C:\Program Files\Microsoft SQL Server\120\Tools\Binn\;C:\Emgu\emgucv-windows-universal 3.0.0.2157\bin\x86;C:\Program Files (x86)\GtkSharp\2.12\bin;C:\Anaconda2;C:\Anaconda2\Scripts;C:\Anaconda2\Library\bin
USERNAME=Vostro
OS=Windows_NT
PROCESSOR_IDENTIFIER=Intel64 Family 6 Model 69 Stepping 1, GenuineIntel



---------------  S Y S T E M  ---------------

OS: Windows 8.1 , 64 bit Build 9600 

CPU:total 4 (2 cores per cpu, 2 threads per core) family 6 model 69 stepping 1, cmov, cx8, fxsr, mmx, sse, sse2, sse3, ssse3, sse4.1, sse4.2, popcnt, avx, avx2, aes, clmul, erms, lzcnt, ht, tsc, tscinvbit, bmi1, bmi2

Memory: 4k page, physical 4099864k(361868k free), swap 10757600k(12904k free)

vm_info: Java HotSpot(TM) 64-Bit Server VM (25.25-b02) for windows-amd64 JRE (1.8.0_25-b18), built on Oct  7 2014 14:25:37 by "java_re" with MS VC++ 10.0 (VS2010)

time: Thu Aug 18 09:15:58 2016
elapsed time: 11 seconds (0d 0h 0m 11s)

