#
# There is insufficient memory for the Java Runtime Environment to continue.
# Native memory allocation (malloc) failed to allocate 281056 bytes for Chunk::new
# Possible reasons:
#   The system is out of physical RAM or swap space
#   In 32 bit mode, the process size limit was hit
# Possible solutions:
#   Reduce memory load on the system
#   Increase physical memory or swap space
#   Check if swap backing store is full
#   Use 64 bit Java on a 64 bit OS
#   Decrease Java heap size (-Xmx/-Xms)
#   Decrease number of Java threads
#   Decrease Java thread stack sizes (-Xss)
#   Set larger code cache with -XX:ReservedCodeCacheSize=
# This output file may be truncated or incomplete.
#
#  Out of Memory Error (allocation.cpp:390), pid=3608, tid=8852
#
# JRE version: Java(TM) SE Runtime Environment (8.0_25-b18) (build 1.8.0_25-b18)
# Java VM: Java HotSpot(TM) 64-Bit Server VM (25.25-b02 mixed mode windows-amd64 compressed oops)
# Failed to write core dump. Minidumps are not enabled by default on client versions of Windows
#

---------------  T H R E A D  ---------------

Current thread (0x0000000005d6d000):  JavaThread "C2 CompilerThread0" daemon [_thread_in_native, id=8852, stack(0x00000000072d0000,0x00000000073d0000)]

Stack: [0x00000000072d0000,0x00000000073d0000]
Native frames: (J=compiled Java code, j=interpreted, Vv=VM code, C=native code)
V  [jvm.dll+0x31667a]


Current CompileTask:
C2:   1275  160       4       java.util.regex.Pattern::compile (406 bytes)


---------------  P R O C E S S  ---------------

Java Threads: ( => current thread )
  0x0000000005dcb800 JavaThread "Service Thread" daemon [_thread_blocked, id=3596, stack(0x00000000075d0000,0x00000000076d0000)]
  0x0000000005dc4000 JavaThread "C1 CompilerThread2" daemon [_thread_blocked, id=6480, stack(0x00000000074d0000,0x00000000075d0000)]
  0x0000000005dc1800 JavaThread "C2 CompilerThread1" daemon [_thread_in_native, id=8624, stack(0x00000000073d0000,0x00000000074d0000)]
=>0x0000000005d6d000 JavaThread "C2 CompilerThread0" daemon [_thread_in_native, id=8852, stack(0x00000000072d0000,0x00000000073d0000)]
  0x0000000005d6b800 JavaThread "Attach Listener" daemon [_thread_blocked, id=8876, stack(0x00000000071d0000,0x00000000072d0000)]
  0x0000000005d6a000 JavaThread "Signal Dispatcher" daemon [_thread_blocked, id=5880, stack(0x00000000070d0000,0x00000000071d0000)]
  0x000000000261f800 JavaThread "Finalizer" daemon [_thread_blocked, id=8532, stack(0x0000000006fd0000,0x00000000070d0000)]
  0x000000000261c000 JavaThread "Reference Handler" daemon [_thread_blocked, id=3896, stack(0x0000000006ed0000,0x0000000006fd0000)]
  0x000000000269d800 JavaThread "main" [_thread_in_native, id=3448, stack(0x00000000023e0000,0x00000000024e0000)]

Other Threads:
  0x0000000005d36000 VMThread [stack: 0x0000000006dd0000,0x0000000006ed0000] [id=4624]
  0x0000000005dce000 WatcherThread [stack: 0x00000000076d0000,0x00000000077d0000] [id=7172]

VM state:not at safepoint (normal execution)

VM Mutex/Monitor currently owned by a thread: None

Heap:
 PSYoungGen      total 18944K, used 8229K [0x00000000eab00000, 0x00000000ec000000, 0x0000000100000000)
  eden space 16384K, 50% used [0x00000000eab00000,0x00000000eb309488,0x00000000ebb00000)
  from space 2560K, 0% used [0x00000000ebd80000,0x00000000ebd80000,0x00000000ec000000)
  to   space 2560K, 0% used [0x00000000ebb00000,0x00000000ebb00000,0x00000000ebd80000)
 ParOldGen       total 44032K, used 0K [0x00000000c0000000, 0x00000000c2b00000, 0x00000000eab00000)
  object space 44032K, 0% used [0x00000000c0000000,0x00000000c0000000,0x00000000c2b00000)
 Metaspace       used 3462K, capacity 4720K, committed 4864K, reserved 1056768K
  class space    used 375K, capacity 424K, committed 512K, reserved 1048576K

Card table byte_map: [0x0000000002a60000,0x0000000002c70000] byte_map_base: 0x0000000002460000

Marking Bits: (ParMarkBitMap*) 0x000000005b9cd490
 Begin Bits: [0x00000000031d0000, 0x00000000041d0000)
 End Bits:   [0x00000000041d0000, 0x00000000051d0000)

Polling page: 0x00000000005c0000

CodeCache: size=245760Kb used=1410Kb max_used=1417Kb free=244349Kb
 bounds [0x000000000f010000, 0x000000000f280000, 0x000000001e010000]
 total_blobs=407 nmethods=159 adapters=160
 compilation: enabled

Compilation events (10 events):
Event: 1.249 Thread 0x0000000005dc4000  155       3       com.android.dx.cf.direct.ClassPathOpener::access$000 (6 bytes)
Event: 1.249 Thread 0x0000000005dc4000 nmethod 155 0x000000000f16a610 code [0x000000000f16a780, 0x000000000f16a8e8]
Event: 1.249 Thread 0x0000000005dc4000  158       3       com.android.dx.cf.direct.ClassPathOpener::compareClassNames (42 bytes)
Event: 1.250 Thread 0x0000000005dc4000 nmethod 158 0x000000000f16a990 code [0x000000000f16abe0, 0x000000000f16b848]
Event: 1.256 Thread 0x0000000005dc1800 nmethod 148% 0x000000000f172290 code [0x000000000f172400, 0x000000000f172918]
Event: 1.256 Thread 0x0000000005d6d000 nmethod 157 0x000000000f16c7d0 code [0x000000000f16c940, 0x000000000f16d038]
Event: 1.256 Thread 0x0000000005dc1800  159       4       java.util.regex.Matcher::search (109 bytes)
Event: 1.256 Thread 0x0000000005d6d000  160       4       java.util.regex.Pattern::compile (406 bytes)
Event: 1.267 Thread 0x0000000005dc1800 nmethod 159 0x000000000f16e350 code [0x000000000f16e4c0, 0x000000000f16eb38]
Event: 1.267 Thread 0x0000000005dc1800  163       4       java.lang.String::replace (127 bytes)

GC Heap History (0 events):
No events

Deoptimization events (0 events):
No events

Internal exceptions (10 events):
Event: 1.120 Thread 0x000000000269d800 Exception <a 'java/security/PrivilegedActionException'> (0x00000000eacf6c48) thrown at [D:\re\workspace\8-2-build-windows-amd64-cygwin\jdk8u25\1677\hotspot\src\share\vm\prims\jvm.cpp, line 1312]
Event: 1.121 Thread 0x000000000269d800 Exception <a 'java/security/PrivilegedActionException'> (0x00000000eacf8e88) thrown at [D:\re\workspace\8-2-build-windows-amd64-cygwin\jdk8u25\1677\hotspot\src\share\vm\prims\jvm.cpp, line 1312]
Event: 1.122 Thread 0x000000000269d800 Exception <a 'java/security/PrivilegedActionException'> (0x00000000eacfdb00) thrown at [D:\re\workspace\8-2-build-windows-amd64-cygwin\jdk8u25\1677\hotspot\src\share\vm\prims\jvm.cpp, line 1312]
Event: 1.123 Thread 0x000000000269d800 Exception <a 'java/security/PrivilegedActionException'> (0x00000000ead02120) thrown at [D:\re\workspace\8-2-build-windows-amd64-cygwin\jdk8u25\1677\hotspot\src\share\vm\prims\jvm.cpp, line 1312]
Event: 1.124 Thread 0x000000000269d800 Exception <a 'java/security/PrivilegedActionException'> (0x00000000ead06e60) thrown at [D:\re\workspace\8-2-build-windows-amd64-cygwin\jdk8u25\1677\hotspot\src\share\vm\prims\jvm.cpp, line 1312]
Event: 1.125 Thread 0x000000000269d800 Exception <a 'java/security/PrivilegedActionException'> (0x00000000ead0b630) thrown at [D:\re\workspace\8-2-build-windows-amd64-cygwin\jdk8u25\1677\hotspot\src\share\vm\prims\jvm.cpp, line 1312]
Event: 1.128 Thread 0x000000000269d800 Exception <a 'java/security/PrivilegedActionException'> (0x00000000ead12e20) thrown at [D:\re\workspace\8-2-build-windows-amd64-cygwin\jdk8u25\1677\hotspot\src\share\vm\prims\jvm.cpp, line 1312]
Event: 1.130 Thread 0x000000000269d800 Exception <a 'java/security/PrivilegedActionException'> (0x00000000ead187f0) thrown at [D:\re\workspace\8-2-build-windows-amd64-cygwin\jdk8u25\1677\hotspot\src\share\vm\prims\jvm.cpp, line 1312]
Event: 1.130 Thread 0x000000000269d800 Exception <a 'java/security/PrivilegedActionException'> (0x00000000ead1ab38) thrown at [D:\re\workspace\8-2-build-windows-amd64-cygwin\jdk8u25\1677\hotspot\src\share\vm\prims\jvm.cpp, line 1312]
Event: 1.234 Thread 0x000000000269d800 Exception <a 'java/security/PrivilegedActionException'> (0x00000000ead546b8) thrown at [D:\re\workspace\8-2-build-windows-amd64-cygwin\jdk8u25\1677\hotspot\src\share\vm\prims\jvm.cpp, line 1312]

Events (10 events):
Event: 1.260 Thread 0x000000000269d800 DEOPT PACKING pc=0x000000000f13ea72 sp=0x00000000024deaf0
Event: 1.260 Thread 0x000000000269d800 DEOPT UNPACKING pc=0x000000000f0575bf sp=0x00000000024de7f0 mode 0
Event: 1.261 Thread 0x000000000269d800 DEOPT PACKING pc=0x000000000f13ea72 sp=0x00000000024deaf0
Event: 1.261 Thread 0x000000000269d800 DEOPT UNPACKING pc=0x000000000f0575bf sp=0x00000000024de7f0 mode 0
Event: 1.261 Thread 0x000000000269d800 DEOPT PACKING pc=0x000000000f13ea72 sp=0x00000000024deaf0
Event: 1.261 Thread 0x000000000269d800 DEOPT UNPACKING pc=0x000000000f0575bf sp=0x00000000024de7f0 mode 0
Event: 1.262 Thread 0x000000000269d800 DEOPT PACKING pc=0x000000000f13ea72 sp=0x00000000024deaf0
Event: 1.262 Thread 0x000000000269d800 DEOPT UNPACKING pc=0x000000000f0575bf sp=0x00000000024de7f0 mode 0
Event: 1.262 loading class java/util/ArrayList$Itr
Event: 1.262 loading class java/util/ArrayList$Itr done


Dynamic libraries:
0x00007ff7a4620000 - 0x00007ff7a4654000 	C:\Program Files\Java\jdk1.8.0_25\bin\java.exe
0x00007ffee9cd0000 - 0x00007ffee9e7c000 	C:\Windows\SYSTEM32\ntdll.dll
0x00007ffee9b90000 - 0x00007ffee9cce000 	C:\Windows\system32\KERNEL32.DLL
0x00007ffee7240000 - 0x00007ffee7355000 	C:\Windows\system32\KERNELBASE.dll
0x00007ffee57f0000 - 0x00007ffee587e000 	C:\Windows\system32\apphelp.dll
0x00007ffee1130000 - 0x00007ffee1183000 	C:\Windows\AppPatch\AppPatch64\AcGenral.DLL
0x00007ffee7370000 - 0x00007ffee741a000 	C:\Windows\system32\msvcrt.dll
0x00007ffee6ca0000 - 0x00007ffee6cce000 	C:\Windows\SYSTEM32\SspiCli.dll
0x00007ffee9b30000 - 0x00007ffee9b84000 	C:\Windows\system32\SHLWAPI.dll
0x00007ffee75e0000 - 0x00007ffee7757000 	C:\Windows\system32\USER32.dll
0x00007ffee7bb0000 - 0x00007ffee7d44000 	C:\Windows\system32\ole32.dll
0x00007ffee8240000 - 0x00007ffee9759000 	C:\Windows\system32\SHELL32.dll
0x00007ffee63a0000 - 0x00007ffee63c1000 	C:\Windows\SYSTEM32\USERENV.dll
0x00007ffee7ea0000 - 0x00007ffee7f4a000 	C:\Windows\system32\ADVAPI32.dll
0x00007ffedec20000 - 0x00007ffedec3e000 	C:\Windows\SYSTEM32\MPR.dll
0x00007ffee7d50000 - 0x00007ffee7e91000 	C:\Windows\system32\RPCRT4.dll
0x00007ffee9ad0000 - 0x00007ffee9b29000 	C:\Windows\SYSTEM32\sechost.dll
0x00007ffee77b0000 - 0x00007ffee79c1000 	C:\Windows\SYSTEM32\combase.dll
0x00007ffee9960000 - 0x00007ffee9aaf000 	C:\Windows\system32\GDI32.dll
0x00007ffee6e30000 - 0x00007ffee6e45000 	C:\Windows\SYSTEM32\profapi.dll
0x00007ffee5880000 - 0x00007ffee5932000 	C:\Windows\SYSTEM32\SHCORE.dll
0x00007ffee7760000 - 0x00007ffee7796000 	C:\Windows\system32\IMM32.DLL
0x00007ffee8070000 - 0x00007ffee81c2000 	C:\Windows\system32\MSCTF.dll
0x00007ffee6df0000 - 0x00007ffee6e1f000 	C:\Windows\system32\nvinitx.dll
0x000000000f000000 - 0x000000000f006000 	C:\Program Files\NVIDIA Corporation\CoProcManager\_etoured.dll
0x00007ffee55e0000 - 0x00007ffee5613000 	C:\Program Files\NVIDIA Corporation\CoProcManager\nvd3d9wrapx.dll
0x00007ffee79d0000 - 0x00007ffee7baa000 	C:\Windows\system32\SETUPAPI.dll
0x00007ffee6f00000 - 0x00007ffee6f4f000 	C:\Windows\system32\CFGMGR32.dll
0x00007ffee5520000 - 0x00007ffee5543000 	C:\Program Files\NVIDIA Corporation\CoProcManager\nvdxgiwrapx.dll
0x00007ffee50b0000 - 0x00007ffee532a000 	C:\Windows\WinSxS\amd64_microsoft.windows.common-controls_6595b64144ccf1df_6.0.9600.17810_none_6240b9c7ecbd0bda\COMCTL32.dll
0x000000005ae50000 - 0x000000005af22000 	C:\Program Files\Java\jdk1.8.0_25\jre\bin\msvcr100.dll
0x000000005b1f0000 - 0x000000005ba4a000 	C:\Program Files\Java\jdk1.8.0_25\jre\bin\server\jvm.dll
0x00007ffee0c80000 - 0x00007ffee0c89000 	C:\Windows\SYSTEM32\WSOCK32.dll
0x00007ffee5330000 - 0x00007ffee5352000 	C:\Windows\SYSTEM32\WINMM.dll
0x00007ffee75d0000 - 0x00007ffee75d7000 	C:\Windows\system32\PSAPI.DLL
0x00007ffee9770000 - 0x00007ffee97ca000 	C:\Windows\system32\WS2_32.dll
0x00007ffee5040000 - 0x00007ffee506a000 	C:\Windows\SYSTEM32\WINMMBASE.dll
0x00007ffee7360000 - 0x00007ffee7369000 	C:\Windows\system32\NSI.dll
0x00007ffee5b30000 - 0x00007ffee5b58000 	C:\Windows\SYSTEM32\DEVOBJ.dll
0x000000005c980000 - 0x000000005c98f000 	C:\Program Files\Java\jdk1.8.0_25\jre\bin\verify.dll
0x000000005c950000 - 0x000000005c978000 	C:\Program Files\Java\jdk1.8.0_25\jre\bin\java.dll
0x000000005c930000 - 0x000000005c946000 	C:\Program Files\Java\jdk1.8.0_25\jre\bin\zip.dll

VM Arguments:
jvm_args: -Djava.awt.headless=true -Xmx1024M -Dfile.encoding=windows-1252 -Duser.country=US -Duser.language=en -Duser.variant 
java_command: com.android.dx.command.Main --dex --force-jumbo --num-threads=4 --multi-dex --output E:\Anavel\Anavel\app\build\intermediates\transforms\dex\debug\folders\1000\10\internal_impl-23.3.0_ad296f20df95d6ff9d4ddfded8617cd645bf363a E:\Anavel\Anavel\app\build\intermediates\exploded-aar\com.android.support\support-v4\23.3.0\jars\libs\internal_impl-23.3.0.jar
java_class_path (initial): C:\Users\Vostro\AppData\Local\Android\sdk\build-tools\23.0.3\lib\dx.jar
Launcher Type: SUN_STANDARD

Environment Variables:
PATH=C:\MinGW\bin;C:\MinGW\libexec\gcc\x86_64-pc-mingw32\4.9.1;C:\MinGW\gcc\bin;C:\MinGW\gcc\libexec\gcc\x86_64-pc-mingw32\4.9.1;C:\ProgramData\Oracle\Java\javapath;C:\Program Files (x86)\NVIDIA Corporation\PhysX\Common;C:\Program Files (x86)\Intel\iCLS Client\;C:\Program Files\Intel\iCLS Client\;C:\Windows\system32;C:\Windows;C:\Windows\System32\Wbem;C:\Windows\System32\WindowsPowerShell\v1.0\;C:\Program Files\Intel\Intel(R) Management Engine Components\DAL;C:\Program Files\Intel\Intel(R) Management Engine Components\IPT;C:\Program Files (x86)\Intel\Intel(R) Management Engine Components\DAL;C:\Program Files (x86)\Intel\Intel(R) Management Engine Components\IPT;C:\Program Files (x86)\Intel\OpenCL SDK\3.0\bin\x86;C:\Program Files (x86)\Intel\OpenCL SDK\3.0\bin\x64;C:\Program Files (x86)\Windows Kits\8.1\Windows Performance Toolkit\;C:\Program Files\Microsoft SQL Server\110\Tools\Binn\;C:\Program Files (x86)\Microsoft SQL Server\110\Tools\Binn\ManagementStudio\;C:\Program Files (x86)\Microsoft SQL Server\110\Tools\Binn\;C:\Program Files (x86)\Microsoft SQL Server\110\DTS\Binn\;C:\Program Files\Microsoft SQL Server\110\DTS\Binn\;C:\OpenCV2410\opencv\build\x64\vc12\bin;C:\Program Files (x86)\Microsoft SDKs\TypeScript\1.0\;C:\Program Files\Microsoft SQL Server\120\Tools\Binn\;C:\Emgu\emgucv-windows-universal 3.0.0.2157\bin\x86;C:\Program Files (x86)\GtkSharp\2.12\bin;C:\Anaconda2;C:\Anaconda2\Scripts;C:\Anaconda2\Library\bin
USERNAME=Vostro
OS=Windows_NT
PROCESSOR_IDENTIFIER=Intel64 Family 6 Model 69 Stepping 1, GenuineIntel



---------------  S Y S T E M  ---------------

OS: Windows 8.1 , 64 bit Build 9600 

CPU:total 4 (2 cores per cpu, 2 threads per core) family 6 model 69 stepping 1, cmov, cx8, fxsr, mmx, sse, sse2, sse3, ssse3, sse4.1, sse4.2, popcnt, avx, avx2, aes, clmul, erms, lzcnt, ht, tsc, tscinvbit, bmi1, bmi2

Memory: 4k page, physical 4099864k(271980k free), swap 10757600k(5124k free)

vm_info: Java HotSpot(TM) 64-Bit Server VM (25.25-b02) for windows-amd64 JRE (1.8.0_25-b18), built on Oct  7 2014 14:25:37 by "java_re" with MS VC++ 10.0 (VS2010)

time: Fri Aug 19 23:47:06 2016
elapsed time: 1 seconds (0d 0h 0m 1s)

