#
# There is insufficient memory for the Java Runtime Environment to continue.
# Native memory allocation (malloc) failed to allocate 128000 bytes for AllocateHeap
# Possible reasons:
#   The system is out of physical RAM or swap space
#   In 32 bit mode, the process size limit was hit
# Possible solutions:
#   Reduce memory load on the system
#   Increase physical memory or swap space
#   Check if swap backing store is full
#   Use 64 bit Java on a 64 bit OS
#   Decrease Java heap size (-Xmx/-Xms)
#   Decrease number of Java threads
#   Decrease Java thread stack sizes (-Xss)
#   Set larger code cache with -XX:ReservedCodeCacheSize=
# This output file may be truncated or incomplete.
#
#  Out of Memory Error (memory/allocation.inline.hpp:62), pid=2292, tid=3968
#
# JRE version: Java(TM) SE Runtime Environment (8.0_25-b18) (build 1.8.0_25-b18)
# Java VM: Java HotSpot(TM) 64-Bit Server VM (25.25-b02 mixed mode windows-amd64 compressed oops)
# Failed to write core dump. Minidumps are not enabled by default on client versions of Windows
#

---------------  T H R E A D  ---------------

Current thread (0x0000000006616000):  VMThread [stack: 0x00000000076a0000,0x00000000077a0000] [id=3968]

Stack: [0x00000000076a0000,0x00000000077a0000]
Native frames: (J=compiled Java code, j=interpreted, Vv=VM code, C=native code)
V  [jvm.dll+0x31667a]
V  [jvm.dll+0x267073]
V  [jvm.dll+0x267cb3]
V  [jvm.dll+0x25f5b5]
V  [jvm.dll+0x260f8a]
V  [jvm.dll+0x40c68]
V  [jvm.dll+0x67ce3]
V  [jvm.dll+0x11a43b]
V  [jvm.dll+0x8b750]
V  [jvm.dll+0x83305]
V  [jvm.dll+0x67c8d]
V  [jvm.dll+0x5982c]
V  [jvm.dll+0x6dc94]
V  [jvm.dll+0x3dcbaf]
V  [jvm.dll+0x3de0d0]
V  [jvm.dll+0x3e215f]
V  [jvm.dll+0x3d1bf4]
V  [jvm.dll+0x3e4466]
V  [jvm.dll+0x2325e7]
V  [jvm.dll+0x231826]
V  [jvm.dll+0x231cc1]
V  [jvm.dll+0x231ede]
V  [jvm.dll+0x2852fa]
C  [msvcr100.dll+0x21d9f]
C  [msvcr100.dll+0x21e3b]
C  [KERNEL32.DLL+0x13d2]
C  [ntdll.dll+0x15454]

VM_Operation (0x0000000002e0dd60): ParallelGCFailedAllocation, mode: safepoint, requested by thread 0x0000000002e7d800


---------------  P R O C E S S  ---------------

Java Threads: ( => current thread )
  0x000000000839d000 JavaThread "pool-1-thread-4" [_thread_blocked, id=7732, stack(0x00000000090a0000,0x00000000091a0000)]
  0x0000000008244800 JavaThread "pool-1-thread-3" [_thread_blocked, id=10040, stack(0x0000000008fa0000,0x00000000090a0000)]
  0x0000000008242800 JavaThread "pool-1-thread-2" [_thread_blocked, id=5912, stack(0x0000000008ea0000,0x0000000008fa0000)]
  0x00000000082bd000 JavaThread "pool-2-thread-1" [_thread_blocked, id=4028, stack(0x0000000008da0000,0x0000000008ea0000)]
  0x00000000085cb000 JavaThread "pool-1-thread-1" [_thread_blocked, id=3556, stack(0x0000000008ca0000,0x0000000008da0000)]
  0x00000000066ad000 JavaThread "Service Thread" daemon [_thread_blocked, id=672, stack(0x0000000007ea0000,0x0000000007fa0000)]
  0x00000000066a3800 JavaThread "C1 CompilerThread2" daemon [_thread_blocked, id=6620, stack(0x0000000007da0000,0x0000000007ea0000)]
  0x000000000669d800 JavaThread "C2 CompilerThread1" daemon [_thread_blocked, id=10140, stack(0x0000000007ca0000,0x0000000007da0000)]
  0x000000000664c000 JavaThread "C2 CompilerThread0" daemon [_thread_blocked, id=900, stack(0x0000000007ba0000,0x0000000007ca0000)]
  0x000000000664b000 JavaThread "Attach Listener" daemon [_thread_blocked, id=9200, stack(0x0000000007aa0000,0x0000000007ba0000)]
  0x000000000664a000 JavaThread "Signal Dispatcher" daemon [_thread_blocked, id=8908, stack(0x00000000079a0000,0x0000000007aa0000)]
  0x0000000002f75000 JavaThread "Finalizer" daemon [_thread_blocked, id=1156, stack(0x00000000078a0000,0x00000000079a0000)]
  0x0000000006618000 JavaThread "Reference Handler" daemon [_thread_blocked, id=6380, stack(0x00000000077a0000,0x00000000078a0000)]
  0x0000000002e7d800 JavaThread "main" [_thread_blocked, id=4180, stack(0x0000000002d10000,0x0000000002e10000)]

Other Threads:
=>0x0000000006616000 VMThread [stack: 0x00000000076a0000,0x00000000077a0000] [id=3968]
  0x00000000066ae800 WatcherThread [stack: 0x00000000083a0000,0x00000000084a0000] [id=8288]

VM state:at safepoint (normal execution)

VM Mutex/Monitor currently owned by a thread:  ([mutex/lock_event])
[0x0000000002e7c8f0] Threads_lock - owner thread: 0x0000000006616000
[0x0000000002e7c670] Heap_lock - owner thread: 0x0000000002e7d800

Heap:
 PSYoungGen      total 146432K, used 17396K [0x00000000eab00000, 0x00000000fdf00000, 0x0000000100000000)
  eden space 129024K, 0% used [0x00000000eab00000,0x00000000eab00000,0x00000000f2900000)
  from space 17408K, 99% used [0x00000000f2900000,0x00000000f39fd308,0x00000000f3a00000)
  to   space 28672K, 0% used [0x00000000fc300000,0x00000000fc300000,0x00000000fdf00000)
 ParOldGen       total 44032K, used 39399K [0x00000000c0000000, 0x00000000c2b00000, 0x00000000eab00000)
  object space 44032K, 89% used [0x00000000c0000000,0x00000000c2679c68,0x00000000c2b00000)
 Metaspace       used 6471K, capacity 7256K, committed 7424K, reserved 1056768K
  class space    used 614K, capacity 656K, committed 768K, reserved 1048576K

Card table byte_map: [0x0000000003340000,0x0000000003550000] byte_map_base: 0x0000000002d40000

Marking Bits: (ParMarkBitMap*) 0x000000005b9cd490
 Begin Bits: [0x0000000003ab0000, 0x0000000004ab0000)
 End Bits:   [0x0000000004ab0000, 0x0000000005ab0000)

Polling page: 0x0000000000e80000

CodeCache: size=245760Kb used=10210Kb max_used=10234Kb free=235549Kb
 bounds [0x000000000f010000, 0x000000000fa20000, 0x000000001e010000]
 total_blobs=2455 nmethods=2190 adapters=178
 compilation: enabled

Compilation events (10 events):
Event: 14.553 Thread 0x00000000066a3800 2437       3       java.util.BitSet::set (20 bytes)
Event: 14.553 Thread 0x00000000066a3800 nmethod 2437 0x000000000f9dce90 code [0x000000000f9dd000, 0x000000000f9dd218]
Event: 14.605 Thread 0x000000000664c000 nmethod 2421% 0x000000000fa03210 code [0x000000000fa03520, 0x000000000fa060b8]
Event: 14.605 Thread 0x000000000664c000 2432   !   4       com.android.dx.cf.code.BytecodeArray::parseInstruction (2764 bytes)
Event: 14.840 Thread 0x000000000669d800 nmethod 2422 0x000000000fa0ffd0 code [0x000000000fa106c0, 0x000000000fa16a08]
Event: 14.842 Thread 0x000000000669d800 2441       4       java.util.HashMap::getNode (148 bytes)
Event: 14.851 Thread 0x000000000669d800 nmethod 2441 0x000000000f9f3dd0 code [0x000000000f9f3f40, 0x000000000f9f4548]
Event: 14.851 Thread 0x000000000669d800 2442   !   4       com.android.dx.rop.code.RegisterSpec::intern (70 bytes)
Event: 14.853 Thread 0x00000000066a3800 2444       3       com.android.dx.rop.code.Rops::opIfGe (13 bytes)
Event: 14.854 Thread 0x00000000066a3800 nmethod 2444 0x000000000f9db510 code [0x000000000f9db680, 0x000000000f9db808]

GC Heap History (10 events):
Event: 3.510 GC heap after
Heap after GC invocations=3 (full 0):
 PSYoungGen      total 35328K, used 2537K [0x00000000eab00000, 0x00000000ef000000, 0x0000000100000000)
  eden space 32768K, 0% used [0x00000000eab00000,0x00000000eab00000,0x00000000ecb00000)
  from space 2560K, 99% used [0x00000000ecb00000,0x00000000ecd7a738,0x00000000ecd80000)
  to   space 2560K, 0% used [0x00000000eed80000,0x00000000eed80000,0x00000000ef000000)
 ParOldGen       total 44032K, used 7888K [0x00000000c0000000, 0x00000000c2b00000, 0x00000000eab00000)
  object space 44032K, 17% used [0x00000000c0000000,0x00000000c07b4348,0x00000000c2b00000)
 Metaspace       used 6106K, capacity 7024K, committed 7296K, reserved 1056768K
  class space    used 592K, capacity 616K, committed 640K, reserved 1048576K
}
Event: 3.938 GC heap before
{Heap before GC invocations=4 (full 0):
 PSYoungGen      total 35328K, used 35305K [0x00000000eab00000, 0x00000000ef000000, 0x0000000100000000)
  eden space 32768K, 100% used [0x00000000eab00000,0x00000000ecb00000,0x00000000ecb00000)
  from space 2560K, 99% used [0x00000000ecb00000,0x00000000ecd7a738,0x00000000ecd80000)
  to   space 2560K, 0% used [0x00000000eed80000,0x00000000eed80000,0x00000000ef000000)
 ParOldGen       total 44032K, used 7888K [0x00000000c0000000, 0x00000000c2b00000, 0x00000000eab00000)
  object space 44032K, 17% used [0x00000000c0000000,0x00000000c07b4348,0x00000000c2b00000)
 Metaspace       used 6193K, capacity 7088K, committed 7296K, reserved 1056768K
  class space    used 593K, capacity 616K, committed 640K, reserved 1048576K
Event: 4.045 GC heap after
Heap after GC invocations=4 (full 0):
 PSYoungGen      total 68096K, used 2557K [0x00000000eab00000, 0x00000000ef000000, 0x0000000100000000)
  eden space 65536K, 0% used [0x00000000eab00000,0x00000000eab00000,0x00000000eeb00000)
  from space 2560K, 99% used [0x00000000eed80000,0x00000000eefff488,0x00000000ef000000)
  to   space 2560K, 0% used [0x00000000eeb00000,0x00000000eeb00000,0x00000000eed80000)
 ParOldGen       total 44032K, used 13973K [0x00000000c0000000, 0x00000000c2b00000, 0x00000000eab00000)
  object space 44032K, 31% used [0x00000000c0000000,0x00000000c0da54e8,0x00000000c2b00000)
 Metaspace       used 6193K, capacity 7088K, committed 7296K, reserved 1056768K
  class space    used 593K, capacity 616K, committed 640K, reserved 1048576K
}
Event: 4.714 GC heap before
{Heap before GC invocations=5 (full 0):
 PSYoungGen      total 68096K, used 68093K [0x00000000eab00000, 0x00000000ef000000, 0x0000000100000000)
  eden space 65536K, 100% used [0x00000000eab00000,0x00000000eeb00000,0x00000000eeb00000)
  from space 2560K, 99% used [0x00000000eed80000,0x00000000eefff488,0x00000000ef000000)
  to   space 2560K, 0% used [0x00000000eeb00000,0x00000000eeb00000,0x00000000eed80000)
 ParOldGen       total 44032K, used 13973K [0x00000000c0000000, 0x00000000c2b00000, 0x00000000eab00000)
  object space 44032K, 31% used [0x00000000c0000000,0x00000000c0da54e8,0x00000000c2b00000)
 Metaspace       used 6242K, capacity 7152K, committed 7296K, reserved 1056768K
  class space    used 593K, capacity 616K, committed 640K, reserved 1048576K
Event: 4.899 GC heap after
Heap after GC invocations=5 (full 0):
 PSYoungGen      total 68096K, used 2559K [0x00000000eab00000, 0x00000000f4900000, 0x0000000100000000)
  eden space 65536K, 0% used [0x00000000eab00000,0x00000000eab00000,0x00000000eeb00000)
  from space 2560K, 99% used [0x00000000eeb00000,0x00000000eed7fc28,0x00000000eed80000)
  to   space 15360K, 0% used [0x00000000f3a00000,0x00000000f3a00000,0x00000000f4900000)
 ParOldGen       total 44032K, used 24162K [0x00000000c0000000, 0x00000000c2b00000, 0x00000000eab00000)
  object space 44032K, 54% used [0x00000000c0000000,0x00000000c1798ac8,0x00000000c2b00000)
 Metaspace       used 6242K, capacity 7152K, committed 7296K, reserved 1056768K
  class space    used 593K, capacity 616K, committed 640K, reserved 1048576K
}
Event: 7.079 GC heap before
{Heap before GC invocations=6 (full 0):
 PSYoungGen      total 68096K, used 68095K [0x00000000eab00000, 0x00000000f4900000, 0x0000000100000000)
  eden space 65536K, 100% used [0x00000000eab00000,0x00000000eeb00000,0x00000000eeb00000)
  from space 2560K, 99% used [0x00000000eeb00000,0x00000000eed7fc28,0x00000000eed80000)
  to   space 15360K, 0% used [0x00000000f3a00000,0x00000000f3a00000,0x00000000f4900000)
 ParOldGen       total 44032K, used 24162K [0x00000000c0000000, 0x00000000c2b00000, 0x00000000eab00000)
  object space 44032K, 54% used [0x00000000c0000000,0x00000000c1798ac8,0x00000000c2b00000)
 Metaspace       used 6328K, capacity 7216K, committed 7296K, reserved 1056768K
  class space    used 593K, capacity 616K, committed 640K, reserved 1048576K
Event: 7.165 GC heap after
Heap after GC invocations=6 (full 0):
 PSYoungGen      total 144384K, used 13026K [0x00000000eab00000, 0x00000000f4d00000, 0x0000000100000000)
  eden space 129024K, 0% used [0x00000000eab00000,0x00000000eab00000,0x00000000f2900000)
  from space 15360K, 84% used [0x00000000f3a00000,0x00000000f46b88f8,0x00000000f4900000)
  to   space 17408K, 0% used [0x00000000f2900000,0x00000000f2900000,0x00000000f3a00000)
 ParOldGen       total 44032K, used 24170K [0x00000000c0000000, 0x00000000c2b00000, 0x00000000eab00000)
  object space 44032K, 54% used [0x00000000c0000000,0x00000000c179aac8,0x00000000c2b00000)
 Metaspace       used 6328K, capacity 7216K, committed 7296K, reserved 1056768K
  class space    used 593K, capacity 616K, committed 640K, reserved 1048576K
}
Event: 14.856 GC heap before
{Heap before GC invocations=7 (full 0):
 PSYoungGen      total 144384K, used 142050K [0x00000000eab00000, 0x00000000f4d00000, 0x0000000100000000)
  eden space 129024K, 100% used [0x00000000eab00000,0x00000000f2900000,0x00000000f2900000)
  from space 15360K, 84% used [0x00000000f3a00000,0x00000000f46b88f8,0x00000000f4900000)
  to   space 17408K, 0% used [0x00000000f2900000,0x00000000f2900000,0x00000000f3a00000)
 ParOldGen       total 44032K, used 24170K [0x00000000c0000000, 0x00000000c2b00000, 0x00000000eab00000)
  object space 44032K, 54% used [0x00000000c0000000,0x00000000c179aac8,0x00000000c2b00000)
 Metaspace       used 6471K, capacity 7256K, committed 7424K, reserved 1056768K
  class space    used 614K, capacity 656K, committed 768K, reserved 1048576K
Event: 15.222 GC heap after
Heap after GC invocations=7 (full 0):
 PSYoungGen      total 146432K, used 17396K [0x00000000eab00000, 0x00000000fdf00000, 0x0000000100000000)
  eden space 129024K, 0% used [0x00000000eab00000,0x00000000eab00000,0x00000000f2900000)
  from space 17408K, 99% used [0x00000000f2900000,0x00000000f39fd308,0x00000000f3a00000)
  to   space 28672K, 0% used [0x00000000fc300000,0x00000000fc300000,0x00000000fdf00000)
 ParOldGen       total 44032K, used 39399K [0x00000000c0000000, 0x00000000c2b00000, 0x00000000eab00000)
  object space 44032K, 89% used [0x00000000c0000000,0x00000000c2679c68,0x00000000c2b00000)
 Metaspace       used 6471K, capacity 7256K, committed 7424K, reserved 1056768K
  class space    used 614K, capacity 656K, committed 768K, reserved 1048576K
}
Event: 15.223 GC heap before
{Heap before GC invocations=8 (full 1):
 PSYoungGen      total 146432K, used 17396K [0x00000000eab00000, 0x00000000fdf00000, 0x0000000100000000)
  eden space 129024K, 0% used [0x00000000eab00000,0x00000000eab00000,0x00000000f2900000)
  from space 17408K, 99% used [0x00000000f2900000,0x00000000f39fd308,0x00000000f3a00000)
  to   space 28672K, 0% used [0x00000000fc300000,0x00000000fc300000,0x00000000fdf00000)
 ParOldGen       total 44032K, used 39399K [0x00000000c0000000, 0x00000000c2b00000, 0x00000000eab00000)
  object space 44032K, 89% used [0x00000000c0000000,0x00000000c2679c68,0x00000000c2b00000)
 Metaspace       used 6471K, capacity 7256K, committed 7424K, reserved 1056768K
  class space    used 614K, capacity 656K, committed 768K, reserved 1048576K

Deoptimization events (10 events):
Event: 10.740 Thread 0x0000000008244800 Uncommon trap: reason=class_check action=maybe_recompile pc=0x000000000f910388 method=com.android.dx.cf.code.Ropper.processBlock(Lcom/android/dx/cf/code/ByteBlock;Lcom/android/dx/cf/code/Frame;[I)V @ 711
Event: 10.740 Thread 0x0000000008244800 Uncommon trap: reason=class_check action=maybe_recompile pc=0x000000000f910388 method=com.android.dx.cf.code.Ropper.processBlock(Lcom/android/dx/cf/code/ByteBlock;Lcom/android/dx/cf/code/Frame;[I)V @ 711
Event: 10.740 Thread 0x0000000008244800 Uncommon trap: reason=class_check action=maybe_recompile pc=0x000000000f910388 method=com.android.dx.cf.code.Ropper.processBlock(Lcom/android/dx/cf/code/ByteBlock;Lcom/android/dx/cf/code/Frame;[I)V @ 711
Event: 11.707 Thread 0x0000000008242800 Uncommon trap: reason=bimorphic action=maybe_recompile pc=0x000000000f95373c method=com.android.dx.cf.code.BytecodeArray.parseInstruction(ILcom/android/dx/cf/code/BytecodeArray$Visitor;)I @ 1357
Event: 11.708 Thread 0x0000000008242800 Uncommon trap: reason=bimorphic action=maybe_recompile pc=0x000000000f95373c method=com.android.dx.cf.code.BytecodeArray.parseInstruction(ILcom/android/dx/cf/code/BytecodeArray$Visitor;)I @ 1357
Event: 11.720 Thread 0x0000000008244800 Uncommon trap: reason=bimorphic action=maybe_recompile pc=0x000000000f7b645c method=com.android.dx.ssa.LiteralOpUpgrader.tryReplacingWithConstant(Lcom/android/dx/ssa/NormalSsaInsn;)Z @ 62
Event: 11.731 Thread 0x0000000008244800 Uncommon trap: reason=bimorphic action=maybe_recompile pc=0x000000000f7b645c method=com.android.dx.ssa.LiteralOpUpgrader.tryReplacingWithConstant(Lcom/android/dx/ssa/NormalSsaInsn;)Z @ 62
Event: 14.525 Thread 0x00000000085cb000 Uncommon trap: reason=unreached action=reinterpret pc=0x000000000f9352a0 method=java.util.HashMap.putVal(ILjava/lang/Object;Ljava/lang/Object;ZZ)Ljava/lang/Object; @ 109
Event: 14.529 Thread 0x00000000085cb000 Uncommon trap: reason=bimorphic action=maybe_recompile pc=0x000000000f96ef94 method=com.android.dx.cf.code.BytecodeArray.parseInstruction(ILcom/android/dx/cf/code/BytecodeArray$Visitor;)I @ 971
Event: 14.529 Thread 0x00000000085cb000 Uncommon trap: reason=bimorphic action=maybe_recompile pc=0x000000000f96ef94 method=com.android.dx.cf.code.BytecodeArray.parseInstruction(ILcom/android/dx/cf/code/BytecodeArray$Visitor;)I @ 971

Internal exceptions (10 events):
Event: 2.864 Thread 0x0000000008242800 Exception <a 'java/security/PrivilegedActionException'> (0x00000000eafd6450) thrown at [D:\re\workspace\8-2-build-windows-amd64-cygwin\jdk8u25\1677\hotspot\src\share\vm\prims\jvm.cpp, line 1312]
Event: 3.773 Thread 0x0000000002e7d800 Exception <a 'java/security/PrivilegedActionException'> (0x00000000ebedd5b8) thrown at [D:\re\workspace\8-2-build-windows-amd64-cygwin\jdk8u25\1677\hotspot\src\share\vm\prims\jvm.cpp, line 1312]
Event: 3.796 Thread 0x0000000008242800 Exception <a 'java/security/PrivilegedActionException'> (0x00000000ec099248) thrown at [D:\re\workspace\8-2-build-windows-amd64-cygwin\jdk8u25\1677\hotspot\src\share\vm\prims\jvm.cpp, line 1312]
Event: 5.362 Thread 0x000000000839d000 Exception <a 'java/security/PrivilegedActionException'> (0x00000000eb9a8e68) thrown at [D:\re\workspace\8-2-build-windows-amd64-cygwin\jdk8u25\1677\hotspot\src\share\vm\prims\jvm.cpp, line 1312]
Event: 7.414 Thread 0x0000000008244800 Implicit null exception at 0x000000000f6b221f to 0x000000000f6b3aa1
Event: 9.653 Thread 0x0000000008242800 Implicit null exception at 0x000000000f8adc48 to 0x000000000f8b1d61
Event: 9.738 Thread 0x0000000002e7d800 Exception <a 'java/lang/ArrayIndexOutOfBoundsException': 18> (0x00000000edfeb270) thrown at [D:\re\workspace\8-2-build-windows-amd64-cygwin\jdk8u25\1677\hotspot\src\share\vm\interpreter\interpreterRuntime.cpp, line 366]
Event: 9.738 Thread 0x0000000002e7d800 Exception <a 'java/lang/ArrayIndexOutOfBoundsException'> (0x00000000edfecd08) thrown at [D:\re\workspace\8-2-build-windows-amd64-cygwin\jdk8u25\1677\hotspot\src\share\vm\runtime\sharedRuntime.cpp, line 604]
Event: 9.740 Thread 0x0000000002e7d800 Exception <a 'java/lang/ArrayIndexOutOfBoundsException'> (0x00000000edfedf20) thrown at [D:\re\workspace\8-2-build-windows-amd64-cygwin\jdk8u25\1677\hotspot\src\share\vm\runtime\sharedRuntime.cpp, line 604]
Event: 13.421 Thread 0x0000000002e7d800 Exception <a 'java/security/PrivilegedActionException'> (0x00000000f03f9260) thrown at [D:\re\workspace\8-2-build-windows-amd64-cygwin\jdk8u25\1677\hotspot\src\share\vm\prims\jvm.cpp, line 1312]

Events (10 events):
Event: 14.525 Thread 0x00000000085cb000 DEOPT UNPACKING pc=0x000000000f05556a sp=0x0000000008d9e928 mode 2
Event: 14.529 Thread 0x00000000085cb000 Uncommon trap: trap_request=0xffffffc6 fr.pc=0x000000000f96ef94
Event: 14.529 Thread 0x00000000085cb000 DEOPT PACKING pc=0x000000000f96ef94 sp=0x0000000008d9e9a0
Event: 14.529 Thread 0x00000000085cb000 DEOPT UNPACKING pc=0x000000000f05556a sp=0x0000000008d9e968 mode 2
Event: 14.529 Thread 0x00000000085cb000 Uncommon trap: trap_request=0xffffffc6 fr.pc=0x000000000f96ef94
Event: 14.529 Thread 0x00000000085cb000 DEOPT PACKING pc=0x000000000f96ef94 sp=0x0000000008d9ea50
Event: 14.529 Thread 0x00000000085cb000 DEOPT UNPACKING pc=0x000000000f05556a sp=0x0000000008d9ea18 mode 2
Event: 14.570 Thread 0x0000000002e7d800 DEOPT PACKING pc=0x000000000f4f275d sp=0x0000000002e0ded0
Event: 14.570 Thread 0x0000000002e7d800 DEOPT UNPACKING pc=0x000000000f0575bf sp=0x0000000002e0dc90 mode 0
Event: 14.856 Executing VM operation: ParallelGCFailedAllocation


Dynamic libraries:
0x00007ff7effe0000 - 0x00007ff7f0014000 	C:\Program Files\Java\jdk1.8.0_25\bin\java.exe
0x00007ffee9cd0000 - 0x00007ffee9e7c000 	C:\Windows\SYSTEM32\ntdll.dll
0x00007ffee9b90000 - 0x00007ffee9cce000 	C:\Windows\system32\KERNEL32.DLL
0x00007ffee7240000 - 0x00007ffee7355000 	C:\Windows\system32\KERNELBASE.dll
0x00007ffee57f0000 - 0x00007ffee587e000 	C:\Windows\system32\apphelp.dll
0x00007ffed9bc0000 - 0x00007ffed9c13000 	C:\Windows\AppPatch\AppPatch64\AcGenral.DLL
0x00007ffee7370000 - 0x00007ffee741a000 	C:\Windows\system32\msvcrt.dll
0x00007ffee6ca0000 - 0x00007ffee6cce000 	C:\Windows\SYSTEM32\SspiCli.dll
0x00007ffee9b30000 - 0x00007ffee9b84000 	C:\Windows\system32\SHLWAPI.dll
0x00007ffee75e0000 - 0x00007ffee7757000 	C:\Windows\system32\USER32.dll
0x00007ffee7bb0000 - 0x00007ffee7d44000 	C:\Windows\system32\ole32.dll
0x00007ffee8240000 - 0x00007ffee9759000 	C:\Windows\system32\SHELL32.dll
0x00007ffee63a0000 - 0x00007ffee63c1000 	C:\Windows\SYSTEM32\USERENV.dll
0x00007ffee7ea0000 - 0x00007ffee7f4a000 	C:\Windows\system32\ADVAPI32.dll
0x00007ffedec20000 - 0x00007ffedec3e000 	C:\Windows\SYSTEM32\MPR.dll
0x00007ffee7d50000 - 0x00007ffee7e91000 	C:\Windows\system32\RPCRT4.dll
0x00007ffee9ad0000 - 0x00007ffee9b29000 	C:\Windows\SYSTEM32\sechost.dll
0x00007ffee77b0000 - 0x00007ffee79c1000 	C:\Windows\SYSTEM32\combase.dll
0x00007ffee9960000 - 0x00007ffee9aaf000 	C:\Windows\system32\GDI32.dll
0x00007ffee6e30000 - 0x00007ffee6e45000 	C:\Windows\SYSTEM32\profapi.dll
0x00007ffee5880000 - 0x00007ffee5932000 	C:\Windows\SYSTEM32\SHCORE.dll
0x00007ffee7760000 - 0x00007ffee7796000 	C:\Windows\system32\IMM32.DLL
0x00007ffee8070000 - 0x00007ffee81c2000 	C:\Windows\system32\MSCTF.dll
0x00007ffee6df0000 - 0x00007ffee6e1f000 	C:\Windows\system32\nvinitx.dll
0x000000000f000000 - 0x000000000f006000 	C:\Program Files\NVIDIA Corporation\CoProcManager\_etoured.dll
0x00007ffee5480000 - 0x00007ffee54b3000 	C:\Program Files\NVIDIA Corporation\CoProcManager\nvd3d9wrapx.dll
0x00007ffee79d0000 - 0x00007ffee7baa000 	C:\Windows\system32\SETUPAPI.dll
0x00007ffee6f00000 - 0x00007ffee6f4f000 	C:\Windows\system32\CFGMGR32.dll
0x00007ffee56b0000 - 0x00007ffee56d3000 	C:\Program Files\NVIDIA Corporation\CoProcManager\nvdxgiwrapx.dll
0x00007ffee50b0000 - 0x00007ffee532a000 	C:\Windows\WinSxS\amd64_microsoft.windows.common-controls_6595b64144ccf1df_6.0.9600.17810_none_6240b9c7ecbd0bda\COMCTL32.dll
0x000000005ade0000 - 0x000000005aeb2000 	C:\Program Files\Java\jdk1.8.0_25\jre\bin\msvcr100.dll
0x000000005b1f0000 - 0x000000005ba4a000 	C:\Program Files\Java\jdk1.8.0_25\jre\bin\server\jvm.dll
0x00007ffee0c80000 - 0x00007ffee0c89000 	C:\Windows\SYSTEM32\WSOCK32.dll
0x00007ffee5330000 - 0x00007ffee5352000 	C:\Windows\SYSTEM32\WINMM.dll
0x00007ffee75d0000 - 0x00007ffee75d7000 	C:\Windows\system32\PSAPI.DLL
0x00007ffee9770000 - 0x00007ffee97ca000 	C:\Windows\system32\WS2_32.dll
0x00007ffee5040000 - 0x00007ffee506a000 	C:\Windows\SYSTEM32\WINMMBASE.dll
0x00007ffee7360000 - 0x00007ffee7369000 	C:\Windows\system32\NSI.dll
0x00007ffee5b30000 - 0x00007ffee5b58000 	C:\Windows\SYSTEM32\DEVOBJ.dll
0x000000005c710000 - 0x000000005c71f000 	C:\Program Files\Java\jdk1.8.0_25\jre\bin\verify.dll
0x000000005bcc0000 - 0x000000005bce8000 	C:\Program Files\Java\jdk1.8.0_25\jre\bin\java.dll
0x000000005bf60000 - 0x000000005bf76000 	C:\Program Files\Java\jdk1.8.0_25\jre\bin\zip.dll
0x00007ffed8e80000 - 0x00007ffed9009000 	C:\Windows\SYSTEM32\dbghelp.dll

VM Arguments:
jvm_args: -Djava.awt.headless=true -Xmx1024M -Dfile.encoding=windows-1252 -Duser.country=US -Duser.language=en -Duser.variant 
java_command: com.android.dx.command.Main --dex --force-jumbo --num-threads=4 --output E:\Anavel\Anavel\app\build\intermediates\pre-dexed\debug\com.android.support-support-v4-23.3.0_c68ab93c211703269dbe5ddc0cbaac5bbf195f1c.jar E:\Anavel\Anavel\app\build\intermediates\exploded-aar\com.android.support\support-v4\23.3.0\jars\classes.jar
java_class_path (initial): C:\Users\Vostro\AppData\Local\Android\sdk\build-tools\23.0.3\lib\dx.jar
Launcher Type: SUN_STANDARD

Environment Variables:
PATH=C:\MinGW\bin;C:\MinGW\libexec\gcc\x86_64-pc-mingw32\4.9.1;C:\MinGW\gcc\bin;C:\MinGW\gcc\libexec\gcc\x86_64-pc-mingw32\4.9.1;C:\ProgramData\Oracle\Java\javapath;C:\Program Files (x86)\NVIDIA Corporation\PhysX\Common;C:\Program Files (x86)\Intel\iCLS Client\;C:\Program Files\Intel\iCLS Client\;C:\Windows\system32;C:\Windows;C:\Windows\System32\Wbem;C:\Windows\System32\WindowsPowerShell\v1.0\;C:\Program Files\Intel\Intel(R) Management Engine Components\DAL;C:\Program Files\Intel\Intel(R) Management Engine Components\IPT;C:\Program Files (x86)\Intel\Intel(R) Management Engine Components\DAL;C:\Program Files (x86)\Intel\Intel(R) Management Engine Components\IPT;C:\Program Files (x86)\Intel\OpenCL SDK\3.0\bin\x86;C:\Program Files (x86)\Intel\OpenCL SDK\3.0\bin\x64;C:\Program Files (x86)\Windows Kits\8.1\Windows Performance Toolkit\;C:\Program Files\Microsoft SQL Server\110\Tools\Binn\;C:\Program Files (x86)\Microsoft SQL Server\110\Tools\Binn\ManagementStudio\;C:\Program Files (x86)\Microsoft SQL Server\110\Tools\Binn\;C:\Program Files (x86)\Microsoft SQL Server\110\DTS\Binn\;C:\Program Files\Microsoft SQL Server\110\DTS\Binn\;C:\OpenCV2410\opencv\build\x64\vc12\bin;C:\Program Files (x86)\Microsoft SDKs\TypeScript\1.0\;C:\Program Files\Microsoft SQL Server\120\Tools\Binn\;C:\Emgu\emgucv-windows-universal 3.0.0.2157\bin\x86;C:\Program Files (x86)\GtkSharp\2.12\bin;C:\Anaconda2;C:\Anaconda2\Scripts;C:\Anaconda2\Library\bin
USERNAME=Vostro
OS=Windows_NT
PROCESSOR_IDENTIFIER=Intel64 Family 6 Model 69 Stepping 1, GenuineIntel



---------------  S Y S T E M  ---------------

OS: Windows 8.1 , 64 bit Build 9600 

CPU:total 4 (2 cores per cpu, 2 threads per core) family 6 model 69 stepping 1, cmov, cx8, fxsr, mmx, sse, sse2, sse3, ssse3, sse4.1, sse4.2, popcnt, avx, avx2, aes, clmul, erms, lzcnt, ht, tsc, tscinvbit, bmi1, bmi2

Memory: 4k page, physical 4099864k(812716k free), swap 10757600k(648572k free)

vm_info: Java HotSpot(TM) 64-Bit Server VM (25.25-b02) for windows-amd64 JRE (1.8.0_25-b18), built on Oct  7 2014 14:25:37 by "java_re" with MS VC++ 10.0 (VS2010)

time: Thu Aug 18 09:15:59 2016
elapsed time: 17 seconds (0d 0h 0m 17s)

