#
# There is insufficient memory for the Java Runtime Environment to continue.
# Native memory allocation (malloc) failed to allocate 1082720 bytes for Chunk::new
# Possible reasons:
#   The system is out of physical RAM or swap space
#   In 32 bit mode, the process size limit was hit
# Possible solutions:
#   Reduce memory load on the system
#   Increase physical memory or swap space
#   Check if swap backing store is full
#   Use 64 bit Java on a 64 bit OS
#   Decrease Java heap size (-Xmx/-Xms)
#   Decrease number of Java threads
#   Decrease Java thread stack sizes (-Xss)
#   Set larger code cache with -XX:ReservedCodeCacheSize=
# This output file may be truncated or incomplete.
#
#  Out of Memory Error (allocation.cpp:390), pid=8232, tid=8412
#
# JRE version: Java(TM) SE Runtime Environment (8.0_25-b18) (build 1.8.0_25-b18)
# Java VM: Java HotSpot(TM) 64-Bit Server VM (25.25-b02 mixed mode windows-amd64 compressed oops)
# Failed to write core dump. Minidumps are not enabled by default on client versions of Windows
#

---------------  T H R E A D  ---------------

Current thread (0x000000000683e000):  JavaThread "C2 CompilerThread1" daemon [_thread_in_native, id=8412, stack(0x0000000007e40000,0x0000000007f40000)]

Stack: [0x0000000007e40000,0x0000000007f40000]
Native frames: (J=compiled Java code, j=interpreted, Vv=VM code, C=native code)
V  [jvm.dll+0x31667a]
V  [jvm.dll+0x267073]
V  [jvm.dll+0x267cb3]
V  [jvm.dll+0x25f5b5]
V  [jvm.dll+0xbf165]
V  [jvm.dll+0xbf60c]
V  [jvm.dll+0x479017]
V  [jvm.dll+0x4465b0]
V  [jvm.dll+0x45130e]
V  [jvm.dll+0x4538f8]
V  [jvm.dll+0x437372]
V  [jvm.dll+0x98a02]
V  [jvm.dll+0x991f3]
V  [jvm.dll+0x22bde4]
V  [jvm.dll+0x2852fa]
C  [msvcr100.dll+0x21d9f]
C  [msvcr100.dll+0x21e3b]
C  [KERNEL32.DLL+0x13d2]
C  [ntdll.dll+0x15454]


Current CompileTask:
C2:  20669 1956   !   4       com.android.dx.cf.cst.ConstantPoolParser::parse0 (731 bytes)


---------------  P R O C E S S  ---------------

Java Threads: ( => current thread )
  0x0000000008538000 JavaThread "pool-1-thread-4" [_thread_blocked, id=6644, stack(0x0000000009240000,0x0000000009340000)]
  0x0000000008537800 JavaThread "pool-1-thread-3" [_thread_blocked, id=4592, stack(0x0000000009140000,0x0000000009240000)]
  0x0000000008536000 JavaThread "pool-1-thread-2" [_thread_blocked, id=9460, stack(0x0000000009040000,0x0000000009140000)]
  0x000000000860f800 JavaThread "pool-2-thread-1" [_thread_blocked, id=6060, stack(0x0000000008f40000,0x0000000009040000)]
  0x00000000085c3800 JavaThread "pool-1-thread-1" [_thread_blocked, id=6608, stack(0x0000000008e40000,0x0000000008f40000)]
  0x000000000684b800 JavaThread "Service Thread" daemon [_thread_blocked, id=3712, stack(0x0000000008040000,0x0000000008140000)]
  0x0000000006844800 JavaThread "C1 CompilerThread2" daemon [_thread_blocked, id=8616, stack(0x0000000007f40000,0x0000000008040000)]
=>0x000000000683e000 JavaThread "C2 CompilerThread1" daemon [_thread_in_native, id=8412, stack(0x0000000007e40000,0x0000000007f40000)]
  0x00000000067eb000 JavaThread "C2 CompilerThread0" daemon [_thread_in_native, id=8724, stack(0x0000000007d40000,0x0000000007e40000)]
  0x00000000067e9800 JavaThread "Attach Listener" daemon [_thread_blocked, id=9376, stack(0x0000000007c40000,0x0000000007d40000)]
  0x00000000067e8000 JavaThread "Signal Dispatcher" daemon [_thread_blocked, id=3272, stack(0x0000000007b40000,0x0000000007c40000)]
  0x0000000003115000 JavaThread "Finalizer" daemon [_thread_blocked, id=4508, stack(0x0000000007a40000,0x0000000007b40000)]
  0x00000000067b8000 JavaThread "Reference Handler" daemon [_thread_blocked, id=7724, stack(0x0000000007940000,0x0000000007a40000)]
  0x0000000002e9d800 JavaThread "main" [_thread_blocked, id=3948, stack(0x0000000002f20000,0x0000000003020000)]

Other Threads:
  0x00000000067b6000 VMThread [stack: 0x0000000007840000,0x0000000007940000] [id=936]
  0x000000000684e000 WatcherThread [stack: 0x0000000008140000,0x0000000008240000] [id=9952]

VM state:at safepoint (normal execution)

VM Mutex/Monitor currently owned by a thread:  ([mutex/lock_event])
[0x0000000002e9cbf0] Threads_lock - owner thread: 0x00000000067b6000
[0x0000000002e9d0f0] Heap_lock - owner thread: 0x0000000008537800

Heap:
 PSYoungGen      total 68096K, used 2550K [0x00000000eab00000, 0x00000000f4800000, 0x0000000100000000)
  eden space 65536K, 0% used [0x00000000eab00000,0x00000000eab00000,0x00000000eeb00000)
  from space 2560K, 99% used [0x00000000eeb00000,0x00000000eed7d900,0x00000000eed80000)
  to   space 14848K, 0% used [0x00000000f3980000,0x00000000f3980000,0x00000000f4800000)
 ParOldGen       total 44032K, used 41386K [0x00000000c0000000, 0x00000000c2b00000, 0x00000000eab00000)
  object space 44032K, 93% used [0x00000000c0000000,0x00000000c286abe0,0x00000000c2b00000)
 Metaspace       used 6421K, capacity 7224K, committed 7296K, reserved 1056768K
  class space    used 611K, capacity 624K, committed 640K, reserved 1048576K

Card table byte_map: [0x00000000034e0000,0x00000000036f0000] byte_map_base: 0x0000000002ee0000

Marking Bits: (ParMarkBitMap*) 0x000000005b9cd490
 Begin Bits: [0x0000000003c50000, 0x0000000004c50000)
 End Bits:   [0x0000000004c50000, 0x0000000005c50000)

Polling page: 0x0000000001120000

CodeCache: size=245760Kb used=8686Kb max_used=8686Kb free=237073Kb
 bounds [0x000000000f010000, 0x000000000f8a0000, 0x000000001e010000]
 total_blobs=2269 nmethods=2004 adapters=178
 compilation: enabled

Compilation events (10 events):
Event: 10.407 Thread 0x0000000006844800 2003       1       com.android.dx.rop.cst.CstDouble::getType (4 bytes)
Event: 10.407 Thread 0x0000000006844800 nmethod 2003 0x000000000f839950 code [0x000000000f839aa0, 0x000000000f839bb0]
Event: 10.431 Thread 0x0000000006844800 2004       2       java.util.concurrent.locks.AbstractQueuedSynchronizer::addWaiter (50 bytes)
Event: 10.431 Thread 0x0000000006844800 nmethod 2004 0x000000000f839c10 code [0x000000000f839d80, 0x000000000f83a028]
Event: 10.432 Thread 0x0000000006844800 2005       2       java.util.concurrent.locks.ReentrantLock$NonfairSync::lock (25 bytes)
Event: 10.433 Thread 0x0000000006844800 nmethod 2005 0x000000000f83a110 code [0x000000000f83a2a0, 0x000000000f83a4f8]
Event: 10.437 Thread 0x0000000006844800 2006       2       com.android.dx.cf.direct.DirectClassFile::makeTypeList (47 bytes)
Event: 10.438 Thread 0x0000000006844800 nmethod 2006 0x000000000f83a690 code [0x000000000f83a800, 0x000000000f83aa98]
Event: 10.443 Thread 0x0000000006844800 2007       2       com.android.dx.rop.annotation.AnnotationsList::set (11 bytes)
Event: 10.444 Thread 0x0000000006844800 nmethod 2007 0x000000000f83abd0 code [0x000000000f83ad80, 0x000000000f83b258]

GC Heap History (10 events):
Event: 0.802 GC heap before
{Heap before GC invocations=1 (full 0):
 PSYoungGen      total 18944K, used 16384K [0x00000000eab00000, 0x00000000ec000000, 0x0000000100000000)
  eden space 16384K, 100% used [0x00000000eab00000,0x00000000ebb00000,0x00000000ebb00000)
  from space 2560K, 0% used [0x00000000ebd80000,0x00000000ebd80000,0x00000000ec000000)
  to   space 2560K, 0% used [0x00000000ebb00000,0x00000000ebb00000,0x00000000ebd80000)
 ParOldGen       total 44032K, used 0K [0x00000000c0000000, 0x00000000c2b00000, 0x00000000eab00000)
  object space 44032K, 0% used [0x00000000c0000000,0x00000000c0000000,0x00000000c2b00000)
 Metaspace       used 3786K, capacity 5008K, committed 5120K, reserved 1056768K
  class space    used 415K, capacity 456K, committed 512K, reserved 1048576K
Event: 0.841 GC heap after
Heap after GC invocations=1 (full 0):
 PSYoungGen      total 18944K, used 1317K [0x00000000eab00000, 0x00000000ed000000, 0x0000000100000000)
  eden space 16384K, 0% used [0x00000000eab00000,0x00000000eab00000,0x00000000ebb00000)
  from space 2560K, 51% used [0x00000000ebb00000,0x00000000ebc495a8,0x00000000ebd80000)
  to   space 2560K, 0% used [0x00000000ecd80000,0x00000000ecd80000,0x00000000ed000000)
 ParOldGen       total 44032K, used 8K [0x00000000c0000000, 0x00000000c2b00000, 0x00000000eab00000)
  object space 44032K, 0% used [0x00000000c0000000,0x00000000c0002000,0x00000000c2b00000)
 Metaspace       used 3786K, capacity 5008K, committed 5120K, reserved 1056768K
  class space    used 415K, capacity 456K, committed 512K, reserved 1048576K
}
Event: 2.030 GC heap before
{Heap before GC invocations=2 (full 0):
 PSYoungGen      total 18944K, used 17701K [0x00000000eab00000, 0x00000000ed000000, 0x0000000100000000)
  eden space 16384K, 100% used [0x00000000eab00000,0x00000000ebb00000,0x00000000ebb00000)
  from space 2560K, 51% used [0x00000000ebb00000,0x00000000ebc495a8,0x00000000ebd80000)
  to   space 2560K, 0% used [0x00000000ecd80000,0x00000000ecd80000,0x00000000ed000000)
 ParOldGen       total 44032K, used 8K [0x00000000c0000000, 0x00000000c2b00000, 0x00000000eab00000)
  object space 44032K, 0% used [0x00000000c0000000,0x00000000c0002000,0x00000000c2b00000)
 Metaspace       used 5839K, capacity 6832K, committed 7040K, reserved 1056768K
  class space    used 590K, capacity 616K, committed 640K, reserved 1048576K
Event: 2.110 GC heap after
Heap after GC invocations=2 (full 0):
 PSYoungGen      total 35328K, used 2539K [0x00000000eab00000, 0x00000000ed000000, 0x0000000100000000)
  eden space 32768K, 0% used [0x00000000eab00000,0x00000000eab00000,0x00000000ecb00000)
  from space 2560K, 99% used [0x00000000ecd80000,0x00000000ecffac40,0x00000000ed000000)
  to   space 2560K, 0% used [0x00000000ecb00000,0x00000000ecb00000,0x00000000ecd80000)
 ParOldGen       total 44032K, used 2523K [0x00000000c0000000, 0x00000000c2b00000, 0x00000000eab00000)
  object space 44032K, 5% used [0x00000000c0000000,0x00000000c0276e50,0x00000000c2b00000)
 Metaspace       used 5839K, capacity 6832K, committed 7040K, reserved 1056768K
  class space    used 590K, capacity 616K, committed 640K, reserved 1048576K
}
Event: 4.569 GC heap before
{Heap before GC invocations=3 (full 0):
 PSYoungGen      total 35328K, used 35307K [0x00000000eab00000, 0x00000000ed000000, 0x0000000100000000)
  eden space 32768K, 100% used [0x00000000eab00000,0x00000000ecb00000,0x00000000ecb00000)
  from space 2560K, 99% used [0x00000000ecd80000,0x00000000ecffac40,0x00000000ed000000)
  to   space 2560K, 0% used [0x00000000ecb00000,0x00000000ecb00000,0x00000000ecd80000)
 ParOldGen       total 44032K, used 2523K [0x00000000c0000000, 0x00000000c2b00000, 0x00000000eab00000)
  object space 44032K, 5% used [0x00000000c0000000,0x00000000c0276e50,0x00000000c2b00000)
 Metaspace       used 6145K, capacity 7088K, committed 7296K, reserved 1056768K
  class space    used 592K, capacity 616K, committed 640K, reserved 1048576K
Event: 4.913 GC heap after
Heap after GC invocations=3 (full 0):
 PSYoungGen      total 35328K, used 2532K [0x00000000eab00000, 0x00000000ef000000, 0x0000000100000000)
  eden space 32768K, 0% used [0x00000000eab00000,0x00000000eab00000,0x00000000ecb00000)
  from space 2560K, 98% used [0x00000000ecb00000,0x00000000ecd79190,0x00000000ecd80000)
  to   space 2560K, 0% used [0x00000000eed80000,0x00000000eed80000,0x00000000ef000000)
 ParOldGen       total 44032K, used 7683K [0x00000000c0000000, 0x00000000c2b00000, 0x00000000eab00000)
  object space 44032K, 17% used [0x00000000c0000000,0x00000000c0780e10,0x00000000c2b00000)
 Metaspace       used 6145K, capacity 7088K, committed 7296K, reserved 1056768K
  class space    used 592K, capacity 616K, committed 640K, reserved 1048576K
}
Event: 5.876 GC heap before
{Heap before GC invocations=4 (full 0):
 PSYoungGen      total 35328K, used 35300K [0x00000000eab00000, 0x00000000ef000000, 0x0000000100000000)
  eden space 32768K, 100% used [0x00000000eab00000,0x00000000ecb00000,0x00000000ecb00000)
  from space 2560K, 98% used [0x00000000ecb00000,0x00000000ecd79190,0x00000000ecd80000)
  to   space 2560K, 0% used [0x00000000eed80000,0x00000000eed80000,0x00000000ef000000)
 ParOldGen       total 44032K, used 7683K [0x00000000c0000000, 0x00000000c2b00000, 0x00000000eab00000)
  object space 44032K, 17% used [0x00000000c0000000,0x00000000c0780e10,0x00000000c2b00000)
 Metaspace       used 6186K, capacity 7088K, committed 7296K, reserved 1056768K
  class space    used 593K, capacity 616K, committed 640K, reserved 1048576K
Event: 6.328 GC heap after
Heap after GC invocations=4 (full 0):
 PSYoungGen      total 68096K, used 2540K [0x00000000eab00000, 0x00000000ef000000, 0x0000000100000000)
  eden space 65536K, 0% used [0x00000000eab00000,0x00000000eab00000,0x00000000eeb00000)
  from space 2560K, 99% used [0x00000000eed80000,0x00000000eeffb390,0x00000000ef000000)
  to   space 2560K, 0% used [0x00000000eeb00000,0x00000000eeb00000,0x00000000eed80000)
 ParOldGen       total 44032K, used 13288K [0x00000000c0000000, 0x00000000c2b00000, 0x00000000eab00000)
  object space 44032K, 30% used [0x00000000c0000000,0x00000000c0cfa300,0x00000000c2b00000)
 Metaspace       used 6186K, capacity 7088K, committed 7296K, reserved 1056768K
  class space    used 593K, capacity 616K, committed 640K, reserved 1048576K
}
Event: 8.747 GC heap before
{Heap before GC invocations=5 (full 0):
 PSYoungGen      total 68096K, used 68076K [0x00000000eab00000, 0x00000000ef000000, 0x0000000100000000)
  eden space 65536K, 100% used [0x00000000eab00000,0x00000000eeb00000,0x00000000eeb00000)
  from space 2560K, 99% used [0x00000000eed80000,0x00000000eeffb390,0x00000000ef000000)
  to   space 2560K, 0% used [0x00000000eeb00000,0x00000000eeb00000,0x00000000eed80000)
 ParOldGen       total 44032K, used 13288K [0x00000000c0000000, 0x00000000c2b00000, 0x00000000eab00000)
  object space 44032K, 30% used [0x00000000c0000000,0x00000000c0cfa300,0x00000000c2b00000)
 Metaspace       used 6231K, capacity 7152K, committed 7296K, reserved 1056768K
  class space    used 593K, capacity 616K, committed 640K, reserved 1048576K
Event: 8.980 GC heap after
Heap after GC invocations=5 (full 0):
 PSYoungGen      total 68096K, used 2532K [0x00000000eab00000, 0x00000000f4800000, 0x0000000100000000)
  eden space 65536K, 0% used [0x00000000eab00000,0x00000000eab00000,0x00000000eeb00000)
  from space 2560K, 98% used [0x00000000eeb00000,0x00000000eed79340,0x00000000eed80000)
  to   space 14848K, 0% used [0x00000000f3980000,0x00000000f3980000,0x00000000f4800000)
 ParOldGen       total 44032K, used 23049K [0x00000000c0000000, 0x00000000c2b00000, 0x00000000eab00000)
  object space 44032K, 52% used [0x00000000c0000000,0x00000000c1682458,0x00000000c2b00000)
 Metaspace       used 6231K, capacity 7152K, committed 7296K, reserved 1056768K
  class space    used 593K, capacity 616K, committed 640K, reserved 1048576K
}

Deoptimization events (10 events):
Event: 7.768 Thread 0x0000000008538000 Uncommon trap: reason=bimorphic action=maybe_recompile pc=0x000000000f715f50 method=com.android.dx.cf.code.BytecodeArray.parseInstruction(ILcom/android/dx/cf/code/BytecodeArray$Visitor;)I @ 1130
Event: 7.769 Thread 0x0000000008538000 Uncommon trap: reason=bimorphic action=maybe_recompile pc=0x000000000f715f50 method=com.android.dx.cf.code.BytecodeArray.parseInstruction(ILcom/android/dx/cf/code/BytecodeArray$Visitor;)I @ 1130
Event: 9.024 Thread 0x0000000008538000 Uncommon trap: reason=bimorphic action=maybe_recompile pc=0x000000000f6b50fc method=com.android.dx.cf.code.RopperMachine.run(Lcom/android/dx/cf/code/Frame;II)V @ 310
Event: 10.359 Thread 0x0000000008537800 Uncommon trap: reason=class_check action=maybe_recompile pc=0x000000000f6b4e94 method=com.android.dx.cf.code.RopperMachine.run(Lcom/android/dx/cf/code/Frame;II)V @ 988
Event: 10.383 Thread 0x0000000008537800 Uncommon trap: reason=class_check action=maybe_recompile pc=0x000000000f7c9ec4 method=com.android.dx.cf.code.BytecodeArray.parseInstruction(ILcom/android/dx/cf/code/BytecodeArray$Visitor;)I @ 1807
Event: 10.383 Thread 0x0000000008537800 Uncommon trap: reason=class_check action=maybe_recompile pc=0x000000000f7c9ec4 method=com.android.dx.cf.code.BytecodeArray.parseInstruction(ILcom/android/dx/cf/code/BytecodeArray$Visitor;)I @ 1807
Event: 10.384 Thread 0x0000000008537800 Uncommon trap: reason=class_check action=maybe_recompile pc=0x000000000f7c9ec4 method=com.android.dx.cf.code.BytecodeArray.parseInstruction(ILcom/android/dx/cf/code/BytecodeArray$Visitor;)I @ 1807
Event: 10.384 Thread 0x0000000008537800 Uncommon trap: reason=class_check action=maybe_recompile pc=0x000000000f7c990c method=com.android.dx.cf.code.BytecodeArray.parseInstruction(ILcom/android/dx/cf/code/BytecodeArray$Visitor;)I @ 1417
Event: 10.384 Thread 0x0000000008537800 Uncommon trap: reason=class_check action=maybe_recompile pc=0x000000000f7c990c method=com.android.dx.cf.code.BytecodeArray.parseInstruction(ILcom/android/dx/cf/code/BytecodeArray$Visitor;)I @ 1417
Event: 10.386 Thread 0x0000000008537800 Uncommon trap: reason=class_check action=maybe_recompile pc=0x000000000f4a14b8 method=java.util.HashMap.putVal(ILjava/lang/Object;Ljava/lang/Object;ZZ)Ljava/lang/Object; @ 203

Internal exceptions (10 events):
Event: 1.828 Thread 0x0000000002e9d800 Exception <a 'java/security/PrivilegedActionException'> (0x00000000eb3c3260) thrown at [D:\re\workspace\8-2-build-windows-amd64-cygwin\jdk8u25\1677\hotspot\src\share\vm\prims\jvm.cpp, line 1312]
Event: 1.828 Thread 0x0000000002e9d800 Exception <a 'java/security/PrivilegedActionException'> (0x00000000eb3c5960) thrown at [D:\re\workspace\8-2-build-windows-amd64-cygwin\jdk8u25\1677\hotspot\src\share\vm\prims\jvm.cpp, line 1312]
Event: 1.954 Thread 0x0000000008536000 Exception <a 'java/security/PrivilegedActionException'> (0x00000000eb88bbf0) thrown at [D:\re\workspace\8-2-build-windows-amd64-cygwin\jdk8u25\1677\hotspot\src\share\vm\prims\jvm.cpp, line 1312]
Event: 2.114 Thread 0x0000000008537800 Implicit null exception at 0x000000000f3b6ca2 to 0x000000000f3b6da5
Event: 2.196 Thread 0x0000000008538000 Exception <a 'java/security/PrivilegedActionException'> (0x00000000eb1567a8) thrown at [D:\re\workspace\8-2-build-windows-amd64-cygwin\jdk8u25\1677\hotspot\src\share\vm\prims\jvm.cpp, line 1312]
Event: 4.206 Thread 0x0000000008536000 Implicit null exception at 0x000000000f5973af to 0x000000000f59a051
Event: 4.206 Thread 0x0000000008536000 Implicit null exception at 0x000000000f5d5aa0 to 0x000000000f5d8bc1
Event: 5.798 Thread 0x0000000002e9d800 Exception <a 'java/security/PrivilegedActionException'> (0x00000000ebda9548) thrown at [D:\re\workspace\8-2-build-windows-amd64-cygwin\jdk8u25\1677\hotspot\src\share\vm\prims\jvm.cpp, line 1312]
Event: 5.812 Thread 0x0000000008537800 Exception <a 'java/security/PrivilegedActionException'> (0x00000000ec1418a8) thrown at [D:\re\workspace\8-2-build-windows-amd64-cygwin\jdk8u25\1677\hotspot\src\share\vm\prims\jvm.cpp, line 1312]
Event: 10.093 Thread 0x0000000008537800 Exception <a 'java/security/PrivilegedActionException'> (0x00000000eb7ab908) thrown at [D:\re\workspace\8-2-build-windows-amd64-cygwin\jdk8u25\1677\hotspot\src\share\vm\prims\jvm.cpp, line 1312]

Events (10 events):
Event: 10.384 Thread 0x0000000008537800 DEOPT UNPACKING pc=0x000000000f05556a sp=0x000000000923eae8 mode 2
Event: 10.384 Thread 0x0000000008537800 Uncommon trap: trap_request=0xffffffde fr.pc=0x000000000f7c990c
Event: 10.384 Thread 0x0000000008537800 DEOPT PACKING pc=0x000000000f7c990c sp=0x000000000923eb60
Event: 10.384 Thread 0x0000000008537800 DEOPT UNPACKING pc=0x000000000f05556a sp=0x000000000923eae8 mode 2
Event: 10.384 Thread 0x0000000008537800 Uncommon trap: trap_request=0xffffffde fr.pc=0x000000000f7c990c
Event: 10.384 Thread 0x0000000008537800 DEOPT PACKING pc=0x000000000f7c990c sp=0x000000000923eb60
Event: 10.384 Thread 0x0000000008537800 DEOPT UNPACKING pc=0x000000000f05556a sp=0x000000000923eae8 mode 2
Event: 10.386 Thread 0x0000000008537800 Uncommon trap: trap_request=0xffffffde fr.pc=0x000000000f4a14b8
Event: 10.386 Thread 0x0000000008537800 DEOPT PACKING pc=0x000000000f4a14b8 sp=0x000000000923e8d0
Event: 10.386 Thread 0x0000000008537800 DEOPT UNPACKING pc=0x000000000f05556a sp=0x000000000923e848 mode 2


Dynamic libraries:
0x00007ff7c7390000 - 0x00007ff7c73c4000 	C:\Program Files\Java\jdk1.8.0_25\bin\java.exe
0x00007ffee9cd0000 - 0x00007ffee9e7c000 	C:\Windows\SYSTEM32\ntdll.dll
0x00007ffee9b90000 - 0x00007ffee9cce000 	C:\Windows\system32\KERNEL32.DLL
0x00007ffee7240000 - 0x00007ffee7355000 	C:\Windows\system32\KERNELBASE.dll
0x00007ffee57f0000 - 0x00007ffee587e000 	C:\Windows\system32\apphelp.dll
0x00007ffed4ee0000 - 0x00007ffed4f33000 	C:\Windows\AppPatch\AppPatch64\AcGenral.DLL
0x00007ffee7370000 - 0x00007ffee741a000 	C:\Windows\system32\msvcrt.dll
0x00007ffee6ca0000 - 0x00007ffee6cce000 	C:\Windows\SYSTEM32\SspiCli.dll
0x00007ffee9b30000 - 0x00007ffee9b84000 	C:\Windows\system32\SHLWAPI.dll
0x00007ffee75e0000 - 0x00007ffee7757000 	C:\Windows\system32\USER32.dll
0x00007ffee7bb0000 - 0x00007ffee7d44000 	C:\Windows\system32\ole32.dll
0x00007ffee8240000 - 0x00007ffee9759000 	C:\Windows\system32\SHELL32.dll
0x00007ffee63a0000 - 0x00007ffee63c1000 	C:\Windows\SYSTEM32\USERENV.dll
0x00007ffee7ea0000 - 0x00007ffee7f4a000 	C:\Windows\system32\ADVAPI32.dll
0x00007ffedec20000 - 0x00007ffedec3e000 	C:\Windows\SYSTEM32\MPR.dll
0x00007ffee7d50000 - 0x00007ffee7e91000 	C:\Windows\system32\RPCRT4.dll
0x00007ffee9ad0000 - 0x00007ffee9b29000 	C:\Windows\SYSTEM32\sechost.dll
0x00007ffee77b0000 - 0x00007ffee79c1000 	C:\Windows\SYSTEM32\combase.dll
0x00007ffee9960000 - 0x00007ffee9aaf000 	C:\Windows\system32\GDI32.dll
0x00007ffee6e30000 - 0x00007ffee6e45000 	C:\Windows\SYSTEM32\profapi.dll
0x00007ffee5880000 - 0x00007ffee5932000 	C:\Windows\SYSTEM32\SHCORE.dll
0x00007ffee7760000 - 0x00007ffee7796000 	C:\Windows\system32\IMM32.DLL
0x00007ffee8070000 - 0x00007ffee81c2000 	C:\Windows\system32\MSCTF.dll
0x00007ffee6df0000 - 0x00007ffee6e1f000 	C:\Windows\system32\nvinitx.dll
0x000000000f000000 - 0x000000000f006000 	C:\Program Files\NVIDIA Corporation\CoProcManager\_etoured.dll
0x00007ffee55d0000 - 0x00007ffee5603000 	C:\Program Files\NVIDIA Corporation\CoProcManager\nvd3d9wrapx.dll
0x00007ffee79d0000 - 0x00007ffee7baa000 	C:\Windows\system32\SETUPAPI.dll
0x00007ffee6f00000 - 0x00007ffee6f4f000 	C:\Windows\system32\CFGMGR32.dll
0x00007ffee56b0000 - 0x00007ffee56d3000 	C:\Program Files\NVIDIA Corporation\CoProcManager\nvdxgiwrapx.dll
0x00007ffee50b0000 - 0x00007ffee532a000 	C:\Windows\WinSxS\amd64_microsoft.windows.common-controls_6595b64144ccf1df_6.0.9600.17810_none_6240b9c7ecbd0bda\COMCTL32.dll
0x000000005ae60000 - 0x000000005af32000 	C:\Program Files\Java\jdk1.8.0_25\jre\bin\msvcr100.dll
0x000000005b1f0000 - 0x000000005ba4a000 	C:\Program Files\Java\jdk1.8.0_25\jre\bin\server\jvm.dll
0x00007ffee0c80000 - 0x00007ffee0c89000 	C:\Windows\SYSTEM32\WSOCK32.dll
0x00007ffee5330000 - 0x00007ffee5352000 	C:\Windows\SYSTEM32\WINMM.dll
0x00007ffee75d0000 - 0x00007ffee75d7000 	C:\Windows\system32\PSAPI.DLL
0x00007ffee9770000 - 0x00007ffee97ca000 	C:\Windows\system32\WS2_32.dll
0x00007ffee5040000 - 0x00007ffee506a000 	C:\Windows\SYSTEM32\WINMMBASE.dll
0x00007ffee7360000 - 0x00007ffee7369000 	C:\Windows\system32\NSI.dll
0x00007ffee5b30000 - 0x00007ffee5b58000 	C:\Windows\SYSTEM32\DEVOBJ.dll
0x000000005c710000 - 0x000000005c71f000 	C:\Program Files\Java\jdk1.8.0_25\jre\bin\verify.dll
0x000000005bb60000 - 0x000000005bb88000 	C:\Program Files\Java\jdk1.8.0_25\jre\bin\java.dll
0x000000005bb40000 - 0x000000005bb56000 	C:\Program Files\Java\jdk1.8.0_25\jre\bin\zip.dll
0x00007ffed8e80000 - 0x00007ffed9009000 	C:\Windows\SYSTEM32\dbghelp.dll

VM Arguments:
jvm_args: -Djava.awt.headless=true -Xmx1024M -Dfile.encoding=windows-1252 -Duser.country=US -Duser.language=en -Duser.variant 
java_command: com.android.dx.command.Main --dex --force-jumbo --num-threads=4 --output E:\Anavel\Anavel\app\build\intermediates\pre-dexed\debug\com.android.support-support-v4-23.3.0_c68ab93c211703269dbe5ddc0cbaac5bbf195f1c.jar E:\Anavel\Anavel\app\build\intermediates\exploded-aar\com.android.support\support-v4\23.3.0\jars\classes.jar
java_class_path (initial): C:\Users\Vostro\AppData\Local\Android\sdk\build-tools\23.0.3\lib\dx.jar
Launcher Type: SUN_STANDARD

Environment Variables:
PATH=C:\MinGW\bin;C:\MinGW\libexec\gcc\x86_64-pc-mingw32\4.9.1;C:\MinGW\gcc\bin;C:\MinGW\gcc\libexec\gcc\x86_64-pc-mingw32\4.9.1;C:\ProgramData\Oracle\Java\javapath;C:\Program Files (x86)\NVIDIA Corporation\PhysX\Common;C:\Program Files (x86)\Intel\iCLS Client\;C:\Program Files\Intel\iCLS Client\;C:\Windows\system32;C:\Windows;C:\Windows\System32\Wbem;C:\Windows\System32\WindowsPowerShell\v1.0\;C:\Program Files\Intel\Intel(R) Management Engine Components\DAL;C:\Program Files\Intel\Intel(R) Management Engine Components\IPT;C:\Program Files (x86)\Intel\Intel(R) Management Engine Components\DAL;C:\Program Files (x86)\Intel\Intel(R) Management Engine Components\IPT;C:\Program Files (x86)\Intel\OpenCL SDK\3.0\bin\x86;C:\Program Files (x86)\Intel\OpenCL SDK\3.0\bin\x64;C:\Program Files (x86)\Windows Kits\8.1\Windows Performance Toolkit\;C:\Program Files\Microsoft SQL Server\110\Tools\Binn\;C:\Program Files (x86)\Microsoft SQL Server\110\Tools\Binn\ManagementStudio\;C:\Program Files (x86)\Microsoft SQL Server\110\Tools\Binn\;C:\Program Files (x86)\Microsoft SQL Server\110\DTS\Binn\;C:\Program Files\Microsoft SQL Server\110\DTS\Binn\;C:\OpenCV2410\opencv\build\x64\vc12\bin;C:\Program Files (x86)\Microsoft SDKs\TypeScript\1.0\;C:\Program Files\Microsoft SQL Server\120\Tools\Binn\;C:\Emgu\emgucv-windows-universal 3.0.0.2157\bin\x86;C:\Program Files (x86)\GtkSharp\2.12\bin;C:\Anaconda2;C:\Anaconda2\Scripts;C:\Anaconda2\Library\bin
USERNAME=Vostro
OS=Windows_NT
PROCESSOR_IDENTIFIER=Intel64 Family 6 Model 69 Stepping 1, GenuineIntel



---------------  S Y S T E M  ---------------

OS: Windows 8.1 , 64 bit Build 9600 

CPU:total 4 (2 cores per cpu, 2 threads per core) family 6 model 69 stepping 1, cmov, cx8, fxsr, mmx, sse, sse2, sse3, ssse3, sse4.1, sse4.2, popcnt, avx, avx2, aes, clmul, erms, lzcnt, ht, tsc, tscinvbit, bmi1, bmi2

Memory: 4k page, physical 4099864k(258572k free), swap 10757600k(144388k free)

vm_info: Java HotSpot(TM) 64-Bit Server VM (25.25-b02) for windows-amd64 JRE (1.8.0_25-b18), built on Oct  7 2014 14:25:37 by "java_re" with MS VC++ 10.0 (VS2010)

time: Tue Aug 16 04:45:53 2016
elapsed time: 20 seconds (0d 0h 0m 20s)

