#
# There is insufficient memory for the Java Runtime Environment to continue.
# Native memory allocation (malloc) failed to allocate 32744 bytes for ChunkPool::allocate
# Possible reasons:
#   The system is out of physical RAM or swap space
#   In 32 bit mode, the process size limit was hit
# Possible solutions:
#   Reduce memory load on the system
#   Increase physical memory or swap space
#   Check if swap backing store is full
#   Use 64 bit Java on a 64 bit OS
#   Decrease Java heap size (-Xmx/-Xms)
#   Decrease number of Java threads
#   Decrease Java thread stack sizes (-Xss)
#   Set larger code cache with -XX:ReservedCodeCacheSize=
# This output file may be truncated or incomplete.
#
#  Out of Memory Error (allocation.cpp:273), pid=872, tid=7040
#
# JRE version: Java(TM) SE Runtime Environment (8.0_25-b18) (build 1.8.0_25-b18)
# Java VM: Java HotSpot(TM) 64-Bit Server VM (25.25-b02 mixed mode windows-amd64 compressed oops)
# Failed to write core dump. Minidumps are not enabled by default on client versions of Windows
#

---------------  T H R E A D  ---------------

Current thread (0x000000000687d800):  JavaThread "C2 CompilerThread0" daemon [_thread_in_native, id=7040, stack(0x0000000007dd0000,0x0000000007ed0000)]

Stack: [0x0000000007dd0000,0x0000000007ed0000]
Native frames: (J=compiled Java code, j=interpreted, Vv=VM code, C=native code)
V  [jvm.dll+0x31667a]


Current CompileTask:
C2:  27537 3007 %     4       com.android.dx.dex.code.OutputFinisher::performExpansion @ 31 (273 bytes)


---------------  P R O C E S S  ---------------

Java Threads: ( => current thread )
  0x00000000068dc800 JavaThread "Service Thread" daemon [_thread_blocked, id=7004, stack(0x00000000084d0000,0x00000000085d0000)]
  0x00000000068cd000 JavaThread "C1 CompilerThread2" daemon [_thread_in_vm, id=3840, stack(0x0000000007fd0000,0x00000000080d0000)]
  0x00000000068c7000 JavaThread "C2 CompilerThread1" daemon [_thread_in_vm, id=7676, stack(0x0000000007ed0000,0x0000000007fd0000)]
=>0x000000000687d800 JavaThread "C2 CompilerThread0" daemon [_thread_in_native, id=7040, stack(0x0000000007dd0000,0x0000000007ed0000)]
  0x000000000687c800 JavaThread "Attach Listener" daemon [_thread_blocked, id=5028, stack(0x0000000007cd0000,0x0000000007dd0000)]
  0x000000000687b000 JavaThread "Signal Dispatcher" daemon [_thread_blocked, id=4576, stack(0x0000000007bd0000,0x0000000007cd0000)]
  0x00000000031a6000 JavaThread "Finalizer" daemon [_thread_blocked, id=376, stack(0x0000000007ad0000,0x0000000007bd0000)]
  0x0000000006848000 JavaThread "Reference Handler" daemon [_thread_blocked, id=6336, stack(0x00000000079d0000,0x0000000007ad0000)]
  0x0000000002ecd800 JavaThread "main" [_thread_in_Java, id=5440, stack(0x0000000002fb0000,0x00000000030b0000)]

Other Threads:
  0x0000000006846000 VMThread [stack: 0x00000000078d0000,0x00000000079d0000] [id=8180]
  0x00000000080e9000 WatcherThread [stack: 0x00000000085d0000,0x00000000086d0000] [id=5000]

VM state:not at safepoint (normal execution)

VM Mutex/Monitor currently owned by a thread: None

Heap:
 PSYoungGen      total 221696K, used 37542K [0x00000000eab00000, 0x00000000fea00000, 0x0000000100000000)
  eden space 180736K, 16% used [0x00000000eab00000,0x00000000ec882210,0x00000000f5b80000)
  from space 40960K, 17% used [0x00000000f5b80000,0x00000000f62a7640,0x00000000f8380000)
  to   space 40960K, 0% used [0x00000000fc200000,0x00000000fc200000,0x00000000fea00000)
 ParOldGen       total 173056K, used 106348K [0x00000000c0000000, 0x00000000ca900000, 0x00000000eab00000)
  object space 173056K, 61% used [0x00000000c0000000,0x00000000c67db020,0x00000000ca900000)
 Metaspace       used 6689K, capacity 7544K, committed 7680K, reserved 1056768K
  class space    used 634K, capacity 688K, committed 768K, reserved 1048576K

Card table byte_map: [0x0000000003570000,0x0000000003780000] byte_map_base: 0x0000000002f70000

Marking Bits: (ParMarkBitMap*) 0x000000005b9cd490
 Begin Bits: [0x0000000003ce0000, 0x0000000004ce0000)
 End Bits:   [0x0000000004ce0000, 0x0000000005ce0000)

Polling page: 0x0000000002df0000

CodeCache: size=245760Kb used=11459Kb max_used=11472Kb free=234300Kb
 bounds [0x000000000f010000, 0x000000000fb60000, 0x000000001e010000]
 total_blobs=2679 nmethods=2413 adapters=179
 compilation: enabled

Compilation events (10 events):
Event: 27.197 Thread 0x000000000687d800 3003       4       com.android.dx.dex.code.LocalList$MakeState::add (75 bytes)
Event: 27.199 Thread 0x00000000068c7000 nmethod 3002 0x000000000fb3e850 code [0x000000000fb3e9a0, 0x000000000fb3eb08]
Event: 27.205 Thread 0x00000000068c7000 3004       4       com.android.dx.rop.code.RegisterSpecList$Expander::<init> (10 bytes)
Event: 27.209 Thread 0x00000000068c7000 nmethod 3004 0x000000000fb3e250 code [0x000000000fb3e3a0, 0x000000000fb3e5d8]
Event: 27.211 Thread 0x000000000687d800 nmethod 3003 0x000000000fb4ba50 code [0x000000000fb4bc00, 0x000000000fb4c5b8]
Event: 27.360 Thread 0x00000000068cd000 3005       1       com.android.dx.dex.code.form.Form10x::codeSize (2 bytes)
Event: 27.360 Thread 0x00000000068cd000 nmethod 3005 0x000000000fb4afd0 code [0x000000000fb4b120, 0x000000000fb4b230]
Event: 27.364 Thread 0x00000000068c7000 3006       4       com.android.dx.dex.code.OutputFinisher::findExpandedOpcodeForInsn (46 bytes)
Event: 27.385 Thread 0x00000000068c7000 nmethod 3006 0x000000000fb51190 code [0x000000000fb51340, 0x000000000fb51b28]
Event: 27.386 Thread 0x000000000687d800 3007 %     4       com.android.dx.dex.code.OutputFinisher::performExpansion @ 31 (273 bytes)

GC Heap History (10 events):
Event: 8.483 GC heap before
{Heap before GC invocations=12 (full 2):
 PSYoungGen      total 175616K, used 33407K [0x00000000eab00000, 0x00000000f8f00000, 0x0000000100000000)
  eden space 139264K, 0% used [0x00000000eab00000,0x00000000eab00000,0x00000000f3300000)
  from space 36352K, 91% used [0x00000000f5b00000,0x00000000f7b9fed8,0x00000000f7e80000)
  to   space 40960K, 0% used [0x00000000f3300000,0x00000000f3300000,0x00000000f5b00000)
 ParOldGen       total 60416K, used 45248K [0x00000000c0000000, 0x00000000c3b00000, 0x00000000eab00000)
  object space 60416K, 74% used [0x00000000c0000000,0x00000000c2c30280,0x00000000c3b00000)
 Metaspace       used 6192K, capacity 7152K, committed 7296K, reserved 1056768K
  class space    used 592K, capacity 616K, committed 640K, reserved 1048576K
Event: 8.946 GC heap after
Heap after GC invocations=12 (full 2):
 PSYoungGen      total 175616K, used 0K [0x00000000eab00000, 0x00000000f8f00000, 0x0000000100000000)
  eden space 139264K, 0% used [0x00000000eab00000,0x00000000eab00000,0x00000000f3300000)
  from space 36352K, 0% used [0x00000000f5b00000,0x00000000f5b00000,0x00000000f7e80000)
  to   space 40960K, 0% used [0x00000000f3300000,0x00000000f3300000,0x00000000f5b00000)
 ParOldGen       total 106496K, used 56878K [0x00000000c0000000, 0x00000000c6800000, 0x00000000eab00000)
  object space 106496K, 53% used [0x00000000c0000000,0x00000000c378bae8,0x00000000c6800000)
 Metaspace       used 6192K, capacity 7152K, committed 7296K, reserved 1056768K
  class space    used 592K, capacity 616K, committed 640K, reserved 1048576K
}
Event: 9.950 GC heap before
{Heap before GC invocations=13 (full 2):
 PSYoungGen      total 175616K, used 139264K [0x00000000eab00000, 0x00000000f8f00000, 0x0000000100000000)
  eden space 139264K, 100% used [0x00000000eab00000,0x00000000f3300000,0x00000000f3300000)
  from space 36352K, 0% used [0x00000000f5b00000,0x00000000f5b00000,0x00000000f7e80000)
  to   space 40960K, 0% used [0x00000000f3300000,0x00000000f3300000,0x00000000f5b00000)
 ParOldGen       total 106496K, used 56878K [0x00000000c0000000, 0x00000000c6800000, 0x00000000eab00000)
  object space 106496K, 53% used [0x00000000c0000000,0x00000000c378bae8,0x00000000c6800000)
 Metaspace       used 6197K, capacity 7152K, committed 7296K, reserved 1056768K
  class space    used 592K, capacity 616K, committed 640K, reserved 1048576K
Event: 10.155 GC heap after
Heap after GC invocations=13 (full 2):
 PSYoungGen      total 180224K, used 26461K [0x00000000eab00000, 0x00000000fac80000, 0x0000000100000000)
  eden space 139264K, 0% used [0x00000000eab00000,0x00000000eab00000,0x00000000f3300000)
  from space 40960K, 64% used [0x00000000f3300000,0x00000000f4cd7468,0x00000000f5b00000)
  to   space 41984K, 0% used [0x00000000f8380000,0x00000000f8380000,0x00000000fac80000)
 ParOldGen       total 106496K, used 56878K [0x00000000c0000000, 0x00000000c6800000, 0x00000000eab00000)
  object space 106496K, 53% used [0x00000000c0000000,0x00000000c378bae8,0x00000000c6800000)
 Metaspace       used 6197K, capacity 7152K, committed 7296K, reserved 1056768K
  class space    used 592K, capacity 616K, committed 640K, reserved 1048576K
}
Event: 12.189 GC heap before
{Heap before GC invocations=14 (full 2):
 PSYoungGen      total 180224K, used 165725K [0x00000000eab00000, 0x00000000fac80000, 0x0000000100000000)
  eden space 139264K, 100% used [0x00000000eab00000,0x00000000f3300000,0x00000000f3300000)
  from space 40960K, 64% used [0x00000000f3300000,0x00000000f4cd7468,0x00000000f5b00000)
  to   space 41984K, 0% used [0x00000000f8380000,0x00000000f8380000,0x00000000fac80000)
 ParOldGen       total 106496K, used 56878K [0x00000000c0000000, 0x00000000c6800000, 0x00000000eab00000)
  object space 106496K, 53% used [0x00000000c0000000,0x00000000c378bae8,0x00000000c6800000)
 Metaspace       used 6297K, capacity 7192K, committed 7424K, reserved 1056768K
  class space    used 613K, capacity 656K, committed 768K, reserved 1048576K
Event: 13.379 GC heap after
Heap after GC invocations=14 (full 2):
 PSYoungGen      total 222720K, used 20970K [0x00000000eab00000, 0x00000000fb680000, 0x0000000100000000)
  eden space 180736K, 0% used [0x00000000eab00000,0x00000000eab00000,0x00000000f5b80000)
  from space 41984K, 49% used [0x00000000f8380000,0x00000000f97faab8,0x00000000fac80000)
  to   space 40960K, 0% used [0x00000000f5b80000,0x00000000f5b80000,0x00000000f8380000)
 ParOldGen       total 106496K, used 72489K [0x00000000c0000000, 0x00000000c6800000, 0x00000000eab00000)
  object space 106496K, 68% used [0x00000000c0000000,0x00000000c46ca5a8,0x00000000c6800000)
 Metaspace       used 6297K, capacity 7192K, committed 7424K, reserved 1056768K
  class space    used 613K, capacity 656K, committed 768K, reserved 1048576K
}
Event: 19.329 GC heap before
{Heap before GC invocations=15 (full 2):
 PSYoungGen      total 222720K, used 201706K [0x00000000eab00000, 0x00000000fb680000, 0x0000000100000000)
  eden space 180736K, 100% used [0x00000000eab00000,0x00000000f5b80000,0x00000000f5b80000)
  from space 41984K, 49% used [0x00000000f8380000,0x00000000f97faab8,0x00000000fac80000)
  to   space 40960K, 0% used [0x00000000f5b80000,0x00000000f5b80000,0x00000000f8380000)
 ParOldGen       total 106496K, used 72489K [0x00000000c0000000, 0x00000000c6800000, 0x00000000eab00000)
  object space 106496K, 68% used [0x00000000c0000000,0x00000000c46ca5a8,0x00000000c6800000)
 Metaspace       used 6344K, capacity 7256K, committed 7424K, reserved 1056768K
  class space    used 615K, capacity 656K, committed 768K, reserved 1048576K
Event: 19.734 GC heap after
Heap after GC invocations=15 (full 2):
 PSYoungGen      total 221696K, used 25329K [0x00000000eab00000, 0x00000000fea00000, 0x0000000100000000)
  eden space 180736K, 0% used [0x00000000eab00000,0x00000000eab00000,0x00000000f5b80000)
  from space 40960K, 61% used [0x00000000f5b80000,0x00000000f743c578,0x00000000f8380000)
  to   space 40960K, 0% used [0x00000000fc200000,0x00000000fc200000,0x00000000fea00000)
 ParOldGen       total 106496K, used 93080K [0x00000000c0000000, 0x00000000c6800000, 0x00000000eab00000)
  object space 106496K, 87% used [0x00000000c0000000,0x00000000c5ae6360,0x00000000c6800000)
 Metaspace       used 6344K, capacity 7256K, committed 7424K, reserved 1056768K
  class space    used 615K, capacity 656K, committed 768K, reserved 1048576K
}
Event: 19.734 GC heap before
{Heap before GC invocations=16 (full 3):
 PSYoungGen      total 221696K, used 25329K [0x00000000eab00000, 0x00000000fea00000, 0x0000000100000000)
  eden space 180736K, 0% used [0x00000000eab00000,0x00000000eab00000,0x00000000f5b80000)
  from space 40960K, 61% used [0x00000000f5b80000,0x00000000f743c578,0x00000000f8380000)
  to   space 40960K, 0% used [0x00000000fc200000,0x00000000fc200000,0x00000000fea00000)
 ParOldGen       total 106496K, used 93080K [0x00000000c0000000, 0x00000000c6800000, 0x00000000eab00000)
  object space 106496K, 87% used [0x00000000c0000000,0x00000000c5ae6360,0x00000000c6800000)
 Metaspace       used 6344K, capacity 7256K, committed 7424K, reserved 1056768K
  class space    used 615K, capacity 656K, committed 768K, reserved 1048576K
Event: 22.951 GC heap after
Heap after GC invocations=16 (full 3):
 PSYoungGen      total 221696K, used 7325K [0x00000000eab00000, 0x00000000fea00000, 0x0000000100000000)
  eden space 180736K, 0% used [0x00000000eab00000,0x00000000eab00000,0x00000000f5b80000)
  from space 40960K, 17% used [0x00000000f5b80000,0x00000000f62a7640,0x00000000f8380000)
  to   space 40960K, 0% used [0x00000000fc200000,0x00000000fc200000,0x00000000fea00000)
 ParOldGen       total 173056K, used 106348K [0x00000000c0000000, 0x00000000ca900000, 0x00000000eab00000)
  object space 173056K, 61% used [0x00000000c0000000,0x00000000c67db020,0x00000000ca900000)
 Metaspace       used 6344K, capacity 7256K, committed 7424K, reserved 1056768K
  class space    used 615K, capacity 656K, committed 768K, reserved 1048576K
}

Deoptimization events (10 events):
Event: 24.088 Thread 0x0000000002ecd800 Uncommon trap: reason=class_check action=maybe_recompile pc=0x000000000f384ec4 method=java.util.Arrays.equals([Ljava/lang/Object;[Ljava/lang/Object;)Z @ 62
Event: 24.088 Thread 0x0000000002ecd800 Uncommon trap: reason=speculate_class_check action=maybe_recompile pc=0x000000000f383678 method=com.android.dx.util.FixedSizeList.equals(Ljava/lang/Object;)Z @ 25
Event: 24.088 Thread 0x0000000002ecd800 Uncommon trap: reason=class_check action=maybe_recompile pc=0x000000000f384ec4 method=java.util.Arrays.equals([Ljava/lang/Object;[Ljava/lang/Object;)Z @ 62
Event: 24.088 Thread 0x0000000002ecd800 Uncommon trap: reason=speculate_class_check action=maybe_recompile pc=0x000000000f383678 method=com.android.dx.util.FixedSizeList.equals(Ljava/lang/Object;)Z @ 25
Event: 24.088 Thread 0x0000000002ecd800 Uncommon trap: reason=class_check action=maybe_recompile pc=0x000000000f384ec4 method=java.util.Arrays.equals([Ljava/lang/Object;[Ljava/lang/Object;)Z @ 62
Event: 24.088 Thread 0x0000000002ecd800 Uncommon trap: reason=speculate_class_check action=maybe_recompile pc=0x000000000f383678 method=com.android.dx.util.FixedSizeList.equals(Ljava/lang/Object;)Z @ 25
Event: 24.088 Thread 0x0000000002ecd800 Uncommon trap: reason=class_check action=maybe_recompile pc=0x000000000f384ec4 method=java.util.Arrays.equals([Ljava/lang/Object;[Ljava/lang/Object;)Z @ 62
Event: 25.342 Thread 0x0000000002ecd800 Uncommon trap: reason=unreached action=reinterpret pc=0x000000000fadb0dc method=com.android.dx.dex.code.OutputFinisher.findOpcodeForInsn(Lcom/android/dx/dex/code/DalvInsn;Lcom/android/dx/dex/code/Dop;)Lcom/android/dx/dex/code/Dop; @ 1
Event: 25.348 Thread 0x0000000002ecd800 Uncommon trap: reason=unreached action=reinterpret pc=0x000000000f300c38 method=com.android.dx.dex.code.OutputFinisher.findOpcodeForInsn(Lcom/android/dx/dex/code/DalvInsn;Lcom/android/dx/dex/code/Dop;)Lcom/android/dx/dex/code/Dop; @ 1
Event: 25.351 Thread 0x0000000002ecd800 Uncommon trap: reason=unreached action=reinterpret pc=0x000000000fad419c method=com.android.dx.dex.code.OutputFinisher.findOpcodeForInsn(Lcom/android/dx/dex/code/DalvInsn;Lcom/android/dx/dex/code/Dop;)Lcom/android/dx/dex/code/Dop; @ 1

Internal exceptions (10 events):
Event: 23.749 Thread 0x0000000002ecd800 Exception <a 'java/security/PrivilegedActionException'> (0x00000000eb424720) thrown at [D:\re\workspace\8-2-build-windows-amd64-cygwin\jdk8u25\1677\hotspot\src\share\vm\prims\jvm.cpp, line 1312]
Event: 23.750 Thread 0x0000000002ecd800 Exception <a 'java/security/PrivilegedActionException'> (0x00000000eb42aef8) thrown at [D:\re\workspace\8-2-build-windows-amd64-cygwin\jdk8u25\1677\hotspot\src\share\vm\prims\jvm.cpp, line 1312]
Event: 23.751 Thread 0x0000000002ecd800 Exception <a 'java/security/PrivilegedActionException'> (0x00000000eb42df30) thrown at [D:\re\workspace\8-2-build-windows-amd64-cygwin\jdk8u25\1677\hotspot\src\share\vm\prims\jvm.cpp, line 1312]
Event: 23.751 Thread 0x0000000002ecd800 Exception <a 'java/security/PrivilegedActionException'> (0x00000000eb432e78) thrown at [D:\re\workspace\8-2-build-windows-amd64-cygwin\jdk8u25\1677\hotspot\src\share\vm\prims\jvm.cpp, line 1312]
Event: 23.753 Thread 0x0000000002ecd800 Exception <a 'java/security/PrivilegedActionException'> (0x00000000eb437600) thrown at [D:\re\workspace\8-2-build-windows-amd64-cygwin\jdk8u25\1677\hotspot\src\share\vm\prims\jvm.cpp, line 1312]
Event: 23.930 Thread 0x0000000002ecd800 Exception <a 'java/security/PrivilegedActionException'> (0x00000000eb4a1fd8) thrown at [D:\re\workspace\8-2-build-windows-amd64-cygwin\jdk8u25\1677\hotspot\src\share\vm\prims\jvm.cpp, line 1312]
Event: 24.089 Thread 0x0000000002ecd800 Exception <a 'java/security/PrivilegedActionException'> (0x00000000eb4a5ea0) thrown at [D:\re\workspace\8-2-build-windows-amd64-cygwin\jdk8u25\1677\hotspot\src\share\vm\prims\jvm.cpp, line 1312]
Event: 24.089 Thread 0x0000000002ecd800 Exception <a 'java/security/PrivilegedActionException'> (0x00000000eb4a9360) thrown at [D:\re\workspace\8-2-build-windows-amd64-cygwin\jdk8u25\1677\hotspot\src\share\vm\prims\jvm.cpp, line 1312]
Event: 25.343 Thread 0x0000000002ecd800 Exception <a 'java/security/PrivilegedActionException'> (0x00000000eb743270) thrown at [D:\re\workspace\8-2-build-windows-amd64-cygwin\jdk8u25\1677\hotspot\src\share\vm\prims\jvm.cpp, line 1312]
Event: 27.205 Thread 0x0000000002ecd800 Exception <a 'java/security/PrivilegedActionException'> (0x00000000ec472320) thrown at [D:\re\workspace\8-2-build-windows-amd64-cygwin\jdk8u25\1677\hotspot\src\share\vm\prims\jvm.cpp, line 1312]

Events (10 events):
Event: 25.365 Thread 0x0000000002ecd800 DEOPT PACKING pc=0x000000000f271881 sp=0x00000000030aec50
Event: 25.365 Thread 0x0000000002ecd800 DEOPT UNPACKING pc=0x000000000f0575bf sp=0x00000000030ae9a0 mode 0
Event: 25.396 Thread 0x0000000002ecd800 DEOPT PACKING pc=0x000000000f271881 sp=0x00000000030aec50
Event: 25.396 Thread 0x0000000002ecd800 DEOPT UNPACKING pc=0x000000000f0575bf sp=0x00000000030ae9a0 mode 0
Event: 26.064 Thread 0x0000000002ecd800 DEOPT PACKING pc=0x000000000faf4276 sp=0x00000000030aeaf0
Event: 26.064 Thread 0x0000000002ecd800 DEOPT UNPACKING pc=0x000000000f0575bf sp=0x00000000030ae848 mode 0
Event: 26.165 Thread 0x0000000002ecd800 DEOPT PACKING pc=0x000000000fabc5d5 sp=0x00000000030aeb60
Event: 26.165 Thread 0x0000000002ecd800 DEOPT UNPACKING pc=0x000000000f0575bf sp=0x00000000030ae968 mode 0
Event: 27.205 loading class com/android/dx/rop/code/RegisterSpecList$1
Event: 27.205 loading class com/android/dx/rop/code/RegisterSpecList$1 done


Dynamic libraries:
0x00007ff7effe0000 - 0x00007ff7f0014000 	C:\Program Files\Java\jdk1.8.0_25\bin\java.exe
0x00007ffee9cd0000 - 0x00007ffee9e7c000 	C:\Windows\SYSTEM32\ntdll.dll
0x00007ffee9b90000 - 0x00007ffee9cce000 	C:\Windows\system32\KERNEL32.DLL
0x00007ffee7240000 - 0x00007ffee7355000 	C:\Windows\system32\KERNELBASE.dll
0x00007ffee57f0000 - 0x00007ffee587e000 	C:\Windows\system32\apphelp.dll
0x00007ffed9bc0000 - 0x00007ffed9c13000 	C:\Windows\AppPatch\AppPatch64\AcGenral.DLL
0x00007ffee7370000 - 0x00007ffee741a000 	C:\Windows\system32\msvcrt.dll
0x00007ffee6ca0000 - 0x00007ffee6cce000 	C:\Windows\SYSTEM32\SspiCli.dll
0x00007ffee9b30000 - 0x00007ffee9b84000 	C:\Windows\system32\SHLWAPI.dll
0x00007ffee75e0000 - 0x00007ffee7757000 	C:\Windows\system32\USER32.dll
0x00007ffee7bb0000 - 0x00007ffee7d44000 	C:\Windows\system32\ole32.dll
0x00007ffee8240000 - 0x00007ffee9759000 	C:\Windows\system32\SHELL32.dll
0x00007ffee63a0000 - 0x00007ffee63c1000 	C:\Windows\SYSTEM32\USERENV.dll
0x00007ffee7ea0000 - 0x00007ffee7f4a000 	C:\Windows\system32\ADVAPI32.dll
0x00007ffedec20000 - 0x00007ffedec3e000 	C:\Windows\SYSTEM32\MPR.dll
0x00007ffee7d50000 - 0x00007ffee7e91000 	C:\Windows\system32\RPCRT4.dll
0x00007ffee9ad0000 - 0x00007ffee9b29000 	C:\Windows\SYSTEM32\sechost.dll
0x00007ffee77b0000 - 0x00007ffee79c1000 	C:\Windows\SYSTEM32\combase.dll
0x00007ffee9960000 - 0x00007ffee9aaf000 	C:\Windows\system32\GDI32.dll
0x00007ffee6e30000 - 0x00007ffee6e45000 	C:\Windows\SYSTEM32\profapi.dll
0x00007ffee5880000 - 0x00007ffee5932000 	C:\Windows\SYSTEM32\SHCORE.dll
0x00007ffee7760000 - 0x00007ffee7796000 	C:\Windows\system32\IMM32.DLL
0x00007ffee8070000 - 0x00007ffee81c2000 	C:\Windows\system32\MSCTF.dll
0x00007ffee6df0000 - 0x00007ffee6e1f000 	C:\Windows\system32\nvinitx.dll
0x000000000f000000 - 0x000000000f006000 	C:\Program Files\NVIDIA Corporation\CoProcManager\_etoured.dll
0x00007ffee5480000 - 0x00007ffee54b3000 	C:\Program Files\NVIDIA Corporation\CoProcManager\nvd3d9wrapx.dll
0x00007ffee79d0000 - 0x00007ffee7baa000 	C:\Windows\system32\SETUPAPI.dll
0x00007ffee6f00000 - 0x00007ffee6f4f000 	C:\Windows\system32\CFGMGR32.dll
0x00007ffee56b0000 - 0x00007ffee56d3000 	C:\Program Files\NVIDIA Corporation\CoProcManager\nvdxgiwrapx.dll
0x00007ffee50b0000 - 0x00007ffee532a000 	C:\Windows\WinSxS\amd64_microsoft.windows.common-controls_6595b64144ccf1df_6.0.9600.17810_none_6240b9c7ecbd0bda\COMCTL32.dll
0x000000005ade0000 - 0x000000005aeb2000 	C:\Program Files\Java\jdk1.8.0_25\jre\bin\msvcr100.dll
0x000000005b1f0000 - 0x000000005ba4a000 	C:\Program Files\Java\jdk1.8.0_25\jre\bin\server\jvm.dll
0x00007ffee0c80000 - 0x00007ffee0c89000 	C:\Windows\SYSTEM32\WSOCK32.dll
0x00007ffee5330000 - 0x00007ffee5352000 	C:\Windows\SYSTEM32\WINMM.dll
0x00007ffee75d0000 - 0x00007ffee75d7000 	C:\Windows\system32\PSAPI.DLL
0x00007ffee9770000 - 0x00007ffee97ca000 	C:\Windows\system32\WS2_32.dll
0x00007ffee5040000 - 0x00007ffee506a000 	C:\Windows\SYSTEM32\WINMMBASE.dll
0x00007ffee7360000 - 0x00007ffee7369000 	C:\Windows\system32\NSI.dll
0x00007ffee5b30000 - 0x00007ffee5b58000 	C:\Windows\SYSTEM32\DEVOBJ.dll
0x000000005c710000 - 0x000000005c71f000 	C:\Program Files\Java\jdk1.8.0_25\jre\bin\verify.dll
0x000000005bcc0000 - 0x000000005bce8000 	C:\Program Files\Java\jdk1.8.0_25\jre\bin\java.dll
0x000000005bf60000 - 0x000000005bf76000 	C:\Program Files\Java\jdk1.8.0_25\jre\bin\zip.dll

VM Arguments:
jvm_args: -Djava.awt.headless=true -Xmx1024M -Dfile.encoding=windows-1252 -Duser.country=US -Duser.language=en -Duser.variant 
java_command: com.android.dx.command.Main --dex --force-jumbo --num-threads=4 --output E:\Anavel\Anavel\app\build\intermediates\pre-dexed\debug\main_1952941e59149c90fcb3f71f0a7d0a8ed60085f1.jar E:\Anavel\Anavel\app\build\intermediates\transforms\instantRun\debug\folders\1\5\main
java_class_path (initial): C:\Users\Vostro\AppData\Local\Android\sdk\build-tools\23.0.3\lib\dx.jar
Launcher Type: SUN_STANDARD

Environment Variables:
PATH=C:\MinGW\bin;C:\MinGW\libexec\gcc\x86_64-pc-mingw32\4.9.1;C:\MinGW\gcc\bin;C:\MinGW\gcc\libexec\gcc\x86_64-pc-mingw32\4.9.1;C:\ProgramData\Oracle\Java\javapath;C:\Program Files (x86)\NVIDIA Corporation\PhysX\Common;C:\Program Files (x86)\Intel\iCLS Client\;C:\Program Files\Intel\iCLS Client\;C:\Windows\system32;C:\Windows;C:\Windows\System32\Wbem;C:\Windows\System32\WindowsPowerShell\v1.0\;C:\Program Files\Intel\Intel(R) Management Engine Components\DAL;C:\Program Files\Intel\Intel(R) Management Engine Components\IPT;C:\Program Files (x86)\Intel\Intel(R) Management Engine Components\DAL;C:\Program Files (x86)\Intel\Intel(R) Management Engine Components\IPT;C:\Program Files (x86)\Intel\OpenCL SDK\3.0\bin\x86;C:\Program Files (x86)\Intel\OpenCL SDK\3.0\bin\x64;C:\Program Files (x86)\Windows Kits\8.1\Windows Performance Toolkit\;C:\Program Files\Microsoft SQL Server\110\Tools\Binn\;C:\Program Files (x86)\Microsoft SQL Server\110\Tools\Binn\ManagementStudio\;C:\Program Files (x86)\Microsoft SQL Server\110\Tools\Binn\;C:\Program Files (x86)\Microsoft SQL Server\110\DTS\Binn\;C:\Program Files\Microsoft SQL Server\110\DTS\Binn\;C:\OpenCV2410\opencv\build\x64\vc12\bin;C:\Program Files (x86)\Microsoft SDKs\TypeScript\1.0\;C:\Program Files\Microsoft SQL Server\120\Tools\Binn\;C:\Emgu\emgucv-windows-universal 3.0.0.2157\bin\x86;C:\Program Files (x86)\GtkSharp\2.12\bin;C:\Anaconda2;C:\Anaconda2\Scripts;C:\Anaconda2\Library\bin
USERNAME=Vostro
OS=Windows_NT
PROCESSOR_IDENTIFIER=Intel64 Family 6 Model 69 Stepping 1, GenuineIntel



---------------  S Y S T E M  ---------------

OS: Windows 8.1 , 64 bit Build 9600 

CPU:total 4 (2 cores per cpu, 2 threads per core) family 6 model 69 stepping 1, cmov, cx8, fxsr, mmx, sse, sse2, sse3, ssse3, sse4.1, sse4.2, popcnt, avx, avx2, aes, clmul, erms, lzcnt, ht, tsc, tscinvbit, bmi1, bmi2

Memory: 4k page, physical 4099864k(379128k free), swap 10757600k(4832k free)

vm_info: Java HotSpot(TM) 64-Bit Server VM (25.25-b02) for windows-amd64 JRE (1.8.0_25-b18), built on Oct  7 2014 14:25:37 by "java_re" with MS VC++ 10.0 (VS2010)

time: Thu Aug 18 09:45:11 2016
elapsed time: 27 seconds (0d 0h 0m 27s)

