#
# There is insufficient memory for the Java Runtime Environment to continue.
# Native memory allocation (malloc) failed to allocate 176496 bytes for Chunk::new
# Possible reasons:
#   The system is out of physical RAM or swap space
#   In 32 bit mode, the process size limit was hit
# Possible solutions:
#   Reduce memory load on the system
#   Increase physical memory or swap space
#   Check if swap backing store is full
#   Use 64 bit Java on a 64 bit OS
#   Decrease Java heap size (-Xmx/-Xms)
#   Decrease number of Java threads
#   Decrease Java thread stack sizes (-Xss)
#   Set larger code cache with -XX:ReservedCodeCacheSize=
# This output file may be truncated or incomplete.
#
#  Out of Memory Error (allocation.cpp:390), pid=3424, tid=5124
#
# JRE version: Java(TM) SE Runtime Environment (8.0_25-b18) (build 1.8.0_25-b18)
# Java VM: Java HotSpot(TM) 64-Bit Server VM (25.25-b02 mixed mode windows-amd64 compressed oops)
# Failed to write core dump. Minidumps are not enabled by default on client versions of Windows
#

---------------  T H R E A D  ---------------

Current thread (0x0000000006840800):  JavaThread "C2 CompilerThread1" daemon [_thread_in_native, id=5124, stack(0x0000000007ea0000,0x0000000007fa0000)]

Stack: [0x0000000007ea0000,0x0000000007fa0000]
Native frames: (J=compiled Java code, j=interpreted, Vv=VM code, C=native code)
V  [jvm.dll+0x31667a]
V  [jvm.dll+0x267073]
V  [jvm.dll+0x267cb3]
V  [jvm.dll+0x25f5b5]
V  [jvm.dll+0xbf165]
V  [jvm.dll+0xbf60c]
V  [jvm.dll+0x478fbc]
V  [jvm.dll+0x4463eb]
V  [jvm.dll+0x45130e]
V  [jvm.dll+0x4538f8]
V  [jvm.dll+0x437372]
V  [jvm.dll+0x98a02]
V  [jvm.dll+0x991f3]
V  [jvm.dll+0x22bde4]
V  [jvm.dll+0x2852fa]
C  [msvcr100.dll+0x21d9f]
C  [msvcr100.dll+0x21e3b]
C  [KERNEL32.DLL+0x13d2]
C  [ntdll.dll+0x15454]


Current CompileTask:
C2:  23852 2754       4       com.android.dx.dex.file.DebugInfoEncoder::emitStringIndex (45 bytes)


---------------  P R O C E S S  ---------------

Java Threads: ( => current thread )
  0x00000000080c9000 JavaThread "Service Thread" daemon [_thread_blocked, id=7472, stack(0x00000000084a0000,0x00000000085a0000)]
  0x0000000006861000 JavaThread "C1 CompilerThread2" daemon [_thread_blocked, id=3140, stack(0x0000000007fa0000,0x00000000080a0000)]
=>0x0000000006840800 JavaThread "C2 CompilerThread1" daemon [_thread_in_native, id=5124, stack(0x0000000007ea0000,0x0000000007fa0000)]
  0x000000000683d800 JavaThread "C2 CompilerThread0" daemon [_thread_in_native, id=1292, stack(0x0000000007da0000,0x0000000007ea0000)]
  0x000000000683c000 JavaThread "Attach Listener" daemon [_thread_blocked, id=6152, stack(0x0000000007ca0000,0x0000000007da0000)]
  0x000000000683b000 JavaThread "Signal Dispatcher" daemon [_thread_blocked, id=10052, stack(0x0000000007ba0000,0x0000000007ca0000)]
  0x0000000003148000 JavaThread "Finalizer" daemon [_thread_blocked, id=6944, stack(0x0000000007a90000,0x0000000007b90000)]
  0x000000000313f000 JavaThread "Reference Handler" daemon [_thread_blocked, id=4564, stack(0x0000000007990000,0x0000000007a90000)]
  0x0000000002f0d800 JavaThread "main" [_thread_in_vm, id=10228, stack(0x0000000002f10000,0x0000000003010000)]

Other Threads:
  0x0000000006805800 VMThread [stack: 0x0000000007890000,0x0000000007990000] [id=9772]
  0x00000000080cf800 WatcherThread [stack: 0x00000000085a0000,0x00000000086a0000] [id=5720]

VM state:not at safepoint (normal execution)

VM Mutex/Monitor currently owned by a thread:  ([mutex/lock_event])
[0x0000000002f0d1c0] AdapterHandlerLibrary_lock - owner thread: 0x0000000002f0d800

Heap:
 PSYoungGen      total 249856K, used 64870K [0x00000000eab00000, 0x0000000100000000, 0x0000000100000000)
  eden space 186880K, 6% used [0x00000000eab00000,0x00000000eb65aca8,0x00000000f6180000)
  from space 62976K, 84% used [0x00000000f6180000,0x00000000f957ecf0,0x00000000f9f00000)
  to   space 69120K, 0% used [0x00000000fbc80000,0x00000000fbc80000,0x0000000100000000)
 ParOldGen       total 125440K, used 60837K [0x00000000c0000000, 0x00000000c7a80000, 0x00000000eab00000)
  object space 125440K, 48% used [0x00000000c0000000,0x00000000c3b69498,0x00000000c7a80000)
 Metaspace       used 6769K, capacity 7608K, committed 7936K, reserved 1056768K
  class space    used 634K, capacity 688K, committed 768K, reserved 1048576K

Card table byte_map: [0x0000000003510000,0x0000000003720000] byte_map_base: 0x0000000002f10000

Marking Bits: (ParMarkBitMap*) 0x000000005b9cd490
 Begin Bits: [0x0000000003c80000, 0x0000000004c80000)
 End Bits:   [0x0000000004c80000, 0x0000000005c80000)

Polling page: 0x0000000003010000

CodeCache: size=245760Kb used=10275Kb max_used=10276Kb free=235484Kb
 bounds [0x000000000f010000, 0x000000000fa30000, 0x000000001e010000]
 total_blobs=2579 nmethods=2313 adapters=179
 compilation: enabled

Compilation events (10 events):
Event: 23.523 Thread 0x000000000683d800 2748       4       com.android.dx.dex.file.DebugInfoEncoder::emitPositionsAtAddress (48 bytes)
Event: 23.572 Thread 0x0000000006840800 nmethod 2744 0x000000000f4c5dd0 code [0x000000000f4c6100, 0x000000000f4c8028]
Event: 23.573 Thread 0x0000000006840800 2750       4       com.android.dx.dex.file.DebugInfoEncoder::emitPosition (214 bytes)
Event: 23.647 Thread 0x0000000006840800 nmethod 2750 0x000000000f4c24d0 code [0x000000000f4c2700, 0x000000000f4c4590]
Event: 23.654 Thread 0x000000000683d800 nmethod 2748 0x000000000f4be0d0 code [0x000000000f4be320, 0x000000000f4c06b0]
Event: 23.792 Thread 0x0000000006861000 2752       3       com.android.dx.dex.code.LocalList$Entry::matches (9 bytes)
Event: 23.792 Thread 0x0000000006861000 nmethod 2752 0x000000000f4cdb50 code [0x000000000f4cdce0, 0x000000000f4ce108]
Event: 23.796 Thread 0x0000000006861000 2753       3       com.android.dx.dex.file.DebugInfoEncoder::emitLocalRestart (80 bytes)
Event: 23.797 Thread 0x0000000006861000 nmethod 2753 0x000000000f4cc4d0 code [0x000000000f4cc700, 0x000000000f4cd4a8]
Event: 23.802 Thread 0x0000000006840800 2754       4       com.android.dx.dex.file.DebugInfoEncoder::emitStringIndex (45 bytes)

GC Heap History (10 events):
Event: 8.200 GC heap before
{Heap before GC invocations=9 (full 1):
 PSYoungGen      total 152064K, used 152042K [0x00000000eab00000, 0x00000000fb180000, 0x0000000100000000)
  eden space 118784K, 100% used [0x00000000eab00000,0x00000000f1f00000,0x00000000f1f00000)
  from space 33280K, 99% used [0x00000000f1f00000,0x00000000f3f7a848,0x00000000f3f80000)
  to   space 50176K, 0% used [0x00000000f8080000,0x00000000f8080000,0x00000000fb180000)
 ParOldGen       total 90624K, used 60996K [0x00000000c0000000, 0x00000000c5880000, 0x00000000eab00000)
  object space 90624K, 67% used [0x00000000c0000000,0x00000000c3b910d8,0x00000000c5880000)
 Metaspace       used 6215K, capacity 7152K, committed 7296K, reserved 1056768K
  class space    used 592K, capacity 616K, committed 640K, reserved 1048576K
Event: 8.383 GC heap after
Heap after GC invocations=9 (full 1):
 PSYoungGen      total 206336K, used 50165K [0x00000000eab00000, 0x00000000fe780000, 0x0000000100000000)
  eden space 156160K, 0% used [0x00000000eab00000,0x00000000eab00000,0x00000000f4380000)
  from space 50176K, 99% used [0x00000000f8080000,0x00000000fb17d790,0x00000000fb180000)
  to   space 62464K, 0% used [0x00000000f4380000,0x00000000f4380000,0x00000000f8080000)
 ParOldGen       total 90624K, used 67237K [0x00000000c0000000, 0x00000000c5880000, 0x00000000eab00000)
  object space 90624K, 74% used [0x00000000c0000000,0x00000000c41a96e8,0x00000000c5880000)
 Metaspace       used 6215K, capacity 7152K, committed 7296K, reserved 1056768K
  class space    used 592K, capacity 616K, committed 640K, reserved 1048576K
}
Event: 8.383 GC heap before
{Heap before GC invocations=10 (full 2):
 PSYoungGen      total 206336K, used 50165K [0x00000000eab00000, 0x00000000fe780000, 0x0000000100000000)
  eden space 156160K, 0% used [0x00000000eab00000,0x00000000eab00000,0x00000000f4380000)
  from space 50176K, 99% used [0x00000000f8080000,0x00000000fb17d790,0x00000000fb180000)
  to   space 62464K, 0% used [0x00000000f4380000,0x00000000f4380000,0x00000000f8080000)
 ParOldGen       total 90624K, used 67237K [0x00000000c0000000, 0x00000000c5880000, 0x00000000eab00000)
  object space 90624K, 74% used [0x00000000c0000000,0x00000000c41a96e8,0x00000000c5880000)
 Metaspace       used 6215K, capacity 7152K, committed 7296K, reserved 1056768K
  class space    used 592K, capacity 616K, committed 640K, reserved 1048576K
Event: 9.212 GC heap after
Heap after GC invocations=10 (full 2):
 PSYoungGen      total 206336K, used 0K [0x00000000eab00000, 0x00000000fe780000, 0x0000000100000000)
  eden space 156160K, 0% used [0x00000000eab00000,0x00000000eab00000,0x00000000f4380000)
  from space 50176K, 0% used [0x00000000f8080000,0x00000000f8080000,0x00000000fb180000)
  to   space 62464K, 0% used [0x00000000f4380000,0x00000000f4380000,0x00000000f8080000)
 ParOldGen       total 125440K, used 60821K [0x00000000c0000000, 0x00000000c7a80000, 0x00000000eab00000)
  object space 125440K, 48% used [0x00000000c0000000,0x00000000c3b65498,0x00000000c7a80000)
 Metaspace       used 6215K, capacity 7152K, committed 7296K, reserved 1056768K
  class space    used 592K, capacity 616K, committed 640K, reserved 1048576K
}
Event: 9.960 GC heap before
{Heap before GC invocations=11 (full 2):
 PSYoungGen      total 206336K, used 156160K [0x00000000eab00000, 0x00000000fe780000, 0x0000000100000000)
  eden space 156160K, 100% used [0x00000000eab00000,0x00000000f4380000,0x00000000f4380000)
  from space 50176K, 0% used [0x00000000f8080000,0x00000000f8080000,0x00000000fb180000)
  to   space 62464K, 0% used [0x00000000f4380000,0x00000000f4380000,0x00000000f8080000)
 ParOldGen       total 125440K, used 60821K [0x00000000c0000000, 0x00000000c7a80000, 0x00000000eab00000)
  object space 125440K, 48% used [0x00000000c0000000,0x00000000c3b65498,0x00000000c7a80000)
 Metaspace       used 6220K, capacity 7152K, committed 7296K, reserved 1056768K
  class space    used 592K, capacity 616K, committed 640K, reserved 1048576K
Event: 10.073 GC heap after
Heap after GC invocations=11 (full 2):
 PSYoungGen      total 218624K, used 23985K [0x00000000eab00000, 0x00000000fd800000, 0x0000000100000000)
  eden space 156160K, 0% used [0x00000000eab00000,0x00000000eab00000,0x00000000f4380000)
  from space 62464K, 38% used [0x00000000f4380000,0x00000000f5aec7e8,0x00000000f8080000)
  to   space 58368K, 0% used [0x00000000f9f00000,0x00000000f9f00000,0x00000000fd800000)
 ParOldGen       total 125440K, used 60821K [0x00000000c0000000, 0x00000000c7a80000, 0x00000000eab00000)
  object space 125440K, 48% used [0x00000000c0000000,0x00000000c3b65498,0x00000000c7a80000)
 Metaspace       used 6220K, capacity 7152K, committed 7296K, reserved 1056768K
  class space    used 592K, capacity 616K, committed 640K, reserved 1048576K
}
Event: 10.712 GC heap before
{Heap before GC invocations=12 (full 2):
 PSYoungGen      total 218624K, used 180145K [0x00000000eab00000, 0x00000000fd800000, 0x0000000100000000)
  eden space 156160K, 100% used [0x00000000eab00000,0x00000000f4380000,0x00000000f4380000)
  from space 62464K, 38% used [0x00000000f4380000,0x00000000f5aec7e8,0x00000000f8080000)
  to   space 58368K, 0% used [0x00000000f9f00000,0x00000000f9f00000,0x00000000fd800000)
 ParOldGen       total 125440K, used 60821K [0x00000000c0000000, 0x00000000c7a80000, 0x00000000eab00000)
  object space 125440K, 48% used [0x00000000c0000000,0x00000000c3b65498,0x00000000c7a80000)
 Metaspace       used 6323K, capacity 7192K, committed 7424K, reserved 1056768K
  class space    used 613K, capacity 656K, committed 768K, reserved 1048576K
Event: 10.857 GC heap after
Heap after GC invocations=12 (full 2):
 PSYoungGen      total 245248K, used 45616K [0x00000000eab00000, 0x00000000fe480000, 0x0000000100000000)
  eden space 186880K, 0% used [0x00000000eab00000,0x00000000eab00000,0x00000000f6180000)
  from space 58368K, 78% used [0x00000000f9f00000,0x00000000fcb8c220,0x00000000fd800000)
  to   space 62976K, 0% used [0x00000000f6180000,0x00000000f6180000,0x00000000f9f00000)
 ParOldGen       total 125440K, used 60829K [0x00000000c0000000, 0x00000000c7a80000, 0x00000000eab00000)
  object space 125440K, 48% used [0x00000000c0000000,0x00000000c3b67498,0x00000000c7a80000)
 Metaspace       used 6323K, capacity 7192K, committed 7424K, reserved 1056768K
  class space    used 613K, capacity 656K, committed 768K, reserved 1048576K
}
Event: 21.445 GC heap before
{Heap before GC invocations=13 (full 2):
 PSYoungGen      total 245248K, used 232496K [0x00000000eab00000, 0x00000000fe480000, 0x0000000100000000)
  eden space 186880K, 100% used [0x00000000eab00000,0x00000000f6180000,0x00000000f6180000)
  from space 58368K, 78% used [0x00000000f9f00000,0x00000000fcb8c220,0x00000000fd800000)
  to   space 62976K, 0% used [0x00000000f6180000,0x00000000f6180000,0x00000000f9f00000)
 ParOldGen       total 125440K, used 60829K [0x00000000c0000000, 0x00000000c7a80000, 0x00000000eab00000)
  object space 125440K, 48% used [0x00000000c0000000,0x00000000c3b67498,0x00000000c7a80000)
 Metaspace       used 6665K, capacity 7544K, committed 7680K, reserved 1056768K
  class space    used 631K, capacity 688K, committed 768K, reserved 1048576K
Event: 22.698 GC heap after
Heap after GC invocations=13 (full 2):
 PSYoungGen      total 249856K, used 53243K [0x00000000eab00000, 0x0000000100000000, 0x0000000100000000)
  eden space 186880K, 0% used [0x00000000eab00000,0x00000000eab00000,0x00000000f6180000)
  from space 62976K, 84% used [0x00000000f6180000,0x00000000f957ecf0,0x00000000f9f00000)
  to   space 69120K, 0% used [0x00000000fbc80000,0x00000000fbc80000,0x0000000100000000)
 ParOldGen       total 125440K, used 60837K [0x00000000c0000000, 0x00000000c7a80000, 0x00000000eab00000)
  object space 125440K, 48% used [0x00000000c0000000,0x00000000c3b69498,0x00000000c7a80000)
 Metaspace       used 6665K, capacity 7544K, committed 7680K, reserved 1056768K
  class space    used 631K, capacity 688K, committed 768K, reserved 1048576K
}

Deoptimization events (10 events):
Event: 13.553 Thread 0x0000000002f0d800 Uncommon trap: reason=bimorphic action=maybe_recompile pc=0x000000000f255520 method=java.util.HashMap.putVal(ILjava/lang/Object;Ljava/lang/Object;ZZ)Ljava/lang/Object; @ 203
Event: 13.553 Thread 0x0000000002f0d800 Uncommon trap: reason=class_check action=maybe_recompile pc=0x000000000f11cfc8 method=java.util.HashMap.putVal(ILjava/lang/Object;Ljava/lang/Object;ZZ)Ljava/lang/Object; @ 203
Event: 15.076 Thread 0x0000000002f0d800 Uncommon trap: reason=unreached action=reinterpret pc=0x000000000f337814 method=com.android.dx.dex.code.LocalList$MakeState.snapshot(ILcom/android/dx/rop/code/RegisterSpecSet;)V @ 66
Event: 15.188 Thread 0x0000000002f0d800 Uncommon trap: reason=speculate_class_check action=maybe_recompile pc=0x000000000f3635b8 method=com.android.dx.util.FixedSizeList.equals(Ljava/lang/Object;)Z @ 25
Event: 15.188 Thread 0x0000000002f0d800 Uncommon trap: reason=speculate_class_check action=maybe_recompile pc=0x000000000f3635b8 method=com.android.dx.util.FixedSizeList.equals(Ljava/lang/Object;)Z @ 25
Event: 15.188 Thread 0x0000000002f0d800 Uncommon trap: reason=speculate_class_check action=maybe_recompile pc=0x000000000f3635b8 method=com.android.dx.util.FixedSizeList.equals(Ljava/lang/Object;)Z @ 25
Event: 15.188 Thread 0x0000000002f0d800 Uncommon trap: reason=speculate_class_check action=maybe_recompile pc=0x000000000f3635b8 method=com.android.dx.util.FixedSizeList.equals(Ljava/lang/Object;)Z @ 25
Event: 17.670 Thread 0x0000000002f0d800 Uncommon trap: reason=unreached action=reinterpret pc=0x000000000f31a510 method=com.android.dx.dex.code.OutputFinisher.findOpcodeForInsn(Lcom/android/dx/dex/code/DalvInsn;Lcom/android/dx/dex/code/Dop;)Lcom/android/dx/dex/code/Dop; @ 1
Event: 17.673 Thread 0x0000000002f0d800 Uncommon trap: reason=unreached action=reinterpret pc=0x000000000f17cbb8 method=com.android.dx.dex.code.OutputFinisher.findOpcodeForInsn(Lcom/android/dx/dex/code/DalvInsn;Lcom/android/dx/dex/code/Dop;)Lcom/android/dx/dex/code/Dop; @ 1
Event: 17.682 Thread 0x0000000002f0d800 Uncommon trap: reason=unreached action=reinterpret pc=0x000000000f31afbc method=com.android.dx.dex.code.OutputFinisher.findOpcodeForInsn(Lcom/android/dx/dex/code/DalvInsn;Lcom/android/dx/dex/code/Dop;)Lcom/android/dx/dex/code/Dop; @ 1

Internal exceptions (10 events):
Event: 14.653 Thread 0x0000000002f0d800 Exception <a 'java/security/PrivilegedActionException'> (0x00000000f54f6f50) thrown at [D:\re\workspace\8-2-build-windows-amd64-cygwin\jdk8u25\1677\hotspot\src\share\vm\prims\jvm.cpp, line 1312]
Event: 14.988 Thread 0x0000000002f0d800 Exception <a 'java/security/PrivilegedActionException'> (0x00000000f54fb6d8) thrown at [D:\re\workspace\8-2-build-windows-amd64-cygwin\jdk8u25\1677\hotspot\src\share\vm\prims\jvm.cpp, line 1312]
Event: 15.187 Thread 0x0000000002f0d800 Exception <a 'java/security/PrivilegedActionException'> (0x00000000f5565ec0) thrown at [D:\re\workspace\8-2-build-windows-amd64-cygwin\jdk8u25\1677\hotspot\src\share\vm\prims\jvm.cpp, line 1312]
Event: 15.189 Thread 0x0000000002f0d800 Exception <a 'java/security/PrivilegedActionException'> (0x00000000f5569d88) thrown at [D:\re\workspace\8-2-build-windows-amd64-cygwin\jdk8u25\1677\hotspot\src\share\vm\prims\jvm.cpp, line 1312]
Event: 15.190 Thread 0x0000000002f0d800 Exception <a 'java/security/PrivilegedActionException'> (0x00000000f556d248) thrown at [D:\re\workspace\8-2-build-windows-amd64-cygwin\jdk8u25\1677\hotspot\src\share\vm\prims\jvm.cpp, line 1312]
Event: 17.670 Thread 0x0000000002f0d800 Exception <a 'java/security/PrivilegedActionException'> (0x00000000f5807620) thrown at [D:\re\workspace\8-2-build-windows-amd64-cygwin\jdk8u25\1677\hotspot\src\share\vm\prims\jvm.cpp, line 1312]
Event: 22.854 Thread 0x0000000002f0d800 Exception <a 'java/security/PrivilegedActionException'> (0x00000000eaf6dd58) thrown at [D:\re\workspace\8-2-build-windows-amd64-cygwin\jdk8u25\1677\hotspot\src\share\vm\prims\jvm.cpp, line 1312]
Event: 23.083 Thread 0x0000000002f0d800 Exception <a 'java/security/PrivilegedActionException'> (0x00000000eb1bb118) thrown at [D:\re\workspace\8-2-build-windows-amd64-cygwin\jdk8u25\1677\hotspot\src\share\vm\prims\jvm.cpp, line 1312]
Event: 23.406 Thread 0x0000000002f0d800 Exception <a 'java/security/PrivilegedActionException'> (0x00000000eb1c6f38) thrown at [D:\re\workspace\8-2-build-windows-amd64-cygwin\jdk8u25\1677\hotspot\src\share\vm\prims\jvm.cpp, line 1312]
Event: 23.407 Thread 0x0000000002f0d800 Exception <a 'java/security/PrivilegedActionException'> (0x00000000eb1c9c50) thrown at [D:\re\workspace\8-2-build-windows-amd64-cygwin\jdk8u25\1677\hotspot\src\share\vm\prims\jvm.cpp, line 1312]

Events (10 events):
Event: 21.445 Executing VM operation: ParallelGCFailedAllocation
Event: 22.698 Executing VM operation: ParallelGCFailedAllocation done
Event: 22.854 loading class com/android/dx/rop/code/RegisterSpecList$1
Event: 22.854 loading class com/android/dx/rop/code/RegisterSpecList$1 done
Event: 23.083 loading class com/android/dx/dex/file/DebugInfoEncoder
Event: 23.083 loading class com/android/dx/dex/file/DebugInfoEncoder done
Event: 23.406 loading class com/android/dx/dex/file/DebugInfoEncoder$1
Event: 23.406 loading class com/android/dx/dex/file/DebugInfoEncoder$1 done
Event: 23.406 loading class com/android/dx/dex/file/DebugInfoEncoder$2
Event: 23.406 loading class com/android/dx/dex/file/DebugInfoEncoder$2 done


Dynamic libraries:
0x00007ff7effe0000 - 0x00007ff7f0014000 	C:\Windows\SYSTEM32\DEVOBJ.dll
0x00007ffee9cd0000 - 0x00007ffee9e7c000 	C:\Windows\SYSTEM32\ntdll.dll
0x00007ffee9b90000 - 0x00007ffee9cce000 	C:\Windows\system32\KERNEL32.DLL
0x00007ffee7240000 - 0x00007ffee7355000 	C:\Windows\system32\KERNELBASE.dll
0x00007ffee57f0000 - 0x00007ffee587e000 	C:\Windows\system32\apphelp.dll
0x00007ffed9bc0000 - 0x00007ffed9c13000 	C:\Program Files\Java\jdk1.8.0_25\jre\bin\java.dll
0x00007ffee7370000 - 0x00007ffee741a000 	C:\Windows\system32\msvcrt.dll
0x00007ffee6ca0000 - 0x00007ffee6cce000 	C:\Program Files\Java\jdk1.8.0_25\jre\bin\zip.dll
0x00007ffee9b30000 - 0x00007ffee9b84000 	C:\Windows\system32\SHLWAPI.dll
0x00007ffee75e0000 - 0x00007ffee7757000 	C:\Windows\system32\USER32.dll
0x00007ffee7bb0000 - 0x00007ffee7d44000 	C:\Windows\system32\ole32.dll
0x00007ffee8240000 - 0x00007ffee9759000 	C:\Windows\system32\SHELL32.dll
0x00007ffee63a0000 - 0x00007ffee63c1000 	C:\Windows\system32\apphelp.dll
0x00007ffee7ea0000 - 0x00007ffee7f4a000 	C:\Windows\SYSTEM32\SspiCli.dll
0x00007ffedec20000 - 0x00007ffedec3e000 	C:\Windows\system32\USER32.dll
0x00007ffee7d50000 - 0x00007ffee7e91000 	C:\Windows\system32\SHELL32.dll
0x00007ffee9ad0000 - 0x00007ffee9b29000 	C:\Windows\SYSTEM32\sechos32.dl
0x00007ffee77b0000 - 0x00007ffee79c1000 	C:\Windows\SYSTEM32\MPR.dll
0x00007ffee9960000 - 0x00007ffee9aaf000 	C:\Windows\SYSTEM32\sechost.dll
0x00007ffee6e30000 - 0x00007ffee6e45000 	C:\Windows\SYSTEM32\profapi.dll
0x00007ffee5880000 - 0x00007ffee5932000 	C:\Windows\SYSTEM32\SHCORE.dll
0x00007ffee7760000 - 0x00007ffee7796000 	C:\Windows\system32\IMM32.DLL
0x00007ffee8070000 - 0x00007ffee81c2000 	C:\Windows\system32\MSCTF.dll
0x00007ffee6df0000 - 0x00007ffee6e1f000 	C:\Windows\system32\nvinitx.dll
0x000000000f000000 - 0x000000000f006000 	C:\Program Files\NVIDIA Corporation\CoProcManager\_etoured.dll
0x00007ffee5480000 - 0x00007ffee54b3000 	C:\Windows\system32\SETUPAPI.dll
0x00007ffee79d0000 - 0x00007ffee7baa000 	C:\Windows\system32\CFGMGR32.dll
0x00007ffee6f00000 - 0x00007ffee6f4f000 	C:\Windows\system32\CFGMGR32.dll
0x00007ffee56b0000 - 0x00007ffee56d3000 	C:\Program Files\Java\jdk1.8.0_25\jre\bin\msvcr100.dll0x00007ffee50b0000 - 0x00007ffee532a000 	C:\Program Files\Java\jdk1.8.0_25\jre\bin\server\jvm.dll
0x000000005ade0000 - 0x000000005aeb2000 	C:\Windows\SYSTEM32\WSOCK32.dll
0x000000005b1f0000 - 0x000000005ba4a000 	C:\Program Files\Java\jdk1.8.0_25\jre\bin\server\jvm.dll
0x00007ffee0c80000 - 0x00007ffee0c89000 	C:\Windows\SYSTEM32\WSOCK32.dll
0x00007ffee5330000 - 0x00007ffee5352000 	C:\Windows\SYSTEM32\WINMMBASE
0x00007ffee75d0000 - 0x00007ffee75d7000 	C:\Windows\system32\PSAPI.DLL
0x00007ffee9770000 - 0x00007ffee97ca000 	C:\Windows\system32\WS2_32.dll
0x00007ffee5040000 - 0x00007ffee506a000 	C:\Windows\SYSTEM32\WINMMBASE.dll
0x00007ffee7360000 - 0x00007ffee7369000 	C:\Program Files\Java\jdk1.8.0_25\jre\bin\java.dll
0x00007ffee5b30000 - 0x00007ffee5b58000 	C:\Program Files\Java\jdk1.8.0_25\jre\bin\zip.dll
0x000000005c710000 - 0x000000005c71f000 	C:\Program Files\Java\jdk1.8.0_25\jre\bin\verify.dll
0x000000005bcc0000 - 0x000000005bce8000 	C:\Windows\AppPatch\AppPatch64\AcGenral.DLL
0x000000005bf60000 - 0x000000005bf76000 	C:\Windows\system32\USER32.dll
0x00007ffed8e80000 - 0x00007ffed9009000 	C:\Windows\system32\ADVAPI32.dll

VM Arguments:
jvm_args: -Djava.awt.headless=true -Xmx1024M -Dfile.encoding=windows-1252 -Duser.country=US -Duser.language=en -Duser.variant 
java_command: com.android.dx.command.Main --dex --force-jumbo --num-threads=4 --output E:\Anavel\Anavel\app\build\intermediates\pre-dexed\debug\main_1952941e59149c90fcb3f71f0a7d0a8ed60085f1.jar E:\Anavel\Anavel\app\build\intermediates\transforms\instantRun\debug\folders\1\5\main
java_class_path (initial): C:\Users\Vostro\AppData\Local\Android\sdk\build-tools\23.0.3\lib\dx.jar
Launcher Type: SUN_STANDARD

Environment Variables:
PATH=C:\MinGW\bin;C:\MinGW\libexec\gcc\x86_64-pc-mingw32\4.9.1;C:\MinGW\gcc\bin;C:\MinGW\gcc\libexec\gcc\x86_64-pc-mingw32\4.9.1;C:\ProgramData\Oracle\Java\javapath;C:\Program Files (x86)\NVIDIA Corporation\PhysX\Common;C:\Program Files (x86)\Intel\iCLS Client\;C:\Program Files\Intel\iCLS Client\;C:\Windows\system32;C:\Windows;C:\Windows\System32\Wbem;C:\Windows\System32\WindowsPowerShell\v1.0\;C:\Program Files\Intel\Intel(R) Management Engine Components\DAL;C:\Program Files\Intel\Intel(R) Management Engine Components\IPT;C:\Program Files (x86)\Intel\Intel(R) Management Engine Components\DAL;C:\Program Files (x86)\Intel\Intel(R) Management Engine Components\IPT;C:\Program Files (x86)\Intel\OpenCL SDK\3.0\bin\x86;C:\Program Files (x86)\Intel\OpenCL SDK\3.0\bin\x64;C:\Program Files (x86)\Windows Kits\8.1\Windows Performance Toolkit\;C:\Program Files\Microsoft SQL Server\110\Tools\Binn\;C:\Program Files (x86)\Microsoft SQL Server\110\Tools\Binn\ManagementStudio\;C:\Program Files (x86)\Microsoft SQL Server\110\Tools\Binn\;C:\Program Files (x86)\Microsoft SQL Server\110\DTS\Binn\;C:\Program Files\Microsoft SQL Server\110\DTS\Binn\;C:\OpenCV2410\opencv\build\x64\vc12\bin;C:\Program Files (x86)\Microsoft SDKs\TypeScript\1.0\;C:\Program Files\Microsoft SQL Server\120\Tools\Binn\;C:\Emgu\emgucv-windows-universal 3.0.0.2157\bin\x86;C:\Program Files (x86)\GtkSharp\2.12\bin;C:\Anaconda2;C:\Anaconda2\Scripts;C:\Anaconda2\Library\bin
USERNAME=Vostro
OS=Windows_NT
PROCESSOR_IDENTIFIER=Intel64 Family 6 Model 69 Stepping 1, GenuineIntel



---------------  S Y S T E M  ---------------

OS: Windows 8.1 , 64 bit Build 9600 

CPU:total 4 (2 cores per cpu, 2 threads per core) family 6 model 69 stepping 1, cmov, cx8, fxsr, mmx, sse, sse2, sse3, ssse3, sse4.1, sse4.2, popcnt, avx, avx2, aes, clmul, erms, lzcnt, ht, tsc, tscinvbit, bmi1, bmi2

Memory: 4k page, physical 4099864k(334764k free), swap 10757600k(6712k free)

vm_info: Java HotSpot(TM) 64-Bit Server VM (25.25-b02) for windows-amd64 JRE (1.8.0_25-b18), built on Oct  7 2014 14:25:37 by "java_re" with MS VC++ 10.0 (VS2010)

time: Thu Aug 18 09:18:08 2016
elapsed time: 23 seconds (0d 0h 0m 23s)

