#
# There is insufficient memory for the Java Runtime Environment to continue.
# Native memory allocation (malloc) failed to allocate 495936 bytes for Chunk::new
# Possible reasons:
#   The system is out of physical RAM or swap space
#   In 32 bit mode, the process size limit was hit
# Possible solutions:
#   Reduce memory load on the system
#   Increase physical memory or swap space
#   Check if swap backing store is full
#   Use 64 bit Java on a 64 bit OS
#   Decrease Java heap size (-Xmx/-Xms)
#   Decrease number of Java threads
#   Decrease Java thread stack sizes (-Xss)
#   Set larger code cache with -XX:ReservedCodeCacheSize=
# This output file may be truncated or incomplete.
#
#  Out of Memory Error (allocation.cpp:390), pid=6728, tid=8788
#
# JRE version: Java(TM) SE Runtime Environment (8.0_25-b18) (build 1.8.0_25-b18)
# Java VM: Java HotSpot(TM) 64-Bit Server VM (25.25-b02 mixed mode windows-amd64 compressed oops)
# Failed to write core dump. Minidumps are not enabled by default on client versions of Windows
#

---------------  T H R E A D  ---------------

Current thread (0x000000000606d000):  JavaThread "C2 CompilerThread0" daemon [_thread_in_native, id=8788, stack(0x00000000075c0000,0x00000000076c0000)]

Stack: [0x00000000075c0000,0x00000000076c0000]
Native frames: (J=compiled Java code, j=interpreted, Vv=VM code, C=native code)
V  [jvm.dll+0x31667a]
V  [jvm.dll+0x267073]
V  [jvm.dll+0x267cb3]
V  [jvm.dll+0x25f5b5]
V  [jvm.dll+0xbf165]
V  [jvm.dll+0xbf60c]
V  [jvm.dll+0x45d672]
V  [jvm.dll+0x49e8ef]
V  [jvm.dll+0x452275]
V  [jvm.dll+0x453864]
V  [jvm.dll+0x437372]
V  [jvm.dll+0x98a02]
V  [jvm.dll+0x991f3]
V  [jvm.dll+0x22bde4]
V  [jvm.dll+0x2852fa]
C  [msvcr100.dll+0x21d9f]
C  [msvcr100.dll+0x21e3b]
C  [KERNEL32.DLL+0x13d2]
C  [ntdll.dll+0x15454]


Current CompileTask:
C2:  27010 2977 %     4       com.android.dx.dex.code.DalvInsnList::getOutsSize @ 9 (105 bytes)


---------------  P R O C E S S  ---------------

Java Threads: ( => current thread )
  0x000000000270d800 JavaThread "DestroyJavaVM" [_thread_blocked, id=7340, stack(0x00000000027a0000,0x00000000028a0000)]
  0x00000000078cd800 JavaThread "Service Thread" daemon [_thread_blocked, id=9580, stack(0x0000000007cc0000,0x0000000007dc0000)]
  0x00000000060c4800 JavaThread "C1 CompilerThread2" daemon [_thread_blocked, id=3160, stack(0x00000000077c0000,0x00000000078c0000)]
  0x00000000060b9800 JavaThread "C2 CompilerThread1" daemon [_thread_in_native, id=7064, stack(0x00000000076c0000,0x00000000077c0000)]
=>0x000000000606d000 JavaThread "C2 CompilerThread0" daemon [_thread_in_native, id=8788, stack(0x00000000075c0000,0x00000000076c0000)]
  0x000000000606b800 JavaThread "Attach Listener" daemon [_thread_blocked, id=4588, stack(0x00000000074c0000,0x00000000075c0000)]
  0x000000000606a800 JavaThread "Signal Dispatcher" daemon [_thread_blocked, id=2068, stack(0x00000000073c0000,0x00000000074c0000)]
  0x0000000002995000 JavaThread "Finalizer" daemon [_thread_blocked, id=976, stack(0x00000000072c0000,0x00000000073c0000)]
  0x0000000006038000 JavaThread "Reference Handler" daemon [_thread_blocked, id=7596, stack(0x00000000071c0000,0x00000000072c0000)]

Other Threads:
  0x0000000006036000 VMThread [stack: 0x00000000070c0000,0x00000000071c0000] [id=8112]
  0x00000000078d1000 WatcherThread [stack: 0x0000000007dc0000,0x0000000007ec0000] [id=6688]

VM state:not at safepoint (normal execution)

VM Mutex/Monitor currently owned by a thread: None

Heap:
 PSYoungGen      total 286208K, used 149887K [0x00000000eab00000, 0x0000000100000000, 0x0000000100000000)
  eden space 220672K, 54% used [0x00000000eab00000,0x00000000f21448c8,0x00000000f8280000)
  from space 65536K, 43% used [0x00000000fc000000,0x00000000fdc1b3c8,0x0000000100000000)
  to   space 62976K, 0% used [0x00000000f8280000,0x00000000f8280000,0x00000000fc000000)
 ParOldGen       total 137216K, used 78673K [0x00000000c0000000, 0x00000000c8600000, 0x00000000eab00000)
  object space 137216K, 57% used [0x00000000c0000000,0x00000000c4cd47a0,0x00000000c8600000)
 Metaspace       used 7349K, capacity 7832K, committed 7936K, reserved 1056768K
  class space    used 692K, capacity 720K, committed 768K, reserved 1048576K

Card table byte_map: [0x0000000002d60000,0x0000000002f70000] byte_map_base: 0x0000000002760000

Marking Bits: (ParMarkBitMap*) 0x000000005b9cd490
 Begin Bits: [0x00000000034d0000, 0x00000000044d0000)
 End Bits:   [0x00000000044d0000, 0x00000000054d0000)

Polling page: 0x00000000007a0000

CodeCache: size=245760Kb used=11249Kb max_used=11249Kb free=234510Kb
 bounds [0x000000000f010000, 0x000000000fb20000, 0x000000001e010000]
 total_blobs=2805 nmethods=2530 adapters=188
 compilation: enabled

Compilation events (10 events):
Event: 20.209 Thread 0x00000000060c4800 2973       3       com.android.dx.dex.code.form.Form20t::writeTo (20 bytes)
Event: 20.209 Thread 0x000000000606d000 nmethod 2974 0x000000000faccd50 code [0x000000000facce80, 0x000000000faccf18]
Event: 20.210 Thread 0x00000000060c4800 nmethod 2973 0x000000000fabe2d0 code [0x000000000fabe4c0, 0x000000000fabed08]
Event: 20.211 Thread 0x00000000060c4800 2975       3       com.android.dx.dex.code.form.Form31c::writeTo (33 bytes)
Event: 20.211 Thread 0x00000000060c4800 nmethod 2975 0x000000000facd510 code [0x000000000facd700, 0x000000000face038]
Event: 20.211 Thread 0x00000000060c4800 2976       3       com.android.dx.util.ByteArrayAnnotatedOutput::assertCursor (48 bytes)
Event: 20.212 Thread 0x00000000060c4800 nmethod 2976 0x000000000facfe10 code [0x000000000fad0020, 0x000000000fad0a78]
Event: 20.216 Thread 0x000000000606d000 2977 %     4       com.android.dx.dex.code.DalvInsnList::getOutsSize @ 9 (105 bytes)
Event: 20.221 Thread 0x00000000060c4800 2979       3       com.android.dx.dex.code.SwitchData::writeTo (272 bytes)
Event: 20.223 Thread 0x00000000060c4800 nmethod 2979 0x000000000fad0ed0 code [0x000000000fad11c0, 0x000000000fad2518]

GC Heap History (10 events):
Event: 7.315 GC heap before
{Heap before GC invocations=8 (full 1):
 PSYoungGen      total 132096K, used 131786K [0x00000000eab00000, 0x00000000f5980000, 0x0000000100000000)
  eden space 115200K, 100% used [0x00000000eab00000,0x00000000f1b80000,0x00000000f1b80000)
  from space 16896K, 98% used [0x00000000f4900000,0x00000000f5932980,0x00000000f5980000)
  to   space 30208K, 0% used [0x00000000f1e80000,0x00000000f1e80000,0x00000000f3c00000)
 ParOldGen       total 84480K, used 36358K [0x00000000c0000000, 0x00000000c5280000, 0x00000000eab00000)
  object space 84480K, 43% used [0x00000000c0000000,0x00000000c23819b8,0x00000000c5280000)
 Metaspace       used 6174K, capacity 7152K, committed 7296K, reserved 1056768K
  class space    used 591K, capacity 616K, committed 640K, reserved 1048576K
Event: 7.373 GC heap after
Heap after GC invocations=8 (full 1):
 PSYoungGen      total 148480K, used 30181K [0x00000000eab00000, 0x00000000fc180000, 0x0000000100000000)
  eden space 118272K, 0% used [0x00000000eab00000,0x00000000eab00000,0x00000000f1e80000)
  from space 30208K, 99% used [0x00000000f1e80000,0x00000000f3bf96b8,0x00000000f3c00000)
  to   space 41984K, 0% used [0x00000000f9880000,0x00000000f9880000,0x00000000fc180000)
 ParOldGen       total 84480K, used 48584K [0x00000000c0000000, 0x00000000c5280000, 0x00000000eab00000)
  object space 84480K, 57% used [0x00000000c0000000,0x00000000c2f72398,0x00000000c5280000)
 Metaspace       used 6174K, capacity 7152K, committed 7296K, reserved 1056768K
  class space    used 591K, capacity 616K, committed 640K, reserved 1048576K
}
Event: 8.048 GC heap before
{Heap before GC invocations=9 (full 1):
 PSYoungGen      total 148480K, used 148453K [0x00000000eab00000, 0x00000000fc180000, 0x0000000100000000)
  eden space 118272K, 100% used [0x00000000eab00000,0x00000000f1e80000,0x00000000f1e80000)
  from space 30208K, 99% used [0x00000000f1e80000,0x00000000f3bf96b8,0x00000000f3c00000)
  to   space 41984K, 0% used [0x00000000f9880000,0x00000000f9880000,0x00000000fc180000)
 ParOldGen       total 84480K, used 48584K [0x00000000c0000000, 0x00000000c5280000, 0x00000000eab00000)
  object space 84480K, 57% used [0x00000000c0000000,0x00000000c2f72398,0x00000000c5280000)
 Metaspace       used 6202K, capacity 7152K, committed 7296K, reserved 1056768K
  class space    used 592K, capacity 616K, committed 640K, reserved 1048576K
Event: 8.129 GC heap after
Heap after GC invocations=9 (full 1):
 PSYoungGen      total 234496K, used 41968K [0x00000000eab00000, 0x00000000fd700000, 0x0000000100000000)
  eden space 192512K, 0% used [0x00000000eab00000,0x00000000eab00000,0x00000000f6700000)
  from space 41984K, 99% used [0x00000000f9880000,0x00000000fc17c260,0x00000000fc180000)
  to   space 50688K, 0% used [0x00000000f6700000,0x00000000f6700000,0x00000000f9880000)
 ParOldGen       total 84480K, used 51324K [0x00000000c0000000, 0x00000000c5280000, 0x00000000eab00000)
  object space 84480K, 60% used [0x00000000c0000000,0x00000000c321f100,0x00000000c5280000)
 Metaspace       used 6202K, capacity 7152K, committed 7296K, reserved 1056768K
  class space    used 592K, capacity 616K, committed 640K, reserved 1048576K
}
Event: 9.370 GC heap before
{Heap before GC invocations=10 (full 1):
 PSYoungGen      total 234496K, used 234480K [0x00000000eab00000, 0x00000000fd700000, 0x0000000100000000)
  eden space 192512K, 100% used [0x00000000eab00000,0x00000000f6700000,0x00000000f6700000)
  from space 41984K, 99% used [0x00000000f9880000,0x00000000fc17c260,0x00000000fc180000)
  to   space 50688K, 0% used [0x00000000f6700000,0x00000000f6700000,0x00000000f9880000)
 ParOldGen       total 84480K, used 51324K [0x00000000c0000000, 0x00000000c5280000, 0x00000000eab00000)
  object space 84480K, 60% used [0x00000000c0000000,0x00000000c321f100,0x00000000c5280000)
 Metaspace       used 6211K, capacity 7152K, committed 7296K, reserved 1056768K
  class space    used 592K, capacity 616K, committed 640K, reserved 1048576K
Event: 9.529 GC heap after
Heap after GC invocations=10 (full 1):
 PSYoungGen      total 243200K, used 50667K [0x00000000eab00000, 0x0000000100000000, 0x0000000100000000)
  eden space 192512K, 0% used [0x00000000eab00000,0x00000000eab00000,0x00000000f6700000)
  from space 50688K, 99% used [0x00000000f6700000,0x00000000f987ad78,0x00000000f9880000)
  to   space 65536K, 0% used [0x00000000fc000000,0x00000000fc000000,0x0000000100000000)
 ParOldGen       total 84480K, used 66655K [0x00000000c0000000, 0x00000000c5280000, 0x00000000eab00000)
  object space 84480K, 78% used [0x00000000c0000000,0x00000000c4117ef0,0x00000000c5280000)
 Metaspace       used 6211K, capacity 7152K, committed 7296K, reserved 1056768K
  class space    used 592K, capacity 616K, committed 640K, reserved 1048576K
}
Event: 9.529 GC heap before
{Heap before GC invocations=11 (full 2):
 PSYoungGen      total 243200K, used 50667K [0x00000000eab00000, 0x0000000100000000, 0x0000000100000000)
  eden space 192512K, 0% used [0x00000000eab00000,0x00000000eab00000,0x00000000f6700000)
  from space 50688K, 99% used [0x00000000f6700000,0x00000000f987ad78,0x00000000f9880000)
  to   space 65536K, 0% used [0x00000000fc000000,0x00000000fc000000,0x0000000100000000)
 ParOldGen       total 84480K, used 66655K [0x00000000c0000000, 0x00000000c5280000, 0x00000000eab00000)
  object space 84480K, 78% used [0x00000000c0000000,0x00000000c4117ef0,0x00000000c5280000)
 Metaspace       used 6211K, capacity 7152K, committed 7296K, reserved 1056768K
  class space    used 592K, capacity 616K, committed 640K, reserved 1048576K
Event: 10.556 GC heap after
Heap after GC invocations=11 (full 2):
 PSYoungGen      total 243200K, used 0K [0x00000000eab00000, 0x0000000100000000, 0x0000000100000000)
  eden space 192512K, 0% used [0x00000000eab00000,0x00000000eab00000,0x00000000f6700000)
  from space 50688K, 0% used [0x00000000f6700000,0x00000000f6700000,0x00000000f9880000)
  to   space 65536K, 0% used [0x00000000fc000000,0x00000000fc000000,0x0000000100000000)
 ParOldGen       total 137216K, used 78665K [0x00000000c0000000, 0x00000000c8600000, 0x00000000eab00000)
  object space 137216K, 57% used [0x00000000c0000000,0x00000000c4cd27a0,0x00000000c8600000)
 Metaspace       used 6211K, capacity 7152K, committed 7296K, reserved 1056768K
  class space    used 592K, capacity 616K, committed 640K, reserved 1048576K
}
Event: 12.135 GC heap before
{Heap before GC invocations=12 (full 2):
 PSYoungGen      total 243200K, used 192512K [0x00000000eab00000, 0x0000000100000000, 0x0000000100000000)
  eden space 192512K, 100% used [0x00000000eab00000,0x00000000f6700000,0x00000000f6700000)
  from space 50688K, 0% used [0x00000000f6700000,0x00000000f6700000,0x00000000f9880000)
  to   space 65536K, 0% used [0x00000000fc000000,0x00000000fc000000,0x0000000100000000)
 ParOldGen       total 137216K, used 78665K [0x00000000c0000000, 0x00000000c8600000, 0x00000000eab00000)
  object space 137216K, 57% used [0x00000000c0000000,0x00000000c4cd27a0,0x00000000c8600000)
 Metaspace       used 6338K, capacity 7256K, committed 7424K, reserved 1056768K
  class space    used 613K, capacity 656K, committed 768K, reserved 1048576K
Event: 12.589 GC heap after
Heap after GC invocations=12 (full 2):
 PSYoungGen      total 286208K, used 28780K [0x00000000eab00000, 0x0000000100000000, 0x0000000100000000)
  eden space 220672K, 0% used [0x00000000eab00000,0x00000000eab00000,0x00000000f8280000)
  from space 65536K, 43% used [0x00000000fc000000,0x00000000fdc1b3c8,0x0000000100000000)
  to   space 62976K, 0% used [0x00000000f8280000,0x00000000f8280000,0x00000000fc000000)
 ParOldGen       total 137216K, used 78673K [0x00000000c0000000, 0x00000000c8600000, 0x00000000eab00000)
  object space 137216K, 57% used [0x00000000c0000000,0x00000000c4cd47a0,0x00000000c8600000)
 Metaspace       used 6338K, capacity 7256K, committed 7424K, reserved 1056768K
  class space    used 613K, capacity 656K, committed 768K, reserved 1048576K
}

Deoptimization events (10 events):
Event: 15.304 Thread 0x000000000270d800 Uncommon trap: reason=bimorphic action=maybe_recompile pc=0x000000000f36ba38 method=java.util.HashMap.putVal(ILjava/lang/Object;Ljava/lang/Object;ZZ)Ljava/lang/Object; @ 203
Event: 15.315 Thread 0x000000000270d800 Uncommon trap: reason=bimorphic action=maybe_recompile pc=0x000000000f36ba38 method=java.util.HashMap.putVal(ILjava/lang/Object;Ljava/lang/Object;ZZ)Ljava/lang/Object; @ 203
Event: 15.316 Thread 0x000000000270d800 Uncommon trap: reason=bimorphic action=maybe_recompile pc=0x000000000f36ba38 method=java.util.HashMap.putVal(ILjava/lang/Object;Ljava/lang/Object;ZZ)Ljava/lang/Object; @ 203
Event: 16.511 Thread 0x000000000270d800 Uncommon trap: reason=unreached action=reinterpret pc=0x000000000f2c792c method=com.android.dx.dex.code.LocalList$MakeState.snapshot(ILcom/android/dx/rop/code/RegisterSpecSet;)V @ 66
Event: 16.642 Thread 0x000000000270d800 Uncommon trap: reason=class_check action=maybe_recompile pc=0x000000000f4d2784 method=java.util.Arrays.equals([Ljava/lang/Object;[Ljava/lang/Object;)Z @ 62
Event: 16.642 Thread 0x000000000270d800 Uncommon trap: reason=class_check action=maybe_recompile pc=0x000000000f4d2784 method=java.util.Arrays.equals([Ljava/lang/Object;[Ljava/lang/Object;)Z @ 62
Event: 16.642 Thread 0x000000000270d800 Uncommon trap: reason=class_check action=maybe_recompile pc=0x000000000f4d2784 method=java.util.Arrays.equals([Ljava/lang/Object;[Ljava/lang/Object;)Z @ 62
Event: 16.642 Thread 0x000000000270d800 Uncommon trap: reason=class_check action=maybe_recompile pc=0x000000000f4d2784 method=java.util.Arrays.equals([Ljava/lang/Object;[Ljava/lang/Object;)Z @ 62
Event: 17.120 Thread 0x000000000270d800 Uncommon trap: reason=unreached action=reinterpret pc=0x000000000f5a8b0c method=com.android.dx.dex.code.OutputFinisher.findOpcodeForInsn(Lcom/android/dx/dex/code/DalvInsn;Lcom/android/dx/dex/code/Dop;)Lcom/android/dx/dex/code/Dop; @ 1
Event: 17.125 Thread 0x000000000270d800 Uncommon trap: reason=unreached action=reinterpret pc=0x000000000f27dcb8 method=com.android.dx.dex.code.OutputFinisher.findOpcodeForInsn(Lcom/android/dx/dex/code/DalvInsn;Lcom/android/dx/dex/code/Dop;)Lcom/android/dx/dex/code/Dop; @ 1

Internal exceptions (10 events):
Event: 16.644 Thread 0x000000000270d800 Exception <a 'java/security/PrivilegedActionException'> (0x00000000f0564da8) thrown at [D:\re\workspace\8-2-build-windows-amd64-cygwin\jdk8u25\1677\hotspot\src\share\vm\prims\jvm.cpp, line 1312]
Event: 16.645 Thread 0x000000000270d800 Exception <a 'java/security/PrivilegedActionException'> (0x00000000f0568268) thrown at [D:\re\workspace\8-2-build-windows-amd64-cygwin\jdk8u25\1677\hotspot\src\share\vm\prims\jvm.cpp, line 1312]
Event: 17.120 Thread 0x000000000270d800 Exception <a 'java/security/PrivilegedActionException'> (0x00000000f0806000) thrown at [D:\re\workspace\8-2-build-windows-amd64-cygwin\jdk8u25\1677\hotspot\src\share\vm\prims\jvm.cpp, line 1312]
Event: 18.286 Thread 0x000000000270d800 Exception <a 'java/security/PrivilegedActionException'> (0x00000000f15e8e38) thrown at [D:\re\workspace\8-2-build-windows-amd64-cygwin\jdk8u25\1677\hotspot\src\share\vm\prims\jvm.cpp, line 1312]
Event: 18.561 Thread 0x000000000270d800 Exception <a 'java/security/PrivilegedActionException'> (0x00000000f182ccc8) thrown at [D:\re\workspace\8-2-build-windows-amd64-cygwin\jdk8u25\1677\hotspot\src\share\vm\prims\jvm.cpp, line 1312]
Event: 18.563 Thread 0x000000000270d800 Exception <a 'java/security/PrivilegedActionException'> (0x00000000f1838ae8) thrown at [D:\re\workspace\8-2-build-windows-amd64-cygwin\jdk8u25\1677\hotspot\src\share\vm\prims\jvm.cpp, line 1312]
Event: 18.564 Thread 0x000000000270d800 Exception <a 'java/security/PrivilegedActionException'> (0x00000000f183b800) thrown at [D:\re\workspace\8-2-build-windows-amd64-cygwin\jdk8u25\1677\hotspot\src\share\vm\prims\jvm.cpp, line 1312]
Event: 18.831 Thread 0x000000000270d800 Exception <a 'java/security/PrivilegedActionException'> (0x00000000f1b61220) thrown at [D:\re\workspace\8-2-build-windows-amd64-cygwin\jdk8u25\1677\hotspot\src\share\vm\prims\jvm.cpp, line 1312]
Event: 19.654 Thread 0x000000000270d800 Exception <a 'java/security/PrivilegedActionException'> (0x00000000f1c0f730) thrown at [D:\re\workspace\8-2-build-windows-amd64-cygwin\jdk8u25\1677\hotspot\src\share\vm\prims\jvm.cpp, line 1312]
Event: 19.771 Thread 0x000000000270d800 Exception <a 'java/security/PrivilegedActionException'> (0x00000000f1c15400) thrown at [D:\re\workspace\8-2-build-windows-amd64-cygwin\jdk8u25\1677\hotspot\src\share\vm\prims\jvm.cpp, line 1312]

Events (10 events):
Event: 18.563 loading class com/android/dx/dex/file/DebugInfoEncoder$1
Event: 18.563 loading class com/android/dx/dex/file/DebugInfoEncoder$1 done
Event: 18.564 loading class com/android/dx/dex/file/DebugInfoEncoder$2
Event: 18.564 loading class com/android/dx/dex/file/DebugInfoEncoder$2 done
Event: 18.831 loading class com/android/dex/EncodedValueCodec
Event: 18.831 loading class com/android/dex/EncodedValueCodec done
Event: 19.654 loading class com/android/dx/dex/file/MapItem
Event: 19.654 loading class com/android/dx/dex/file/MapItem done
Event: 19.770 loading class com/android/dex/DexFormat
Event: 19.770 loading class com/android/dex/DexFormat done


Dynamic libraries:
0x00007ff7effe0000 - 0x00007ff7f0014000 	C:\Program Files\Java\jdk1.8.0_25\bin\java.exe
0x00007ffee9cd0000 - 0x00007ffee9e7c000 	C:\Windows\SYSTEM32\ntdll.dll
0x00007ffee9b90000 - 0x00007ffee9cce000 	C:\Windows\system32\KERNEL32.DLL
0x00007ffee7240000 - 0x00007ffee7355000 	C:\Windows\system32\KERNELBASE.dll
0x00007ffee57f0000 - 0x00007ffee587e000 	C:\Windows\system32\apphelp.dll
0x00007ffee2f60000 - 0x00007ffee2fb3000 	C:\Windows\AppPatch\AppPatch64\AcGenral.DLL
0x00007ffee7370000 - 0x00007ffee741a000 	C:\Windows\system32\msvcrt.dll
0x00007ffee6ca0000 - 0x00007ffee6cce000 	C:\Windows\SYSTEM32\SspiCli.dll
0x00007ffee9b30000 - 0x00007ffee9b84000 	C:\Windows\system32\SHLWAPI.dll
0x00007ffee75e0000 - 0x00007ffee7757000 	C:\Windows\system32\USER32.dll
0x00007ffee7bb0000 - 0x00007ffee7d44000 	C:\Windows\system32\ole32.dll
0x00007ffee8240000 - 0x00007ffee9759000 	C:\Windows\system32\SHELL32.dll
0x00007ffee63a0000 - 0x00007ffee63c1000 	C:\Windows\SYSTEM32\USERENV.dll
0x00007ffee7ea0000 - 0x00007ffee7f4a000 	C:\Windows\system32\ADVAPI32.dll
0x00007ffedec20000 - 0x00007ffedec3e000 	C:\Windows\SYSTEM32\MPR.dll
0x00007ffee7d50000 - 0x00007ffee7e91000 	C:\Windows\system32\RPCRT4.dll
0x00007ffee9ad0000 - 0x00007ffee9b29000 	C:\Windows\SYSTEM32\sechost.dll
0x00007ffee77b0000 - 0x00007ffee79c1000 	C:\Windows\SYSTEM32\combase.dll
0x00007ffee9960000 - 0x00007ffee9aaf000 	C:\Windows\system32\GDI32.dll
0x00007ffee6e30000 - 0x00007ffee6e45000 	C:\Windows\SYSTEM32\profapi.dll
0x00007ffee5880000 - 0x00007ffee5932000 	C:\Windows\SYSTEM32\SHCORE.dll
0x00007ffee7760000 - 0x00007ffee7796000 	C:\Windows\system32\IMM32.DLL
0x00007ffee8070000 - 0x00007ffee81c2000 	C:\Windows\system32\MSCTF.dll
0x00007ffee6df0000 - 0x00007ffee6e1f000 	C:\Windows\system32\nvinitx.dll
0x000000000f000000 - 0x000000000f006000 	C:\Program Files\NVIDIA Corporation\CoProcManager\_etoured.dll
0x00007ffee5480000 - 0x00007ffee54b3000 	C:\Program Files\NVIDIA Corporation\CoProcManager\nvd3d9wrapx.dll
0x00007ffee79d0000 - 0x00007ffee7baa000 	C:\Windows\system32\SETUPAPI.dll
0x00007ffee6f00000 - 0x00007ffee6f4f000 	C:\Windows\system32\CFGMGR32.dll
0x00007ffee56b0000 - 0x00007ffee56d3000 	C:\Program Files\NVIDIA Corporation\CoProcManager\nvdxgiwrapx.dll
0x00007ffee50b0000 - 0x00007ffee532a000 	C:\Windows\WinSxS\amd64_microsoft.windows.common-controls_6595b64144ccf1df_6.0.9600.17810_none_6240b9c7ecbd0bda\COMCTL32.dll
0x000000005ade0000 - 0x000000005aeb2000 	C:\Program Files\Java\jdk1.8.0_25\jre\bin\msvcr100.dll
0x000000005b1f0000 - 0x000000005ba4a000 	C:\Program Files\Java\jdk1.8.0_25\jre\bin\server\jvm.dll
0x00007ffee0c80000 - 0x00007ffee0c89000 	C:\Windows\SYSTEM32\WSOCK32.dll
0x00007ffee5330000 - 0x00007ffee5352000 	C:\Windows\SYSTEM32\WINMM.dll
0x00007ffee75d0000 - 0x00007ffee75d7000 	C:\Windows\system32\PSAPI.DLL
0x00007ffee9770000 - 0x00007ffee97ca000 	C:\Windows\system32\WS2_32.dll
0x00007ffee5040000 - 0x00007ffee506a000 	C:\Windows\SYSTEM32\WINMMBASE.dll
0x00007ffee7360000 - 0x00007ffee7369000 	C:\Windows\system32\NSI.dll
0x00007ffee5b30000 - 0x00007ffee5b58000 	C:\Windows\SYSTEM32\DEVOBJ.dll
0x000000005c710000 - 0x000000005c71f000 	C:\Program Files\Java\jdk1.8.0_25\jre\bin\verify.dll
0x000000005bcc0000 - 0x000000005bce8000 	C:\Program Files\Java\jdk1.8.0_25\jre\bin\java.dll
0x000000005bf60000 - 0x000000005bf76000 	C:\Program Files\Java\jdk1.8.0_25\jre\bin\zip.dll
0x00007ffed8e80000 - 0x00007ffed9009000 	C:\Windows\SYSTEM32\dbghelp.dll

VM Arguments:
jvm_args: -Djava.awt.headless=true -Xmx1024M -Dfile.encoding=windows-1252 -Duser.country=US -Duser.language=en -Duser.variant 
java_command: com.android.dx.command.Main --dex --force-jumbo --num-threads=4 --output E:\Anavel\Anavel\app\build\intermediates\pre-dexed\debug\main_1952941e59149c90fcb3f71f0a7d0a8ed60085f1.jar E:\Anavel\Anavel\app\build\intermediates\transforms\instantRun\debug\folders\1\5\main
java_class_path (initial): C:\Users\Vostro\AppData\Local\Android\sdk\build-tools\23.0.3\lib\dx.jar
Launcher Type: SUN_STANDARD

Environment Variables:
PATH=C:\MinGW\bin;C:\MinGW\libexec\gcc\x86_64-pc-mingw32\4.9.1;C:\MinGW\gcc\bin;C:\MinGW\gcc\libexec\gcc\x86_64-pc-mingw32\4.9.1;C:\ProgramData\Oracle\Java\javapath;C:\Program Files (x86)\NVIDIA Corporation\PhysX\Common;C:\Program Files (x86)\Intel\iCLS Client\;C:\Program Files\Intel\iCLS Client\;C:\Windows\system32;C:\Windows;C:\Windows\System32\Wbem;C:\Windows\System32\WindowsPowerShell\v1.0\;C:\Program Files\Intel\Intel(R) Management Engine Components\DAL;C:\Program Files\Intel\Intel(R) Management Engine Components\IPT;C:\Program Files (x86)\Intel\Intel(R) Management Engine Components\DAL;C:\Program Files (x86)\Intel\Intel(R) Management Engine Components\IPT;C:\Program Files (x86)\Intel\OpenCL SDK\3.0\bin\x86;C:\Program Files (x86)\Intel\OpenCL SDK\3.0\bin\x64;C:\Program Files (x86)\Windows Kits\8.1\Windows Performance Toolkit\;C:\Program Files\Microsoft SQL Server\110\Tools\Binn\;C:\Program Files (x86)\Microsoft SQL Server\110\Tools\Binn\ManagementStudio\;C:\Program Files (x86)\Microsoft SQL Server\110\Tools\Binn\;C:\Program Files (x86)\Microsoft SQL Server\110\DTS\Binn\;C:\Program Files\Microsoft SQL Server\110\DTS\Binn\;C:\OpenCV2410\opencv\build\x64\vc12\bin;C:\Program Files (x86)\Microsoft SDKs\TypeScript\1.0\;C:\Program Files\Microsoft SQL Server\120\Tools\Binn\;C:\Emgu\emgucv-windows-universal 3.0.0.2157\bin\x86;C:\Program Files (x86)\GtkSharp\2.12\bin;C:\Anaconda2;C:\Anaconda2\Scripts;C:\Anaconda2\Library\bin
USERNAME=Vostro
OS=Windows_NT
PROCESSOR_IDENTIFIER=Intel64 Family 6 Model 69 Stepping 1, GenuineIntel



---------------  S Y S T E M  ---------------

OS: Windows 8.1 , 64 bit Build 9600 

CPU:total 4 (2 cores per cpu, 2 threads per core) family 6 model 69 stepping 1, cmov, cx8, fxsr, mmx, sse, sse2, sse3, ssse3, sse4.1, sse4.2, popcnt, avx, avx2, aes, clmul, erms, lzcnt, ht, tsc, tscinvbit, bmi1, bmi2

Memory: 4k page, physical 4099864k(385452k free), swap 10757600k(157672k free)

vm_info: Java HotSpot(TM) 64-Bit Server VM (25.25-b02) for windows-amd64 JRE (1.8.0_25-b18), built on Oct  7 2014 14:25:37 by "java_re" with MS VC++ 10.0 (VS2010)

time: Thu Aug 18 14:57:33 2016
elapsed time: 28 seconds (0d 0h 0m 28s)

