#
# There is insufficient memory for the Java Runtime Environment to continue.
# Native memory allocation (malloc) failed to allocate 198096 bytes for Chunk::new
# Possible reasons:
#   The system is out of physical RAM or swap space
#   In 32 bit mode, the process size limit was hit
# Possible solutions:
#   Reduce memory load on the system
#   Increase physical memory or swap space
#   Check if swap backing store is full
#   Use 64 bit Java on a 64 bit OS
#   Decrease Java heap size (-Xmx/-Xms)
#   Decrease number of Java threads
#   Decrease Java thread stack sizes (-Xss)
#   Set larger code cache with -XX:ReservedCodeCacheSize=
# This output file may be truncated or incomplete.
#
#  Out of Memory Error (allocation.cpp:390), pid=8740, tid=2528
#
# JRE version: Java(TM) SE Runtime Environment (8.0_25-b18) (build 1.8.0_25-b18)
# Java VM: Java HotSpot(TM) 64-Bit Server VM (25.25-b02 mixed mode windows-amd64 compressed oops)
# Failed to write core dump. Minidumps are not enabled by default on client versions of Windows
#

---------------  T H R E A D  ---------------

Current thread (0x00000000068a6000):  JavaThread "C2 CompilerThread1" daemon [_thread_in_native, id=2528, stack(0x0000000007ec0000,0x0000000007fc0000)]

Stack: [0x0000000007ec0000,0x0000000007fc0000]
Native frames: (J=compiled Java code, j=interpreted, Vv=VM code, C=native code)
V  [jvm.dll+0x31667a]


Current CompileTask:
C2:  23071 2782   !   4       com.android.dx.rop.cst.CstType::intern (48 bytes)


---------------  P R O C E S S  ---------------

Java Threads: ( => current thread )
  0x00000000080d5800 JavaThread "Service Thread" daemon [_thread_blocked, id=3440, stack(0x00000000084c0000,0x00000000085c0000)]
  0x00000000068bc800 JavaThread "C1 CompilerThread2" daemon [_thread_blocked, id=3272, stack(0x0000000007fc0000,0x00000000080c0000)]
=>0x00000000068a6000 JavaThread "C2 CompilerThread1" daemon [_thread_in_native, id=2528, stack(0x0000000007ec0000,0x0000000007fc0000)]
  0x000000000685d000 JavaThread "C2 CompilerThread0" daemon [_thread_blocked, id=6900, stack(0x0000000007dc0000,0x0000000007ec0000)]
  0x000000000685b800 JavaThread "Attach Listener" daemon [_thread_blocked, id=8088, stack(0x0000000007cc0000,0x0000000007dc0000)]
  0x000000000685a800 JavaThread "Signal Dispatcher" daemon [_thread_blocked, id=4976, stack(0x0000000007bc0000,0x0000000007cc0000)]
  0x0000000003115000 JavaThread "Finalizer" daemon [_thread_blocked, id=5792, stack(0x0000000007ac0000,0x0000000007bc0000)]
  0x0000000006828000 JavaThread "Reference Handler" daemon [_thread_blocked, id=3540, stack(0x00000000079c0000,0x0000000007ac0000)]
  0x000000000318d800 JavaThread "main" [_thread_in_vm, id=7524, stack(0x0000000002ee0000,0x0000000002fe0000)]

Other Threads:
  0x0000000006826000 VMThread [stack: 0x00000000078c0000,0x00000000079c0000] [id=5960]
  0x00000000080d8000 WatcherThread [stack: 0x00000000085c0000,0x00000000086c0000] [id=9764]

VM state:not at safepoint (normal execution)

VM Mutex/Monitor currently owned by a thread: None

Heap:
 PSYoungGen      total 270848K, used 176342K [0x00000000eab00000, 0x0000000100000000, 0x0000000100000000)
  eden space 212992K, 55% used [0x00000000eab00000,0x00000000f1eb7540,0x00000000f7b00000)
  from space 57856K, 99% used [0x00000000fbe00000,0x00000000ff67e468,0x00000000ff680000)
  to   space 68096K, 0% used [0x00000000f7b00000,0x00000000f7b00000,0x00000000fbd80000)
 ParOldGen       total 130560K, used 74949K [0x00000000c0000000, 0x00000000c7f80000, 0x00000000eab00000)
  object space 130560K, 57% used [0x00000000c0000000,0x00000000c4931720,0x00000000c7f80000)
 Metaspace       used 6636K, capacity 7480K, committed 7680K, reserved 1056768K
  class space    used 631K, capacity 688K, committed 768K, reserved 1048576K

Card table byte_map: [0x0000000003550000,0x0000000003760000] byte_map_base: 0x0000000002f50000

Marking Bits: (ParMarkBitMap*) 0x000000005b9cd490
 Begin Bits: [0x0000000003cc0000, 0x0000000004cc0000)
 End Bits:   [0x0000000004cc0000, 0x0000000005cc0000)

Polling page: 0x0000000000ef0000

CodeCache: size=245760Kb used=10791Kb max_used=10803Kb free=234968Kb
 bounds [0x000000000f010000, 0x000000000fab0000, 0x000000001e010000]
 total_blobs=2516 nmethods=2251 adapters=178
 compilation: enabled

Compilation events (10 events):
Event: 23.048 Thread 0x00000000068bc800 2777       3       com.android.dx.rop.code.RegisterSpecList::make (23 bytes)
Event: 23.049 Thread 0x00000000068bc800 nmethod 2777 0x000000000f2210d0 code [0x000000000f221300, 0x000000000f222188]
Event: 23.049 Thread 0x00000000068bc800 2779       3       com.android.dx.dex.code.LocalList$MakeState::endLocal (10 bytes)
Event: 23.050 Thread 0x00000000068bc800 nmethod 2779 0x000000000f220d10 code [0x000000000f220e80, 0x000000000f221008]
Event: 23.050 Thread 0x00000000068bc800 2780       3       com.android.dx.dex.code.LocalList$MakeState::endLocal (51 bytes)
Event: 23.050 Thread 0x00000000068bc800 nmethod 2780 0x000000000f21ff90 code [0x000000000f220160, 0x000000000f220948]
Event: 23.051 Thread 0x00000000068bc800 2781       3       com.android.dx.util.ByteArrayAnnotatedOutput::ensureCapacity (39 bytes)
Event: 23.052 Thread 0x00000000068bc800 nmethod 2781 0x000000000f21fa10 code [0x000000000f21fb80, 0x000000000f21fe88]
Event: 23.060 Thread 0x00000000068a6000 2782   !   4       com.android.dx.rop.cst.CstType::intern (48 bytes)
Event: 23.063 Thread 0x000000000685d000 2783       4       com.android.dx.rop.code.RegisterSpec::matchesVariable (68 bytes)

GC Heap History (10 events):
Event: 8.305 GC heap before
{Heap before GC invocations=8 (full 1):
 PSYoungGen      total 137216K, used 136958K [0x00000000eab00000, 0x00000000f5c80000, 0x0000000100000000)
  eden space 113664K, 100% used [0x00000000eab00000,0x00000000f1a00000,0x00000000f1a00000)
  from space 23552K, 98% used [0x00000000f4580000,0x00000000f5c3fad8,0x00000000f5c80000)
  to   space 31232K, 0% used [0x00000000f1f80000,0x00000000f1f80000,0x00000000f3e00000)
 ParOldGen       total 83456K, used 38510K [0x00000000c0000000, 0x00000000c5180000, 0x00000000eab00000)
  object space 83456K, 46% used [0x00000000c0000000,0x00000000c259b968,0x00000000c5180000)
 Metaspace       used 6149K, capacity 7152K, committed 7296K, reserved 1056768K
  class space    used 591K, capacity 616K, committed 640K, reserved 1048576K
Event: 8.376 GC heap after
Heap after GC invocations=8 (full 1):
 PSYoungGen      total 150528K, used 31225K [0x00000000eab00000, 0x00000000fbb80000, 0x0000000100000000)
  eden space 119296K, 0% used [0x00000000eab00000,0x00000000eab00000,0x00000000f1f80000)
  from space 31232K, 99% used [0x00000000f1f80000,0x00000000f3dfe680,0x00000000f3e00000)
  to   space 40960K, 0% used [0x00000000f9380000,0x00000000f9380000,0x00000000fbb80000)
 ParOldGen       total 83456K, used 46030K [0x00000000c0000000, 0x00000000c5180000, 0x00000000eab00000)
  object space 83456K, 55% used [0x00000000c0000000,0x00000000c2cf39b8,0x00000000c5180000)
 Metaspace       used 6149K, capacity 7152K, committed 7296K, reserved 1056768K
  class space    used 591K, capacity 616K, committed 640K, reserved 1048576K
}
Event: 9.236 GC heap before
{Heap before GC invocations=9 (full 1):
 PSYoungGen      total 150528K, used 150521K [0x00000000eab00000, 0x00000000fbb80000, 0x0000000100000000)
  eden space 119296K, 100% used [0x00000000eab00000,0x00000000f1f80000,0x00000000f1f80000)
  from space 31232K, 99% used [0x00000000f1f80000,0x00000000f3dfe680,0x00000000f3e00000)
  to   space 40960K, 0% used [0x00000000f9380000,0x00000000f9380000,0x00000000fbb80000)
 ParOldGen       total 83456K, used 46030K [0x00000000c0000000, 0x00000000c5180000, 0x00000000eab00000)
  object space 83456K, 55% used [0x00000000c0000000,0x00000000c2cf39b8,0x00000000c5180000)
 Metaspace       used 6184K, capacity 7152K, committed 7296K, reserved 1056768K
  class space    used 592K, capacity 616K, committed 640K, reserved 1048576K
Event: 9.333 GC heap after
Heap after GC invocations=9 (full 1):
 PSYoungGen      total 222720K, used 40929K [0x00000000eab00000, 0x00000000fe280000, 0x0000000100000000)
  eden space 181760K, 0% used [0x00000000eab00000,0x00000000eab00000,0x00000000f5c80000)
  from space 40960K, 99% used [0x00000000f9380000,0x00000000fbb78510,0x00000000fbb80000)
  to   space 56320K, 0% used [0x00000000f5c80000,0x00000000f5c80000,0x00000000f9380000)
 ParOldGen       total 83456K, used 64132K [0x00000000c0000000, 0x00000000c5180000, 0x00000000eab00000)
  object space 83456K, 76% used [0x00000000c0000000,0x00000000c3ea1008,0x00000000c5180000)
 Metaspace       used 6184K, capacity 7152K, committed 7296K, reserved 1056768K
  class space    used 592K, capacity 616K, committed 640K, reserved 1048576K
}
Event: 9.333 GC heap before
{Heap before GC invocations=10 (full 2):
 PSYoungGen      total 222720K, used 40929K [0x00000000eab00000, 0x00000000fe280000, 0x0000000100000000)
  eden space 181760K, 0% used [0x00000000eab00000,0x00000000eab00000,0x00000000f5c80000)
  from space 40960K, 99% used [0x00000000f9380000,0x00000000fbb78510,0x00000000fbb80000)
  to   space 56320K, 0% used [0x00000000f5c80000,0x00000000f5c80000,0x00000000f9380000)
 ParOldGen       total 83456K, used 64132K [0x00000000c0000000, 0x00000000c5180000, 0x00000000eab00000)
  object space 83456K, 76% used [0x00000000c0000000,0x00000000c3ea1008,0x00000000c5180000)
 Metaspace       used 6184K, capacity 7152K, committed 7296K, reserved 1056768K
  class space    used 592K, capacity 616K, committed 640K, reserved 1048576K
Event: 10.012 GC heap after
Heap after GC invocations=10 (full 2):
 PSYoungGen      total 222720K, used 0K [0x00000000eab00000, 0x00000000fe280000, 0x0000000100000000)
  eden space 181760K, 0% used [0x00000000eab00000,0x00000000eab00000,0x00000000f5c80000)
  from space 40960K, 0% used [0x00000000f9380000,0x00000000f9380000,0x00000000fbb80000)
  to   space 56320K, 0% used [0x00000000f5c80000,0x00000000f5c80000,0x00000000f9380000)
 ParOldGen       total 130560K, used 72414K [0x00000000c0000000, 0x00000000c7f80000, 0x00000000eab00000)
  object space 130560K, 55% used [0x00000000c0000000,0x00000000c46b7a58,0x00000000c7f80000)
 Metaspace       used 6184K, capacity 7152K, committed 7296K, reserved 1056768K
  class space    used 592K, capacity 616K, committed 640K, reserved 1048576K
}
Event: 11.398 GC heap before
{Heap before GC invocations=11 (full 2):
 PSYoungGen      total 222720K, used 181760K [0x00000000eab00000, 0x00000000fe280000, 0x0000000100000000)
  eden space 181760K, 100% used [0x00000000eab00000,0x00000000f5c80000,0x00000000f5c80000)
  from space 40960K, 0% used [0x00000000f9380000,0x00000000f9380000,0x00000000fbb80000)
  to   space 56320K, 0% used [0x00000000f5c80000,0x00000000f5c80000,0x00000000f9380000)
 ParOldGen       total 130560K, used 72414K [0x00000000c0000000, 0x00000000c7f80000, 0x00000000eab00000)
  object space 130560K, 55% used [0x00000000c0000000,0x00000000c46b7a58,0x00000000c7f80000)
 Metaspace       used 6200K, capacity 7152K, committed 7296K, reserved 1056768K
  class space    used 592K, capacity 616K, committed 640K, reserved 1048576K
Event: 11.520 GC heap after
Heap after GC invocations=11 (full 2):
 PSYoungGen      total 238080K, used 35427K [0x00000000eab00000, 0x00000000ff680000, 0x0000000100000000)
  eden space 181760K, 0% used [0x00000000eab00000,0x00000000eab00000,0x00000000f5c80000)
  from space 56320K, 62% used [0x00000000f5c80000,0x00000000f7f18e10,0x00000000f9380000)
  to   space 57856K, 0% used [0x00000000fbe00000,0x00000000fbe00000,0x00000000ff680000)
 ParOldGen       total 130560K, used 72422K [0x00000000c0000000, 0x00000000c7f80000, 0x00000000eab00000)
  object space 130560K, 55% used [0x00000000c0000000,0x00000000c46b9a58,0x00000000c7f80000)
 Metaspace       used 6200K, capacity 7152K, committed 7296K, reserved 1056768K
  class space    used 592K, capacity 616K, committed 640K, reserved 1048576K
}
Event: 14.360 GC heap before
{Heap before GC invocations=12 (full 2):
 PSYoungGen      total 238080K, used 217187K [0x00000000eab00000, 0x00000000ff680000, 0x0000000100000000)
  eden space 181760K, 100% used [0x00000000eab00000,0x00000000f5c80000,0x00000000f5c80000)
  from space 56320K, 62% used [0x00000000f5c80000,0x00000000f7f18e10,0x00000000f9380000)
  to   space 57856K, 0% used [0x00000000fbe00000,0x00000000fbe00000,0x00000000ff680000)
 ParOldGen       total 130560K, used 72422K [0x00000000c0000000, 0x00000000c7f80000, 0x00000000eab00000)
  object space 130560K, 55% used [0x00000000c0000000,0x00000000c46b9a58,0x00000000c7f80000)
 Metaspace       used 6311K, capacity 7192K, committed 7424K, reserved 1056768K
  class space    used 613K, capacity 656K, committed 768K, reserved 1048576K
Event: 14.982 GC heap after
Heap after GC invocations=12 (full 2):
 PSYoungGen      total 270848K, used 57849K [0x00000000eab00000, 0x0000000100000000, 0x0000000100000000)
  eden space 212992K, 0% used [0x00000000eab00000,0x00000000eab00000,0x00000000f7b00000)
  from space 57856K, 99% used [0x00000000fbe00000,0x00000000ff67e468,0x00000000ff680000)
  to   space 68096K, 0% used [0x00000000f7b00000,0x00000000f7b00000,0x00000000fbd80000)
 ParOldGen       total 130560K, used 74949K [0x00000000c0000000, 0x00000000c7f80000, 0x00000000eab00000)
  object space 130560K, 57% used [0x00000000c0000000,0x00000000c4931720,0x00000000c7f80000)
 Metaspace       used 6311K, capacity 7192K, committed 7424K, reserved 1056768K
  class space    used 613K, capacity 656K, committed 768K, reserved 1048576K
}

Deoptimization events (10 events):
Event: 17.677 Thread 0x000000000318d800 Uncommon trap: reason=bimorphic action=maybe_recompile pc=0x000000000f27bfd0 method=java.util.HashMap.putVal(ILjava/lang/Object;Ljava/lang/Object;ZZ)Ljava/lang/Object; @ 203
Event: 17.677 Thread 0x000000000318d800 Uncommon trap: reason=bimorphic action=maybe_recompile pc=0x000000000f355224 method=java.util.HashMap.putVal(ILjava/lang/Object;Ljava/lang/Object;ZZ)Ljava/lang/Object; @ 203
Event: 19.440 Thread 0x000000000318d800 Uncommon trap: reason=unreached action=reinterpret pc=0x000000000f3f17ec method=com.android.dx.dex.code.LocalList$MakeState.snapshot(ILcom/android/dx/rop/code/RegisterSpecSet;)V @ 66
Event: 19.507 Thread 0x000000000318d800 Uncommon trap: reason=speculate_class_check action=maybe_recompile pc=0x000000000f3623b8 method=com.android.dx.util.FixedSizeList.equals(Ljava/lang/Object;)Z @ 25
Event: 19.507 Thread 0x000000000318d800 Uncommon trap: reason=speculate_class_check action=maybe_recompile pc=0x000000000f3623b8 method=com.android.dx.util.FixedSizeList.equals(Ljava/lang/Object;)Z @ 25
Event: 19.507 Thread 0x000000000318d800 Uncommon trap: reason=speculate_class_check action=maybe_recompile pc=0x000000000f3623b8 method=com.android.dx.util.FixedSizeList.equals(Ljava/lang/Object;)Z @ 25
Event: 19.507 Thread 0x000000000318d800 Uncommon trap: reason=speculate_class_check action=maybe_recompile pc=0x000000000f3623b8 method=com.android.dx.util.FixedSizeList.equals(Ljava/lang/Object;)Z @ 25
Event: 20.996 Thread 0x000000000318d800 Uncommon trap: reason=unreached action=reinterpret pc=0x000000000f50208c method=com.android.dx.dex.code.OutputFinisher.findOpcodeForInsn(Lcom/android/dx/dex/code/DalvInsn;Lcom/android/dx/dex/code/Dop;)Lcom/android/dx/dex/code/Dop; @ 1
Event: 21.003 Thread 0x000000000318d800 Uncommon trap: reason=unreached action=reinterpret pc=0x000000000f3acbb8 method=com.android.dx.dex.code.OutputFinisher.findOpcodeForInsn(Lcom/android/dx/dex/code/DalvInsn;Lcom/android/dx/dex/code/Dop;)Lcom/android/dx/dex/code/Dop; @ 1
Event: 21.746 Thread 0x000000000318d800 Uncommon trap: reason=unreached action=reinterpret pc=0x000000000f479b5c method=com.android.dx.dex.code.OutputFinisher.findOpcodeForInsn(Lcom/android/dx/dex/code/DalvInsn;Lcom/android/dx/dex/code/Dop;)Lcom/android/dx/dex/code/Dop; @ 1

Internal exceptions (10 events):
Event: 19.045 Thread 0x000000000318d800 Exception <a 'java/security/PrivilegedActionException'> (0x00000000f17a9898) thrown at [D:\re\workspace\8-2-build-windows-amd64-cygwin\jdk8u25\1677\hotspot\src\share\vm\prims\jvm.cpp, line 1312]
Event: 19.046 Thread 0x000000000318d800 Exception <a 'java/security/PrivilegedActionException'> (0x00000000f17aeb50) thrown at [D:\re\workspace\8-2-build-windows-amd64-cygwin\jdk8u25\1677\hotspot\src\share\vm\prims\jvm.cpp, line 1312]
Event: 19.047 Thread 0x000000000318d800 Exception <a 'java/security/PrivilegedActionException'> (0x00000000f17b5328) thrown at [D:\re\workspace\8-2-build-windows-amd64-cygwin\jdk8u25\1677\hotspot\src\share\vm\prims\jvm.cpp, line 1312]
Event: 19.048 Thread 0x000000000318d800 Exception <a 'java/security/PrivilegedActionException'> (0x00000000f17b8360) thrown at [D:\re\workspace\8-2-build-windows-amd64-cygwin\jdk8u25\1677\hotspot\src\share\vm\prims\jvm.cpp, line 1312]
Event: 19.049 Thread 0x000000000318d800 Exception <a 'java/security/PrivilegedActionException'> (0x00000000f17bd2a8) thrown at [D:\re\workspace\8-2-build-windows-amd64-cygwin\jdk8u25\1677\hotspot\src\share\vm\prims\jvm.cpp, line 1312]
Event: 19.050 Thread 0x000000000318d800 Exception <a 'java/security/PrivilegedActionException'> (0x00000000f17c1a30) thrown at [D:\re\workspace\8-2-build-windows-amd64-cygwin\jdk8u25\1677\hotspot\src\share\vm\prims\jvm.cpp, line 1312]
Event: 19.506 Thread 0x000000000318d800 Exception <a 'java/security/PrivilegedActionException'> (0x00000000f182c1f8) thrown at [D:\re\workspace\8-2-build-windows-amd64-cygwin\jdk8u25\1677\hotspot\src\share\vm\prims\jvm.cpp, line 1312]
Event: 19.508 Thread 0x000000000318d800 Exception <a 'java/security/PrivilegedActionException'> (0x00000000f18300c0) thrown at [D:\re\workspace\8-2-build-windows-amd64-cygwin\jdk8u25\1677\hotspot\src\share\vm\prims\jvm.cpp, line 1312]
Event: 19.509 Thread 0x000000000318d800 Exception <a 'java/security/PrivilegedActionException'> (0x00000000f1833580) thrown at [D:\re\workspace\8-2-build-windows-amd64-cygwin\jdk8u25\1677\hotspot\src\share\vm\prims\jvm.cpp, line 1312]
Event: 20.997 Thread 0x000000000318d800 Exception <a 'java/security/PrivilegedActionException'> (0x00000000f1ad2830) thrown at [D:\re\workspace\8-2-build-windows-amd64-cygwin\jdk8u25\1677\hotspot\src\share\vm\prims\jvm.cpp, line 1312]

Events (10 events):
Event: 21.003 Thread 0x000000000318d800 DEOPT UNPACKING pc=0x000000000f05556a sp=0x0000000002fdef98 mode 2
Event: 21.746 Thread 0x000000000318d800 Uncommon trap: trap_request=0xffffffad fr.pc=0x000000000f479b5c
Event: 21.746 Thread 0x000000000318d800 DEOPT PACKING pc=0x000000000f479b5c sp=0x0000000002fdf070
Event: 21.746 Thread 0x000000000318d800 DEOPT UNPACKING pc=0x000000000f05556a sp=0x0000000002fdefa8 mode 2
Event: 21.850 Thread 0x000000000318d800 DEOPT PACKING pc=0x000000000f4ad015 sp=0x0000000002fdf0a0
Event: 21.850 Thread 0x000000000318d800 DEOPT UNPACKING pc=0x000000000f0575bf sp=0x0000000002fdeea8 mode 0
Event: 22.123 Thread 0x000000000318d800 DEOPT PACKING pc=0x000000000f4f6876 sp=0x0000000002fdf030
Event: 22.123 Thread 0x000000000318d800 DEOPT UNPACKING pc=0x000000000f0575bf sp=0x0000000002fded88 mode 0
Event: 22.129 Thread 0x000000000318d800 DEOPT PACKING pc=0x000000000f4f6876 sp=0x0000000002fdeeb0
Event: 22.129 Thread 0x000000000318d800 DEOPT UNPACKING pc=0x000000000f0575bf sp=0x0000000002fdec08 mode 0


Dynamic libraries:
0x00007ff7effe0000 - 0x00007ff7f0014000 	C:\Program Files\Java\jdk1.8.0_25\bin\java.exe
0x00007ffee9cd0000 - 0x00007ffee9e7c000 	C:\Windows\SYSTEM32\ntdll.dll
0x00007ffee9b90000 - 0x00007ffee9cce000 	C:\Windows\system32\KERNEL32.DLL
0x00007ffee7240000 - 0x00007ffee7355000 	C:\Windows\system32\KERNELBASE.dll
0x00007ffee57f0000 - 0x00007ffee587e000 	C:\Windows\system32\apphelp.dll
0x00007ffee2f60000 - 0x00007ffee2fb3000 	C:\Windows\AppPatch\AppPatch64\AcGenral.DLL
0x00007ffee7370000 - 0x00007ffee741a000 	C:\Windows\system32\msvcrt.dll
0x00007ffee6ca0000 - 0x00007ffee6cce000 	C:\Windows\SYSTEM32\SspiCli.dll
0x00007ffee9b30000 - 0x00007ffee9b84000 	C:\Windows\system32\SHLWAPI.dll
0x00007ffee75e0000 - 0x00007ffee7757000 	C:\Windows\system32\USER32.dll
0x00007ffee7bb0000 - 0x00007ffee7d44000 	C:\Windows\system32\ole32.dll
0x00007ffee8240000 - 0x00007ffee9759000 	C:\Windows\system32\SHELL32.dll
0x00007ffee63a0000 - 0x00007ffee63c1000 	C:\Windows\SYSTEM32\USERENV.dll
0x00007ffee7ea0000 - 0x00007ffee7f4a000 	C:\Windows\system32\ADVAPI32.dll
0x00007ffedec20000 - 0x00007ffedec3e000 	C:\Windows\SYSTEM32\MPR.dll
0x00007ffee7d50000 - 0x00007ffee7e91000 	C:\Windows\system32\RPCRT4.dll
0x00007ffee9ad0000 - 0x00007ffee9b29000 	C:\Windows\SYSTEM32\sechost.dll
0x00007ffee77b0000 - 0x00007ffee79c1000 	C:\Windows\SYSTEM32\combase.dll
0x00007ffee9960000 - 0x00007ffee9aaf000 	C:\Windows\system32\GDI32.dll
0x00007ffee6e30000 - 0x00007ffee6e45000 	C:\Windows\SYSTEM32\profapi.dll
0x00007ffee5880000 - 0x00007ffee5932000 	C:\Windows\SYSTEM32\SHCORE.dll
0x00007ffee7760000 - 0x00007ffee7796000 	C:\Windows\system32\IMM32.DLL
0x00007ffee8070000 - 0x00007ffee81c2000 	C:\Windows\system32\MSCTF.dll
0x00007ffee6df0000 - 0x00007ffee6e1f000 	C:\Windows\system32\nvinitx.dll
0x000000000f000000 - 0x000000000f006000 	C:\Program Files\NVIDIA Corporation\CoProcManager\_etoured.dll
0x00007ffee5480000 - 0x00007ffee54b3000 	C:\Program Files\NVIDIA Corporation\CoProcManager\nvd3d9wrapx.dll
0x00007ffee79d0000 - 0x00007ffee7baa000 	C:\Windows\system32\SETUPAPI.dll
0x00007ffee6f00000 - 0x00007ffee6f4f000 	C:\Windows\system32\CFGMGR32.dll
0x00007ffee56b0000 - 0x00007ffee56d3000 	C:\Program Files\NVIDIA Corporation\CoProcManager\nvdxgiwrapx.dll
0x00007ffee50b0000 - 0x00007ffee532a000 	C:\Windows\WinSxS\amd64_microsoft.windows.common-controls_6595b64144ccf1df_6.0.9600.17810_none_6240b9c7ecbd0bda\COMCTL32.dll
0x000000005ade0000 - 0x000000005aeb2000 	C:\Program Files\Java\jdk1.8.0_25\jre\bin\msvcr100.dll
0x000000005b1f0000 - 0x000000005ba4a000 	C:\Program Files\Java\jdk1.8.0_25\jre\bin\server\jvm.dll
0x00007ffee0c80000 - 0x00007ffee0c89000 	C:\Windows\SYSTEM32\WSOCK32.dll
0x00007ffee5330000 - 0x00007ffee5352000 	C:\Windows\SYSTEM32\WINMM.dll
0x00007ffee75d0000 - 0x00007ffee75d7000 	C:\Windows\system32\PSAPI.DLL
0x00007ffee9770000 - 0x00007ffee97ca000 	C:\Windows\system32\WS2_32.dll
0x00007ffee5040000 - 0x00007ffee506a000 	C:\Windows\SYSTEM32\WINMMBASE.dll
0x00007ffee7360000 - 0x00007ffee7369000 	C:\Windows\system32\NSI.dll
0x00007ffee5b30000 - 0x00007ffee5b58000 	C:\Windows\SYSTEM32\DEVOBJ.dll
0x000000005c710000 - 0x000000005c71f000 	C:\Program Files\Java\jdk1.8.0_25\jre\bin\verify.dll
0x000000005bcc0000 - 0x000000005bce8000 	C:\Program Files\Java\jdk1.8.0_25\jre\bin\java.dll
0x000000005bf60000 - 0x000000005bf76000 	C:\Program Files\Java\jdk1.8.0_25\jre\bin\zip.dll

VM Arguments:
jvm_args: -Djava.awt.headless=true -Xmx1024M -Dfile.encoding=windows-1252 -Duser.country=US -Duser.language=en -Duser.variant 
java_command: com.android.dx.command.Main --dex --force-jumbo --num-threads=4 --output E:\Anavel\Anavel\app\build\intermediates\pre-dexed\debug\main_1952941e59149c90fcb3f71f0a7d0a8ed60085f1.jar E:\Anavel\Anavel\app\build\intermediates\transforms\instantRun\debug\folders\1\5\main
java_class_path (initial): C:\Users\Vostro\AppData\Local\Android\sdk\build-tools\23.0.3\lib\dx.jar
Launcher Type: SUN_STANDARD

Environment Variables:
PATH=C:\MinGW\bin;C:\MinGW\libexec\gcc\x86_64-pc-mingw32\4.9.1;C:\MinGW\gcc\bin;C:\MinGW\gcc\libexec\gcc\x86_64-pc-mingw32\4.9.1;C:\ProgramData\Oracle\Java\javapath;C:\Program Files (x86)\NVIDIA Corporation\PhysX\Common;C:\Program Files (x86)\Intel\iCLS Client\;C:\Program Files\Intel\iCLS Client\;C:\Windows\system32;C:\Windows;C:\Windows\System32\Wbem;C:\Windows\System32\WindowsPowerShell\v1.0\;C:\Program Files\Intel\Intel(R) Management Engine Components\DAL;C:\Program Files\Intel\Intel(R) Management Engine Components\IPT;C:\Program Files (x86)\Intel\Intel(R) Management Engine Components\DAL;C:\Program Files (x86)\Intel\Intel(R) Management Engine Components\IPT;C:\Program Files (x86)\Intel\OpenCL SDK\3.0\bin\x86;C:\Program Files (x86)\Intel\OpenCL SDK\3.0\bin\x64;C:\Program Files (x86)\Windows Kits\8.1\Windows Performance Toolkit\;C:\Program Files\Microsoft SQL Server\110\Tools\Binn\;C:\Program Files (x86)\Microsoft SQL Server\110\Tools\Binn\ManagementStudio\;C:\Program Files (x86)\Microsoft SQL Server\110\Tools\Binn\;C:\Program Files (x86)\Microsoft SQL Server\110\DTS\Binn\;C:\Program Files\Microsoft SQL Server\110\DTS\Binn\;C:\OpenCV2410\opencv\build\x64\vc12\bin;C:\Program Files (x86)\Microsoft SDKs\TypeScript\1.0\;C:\Program Files\Microsoft SQL Server\120\Tools\Binn\;C:\Emgu\emgucv-windows-universal 3.0.0.2157\bin\x86;C:\Program Files (x86)\GtkSharp\2.12\bin;C:\Anaconda2;C:\Anaconda2\Scripts;C:\Anaconda2\Library\bin
USERNAME=Vostro
OS=Windows_NT
PROCESSOR_IDENTIFIER=Intel64 Family 6 Model 69 Stepping 1, GenuineIntel



---------------  S Y S T E M  ---------------

OS: Windows 8.1 , 64 bit Build 9600 

CPU:total 4 (2 cores per cpu, 2 threads per core) family 6 model 69 stepping 1, cmov, cx8, fxsr, mmx, sse, sse2, sse3, ssse3, sse4.1, sse4.2, popcnt, avx, avx2, aes, clmul, erms, lzcnt, ht, tsc, tscinvbit, bmi1, bmi2

Memory: 4k page, physical 4099864k(291924k free), swap 10757600k(6352k free)

vm_info: Java HotSpot(TM) 64-Bit Server VM (25.25-b02) for windows-amd64 JRE (1.8.0_25-b18), built on Oct  7 2014 14:25:37 by "java_re" with MS VC++ 10.0 (VS2010)

time: Thu Aug 18 15:22:32 2016
elapsed time: 23 seconds (0d 0h 0m 23s)

