#
# There is insufficient memory for the Java Runtime Environment to continue.
# Native memory allocation (malloc) failed to allocate 489296 bytes for Chunk::new
# Possible reasons:
#   The system is out of physical RAM or swap space
#   In 32 bit mode, the process size limit was hit
# Possible solutions:
#   Reduce memory load on the system
#   Increase physical memory or swap space
#   Check if swap backing store is full
#   Use 64 bit Java on a 64 bit OS
#   Decrease Java heap size (-Xmx/-Xms)
#   Decrease number of Java threads
#   Decrease Java thread stack sizes (-Xss)
#   Set larger code cache with -XX:ReservedCodeCacheSize=
# This output file may be truncated or incomplete.
#
#  Out of Memory Error (allocation.cpp:390), pid=1200, tid=5808
#
# JRE version: Java(TM) SE Runtime Environment (8.0_25-b18) (build 1.8.0_25-b18)
# Java VM: Java HotSpot(TM) 64-Bit Server VM (25.25-b02 mixed mode windows-amd64 compressed oops)
# Failed to write core dump. Minidumps are not enabled by default on client versions of Windows
#

---------------  T H R E A D  ---------------

Current thread (0x000000000663d800):  JavaThread "C2 CompilerThread0" daemon [_thread_in_native, id=5808, stack(0x0000000007b90000,0x0000000007c90000)]

Stack: [0x0000000007b90000,0x0000000007c90000]
Native frames: (J=compiled Java code, j=interpreted, Vv=VM code, C=native code)
V  [jvm.dll+0x31667a]


Current CompileTask:
C2:   9143  700       4       com.android.dx.ssa.SsaBasicBlock::forEachInsn (37 bytes)


---------------  P R O C E S S  ---------------

Java Threads: ( => current thread )
  0x0000000008148000 JavaThread "pool-2-thread-4" [_thread_in_vm, id=5148, stack(0x0000000008890000,0x0000000008990000)]
  0x0000000008146800 JavaThread "pool-2-thread-3" [_thread_blocked, id=4876, stack(0x0000000008790000,0x0000000008890000)]
  0x0000000008176800 JavaThread "pool-2-thread-2" [_thread_blocked, id=5848, stack(0x0000000008690000,0x0000000008790000)]
  0x0000000008173800 JavaThread "pool-3-thread-1" [_thread_blocked, id=3704, stack(0x0000000008590000,0x0000000008690000)]
  0x000000000816c800 JavaThread "pool-2-thread-1" [_thread_blocked, id=8896, stack(0x0000000008490000,0x0000000008590000)]
  0x000000000669c000 JavaThread "Service Thread" daemon [_thread_blocked, id=9544, stack(0x0000000007e90000,0x0000000007f90000)]
  0x0000000006695000 JavaThread "C1 CompilerThread2" daemon [_thread_in_native, id=9380, stack(0x0000000007d90000,0x0000000007e90000)]
  0x000000000668f000 JavaThread "C2 CompilerThread1" daemon [_thread_in_native, id=10036, stack(0x0000000007c90000,0x0000000007d90000)]
=>0x000000000663d800 JavaThread "C2 CompilerThread0" daemon [_thread_in_native, id=5808, stack(0x0000000007b90000,0x0000000007c90000)]
  0x000000000663c800 JavaThread "Attach Listener" daemon [_thread_blocked, id=10040, stack(0x0000000007a90000,0x0000000007b90000)]
  0x000000000663b800 JavaThread "Signal Dispatcher" daemon [_thread_blocked, id=8100, stack(0x0000000007990000,0x0000000007a90000)]
  0x0000000002f66000 JavaThread "Finalizer" daemon [_thread_blocked, id=5168, stack(0x0000000007890000,0x0000000007990000)]
  0x0000000002f5c000 JavaThread "Reference Handler" daemon [_thread_blocked, id=8992, stack(0x0000000007790000,0x0000000007890000)]
  0x0000000002d4d800 JavaThread "main" [_thread_blocked, id=2192, stack(0x0000000002d70000,0x0000000002e70000)]

Other Threads:
  0x0000000006606000 VMThread [stack: 0x0000000007690000,0x0000000007790000] [id=9116]
  0x0000000007f90800 WatcherThread [stack: 0x0000000008390000,0x0000000008490000] [id=9720]

VM state:synchronizing (normal execution)

VM Mutex/Monitor currently owned by a thread:  ([mutex/lock_event])
[0x0000000002d4ccf0] Threads_lock - owner thread: 0x0000000006606000

Heap:
 PSYoungGen      total 18944K, used 15069K [0x00000000eab00000, 0x00000000ec000000, 0x0000000100000000)
  eden space 16384K, 91% used [0x00000000eab00000,0x00000000eb9b75a0,0x00000000ebb00000)
  from space 2560K, 0% used [0x00000000ebd80000,0x00000000ebd80000,0x00000000ec000000)
  to   space 2560K, 0% used [0x00000000ebb00000,0x00000000ebb00000,0x00000000ebd80000)
 ParOldGen       total 44032K, used 0K [0x00000000c0000000, 0x00000000c2b00000, 0x00000000eab00000)
  object space 44032K, 0% used [0x00000000c0000000,0x00000000c0000000,0x00000000c2b00000)
 Metaspace       used 5613K, capacity 6640K, committed 6784K, reserved 1056768K
  class space    used 582K, capacity 616K, committed 640K, reserved 1048576K

Card table byte_map: [0x0000000003330000,0x0000000003540000] byte_map_base: 0x0000000002d30000

Marking Bits: (ParMarkBitMap*) 0x000000005b9cd490
 Begin Bits: [0x0000000003aa0000, 0x0000000004aa0000)
 End Bits:   [0x0000000004aa0000, 0x0000000005aa0000)

Polling page: 0x0000000000e50000

CodeCache: size=245760Kb used=2811Kb max_used=2823Kb free=242948Kb
 bounds [0x000000000f010000, 0x000000000f2e0000, 0x000000001e010000]
 total_blobs=1006 nmethods=741 adapters=178
 compilation: enabled

Compilation events (10 events):
Event: 1.387 Thread 0x0000000006695000 nmethod 741 0x000000000f2c1610 code [0x000000000f2c1bc0, 0x000000000f2c6358]
Event: 1.387 Thread 0x0000000006695000  743       3       com.android.dx.cf.code.BaseMachine::storeResults (90 bytes)
Event: 1.388 Thread 0x0000000006695000 nmethod 743 0x000000000f2c0210 code [0x000000000f2c0400, 0x000000000f2c0e68]
Event: 1.388 Thread 0x0000000006695000  756       3       com.android.dx.ssa.LocalVariableExtractor::processBlock (383 bytes)
Event: 1.390 Thread 0x000000000668f000  760       4       com.android.dx.rop.code.RegisterSpec::hashCodeOf (30 bytes)
Event: 1.392 Thread 0x0000000006695000 nmethod 756 0x000000000f2c9390 code [0x000000000f2c9860, 0x000000000f2ccf38]
Event: 1.392 Thread 0x0000000006695000  748       3       com.android.dx.cf.code.RopperMachine::jopToRopOpcode (1103 bytes)
Event: 1.394 Thread 0x0000000006695000 nmethod 748 0x000000000f2cf850 code [0x000000000f2cfb60, 0x000000000f2d1db8]
Event: 1.394 Thread 0x0000000006695000  740   !   3       com.android.dx.cf.code.RopperMachine::run (1550 bytes)
Event: 1.396 Thread 0x000000000668f000 nmethod 760 0x000000000f2be650 code [0x000000000f2be7c0, 0x000000000f2bea58]

GC Heap History (0 events):
No events

Deoptimization events (0 events):
No events

Internal exceptions (10 events):
Event: 1.157 Thread 0x0000000008146800 Exception <a 'java/security/PrivilegedActionException'> (0x00000000eb505bf0) thrown at [D:\re\workspace\8-2-build-windows-amd64-cygwin\jdk8u25\1677\hotspot\src\share\vm\prims\jvm.cpp, line 1312]
Event: 1.158 Thread 0x000000000816c800 Exception <a 'java/security/PrivilegedActionException'> (0x00000000eb18daa8) thrown at [D:\re\workspace\8-2-build-windows-amd64-cygwin\jdk8u25\1677\hotspot\src\share\vm\prims\jvm.cpp, line 1312]
Event: 1.162 Thread 0x000000000816c800 Exception <a 'java/security/PrivilegedActionException'> (0x00000000eb19a2d0) thrown at [D:\re\workspace\8-2-build-windows-amd64-cygwin\jdk8u25\1677\hotspot\src\share\vm\prims\jvm.cpp, line 1312]
Event: 1.163 Thread 0x000000000816c800 Exception <a 'java/security/PrivilegedActionException'> (0x00000000eb1a0520) thrown at [D:\re\workspace\8-2-build-windows-amd64-cygwin\jdk8u25\1677\hotspot\src\share\vm\prims\jvm.cpp, line 1312]
Event: 1.164 Thread 0x000000000816c800 Exception <a 'java/security/PrivilegedActionException'> (0x00000000eb1a4e28) thrown at [D:\re\workspace\8-2-build-windows-amd64-cygwin\jdk8u25\1677\hotspot\src\share\vm\prims\jvm.cpp, line 1312]
Event: 1.165 Thread 0x0000000002d4d800 Exception <a 'java/security/PrivilegedActionException'> (0x00000000eb47afd0) thrown at [D:\re\workspace\8-2-build-windows-amd64-cygwin\jdk8u25\1677\hotspot\src\share\vm\prims\jvm.cpp, line 1312]
Event: 1.172 Thread 0x0000000008146800 Exception <a 'java/security/PrivilegedActionException'> (0x00000000eb50fa10) thrown at [D:\re\workspace\8-2-build-windows-amd64-cygwin\jdk8u25\1677\hotspot\src\share\vm\prims\jvm.cpp, line 1312]
Event: 1.173 Thread 0x0000000008176800 Exception <a 'java/security/PrivilegedActionException'> (0x00000000eb53dc00) thrown at [D:\re\workspace\8-2-build-windows-amd64-cygwin\jdk8u25\1677\hotspot\src\share\vm\prims\jvm.cpp, line 1312]
Event: 1.173 Thread 0x0000000008146800 Exception <a 'java/security/PrivilegedActionException'> (0x00000000eb515cc0) thrown at [D:\re\workspace\8-2-build-windows-amd64-cygwin\jdk8u25\1677\hotspot\src\share\vm\prims\jvm.cpp, line 1312]
Event: 1.249 Thread 0x0000000002d4d800 Exception <a 'java/security/PrivilegedActionException'> (0x00000000eb749940) thrown at [D:\re\workspace\8-2-build-windows-amd64-cygwin\jdk8u25\1677\hotspot\src\share\vm\prims\jvm.cpp, line 1312]

Events (10 events):
Event: 1.173 loading class com/android/dx/cf/code/Ropper$ExceptionHandlerSetup done
Event: 1.173 loading class com/android/dx/ssa/back/FirstFitLocalCombiningAllocator$Multiset
Event: 1.173 loading class com/android/dx/ssa/back/FirstFitLocalCombiningAllocator$Multiset done
Event: 1.174 loading class java/util/HashMap$Values
Event: 1.174 loading class java/util/HashMap$Values done
Event: 1.174 loading class java/util/HashMap$ValueIterator
Event: 1.174 loading class java/util/HashMap$ValueIterator done
Event: 1.249 loading class com/android/dx/cf/attrib/AttDeprecated
Event: 1.249 loading class com/android/dx/cf/attrib/AttDeprecated done
Event: 1.351 loading class java/util/ArrayList$1


Dynamic libraries:
0x00007ff7a4620000 - 0x00007ff7a4654000 	C:\Program Files\Java\jdk1.8.0_25\bin\java.exe
0x00007ffee9cd0000 - 0x00007ffee9e7c000 	C:\Windows\SYSTEM32\ntdll.dll
0x00007ffee9b90000 - 0x00007ffee9cce000 	C:\Windows\system32\KERNEL32.DLL
0x00007ffee7240000 - 0x00007ffee7355000 	C:\Windows\system32\KERNELBASE.dll
0x00007ffee57f0000 - 0x00007ffee587e000 	C:\Windows\system32\apphelp.dll
0x00007ffee1130000 - 0x00007ffee1183000 	C:\Windows\AppPatch\AppPatch64\AcGenral.DLL
0x00007ffee7370000 - 0x00007ffee741a000 	C:\Windows\system32\msvcrt.dll
0x00007ffee6ca0000 - 0x00007ffee6cce000 	C:\Windows\SYSTEM32\SspiCli.dll
0x00007ffee9b30000 - 0x00007ffee9b84000 	C:\Windows\system32\SHLWAPI.dll
0x00007ffee75e0000 - 0x00007ffee7757000 	C:\Windows\system32\USER32.dll
0x00007ffee7bb0000 - 0x00007ffee7d44000 	C:\Windows\system32\ole32.dll
0x00007ffee8240000 - 0x00007ffee9759000 	C:\Windows\system32\SHELL32.dll
0x00007ffee63a0000 - 0x00007ffee63c1000 	C:\Windows\SYSTEM32\USERENV.dll
0x00007ffee7ea0000 - 0x00007ffee7f4a000 	C:\Windows\system32\ADVAPI32.dll
0x00007ffedec20000 - 0x00007ffedec3e000 	C:\Windows\SYSTEM32\MPR.dll
0x00007ffee7d50000 - 0x00007ffee7e91000 	C:\Windows\system32\RPCRT4.dll
0x00007ffee9ad0000 - 0x00007ffee9b29000 	C:\Windows\SYSTEM32\sechost.dll
0x00007ffee77b0000 - 0x00007ffee79c1000 	C:\Windows\SYSTEM32\combase.dll
0x00007ffee9960000 - 0x00007ffee9aaf000 	C:\Windows\system32\GDI32.dll
0x00007ffee6e30000 - 0x00007ffee6e45000 	C:\Windows\SYSTEM32\profapi.dll
0x00007ffee5880000 - 0x00007ffee5932000 	C:\Windows\SYSTEM32\SHCORE.dll
0x00007ffee7760000 - 0x00007ffee7796000 	C:\Windows\system32\IMM32.DLL
0x00007ffee8070000 - 0x00007ffee81c2000 	C:\Windows\system32\MSCTF.dll
0x00007ffee6df0000 - 0x00007ffee6e1f000 	C:\Windows\system32\nvinitx.dll
0x000000000f000000 - 0x000000000f006000 	C:\Program Files\NVIDIA Corporation\CoProcManager\_etoured.dll
0x00007ffee55e0000 - 0x00007ffee5613000 	C:\Program Files\NVIDIA Corporation\CoProcManager\nvd3d9wrapx.dll
0x00007ffee79d0000 - 0x00007ffee7baa000 	C:\Windows\system32\SETUPAPI.dll
0x00007ffee6f00000 - 0x00007ffee6f4f000 	C:\Windows\system32\CFGMGR32.dll
0x00007ffee5520000 - 0x00007ffee5543000 	C:\Program Files\NVIDIA Corporation\CoProcManager\nvdxgiwrapx.dll
0x00007ffee50b0000 - 0x00007ffee532a000 	C:\Windows\WinSxS\amd64_microsoft.windows.common-controls_6595b64144ccf1df_6.0.9600.17810_none_6240b9c7ecbd0bda\COMCTL32.dll
0x000000005ae50000 - 0x000000005af22000 	C:\Program Files\Java\jdk1.8.0_25\jre\bin\msvcr100.dll
0x000000005b1f0000 - 0x000000005ba4a000 	C:\Program Files\Java\jdk1.8.0_25\jre\bin\server\jvm.dll
0x00007ffee0c80000 - 0x00007ffee0c89000 	C:\Windows\SYSTEM32\WSOCK32.dll
0x00007ffee5330000 - 0x00007ffee5352000 	C:\Windows\SYSTEM32\WINMM.dll
0x00007ffee75d0000 - 0x00007ffee75d7000 	C:\Windows\system32\PSAPI.DLL
0x00007ffee9770000 - 0x00007ffee97ca000 	C:\Windows\system32\WS2_32.dll
0x00007ffee5040000 - 0x00007ffee506a000 	C:\Windows\SYSTEM32\WINMMBASE.dll
0x00007ffee7360000 - 0x00007ffee7369000 	C:\Windows\system32\NSI.dll
0x00007ffee5b30000 - 0x00007ffee5b58000 	C:\Windows\SYSTEM32\DEVOBJ.dll
0x000000005c980000 - 0x000000005c98f000 	C:\Program Files\Java\jdk1.8.0_25\jre\bin\verify.dll
0x000000005c950000 - 0x000000005c978000 	C:\Program Files\Java\jdk1.8.0_25\jre\bin\java.dll
0x000000005c930000 - 0x000000005c946000 	C:\Program Files\Java\jdk1.8.0_25\jre\bin\zip.dll
0x00007ffed8e80000 - 0x00007ffed9009000 	C:\Windows\SYSTEM32\dbghelp.dll

VM Arguments:
jvm_args: -Djava.awt.headless=true -Xmx1024M -Dfile.encoding=windows-1252 -Duser.country=US -Duser.language=en -Duser.variant 
java_command: com.android.dx.command.Main --dex --force-jumbo --num-threads=4 --multi-dex --output E:\Anavel\Anavel\app\build\intermediates\transforms\dex\debug\folders\1000\10\library-1.0.0_c47ff94f2c8e6d0dbc0fb61f88588fd4aca52dc9 C:\Users\Vostro\.gradle\caches\modules-2\files-2.1\com.mcxiaoke.volley\library\1.0.0\15f8abc7f1414bbffca8d32b73097223d3a83847\library-1.0.0.jar
java_class_path (initial): C:\Users\Vostro\AppData\Local\Android\sdk\build-tools\23.0.3\lib\dx.jar
Launcher Type: SUN_STANDARD

Environment Variables:
PATH=C:\MinGW\bin;C:\MinGW\libexec\gcc\x86_64-pc-mingw32\4.9.1;C:\MinGW\gcc\bin;C:\MinGW\gcc\libexec\gcc\x86_64-pc-mingw32\4.9.1;C:\ProgramData\Oracle\Java\javapath;C:\Program Files (x86)\NVIDIA Corporation\PhysX\Common;C:\Program Files (x86)\Intel\iCLS Client\;C:\Program Files\Intel\iCLS Client\;C:\Windows\system32;C:\Windows;C:\Windows\System32\Wbem;C:\Windows\System32\WindowsPowerShell\v1.0\;C:\Program Files\Intel\Intel(R) Management Engine Components\DAL;C:\Program Files\Intel\Intel(R) Management Engine Components\IPT;C:\Program Files (x86)\Intel\Intel(R) Management Engine Components\DAL;C:\Program Files (x86)\Intel\Intel(R) Management Engine Components\IPT;C:\Program Files (x86)\Intel\OpenCL SDK\3.0\bin\x86;C:\Program Files (x86)\Intel\OpenCL SDK\3.0\bin\x64;C:\Program Files (x86)\Windows Kits\8.1\Windows Performance Toolkit\;C:\Program Files\Microsoft SQL Server\110\Tools\Binn\;C:\Program Files (x86)\Microsoft SQL Server\110\Tools\Binn\ManagementStudio\;C:\Program Files (x86)\Microsoft SQL Server\110\Tools\Binn\;C:\Program Files (x86)\Microsoft SQL Server\110\DTS\Binn\;C:\Program Files\Microsoft SQL Server\110\DTS\Binn\;C:\OpenCV2410\opencv\build\x64\vc12\bin;C:\Program Files (x86)\Microsoft SDKs\TypeScript\1.0\;C:\Program Files\Microsoft SQL Server\120\Tools\Binn\;C:\Emgu\emgucv-windows-universal 3.0.0.2157\bin\x86;C:\Program Files (x86)\GtkSharp\2.12\bin;C:\Anaconda2;C:\Anaconda2\Scripts;C:\Anaconda2\Library\bin
USERNAME=Vostro
OS=Windows_NT
PROCESSOR_IDENTIFIER=Intel64 Family 6 Model 69 Stepping 1, GenuineIntel



---------------  S Y S T E M  ---------------

OS: Windows 8.1 , 64 bit Build 9600 

CPU:total 4 (2 cores per cpu, 2 threads per core) family 6 model 69 stepping 1, cmov, cx8, fxsr, mmx, sse, sse2, sse3, ssse3, sse4.1, sse4.2, popcnt, avx, avx2, aes, clmul, erms, lzcnt, ht, tsc, tscinvbit, bmi1, bmi2

Memory: 4k page, physical 4099864k(201564k free), swap 10757600k(5004k free)

vm_info: Java HotSpot(TM) 64-Bit Server VM (25.25-b02) for windows-amd64 JRE (1.8.0_25-b18), built on Oct  7 2014 14:25:37 by "java_re" with MS VC++ 10.0 (VS2010)

time: Fri Aug 19 23:45:00 2016
elapsed time: 9 seconds (0d 0h 0m 9s)

